<?xml version="1.0" encoding="UTF-8"?>
<testsuite name="AntiFraudTest" tests="1" skipped="0" failures="0" errors="0" timestamp="2023-07-16T12:06:52" hostname="HP-INDY" time="54.888">
  <properties/>
  <testcase name="start" classname="AntiFraudTest" time="54.888"/>
  <system-out><![CDATA[?[1;31m
Start test 1?[0m
?[0;34m
?[0m?[0;34m  .   ____          _            __ _ _
?[0m?[0;34m /\\ / ___'_ __ _ _(_)_ __  __ _ \ \ \ \
?[0m?[0;34m( ( )\___ | '_ | '_| | '_ \/ _` | \ \ \ \
?[0m?[0;34m \\/  ___)| |_)| | | | | || (_| |  ) ) ) )
?[0m?[0;34m  '  |____| .__|_| |_|_| |_\__, | / / / /
?[0m?[0;34m =========|_|==============|___/=/_/_/_/
?[0m?[0;34m :: Spring Boot ::                (v3.0.2)
?[0m?[0;34m
?[0m?[0;34m2023-07-16T14:06:53.996+02:00  INFO 1424 --- [    Test worker] antifraud.AntiFraudApplication           : Starting AntiFraudApplication using Java 17.0.6 with PID 1424 (started by indyr in C:\Users\indyr\IdeaProjects\Anti-Fraud System\Anti-Fraud System\task)
?[0m?[0;34m2023-07-16T14:06:53.996+02:00  INFO 1424 --- [    Test worker] antifraud.AntiFraudApplication           : No active profile set, falling back to 1 default profile: "default"
?[0m?[0;34m2023-07-16T14:06:55.632+02:00  INFO 1424 --- [    Test worker] .s.d.r.c.RepositoryConfigurationDelegate : Bootstrapping Spring Data JPA repositories in DEFAULT mode.
?[0m?[0;34m2023-07-16T14:06:55.736+02:00  INFO 1424 --- [    Test worker] .s.d.r.c.RepositoryConfigurationDelegate : Finished Spring Data repository scanning in 87 ms. Found 5 JPA repository interfaces.
?[0m?[0;34m2023-07-16T14:06:56.903+02:00  INFO 1424 --- [    Test worker] o.s.b.w.embedded.tomcat.TomcatWebServer  : Tomcat initialized with port(s): 8080 (http)
?[0m?[0;34m2023-07-16T14:06:56.919+02:00  INFO 1424 --- [    Test worker] o.apache.catalina.core.StandardService   : Starting service [Tomcat]
?[0m?[0;34m2023-07-16T14:06:56.919+02:00  INFO 1424 --- [    Test worker] o.apache.catalina.core.StandardEngine    : Starting Servlet engine: [Apache Tomcat/10.1.5]
?[0m?[0;34m2023-07-16T14:06:57.044+02:00  INFO 1424 --- [    Test worker] o.a.c.c.C.[Tomcat].[localhost].[/]       : Initializing Spring embedded WebApplicationContext
?[0m?[0;34m2023-07-16T14:06:57.044+02:00  INFO 1424 --- [    Test worker] w.s.c.ServletWebServerApplicationContext : Root WebApplicationContext: initialization completed in 2975 ms
?[0m?[0;34m2023-07-16T14:06:57.296+02:00  WARN 1424 --- [    Test worker] .t.u.s.PrivilegedSetAccessControlContext : Unable to set field Thread.inheritedAccessControlContext
?[0m?[0;34m
?[0m?[0;34mjava.lang.IllegalAccessException: class org.apache.tomcat.util.security.PrivilegedSetAccessControlContext cannot access a member of class java.lang.Thread (in module java.base) with modifiers "private"
?[0m?[0;34m	at java.base/jdk.internal.reflect.Reflection.newIllegalAccessException(Reflection.java:392) ~[na:na]
?[0m?[0;34m	at java.base/java.lang.reflect.AccessibleObject.checkAccess(AccessibleObject.java:674) ~[na:na]
?[0m?[0;34m	at java.base/java.lang.reflect.Field.checkAccess(Field.java:1102) ~[na:na]
?[0m?[0;34m	at java.base/java.lang.reflect.Field.set(Field.java:797) ~[na:na]
?[0m?[0;34m	at org.apache.tomcat.util.security.PrivilegedSetAccessControlContext.run(PrivilegedSetAccessControlContext.java:60) ~[tomcat-embed-core-10.1.5.jar:10.1.5]
?[0m?[0;34m	at org.apache.tomcat.util.security.PrivilegedSetAccessControlContext.run(PrivilegedSetAccessControlContext.java:28) ~[tomcat-embed-core-10.1.5.jar:10.1.5]
?[0m?[0;34m	at java.base/java.security.AccessController.doPrivileged(AccessController.java:318) ~[na:na]
?[0m?[0;34m	at org.apache.tomcat.util.threads.TaskThreadFactory.newThread(TaskThreadFactory.java:64) ~[tomcat-embed-core-10.1.5.jar:10.1.5]
?[0m?[0;34m	at java.base/java.util.concurrent.ThreadPoolExecutor$Worker.<init>(ThreadPoolExecutor.java:630) ~[na:na]
?[0m?[0;34m	at java.base/java.util.concurrent.ThreadPoolExecutor.addWorker(ThreadPoolExecutor.java:920) ~[na:na]
?[0m?[0;34m	at java.base/java.util.concurrent.ThreadPoolExecutor.ensurePrestart(ThreadPoolExecutor.java:1593) ~[na:na]
?[0m?[0;34m	at java.base/java.util.concurrent.ScheduledThreadPoolExecutor.delayedExecute(ScheduledThreadPoolExecutor.java:346) ~[na:na]
?[0m?[0;34m	at java.base/java.util.concurrent.ScheduledThreadPoolExecutor.scheduleWithFixedDelay(ScheduledThreadPoolExecutor.java:680) ~[na:na]
?[0m?[0;34m	at org.apache.tomcat.util.threads.ScheduledThreadPoolExecutor.scheduleWithFixedDelay(ScheduledThreadPoolExecutor.java:138) ~[tomcat-embed-core-10.1.5.jar:10.1.5]
?[0m?[0;34m	at org.apache.catalina.core.ContainerBase.startInternal(ContainerBase.java:948) ~[tomcat-embed-core-10.1.5.jar:10.1.5]
?[0m?[0;34m	at org.apache.catalina.core.StandardEngine.startInternal(StandardEngine.java:252) ~[tomcat-embed-core-10.1.5.jar:10.1.5]
?[0m?[0;34m	at org.apache.catalina.util.LifecycleBase.start(LifecycleBase.java:183) ~[tomcat-embed-core-10.1.5.jar:10.1.5]
?[0m?[0;34m	at org.apache.catalina.core.StandardService.startInternal(StandardService.java:430) ~[tomcat-embed-core-10.1.5.jar:10.1.5]
?[0m?[0;34m	at org.apache.catalina.util.LifecycleBase.start(LifecycleBase.java:183) ~[tomcat-embed-core-10.1.5.jar:10.1.5]
?[0m?[0;34m	at org.apache.catalina.core.StandardServer.startInternal(StandardServer.java:926) ~[tomcat-embed-core-10.1.5.jar:10.1.5]
?[0m?[0;34m	at org.apache.catalina.util.LifecycleBase.start(LifecycleBase.java:183) ~[tomcat-embed-core-10.1.5.jar:10.1.5]
?[0m?[0;34m	at org.apache.catalina.startup.Tomcat.start(Tomcat.java:485) ~[tomcat-embed-core-10.1.5.jar:10.1.5]
?[0m?[0;34m	at org.springframework.boot.web.embedded.tomcat.TomcatWebServer.initialize(TomcatWebServer.java:123) ~[spring-boot-3.0.2.jar:3.0.2]
?[0m?[0;34m	at org.springframework.boot.web.embedded.tomcat.TomcatWebServer.<init>(TomcatWebServer.java:104) ~[spring-boot-3.0.2.jar:3.0.2]
?[0m?[0;34m	at org.springframework.boot.web.embedded.tomcat.TomcatServletWebServerFactory.getTomcatWebServer(TomcatServletWebServerFactory.java:486) ~[spring-boot-3.0.2.jar:3.0.2]
?[0m?[0;34m	at org.springframework.boot.web.embedded.tomcat.TomcatServletWebServerFactory.getWebServer(TomcatServletWebServerFactory.java:210) ~[spring-boot-3.0.2.jar:3.0.2]
?[0m?[0;34m	at org.springframework.boot.web.servlet.context.ServletWebServerApplicationContext.createWebServer(ServletWebServerApplicationContext.java:183) ~[spring-boot-3.0.2.jar:3.0.2]
?[0m?[0;34m	at org.springframework.boot.web.servlet.context.ServletWebServerApplicationContext.onRefresh(ServletWebServerApplicationContext.java:161) ~[spring-boot-3.0.2.jar:3.0.2]
?[0m?[0;34m	at org.springframework.context.support.AbstractApplicationContext.refresh(AbstractApplicationContext.java:578) ~[spring-context-6.0.4.jar:6.0.4]
?[0m?[0;34m	at org.springframework.boot.web.servlet.context.ServletWebServerApplicationContext.refresh(ServletWebServerApplicationContext.java:146) ~[spring-boot-3.0.2.jar:3.0.2]
?[0m?[0;34m	at org.springframework.boot.SpringApplication.refresh(SpringApplication.java:730) ~[spring-boot-3.0.2.jar:3.0.2]
?[0m?[0;34m	at org.springframework.boot.SpringApplication.refreshContext(SpringApplication.java:432) ~[spring-boot-3.0.2.jar:3.0.2]
?[0m?[0;34m	at org.springframework.boot.SpringApplication.run(SpringApplication.java:308) ~[spring-boot-3.0.2.jar:3.0.2]
?[0m?[0;34m	at org.springframework.boot.SpringApplication.run(SpringApplication.java:1302) ~[spring-boot-3.0.2.jar:3.0.2]
?[0m?[0;34m	at org.springframework.boot.SpringApplication.run(SpringApplication.java:1291) ~[spring-boot-3.0.2.jar:3.0.2]
?[0m?[0;34m	at antifraud.AntiFraudApplication.main(AntiFraudApplication.java:10) ~[main/:na]
?[0m?[0;34m	at java.base/jdk.internal.reflect.NativeMethodAccessorImpl.invoke0(Native Method) ~[na:na]
?[0m?[0;34m	at java.base/jdk.internal.reflect.NativeMethodAccessorImpl.invoke(NativeMethodAccessorImpl.java:77) ~[na:na]
?[0m?[0;34m	at java.base/jdk.internal.reflect.DelegatingMethodAccessorImpl.invoke(DelegatingMethodAccessorImpl.java:43) ~[na:na]
?[0m?[0;34m	at java.base/java.lang.reflect.Method.invoke(Method.java:568) ~[na:na]
?[0m?[0;34m	at org.hyperskill.hstest.stage.SpringTest.startSpring(SpringTest.java:187) ~[hs-test-release-SNAPSHOT.jar:na]
?[0m?[0;34m	at org.hyperskill.hstest.stage.SpringTest.launchSpring(SpringTest.java:49) ~[hs-test-release-SNAPSHOT.jar:na]
?[0m?[0;34m	at org.hyperskill.hstest.testing.runner.SpringApplicationRunner.launchSpringBootApplication(SpringApplicationRunner.java:20) ~[hs-test-release-SNAPSHOT.jar:na]
?[0m?[0;34m	at org.hyperskill.hstest.testing.runner.SpringApplicationRunner.setUp(SpringApplicationRunner.java:35) ~[hs-test-release-SNAPSHOT.jar:na]
?[0m?[0;34m	at org.hyperskill.hstest.testing.TestRun.setUp(TestRun.java:77) ~[hs-test-release-SNAPSHOT.jar:na]
?[0m?[0;34m	at org.hyperskill.hstest.stage.StageTest.start(StageTest.java:159) ~[hs-test-release-SNAPSHOT.jar:na]
?[0m?[0;34m	at java.base/jdk.internal.reflect.NativeMethodAccessorImpl.invoke0(Native Method) ~[na:na]
?[0m?[0;34m	at java.base/jdk.internal.reflect.NativeMethodAccessorImpl.invoke(NativeMethodAccessorImpl.java:77) ~[na:na]
?[0m?[0;34m	at java.base/jdk.internal.reflect.DelegatingMethodAccessorImpl.invoke(DelegatingMethodAccessorImpl.java:43) ~[na:na]
?[0m?[0;34m	at java.base/java.lang.reflect.Method.invoke(Method.java:568) ~[na:na]
?[0m?[0;34m	at org.junit.runners.model.FrameworkMethod$1.runReflectiveCall(FrameworkMethod.java:59) ~[junit-4.13.2.jar:4.13.2]
?[0m?[0;34m	at org.junit.internal.runners.model.ReflectiveCallable.run(ReflectiveCallable.java:12) ~[junit-4.13.2.jar:4.13.2]
?[0m?[0;34m	at org.junit.runners.model.FrameworkMethod.invokeExplosively(FrameworkMethod.java:56) ~[junit-4.13.2.jar:4.13.2]
?[0m?[0;34m	at org.junit.internal.runners.statements.InvokeMethod.evaluate(InvokeMethod.java:17) ~[junit-4.13.2.jar:4.13.2]
?[0m?[0;34m	at org.junit.internal.runners.statements.RunAfters.evaluate(RunAfters.java:27) ~[junit-4.13.2.jar:4.13.2]
?[0m?[0;34m	at org.junit.runners.ParentRunner$3.evaluate(ParentRunner.java:306) ~[junit-4.13.2.jar:4.13.2]
?[0m?[0;34m	at org.junit.runners.BlockJUnit4ClassRunner$1.evaluate(BlockJUnit4ClassRunner.java:100) ~[junit-4.13.2.jar:4.13.2]
?[0m?[0;34m	at org.junit.runners.ParentRunner.runLeaf(ParentRunner.java:366) ~[junit-4.13.2.jar:4.13.2]
?[0m?[0;34m	at org.junit.runners.BlockJUnit4ClassRunner.runChild(BlockJUnit4ClassRunner.java:103) ~[junit-4.13.2.jar:4.13.2]
?[0m?[0;34m	at org.junit.runners.BlockJUnit4ClassRunner.runChild(BlockJUnit4ClassRunner.java:63) ~[junit-4.13.2.jar:4.13.2]
?[0m?[0;34m	at org.junit.runners.ParentRunner$4.run(ParentRunner.java:331) ~[junit-4.13.2.jar:4.13.2]
?[0m?[0;34m	at org.junit.runners.ParentRunner$1.schedule(ParentRunner.java:79) ~[junit-4.13.2.jar:4.13.2]
?[0m?[0;34m	at org.junit.runners.ParentRunner.runChildren(ParentRunner.java:329) ~[junit-4.13.2.jar:4.13.2]
?[0m?[0;34m	at org.junit.runners.ParentRunner.access$100(ParentRunner.java:66) ~[junit-4.13.2.jar:4.13.2]
?[0m?[0;34m	at org.junit.runners.ParentRunner$2.evaluate(ParentRunner.java:293) ~[junit-4.13.2.jar:4.13.2]
?[0m?[0;34m	at org.junit.runners.ParentRunner$3.evaluate(ParentRunner.java:306) ~[junit-4.13.2.jar:4.13.2]
?[0m?[0;34m	at org.junit.runners.ParentRunner.run(ParentRunner.java:413) ~[junit-4.13.2.jar:4.13.2]
?[0m?[0;34m	at org.gradle.api.internal.tasks.testing.junit.JUnitTestClassExecutor.runTestClass(JUnitTestClassExecutor.java:108) ~[na:na]
?[0m?[0;34m	at org.gradle.api.internal.tasks.testing.junit.JUnitTestClassExecutor.execute(JUnitTestClassExecutor.java:57) ~[na:na]
?[0m?[0;34m	at org.gradle.api.internal.tasks.testing.junit.JUnitTestClassExecutor.execute(JUnitTestClassExecutor.java:39) ~[na:na]
?[0m?[0;34m	at org.gradle.api.internal.tasks.testing.junit.AbstractJUnitTestClassProcessor.processTestClass(AbstractJUnitTestClassProcessor.java:62) ~[na:na]
?[0m?[0;34m	at org.gradle.api.internal.tasks.testing.SuiteTestClassProcessor.processTestClass(SuiteTestClassProcessor.java:52) ~[na:na]
?[0m?[0;34m	at java.base/jdk.internal.reflect.NativeMethodAccessorImpl.invoke0(Native Method) ~[na:na]
?[0m?[0;34m	at java.base/jdk.internal.reflect.NativeMethodAccessorImpl.invoke(NativeMethodAccessorImpl.java:77) ~[na:na]
?[0m?[0;34m	at java.base/jdk.internal.reflect.DelegatingMethodAccessorImpl.invoke(DelegatingMethodAccessorImpl.java:43) ~[na:na]
?[0m?[0;34m	at java.base/java.lang.reflect.Method.invoke(Method.java:568) ~[na:na]
?[0m?[0;34m	at org.gradle.internal.dispatch.ReflectionDispatch.dispatch(ReflectionDispatch.java:36) ~[na:na]
?[0m?[0;34m	at org.gradle.internal.dispatch.ReflectionDispatch.dispatch(ReflectionDispatch.java:24) ~[na:na]
?[0m?[0;34m	at org.gradle.internal.dispatch.ContextClassLoaderDispatch.dispatch(ContextClassLoaderDispatch.java:33) ~[na:na]
?[0m?[0;34m	at org.gradle.internal.dispatch.ProxyDispatchAdapter$DispatchingInvocationHandler.invoke(ProxyDispatchAdapter.java:94) ~[na:na]
?[0m?[0;34m	at jdk.proxy1/jdk.proxy1.$Proxy2.processTestClass(Unknown Source) ~[na:na]
?[0m?[0;34m	at org.gradle.api.internal.tasks.testing.worker.TestWorker$2.run(TestWorker.java:176) ~[na:na]
?[0m?[0;34m	at org.gradle.api.internal.tasks.testing.worker.TestWorker.executeAndMaintainThreadName(TestWorker.java:129) ~[na:na]
?[0m?[0;34m	at org.gradle.api.internal.tasks.testing.worker.TestWorker.execute(TestWorker.java:100) ~[na:na]
?[0m?[0;34m	at org.gradle.api.internal.tasks.testing.worker.TestWorker.execute(TestWorker.java:60) ~[na:na]
?[0m?[0;34m	at org.gradle.process.internal.worker.child.ActionExecutionWorker.execute(ActionExecutionWorker.java:56) ~[na:na]
?[0m?[0;34m	at org.gradle.process.internal.worker.child.SystemApplicationClassLoaderWorker.call(SystemApplicationClassLoaderWorker.java:113) ~[na:na]
?[0m?[0;34m	at org.gradle.process.internal.worker.child.SystemApplicationClassLoaderWorker.call(SystemApplicationClassLoaderWorker.java:65) ~[na:na]
?[0m?[0;34m	at worker.org.gradle.process.internal.worker.GradleWorkerMain.run(GradleWorkerMain.java:69) ~[gradle-worker.jar:na]
?[0m?[0;34m	at worker.org.gradle.process.internal.worker.GradleWorkerMain.main(GradleWorkerMain.java:74) ~[gradle-worker.jar:na]
?[0m?[0;34m
?[0;34m2023-07-16T14:06:57.320+02:00  WARN 1424 --- [alina-utility-1] .t.u.s.PrivilegedSetAccessControlContext : Unable to set field Thread.inheritedAccessControlContext
?[0m?[0;34m
?[0m?[0;34mjava.lang.IllegalAccessException: class org.apache.tomcat.util.security.PrivilegedSetAccessControlContext cannot access a member of class java.lang.Thread (in module java.base) with modifiers "private"
?[0m?[0;34m	at java.base/jdk.internal.reflect.Reflection.newIllegalAccessException(Reflection.java:392) ~[na:na]
?[0m?[0;34m	at java.base/java.lang.reflect.AccessibleObject.checkAccess(AccessibleObject.java:674) ~[na:na]
?[0m?[0;34m	at java.base/java.lang.reflect.Field.checkAccess(Field.java:1102) ~[na:na]
?[0m?[0;34m	at java.base/java.lang.reflect.Field.set(Field.java:797) ~[na:na]
?[0m?[0;34m	at org.apache.tomcat.util.security.PrivilegedSetAccessControlContext.run(PrivilegedSetAccessControlContext.java:60) ~[tomcat-embed-core-10.1.5.jar:10.1.5]
?[0m?[0;34m	at org.apache.tomcat.util.security.PrivilegedSetAccessControlContext.run(PrivilegedSetAccessControlContext.java:28) ~[tomcat-embed-core-10.1.5.jar:10.1.5]
?[0m?[0;34m	at java.base/java.security.AccessController.doPrivileged(AccessController.java:318) ~[na:na]
?[0m?[0;34m	at org.apache.tomcat.util.threads.TaskThreadFactory.newThread(TaskThreadFactory.java:64) ~[tomcat-embed-core-10.1.5.jar:10.1.5]
?[0m?[0;34m	at java.base/java.util.concurrent.ThreadPoolExecutor$Worker.<init>(ThreadPoolExecutor.java:630) ~[na:na]
?[0m?[0;34m	at java.base/java.util.concurrent.ThreadPoolExecutor.addWorker(ThreadPoolExecutor.java:920) ~[na:na]
?[0m?[0;34m	at java.base/java.util.concurrent.ThreadPoolExecutor.ensurePrestart(ThreadPoolExecutor.java:1593) ~[na:na]
?[0m?[0;34m	at java.base/java.util.concurrent.ScheduledThreadPoolExecutor.delayedExecute(ScheduledThreadPoolExecutor.java:346) ~[na:na]
?[0m?[0;34m	at java.base/java.util.concurrent.ScheduledThreadPoolExecutor.scheduleWithFixedDelay(ScheduledThreadPoolExecutor.java:680) ~[na:na]
?[0m?[0;34m	at org.apache.tomcat.util.threads.ScheduledThreadPoolExecutor.scheduleWithFixedDelay(ScheduledThreadPoolExecutor.java:138) ~[tomcat-embed-core-10.1.5.jar:10.1.5]
?[0m?[0;34m	at org.apache.catalina.core.ContainerBase.threadStart(ContainerBase.java:1291) ~[tomcat-embed-core-10.1.5.jar:10.1.5]
?[0m?[0;34m	at org.apache.catalina.core.ContainerBase$ContainerBackgroundProcessorMonitor.run(ContainerBase.java:1331) ~[tomcat-embed-core-10.1.5.jar:10.1.5]
?[0m?[0;34m	at java.base/java.util.concurrent.Executors$RunnableAdapter.call(Executors.java:539) ~[na:na]
?[0m?[0;34m	at java.base/java.util.concurrent.FutureTask.runAndReset(FutureTask.java:305) ~[na:na]
?[0m?[0;34m	at java.base/java.util.concurrent.ScheduledThreadPoolExecutor$ScheduledFutureTask.run(ScheduledThreadPoolExecutor.java:305) ~[na:na]
?[0m?[0;34m	at java.base/java.util.concurrent.ThreadPoolExecutor.runWorker(ThreadPoolExecutor.java:1136) ~[na:na]
?[0m?[0;34m	at java.base/java.util.concurrent.ThreadPoolExecutor$Worker.run(ThreadPoolExecutor.java:635) ~[na:na]
?[0m?[0;34m	at org.apache.tomcat.util.threads.TaskThread$WrappingRunnable.run(TaskThread.java:61) ~[tomcat-embed-core-10.1.5.jar:10.1.5]
?[0m?[0;34m	at java.base/java.lang.Thread.run(Thread.java:833) ~[na:na]
?[0m?[0;34m
?[0m?[0;34m2023-07-16T14:06:57.477+02:00  INFO 1424 --- [    Test worker] o.hibernate.jpa.internal.util.LogHelper  : HHH000204: Processing PersistenceUnitInfo [name: default]
?[0m?[0;34m2023-07-16T14:06:57.571+02:00  INFO 1424 --- [    Test worker] org.hibernate.Version                    : HHH000412: Hibernate ORM core version 6.1.6.Final
?[0m?[0;34m2023-07-16T14:06:57.920+02:00  WARN 1424 --- [    Test worker] org.hibernate.orm.deprecation            : HHH90000021: Encountered deprecated setting [javax.persistence.sharedCache.mode], use [jakarta.persistence.sharedCache.mode] instead
?[0m?[0;34m2023-07-16T14:06:58.203+02:00  INFO 1424 --- [    Test worker] com.zaxxer.hikari.HikariDataSource       : HikariPool-1 - Starting...
?[0m?[0;34m2023-07-16T14:06:58.581+02:00  INFO 1424 --- [    Test worker] com.zaxxer.hikari.pool.HikariPool        : HikariPool-1 - Added connection conn0: url=jdbc:h2:file:../service_db user=
?[0m?[0;34m2023-07-16T14:06:58.581+02:00  INFO 1424 --- [    Test worker] com.zaxxer.hikari.HikariDataSource       : HikariPool-1 - Start completed.
?[0m?[0;34m2023-07-16T14:06:58.613+02:00  INFO 1424 --- [    Test worker] SQL dialect                              : HHH000400: Using dialect: org.hibernate.dialect.H2Dialect
?[0m?[0;34mHibernate: create table limits (id bigint not null, max_value bigint, type varchar(255), primary key (id))
?[0m?[0;34mHibernate: create table stolen_cards (id bigint not null, number varchar(255) not null, primary key (id))
?[0m?[0;34mHibernate: create table suspicious_IPs (id bigint not null, ip varchar(255) not null, primary key (id))
?[0m?[0;34mHibernate: create table transactions (id bigint not null, amount bigint not null, date timestamp(6) not null, feedback varchar(255), ip varchar(255) not null, number varchar(255) not null, region varchar(255) not null, result varchar(255) not null, primary key (id))
?[0m?[0;34mHibernate: create table users (id bigint not null, locked boolean, name varchar(255) not null, password varchar(255) not null, role varchar(255), username varchar(255) not null, primary key (id))
?[0m?[0;34mHibernate: alter table if exists users drop constraint if exists UK_r43af9ap4edm43mmtq01oddj6
?[0m?[0;34mHibernate: alter table if exists users add constraint UK_r43af9ap4edm43mmtq01oddj6 unique (username)
?[0m?[0;34mHibernate: create sequence limits_SEQ start with 1 increment by 50
?[0m?[0;34mHibernate: create sequence stolen_cards_SEQ start with 1 increment by 50
?[0m?[0;34mHibernate: create sequence suspicious_IPs_SEQ start with 1 increment by 50
?[0m?[0;34mHibernate: create sequence transactions_SEQ start with 1 increment by 50
?[0m?[0;34mHibernate: create sequence users_SEQ start with 1 increment by 50
?[0m?[0;34m2023-07-16T14:07:00.382+02:00  INFO 1424 --- [    Test worker] o.h.e.t.j.p.i.JtaPlatformInitiator       : HHH000490: Using JtaPlatform implementation: [org.hibernate.engine.transaction.jta.platform.internal.NoJtaPlatform]
?[0m?[0;34m2023-07-16T14:07:00.400+02:00  INFO 1424 --- [    Test worker] j.LocalContainerEntityManagerFactoryBean : Initialized JPA EntityManagerFactory for persistence unit 'default'
?[0m?[0;34m2023-07-16T14:07:01.215+02:00  WARN 1424 --- [    Test worker] JpaBaseConfiguration$JpaWebConfiguration : spring.jpa.open-in-view is enabled by default. Therefore, database queries may be performed during view rendering. Explicitly configure spring.jpa.open-in-view to disable this warning
?[0m?[0;34m2023-07-16T14:07:01.946+02:00  INFO 1424 --- [    Test worker] o.s.b.a.e.web.EndpointLinksResolver      : Exposing 14 endpoint(s) beneath base path '/actuator'
?[0m?[0;34m2023-07-16T14:07:02.041+02:00  INFO 1424 --- [    Test worker] o.s.s.web.DefaultSecurityFilterChain     : Will secure any request with [org.springframework.security.web.session.DisableEncodeUrlFilter@56dae6, org.springframework.security.web.context.request.async.WebAsyncManagerIntegrationFilter@57fe6f2d, org.springframework.security.web.context.SecurityContextHolderFilter@35920655, org.springframework.security.web.header.HeaderWriterFilter@13ac1657, org.springframework.security.web.authentication.logout.LogoutFilter@74e111a8, org.springframework.security.web.authentication.www.BasicAuthenticationFilter@f6b128b, org.springframework.security.web.savedrequest.RequestCacheAwareFilter@6108c962, org.springframework.security.web.servletapi.SecurityContextHolderAwareRequestFilter@48900d4a, org.springframework.security.web.authentication.AnonymousAuthenticationFilter@6e43c01f, org.springframework.security.web.session.SessionManagementFilter@28d74041, org.springframework.security.web.access.ExceptionTranslationFilter@54e39504, org.springframework.security.web.access.intercept.AuthorizationFilter@7018636a]
?[0m?[0;34m2023-07-16T14:07:02.651+02:00  WARN 1424 --- [    Test worker] .t.u.s.PrivilegedSetAccessControlContext : Unable to set field Thread.inheritedAccessControlContext
?[0m?[0;34m
?[0m?[0;34mjava.lang.IllegalAccessException: class org.apache.tomcat.util.security.PrivilegedSetAccessControlContext cannot access a member of class java.lang.Thread (in module java.base) with modifiers "private"
?[0m?[0;34m	at java.base/jdk.internal.reflect.Reflection.newIllegalAccessException(Reflection.java:392) ~[na:na]
?[0m?[0;34m	at java.base/java.lang.reflect.AccessibleObject.checkAccess(AccessibleObject.java:674) ~[na:na]
?[0m?[0;34m	at java.base/java.lang.reflect.Field.checkAccess(Field.java:1102) ~[na:na]
?[0m?[0;34m	at java.base/java.lang.reflect.Field.set(Field.java:797) ~[na:na]
?[0m?[0;34m	at org.apache.tomcat.util.security.PrivilegedSetAccessControlContext.run(PrivilegedSetAccessControlContext.java:60) ~[tomcat-embed-core-10.1.5.jar:10.1.5]
?[0m?[0;34m	at org.apache.tomcat.util.security.PrivilegedSetAccessControlContext.run(PrivilegedSetAccessControlContext.java:28) ~[tomcat-embed-core-10.1.5.jar:10.1.5]
?[0m?[0;34m	at java.base/java.security.AccessController.doPrivileged(AccessController.java:318) ~[na:na]
?[0m?[0;34m	at org.apache.tomcat.util.threads.TaskThreadFactory.newThread(TaskThreadFactory.java:64) ~[tomcat-embed-core-10.1.5.jar:10.1.5]
?[0m?[0;34m	at org.apache.tomcat.util.threads.ThreadPoolExecutor$Worker.<init>(ThreadPoolExecutor.java:653) ~[tomcat-embed-core-10.1.5.jar:10.1.5]
?[0m?[0;34m	at org.apache.tomcat.util.threads.ThreadPoolExecutor.addWorker(ThreadPoolExecutor.java:957) ~[tomcat-embed-core-10.1.5.jar:10.1.5]
?[0m?[0;34m	at org.apache.tomcat.util.threads.ThreadPoolExecutor.prestartAllCoreThreads(ThreadPoolExecutor.java:1694) ~[tomcat-embed-core-10.1.5.jar:10.1.5]
?[0m?[0;34m	at org.apache.tomcat.util.threads.ThreadPoolExecutor.<init>(ThreadPoolExecutor.java:1370) ~[tomcat-embed-core-10.1.5.jar:10.1.5]
?[0m?[0;34m	at org.apache.tomcat.util.threads.ThreadPoolExecutor.<init>(ThreadPoolExecutor.java:1280) ~[tomcat-embed-core-10.1.5.jar:10.1.5]
?[0m?[0;34m	at org.apache.tomcat.util.net.AbstractEndpoint.createExecutor(AbstractEndpoint.java:948) ~[tomcat-embed-core-10.1.5.jar:10.1.5]
?[0m?[0;34m	at org.apache.tomcat.util.net.NioEndpoint.startInternal(NioEndpoint.java:279) ~[tomcat-embed-core-10.1.5.jar:10.1.5]
?[0m?[0;34m	at org.apache.tomcat.util.net.AbstractEndpoint.start(AbstractEndpoint.java:1261) ~[tomcat-embed-core-10.1.5.jar:10.1.5]
?[0m?[0;34m	at org.apache.coyote.AbstractProtocol.start(AbstractProtocol.java:586) ~[tomcat-embed-core-10.1.5.jar:10.1.5]
?[0m?[0;34m	at org.apache.catalina.connector.Connector.startInternal(Connector.java:1081) ~[tomcat-embed-core-10.1.5.jar:10.1.5]
?[0m?[0;34m	at org.apache.catalina.util.LifecycleBase.start(LifecycleBase.java:183) ~[tomcat-embed-core-10.1.5.jar:10.1.5]
?[0m?[0;34m	at org.apache.catalina.core.StandardService.addConnector(StandardService.java:234) ~[tomcat-embed-core-10.1.5.jar:10.1.5]
?[0m?[0;34m	at org.springframework.boot.web.embedded.tomcat.TomcatWebServer.addPreviouslyRemovedConnectors(TomcatWebServer.java:282) ~[spring-boot-3.0.2.jar:3.0.2]
?[0m?[0;34m	at org.springframework.boot.web.embedded.tomcat.TomcatWebServer.start(TomcatWebServer.java:213) ~[spring-boot-3.0.2.jar:3.0.2]
?[0m?[0;34m	at org.springframework.boot.web.servlet.context.WebServerStartStopLifecycle.start(WebServerStartStopLifecycle.java:44) ~[spring-boot-3.0.2.jar:3.0.2]
?[0m?[0;34m	at org.springframework.context.support.DefaultLifecycleProcessor.doStart(DefaultLifecycleProcessor.java:178) ~[spring-context-6.0.4.jar:6.0.4]
?[0m?[0;34m	at org.springframework.context.support.DefaultLifecycleProcessor$LifecycleGroup.start(DefaultLifecycleProcessor.java:356) ~[spring-context-6.0.4.jar:6.0.4]
?[0m?[0;34m	at java.base/java.lang.Iterable.forEach(Iterable.java:75) ~[na:na]
?[0m?[0;34m	at org.springframework.context.support.DefaultLifecycleProcessor.startBeans(DefaultLifecycleProcessor.java:155) ~[spring-context-6.0.4.jar:6.0.4]
?[0m?[0;34m	at org.springframework.context.support.DefaultLifecycleProcessor.onRefresh(DefaultLifecycleProcessor.java:123) ~[spring-context-6.0.4.jar:6.0.4]
?[0m?[0;34m	at org.springframework.context.support.AbstractApplicationContext.finishRefresh(AbstractApplicationContext.java:932) ~[spring-context-6.0.4.jar:6.0.4]
?[0m?[0;34m	at org.springframework.context.support.AbstractApplicationContext.refresh(AbstractApplicationContext.java:587) ~[spring-context-6.0.4.jar:6.0.4]
?[0m?[0;34m	at org.springframework.boot.web.servlet.context.ServletWebServerApplicationContext.refresh(ServletWebServerApplicationContext.java:146) ~[spring-boot-3.0.2.jar:3.0.2]
?[0m?[0;34m	at org.springframework.boot.SpringApplication.refresh(SpringApplication.java:730) ~[spring-boot-3.0.2.jar:3.0.2]
?[0m?[0;34m	at org.springframework.boot.SpringApplication.refreshContext(SpringApplication.java:432) ~[spring-boot-3.0.2.jar:3.0.2]
?[0m?[0;34m	at org.springframework.boot.SpringApplication.run(SpringApplication.java:308) ~[spring-boot-3.0.2.jar:3.0.2]
?[0m?[0;34m	at org.springframework.boot.SpringApplication.run(SpringApplication.java:1302) ~[spring-boot-3.0.2.jar:3.0.2]
?[0m?[0;34m	at org.springframework.boot.SpringApplication.run(SpringApplication.java:1291) ~[spring-boot-3.0.2.jar:3.0.2]
?[0m?[0;34m	at antifraud.AntiFraudApplication.main(AntiFraudApplication.java:10) ~[main/:na]
?[0m?[0;34m	at java.base/jdk.internal.reflect.NativeMethodAccessorImpl.invoke0(Native Method) ~[na:na]
?[0m?[0;34m	at java.base/jdk.internal.reflect.NativeMethodAccessorImpl.invoke(NativeMethodAccessorImpl.java:77) ~[na:na]
?[0m?[0;34m	at java.base/jdk.internal.reflect.DelegatingMethodAccessorImpl.invoke(DelegatingMethodAccessorImpl.java:43) ~[na:na]
?[0m?[0;34m	at java.base/java.lang.reflect.Method.invoke(Method.java:568) ~[na:na]
?[0m?[0;34m	at org.hyperskill.hstest.stage.SpringTest.startSpring(SpringTest.java:187) ~[hs-test-release-SNAPSHOT.jar:na]
?[0m?[0;34m	at org.hyperskill.hstest.stage.SpringTest.launchSpring(SpringTest.java:49) ~[hs-test-release-SNAPSHOT.jar:na]
?[0m?[0;34m	at org.hyperskill.hstest.testing.runner.SpringApplicationRunner.launchSpringBootApplication(SpringApplicationRunner.java:20) ~[hs-test-release-SNAPSHOT.jar:na]
?[0m?[0;34m	at org.hyperskill.hstest.testing.runner.SpringApplicationRunner.setUp(SpringApplicationRunner.java:35) ~[hs-test-release-SNAPSHOT.jar:na]
?[0m?[0;34m	at org.hyperskill.hstest.testing.TestRun.setUp(TestRun.java:77) ~[hs-test-release-SNAPSHOT.jar:na]
?[0m?[0;34m	at org.hyperskill.hstest.stage.StageTest.start(StageTest.java:159) ~[hs-test-release-SNAPSHOT.jar:na]
?[0m?[0;34m	at java.base/jdk.internal.reflect.NativeMethodAccessorImpl.invoke0(Native Method) ~[na:na]
?[0m?[0;34m	at java.base/jdk.internal.reflect.NativeMethodAccessorImpl.invoke(NativeMethodAccessorImpl.java:77) ~[na:na]
?[0m?[0;34m	at java.base/jdk.internal.reflect.DelegatingMethodAccessorImpl.invoke(DelegatingMethodAccessorImpl.java:43) ~[na:na]
?[0m?[0;34m	at java.base/java.lang.reflect.Method.invoke(Method.java:568) ~[na:na]
?[0m?[0;34m	at org.junit.runners.model.FrameworkMethod$1.runReflectiveCall(FrameworkMethod.java:59) ~[junit-4.13.2.jar:4.13.2]
?[0m?[0;34m	at org.junit.internal.runners.model.ReflectiveCallable.run(ReflectiveCallable.java:12) ~[junit-4.13.2.jar:4.13.2]
?[0m?[0;34m	at org.junit.runners.model.FrameworkMethod.invokeExplosively(FrameworkMethod.java:56) ~[junit-4.13.2.jar:4.13.2]
?[0m?[0;34m	at org.junit.internal.runners.statements.InvokeMethod.evaluate(InvokeMethod.java:17) ~[junit-4.13.2.jar:4.13.2]
?[0m?[0;34m	at org.junit.internal.runners.statements.RunAfters.evaluate(RunAfters.java:27) ~[junit-4.13.2.jar:4.13.2]
?[0m?[0;34m	at org.junit.runners.ParentRunner$3.evaluate(ParentRunner.java:306) ~[junit-4.13.2.jar:4.13.2]
?[0m?[0;34m	at org.junit.runners.BlockJUnit4ClassRunner$1.evaluate(BlockJUnit4ClassRunner.java:100) ~[junit-4.13.2.jar:4.13.2]
?[0m?[0;34m	at org.junit.runners.ParentRunner.runLeaf(ParentRunner.java:366) ~[junit-4.13.2.jar:4.13.2]
?[0m?[0;34m	at org.junit.runners.BlockJUnit4ClassRunner.runChild(BlockJUnit4ClassRunner.java:103) ~[junit-4.13.2.jar:4.13.2]
?[0m?[0;34m	at org.junit.runners.BlockJUnit4ClassRunner.runChild(BlockJUnit4ClassRunner.java:63) ~[junit-4.13.2.jar:4.13.2]
?[0m?[0;34m	at org.junit.runners.ParentRunner$4.run(ParentRunner.java:331) ~[junit-4.13.2.jar:4.13.2]
?[0m?[0;34m	at org.junit.runners.ParentRunner$1.schedule(ParentRunner.java:79) ~[junit-4.13.2.jar:4.13.2]
?[0m?[0;34m	at org.junit.runners.ParentRunner.runChildren(ParentRunner.java:329) ~[junit-4.13.2.jar:4.13.2]
?[0m?[0;34m	at org.junit.runners.ParentRunner.access$100(ParentRunner.java:66) ~[junit-4.13.2.jar:4.13.2]
?[0m?[0;34m	at org.junit.runners.ParentRunner$2.evaluate(ParentRunner.java:293) ~[junit-4.13.2.jar:4.13.2]
?[0m?[0;34m	at org.junit.runners.ParentRunner$3.evaluate(ParentRunner.java:306) ~[junit-4.13.2.jar:4.13.2]
?[0m?[0;34m	at org.junit.runners.ParentRunner.run(ParentRunner.java:413) ~[junit-4.13.2.jar:4.13.2]
?[0m?[0;34m	at org.gradle.api.internal.tasks.testing.junit.JUnitTestClassExecutor.runTestClass(JUnitTestClassExecutor.java:108) ~[na:na]
?[0m?[0;34m	at org.gradle.api.internal.tasks.testing.junit.JUnitTestClassExecutor.execute(JUnitTestClassExecutor.java:57) ~[na:na]
?[0m?[0;34m	at org.gradle.api.internal.tasks.testing.junit.JUnitTestClassExecutor.execute(JUnitTestClassExecutor.java:39) ~[na:na]
?[0m?[0;34m	at org.gradle.api.internal.tasks.testing.junit.AbstractJUnitTestClassProcessor.processTestClass(AbstractJUnitTestClassProcessor.java:62) ~[na:na]
?[0m?[0;34m	at org.gradle.api.internal.tasks.testing.SuiteTestClassProcessor.processTestClass(SuiteTestClassProcessor.java:52) ~[na:na]
?[0m?[0;34m	at java.base/jdk.internal.reflect.NativeMethodAccessorImpl.invoke0(Native Method) ~[na:na]
?[0m?[0;34m	at java.base/jdk.internal.reflect.NativeMethodAccessorImpl.invoke(NativeMethodAccessorImpl.java:77) ~[na:na]
?[0m?[0;34m	at java.base/jdk.internal.reflect.DelegatingMethodAccessorImpl.invoke(DelegatingMethodAccessorImpl.java:43) ~[na:na]
?[0m?[0;34m	at java.base/java.lang.reflect.Method.invoke(Method.java:568) ~[na:na]
?[0m?[0;34m	at org.gradle.internal.dispatch.ReflectionDispatch.dispatch(ReflectionDispatch.java:36) ~[na:na]
?[0m?[0;34m	at org.gradle.internal.dispatch.ReflectionDispatch.dispatch(ReflectionDispatch.java:24) ~[na:na]
?[0m?[0;34m	at org.gradle.internal.dispatch.ContextClassLoaderDispatch.dispatch(ContextClassLoaderDispatch.java:33) ~[na:na]
?[0m?[0;34m	at org.gradle.internal.dispatch.ProxyDispatchAdapter$DispatchingInvocationHandler.invoke(ProxyDispatchAdapter.java:94) ~[na:na]
?[0m?[0;34m	at jdk.proxy1/jdk.proxy1.$Proxy2.processTestClass(Unknown Source) ~[na:na]
?[0m?[0;34m	at org.gradle.api.internal.tasks.testing.worker.TestWorker$2.run(TestWorker.java:176) ~[na:na]
?[0m?[0;34m	at org.gradle.api.internal.tasks.testing.worker.TestWorker.executeAndMaintainThreadName(TestWorker.java:129) ~[na:na]
?[0m?[0;34m	at org.gradle.api.internal.tasks.testing.worker.TestWorker.execute(TestWorker.java:100) ~[na:na]
?[0m?[0;34m	at org.gradle.api.internal.tasks.testing.worker.TestWorker.execute(TestWorker.java:60) ~[na:na]
?[0m?[0;34m	at org.gradle.process.internal.worker.child.ActionExecutionWorker.execute(ActionExecutionWorker.java:56) ~[na:na]
?[0m?[0;34m	at org.gradle.process.internal.worker.child.SystemApplicationClassLoaderWorker.call(SystemApplicationClassLoaderWorker.java:113) ~[na:na]
?[0m?[0;34m	at org.gradle.process.internal.worker.child.SystemApplicationClassLoaderWorker.call(SystemApplicationClassLoaderWorker.java:65) ~[na:na]
?[0m?[0;34m	at worker.org.gradle.process.internal.worker.GradleWorkerMain.run(GradleWorkerMain.java:69) ~[gradle-worker.jar:na]
?[0m?[0;34m	at worker.org.gradle.process.internal.worker.GradleWorkerMain.main(GradleWorkerMain.java:74) ~[gradle-worker.jar:na]
?[0m?[0;34m
?[0m?[0;34m2023-07-16T14:07:02.666+02:00  WARN 1424 --- [    Test worker] .t.u.s.PrivilegedSetAccessControlContext : Unable to set field Thread.inheritedAccessControlContext
?[0m?[0;34m
?[0m?[0;34mjava.lang.IllegalAccessException: class org.apache.tomcat.util.security.PrivilegedSetAccessControlContext cannot access a member of class java.lang.Thread (in module java.base) with modifiers "private"
?[0m?[0;34m	at java.base/jdk.internal.reflect.Reflection.newIllegalAccessException(Reflection.java:392) ~[na:na]
?[0m?[0;34m	at java.base/java.lang.reflect.AccessibleObject.checkAccess(AccessibleObject.java:674) ~[na:na]
?[0m?[0;34m	at java.base/java.lang.reflect.Field.checkAccess(Field.java:1102) ~[na:na]
?[0m?[0;34m	at java.base/java.lang.reflect.Field.set(Field.java:797) ~[na:na]
?[0m?[0;34m	at org.apache.tomcat.util.security.PrivilegedSetAccessControlContext.run(PrivilegedSetAccessControlContext.java:60) ~[tomcat-embed-core-10.1.5.jar:10.1.5]
?[0m?[0;34m	at org.apache.tomcat.util.security.PrivilegedSetAccessControlContext.run(PrivilegedSetAccessControlContext.java:28) ~[tomcat-embed-core-10.1.5.jar:10.1.5]
?[0m?[0;34m	at java.base/java.security.AccessController.doPrivileged(AccessController.java:318) ~[na:na]
?[0m?[0;34m	at org.apache.tomcat.util.threads.TaskThreadFactory.newThread(TaskThreadFactory.java:64) ~[tomcat-embed-core-10.1.5.jar:10.1.5]
?[0m?[0;34m	at org.apache.tomcat.util.threads.ThreadPoolExecutor$Worker.<init>(ThreadPoolExecutor.java:653) ~[tomcat-embed-core-10.1.5.jar:10.1.5]
?[0m?[0;34m	at org.apache.tomcat.util.threads.ThreadPoolExecutor.addWorker(ThreadPoolExecutor.java:957) ~[tomcat-embed-core-10.1.5.jar:10.1.5]
?[0m?[0;34m	at org.apache.tomcat.util.threads.ThreadPoolExecutor.prestartAllCoreThreads(ThreadPoolExecutor.java:1694) ~[tomcat-embed-core-10.1.5.jar:10.1.5]
?[0m?[0;34m	at org.apache.tomcat.util.threads.ThreadPoolExecutor.<init>(ThreadPoolExecutor.java:1370) ~[tomcat-embed-core-10.1.5.jar:10.1.5]
?[0m?[0;34m	at org.apache.tomcat.util.threads.ThreadPoolExecutor.<init>(ThreadPoolExecutor.java:1280) ~[tomcat-embed-core-10.1.5.jar:10.1.5]
?[0m?[0;34m	at org.apache.tomcat.util.net.AbstractEndpoint.createExecutor(AbstractEndpoint.java:948) ~[tomcat-embed-core-10.1.5.jar:10.1.5]
?[0m?[0;34m	at org.apache.tomcat.util.net.NioEndpoint.startInternal(NioEndpoint.java:279) ~[tomcat-embed-core-10.1.5.jar:10.1.5]
?[0m?[0;34m	at org.apache.tomcat.util.net.AbstractEndpoint.start(AbstractEndpoint.java:1261) ~[tomcat-embed-core-10.1.5.jar:10.1.5]
?[0m?[0;34m	at org.apache.coyote.AbstractProtocol.start(AbstractProtocol.java:586) ~[tomcat-embed-core-10.1.5.jar:10.1.5]
?[0m?[0;34m	at org.apache.catalina.connector.Connector.startInternal(Connector.java:1081) ~[tomcat-embed-core-10.1.5.jar:10.1.5]
?[0m?[0;34m	at org.apache.catalina.util.LifecycleBase.start(LifecycleBase.java:183) ~[tomcat-embed-core-10.1.5.jar:10.1.5]
?[0m?[0;34m	at org.apache.catalina.core.StandardService.addConnector(StandardService.java:234) ~[tomcat-embed-core-10.1.5.jar:10.1.5]
?[0m?[0;34m	at org.springframework.boot.web.embedded.tomcat.TomcatWebServer.addPreviouslyRemovedConnectors(TomcatWebServer.java:282) ~[spring-boot-3.0.2.jar:3.0.2]
?[0m?[0;34m	at org.springframework.boot.web.embedded.tomcat.TomcatWebServer.start(TomcatWebServer.java:213) ~[spring-boot-3.0.2.jar:3.0.2]
?[0m?[0;34m	at org.springframework.boot.web.servlet.context.WebServerStartStopLifecycle.start(WebServerStartStopLifecycle.java:44) ~[spring-boot-3.0.2.jar:3.0.2]
?[0m?[0;34m	at org.springframework.context.support.DefaultLifecycleProcessor.doStart(DefaultLifecycleProcessor.java:178) ~[spring-context-6.0.4.jar:6.0.4]
?[0m?[0;34m	at org.springframework.context.support.DefaultLifecycleProcessor$LifecycleGroup.start(DefaultLifecycleProcessor.java:356) ~[spring-context-6.0.4.jar:6.0.4]
?[0m?[0;34m	at java.base/java.lang.Iterable.forEach(Iterable.java:75) ~[na:na]
?[0m?[0;34m	at org.springframework.context.support.DefaultLifecycleProcessor.startBeans(DefaultLifecycleProcessor.java:155) ~[spring-context-6.0.4.jar:6.0.4]
?[0m?[0;34m	at org.springframework.context.support.DefaultLifecycleProcessor.onRefresh(DefaultLifecycleProcessor.java:123) ~[spring-context-6.0.4.jar:6.0.4]
?[0m?[0;34m	at org.springframework.context.support.AbstractApplicationContext.finishRefresh(AbstractApplicationContext.java:932) ~[spring-context-6.0.4.jar:6.0.4]
?[0m?[0;34m	at org.springframework.context.support.AbstractApplicationContext.refresh(AbstractApplicationContext.java:587) ~[spring-context-6.0.4.jar:6.0.4]
?[0m?[0;34m	at org.springframework.boot.web.servlet.context.ServletWebServerApplicationContext.refresh(ServletWebServerApplicationContext.java:146) ~[spring-boot-3.0.2.jar:3.0.2]
?[0m?[0;34m	at org.springframework.boot.SpringApplication.refresh(SpringApplication.java:730) ~[spring-boot-3.0.2.jar:3.0.2]
?[0m?[0;34m	at org.springframework.boot.SpringApplication.refreshContext(SpringApplication.java:432) ~[spring-boot-3.0.2.jar:3.0.2]
?[0m?[0;34m	at org.springframework.boot.SpringApplication.run(SpringApplication.java:308) ~[spring-boot-3.0.2.jar:3.0.2]
?[0m?[0;34m	at org.springframework.boot.SpringApplication.run(SpringApplication.java:1302) ~[spring-boot-3.0.2.jar:3.0.2]
?[0m?[0;34m	at org.springframework.boot.SpringApplication.run(SpringApplication.java:1291) ~[spring-boot-3.0.2.jar:3.0.2]
?[0m?[0;34m	at antifraud.AntiFraudApplication.main(AntiFraudApplication.java:10) ~[main/:na]
?[0m?[0;34m	at java.base/jdk.internal.reflect.NativeMethodAccessorImpl.invoke0(Native Method) ~[na:na]
?[0m?[0;34m	at java.base/jdk.internal.reflect.NativeMethodAccessorImpl.invoke(NativeMethodAccessorImpl.java:77) ~[na:na]
?[0m?[0;34m	at java.base/jdk.internal.reflect.DelegatingMethodAccessorImpl.invoke(DelegatingMethodAccessorImpl.java:43) ~[na:na]
?[0m?[0;34m	at java.base/java.lang.reflect.Method.invoke(Method.java:568) ~[na:na]
?[0m?[0;34m	at org.hyperskill.hstest.stage.SpringTest.startSpring(SpringTest.java:187) ~[hs-test-release-SNAPSHOT.jar:na]
?[0m?[0;34m	at org.hyperskill.hstest.stage.SpringTest.launchSpring(SpringTest.java:49) ~[hs-test-release-SNAPSHOT.jar:na]
?[0m?[0;34m	at org.hyperskill.hstest.testing.runner.SpringApplicationRunner.launchSpringBootApplication(SpringApplicationRunner.java:20) ~[hs-test-release-SNAPSHOT.jar:na]
?[0m?[0;34m	at org.hyperskill.hstest.testing.runner.SpringApplicationRunner.setUp(SpringApplicationRunner.java:35) ~[hs-test-release-SNAPSHOT.jar:na]
?[0m?[0;34m	at org.hyperskill.hstest.testing.TestRun.setUp(TestRun.java:77) ~[hs-test-release-SNAPSHOT.jar:na]
?[0m?[0;34m	at org.hyperskill.hstest.stage.StageTest.start(StageTest.java:159) ~[hs-test-release-SNAPSHOT.jar:na]
?[0m?[0;34m	at java.base/jdk.internal.reflect.NativeMethodAccessorImpl.invoke0(Native Method) ~[na:na]
?[0m?[0;34m	at java.base/jdk.internal.reflect.NativeMethodAccessorImpl.invoke(NativeMethodAccessorImpl.java:77) ~[na:na]
?[0m?[0;34m	at java.base/jdk.internal.reflect.DelegatingMethodAccessorImpl.invoke(DelegatingMethodAccessorImpl.java:43) ~[na:na]
?[0m?[0;34m	at java.base/java.lang.reflect.Method.invoke(Method.java:568) ~[na:na]
?[0m?[0;34m	at org.junit.runners.model.FrameworkMethod$1.runReflectiveCall(FrameworkMethod.java:59) ~[junit-4.13.2.jar:4.13.2]
?[0m?[0;34m	at org.junit.internal.runners.model.ReflectiveCallable.run(ReflectiveCallable.java:12) ~[junit-4.13.2.jar:4.13.2]
?[0m?[0;34m	at org.junit.runners.model.FrameworkMethod.invokeExplosively(FrameworkMethod.java:56) ~[junit-4.13.2.jar:4.13.2]
?[0m?[0;34m	at org.junit.internal.runners.statements.InvokeMethod.evaluate(InvokeMethod.java:17) ~[junit-4.13.2.jar:4.13.2]
?[0m?[0;34m	at org.junit.internal.runners.statements.RunAfters.evaluate(RunAfters.java:27) ~[junit-4.13.2.jar:4.13.2]
?[0m?[0;34m	at org.junit.runners.ParentRunner$3.evaluate(ParentRunner.java:306) ~[junit-4.13.2.jar:4.13.2]
?[0m?[0;34m	at org.junit.runners.BlockJUnit4ClassRunner$1.evaluate(BlockJUnit4ClassRunner.java:100) ~[junit-4.13.2.jar:4.13.2]
?[0m?[0;34m	at org.junit.runners.ParentRunner.runLeaf(ParentRunner.java:366) ~[junit-4.13.2.jar:4.13.2]
?[0m?[0;34m	at org.junit.runners.BlockJUnit4ClassRunner.runChild(BlockJUnit4ClassRunner.java:103) ~[junit-4.13.2.jar:4.13.2]
?[0m?[0;34m	at org.junit.runners.BlockJUnit4ClassRunner.runChild(BlockJUnit4ClassRunner.java:63) ~[junit-4.13.2.jar:4.13.2]
?[0m?[0;34m	at org.junit.runners.ParentRunner$4.run(ParentRunner.java:331) ~[junit-4.13.2.jar:4.13.2]
?[0m?[0;34m	at org.junit.runners.ParentRunner$1.schedule(ParentRunner.java:79) ~[junit-4.13.2.jar:4.13.2]
?[0m?[0;34m	at org.junit.runners.ParentRunner.runChildren(ParentRunner.java:329) ~[junit-4.13.2.jar:4.13.2]
?[0m?[0;34m	at org.junit.runners.ParentRunner.access$100(ParentRunner.java:66) ~[junit-4.13.2.jar:4.13.2]
?[0m?[0;34m	at org.junit.runners.ParentRunner$2.evaluate(ParentRunner.java:293) ~[junit-4.13.2.jar:4.13.2]
?[0m?[0;34m	at org.junit.runners.ParentRunner$3.evaluate(ParentRunner.java:306) ~[junit-4.13.2.jar:4.13.2]
?[0m?[0;34m	at org.junit.runners.ParentRunner.run(ParentRunner.java:413) ~[junit-4.13.2.jar:4.13.2]
?[0m?[0;34m	at org.gradle.api.internal.tasks.testing.junit.JUnitTestClassExecutor.runTestClass(JUnitTestClassExecutor.java:108) ~[na:na]
?[0m?[0;34m	at org.gradle.api.internal.tasks.testing.junit.JUnitTestClassExecutor.execute(JUnitTestClassExecutor.java:57) ~[na:na]
?[0m?[0;34m	at org.gradle.api.internal.tasks.testing.junit.JUnitTestClassExecutor.execute(JUnitTestClassExecutor.java:39) ~[na:na]
?[0m?[0;34m	at org.gradle.api.internal.tasks.testing.junit.AbstractJUnitTestClassProcessor.processTestClass(AbstractJUnitTestClassProcessor.java:62) ~[na:na]
?[0m?[0;34m	at org.gradle.api.internal.tasks.testing.SuiteTestClassProcessor.processTestClass(SuiteTestClassProcessor.java:52) ~[na:na]
?[0m?[0;34m	at java.base/jdk.internal.reflect.NativeMethodAccessorImpl.invoke0(Native Method) ~[na:na]
?[0m?[0;34m	at java.base/jdk.internal.reflect.NativeMethodAccessorImpl.invoke(NativeMethodAccessorImpl.java:77) ~[na:na]
?[0m?[0;34m	at java.base/jdk.internal.reflect.DelegatingMethodAccessorImpl.invoke(DelegatingMethodAccessorImpl.java:43) ~[na:na]
?[0m?[0;34m	at java.base/java.lang.reflect.Method.invoke(Method.java:568) ~[na:na]
?[0m?[0;34m	at org.gradle.internal.dispatch.ReflectionDispatch.dispatch(ReflectionDispatch.java:36) ~[na:na]
?[0m?[0;34m	at org.gradle.internal.dispatch.ReflectionDispatch.dispatch(ReflectionDispatch.java:24) ~[na:na]
?[0m?[0;34m	at org.gradle.internal.dispatch.ContextClassLoaderDispatch.dispatch(ContextClassLoaderDispatch.java:33) ~[na:na]
?[0m?[0;34m	at org.gradle.internal.dispatch.ProxyDispatchAdapter$DispatchingInvocationHandler.invoke(ProxyDispatchAdapter.java:94) ~[na:na]
?[0m?[0;34m	at jdk.proxy1/jdk.proxy1.$Proxy2.processTestClass(Unknown Source) ~[na:na]
?[0m?[0;34m	at org.gradle.api.internal.tasks.testing.worker.TestWorker$2.run(TestWorker.java:176) ~[na:na]
?[0m?[0;34m	at org.gradle.api.internal.tasks.testing.worker.TestWorker.executeAndMaintainThreadName(TestWorker.java:129) ~[na:na]
?[0m?[0;34m	at org.gradle.api.internal.tasks.testing.worker.TestWorker.execute(TestWorker.java:100) ~[na:na]
?[0m?[0;34m	at org.gradle.api.internal.tasks.testing.worker.TestWorker.execute(TestWorker.java:60) ~[na:na]
?[0m?[0;34m	at org.gradle.process.internal.worker.child.ActionExecutionWorker.execute(ActionExecutionWorker.java:56) ~[na:na]
?[0m?[0;34m	at org.gradle.process.internal.worker.child.SystemApplicationClassLoaderWorker.call(SystemApplicationClassLoaderWorker.java:113) ~[na:na]
?[0m?[0;34m	at org.gradle.process.internal.worker.child.SystemApplicationClassLoaderWorker.call(SystemApplicationClassLoaderWorker.java:65) ~[na:na]
?[0m?[0;34m	at worker.org.gradle.process.internal.worker.GradleWorkerMain.run(GradleWorkerMain.java:69) ~[gradle-worker.jar:na]
?[0m?[0;34m	at worker.org.gradle.process.internal.worker.GradleWorkerMain.main(GradleWorkerMain.java:74) ~[gradle-worker.jar:na]
?[0m?[0;34m
?[0m?[0;34m2023-07-16T14:07:02.682+02:00  WARN 1424 --- [    Test worker] .t.u.s.PrivilegedSetAccessControlContext : Unable to set field Thread.inheritedAccessControlContext
?[0m?[0;34m
?[0m?[0;34mjava.lang.IllegalAccessException: class org.apache.tomcat.util.security.PrivilegedSetAccessControlContext cannot access a member of class java.lang.Thread (in module java.base) with modifiers "private"
?[0m?[0;34m	at java.base/jdk.internal.reflect.Reflection.newIllegalAccessException(Reflection.java:392) ~[na:na]
?[0m?[0;34m	at java.base/java.lang.reflect.AccessibleObject.checkAccess(AccessibleObject.java:674) ~[na:na]
?[0m?[0;34m	at java.base/java.lang.reflect.Field.checkAccess(Field.java:1102) ~[na:na]
?[0m?[0;34m	at java.base/java.lang.reflect.Field.set(Field.java:797) ~[na:na]
?[0m?[0;34m	at org.apache.tomcat.util.security.PrivilegedSetAccessControlContext.run(PrivilegedSetAccessControlContext.java:60) ~[tomcat-embed-core-10.1.5.jar:10.1.5]
?[0m?[0;34m	at org.apache.tomcat.util.security.PrivilegedSetAccessControlContext.run(PrivilegedSetAccessControlContext.java:28) ~[tomcat-embed-core-10.1.5.jar:10.1.5]
?[0m?[0;34m	at java.base/java.security.AccessController.doPrivileged(AccessController.java:318) ~[na:na]
?[0m?[0;34m	at org.apache.tomcat.util.threads.TaskThreadFactory.newThread(TaskThreadFactory.java:64) ~[tomcat-embed-core-10.1.5.jar:10.1.5]
?[0m?[0;34m	at org.apache.tomcat.util.threads.ThreadPoolExecutor$Worker.<init>(ThreadPoolExecutor.java:653) ~[tomcat-embed-core-10.1.5.jar:10.1.5]
?[0m?[0;34m	at org.apache.tomcat.util.threads.ThreadPoolExecutor.addWorker(ThreadPoolExecutor.java:957) ~[tomcat-embed-core-10.1.5.jar:10.1.5]
?[0m?[0;34m	at org.apache.tomcat.util.threads.ThreadPoolExecutor.prestartAllCoreThreads(ThreadPoolExecutor.java:1694) ~[tomcat-embed-core-10.1.5.jar:10.1.5]
?[0m?[0;34m	at org.apache.tomcat.util.threads.ThreadPoolExecutor.<init>(ThreadPoolExecutor.java:1370) ~[tomcat-embed-core-10.1.5.jar:10.1.5]
?[0m?[0;34m	at org.apache.tomcat.util.threads.ThreadPoolExecutor.<init>(ThreadPoolExecutor.java:1280) ~[tomcat-embed-core-10.1.5.jar:10.1.5]
?[0m?[0;34m	at org.apache.tomcat.util.net.AbstractEndpoint.createExecutor(AbstractEndpoint.java:948) ~[tomcat-embed-core-10.1.5.jar:10.1.5]
?[0m?[0;34m	at org.apache.tomcat.util.net.NioEndpoint.startInternal(NioEndpoint.java:279) ~[tomcat-embed-core-10.1.5.jar:10.1.5]
?[0m?[0;34m	at org.apache.tomcat.util.net.AbstractEndpoint.start(AbstractEndpoint.java:1261) ~[tomcat-embed-core-10.1.5.jar:10.1.5]
?[0m?[0;34m	at org.apache.coyote.AbstractProtocol.start(AbstractProtocol.java:586) ~[tomcat-embed-core-10.1.5.jar:10.1.5]
?[0m?[0;34m	at org.apache.catalina.connector.Connector.startInternal(Connector.java:1081) ~[tomcat-embed-core-10.1.5.jar:10.1.5]
?[0m?[0;34m	at org.apache.catalina.util.LifecycleBase.start(LifecycleBase.java:183) ~[tomcat-embed-core-10.1.5.jar:10.1.5]
?[0m?[0;34m	at org.apache.catalina.core.StandardService.addConnector(StandardService.java:234) ~[tomcat-embed-core-10.1.5.jar:10.1.5]
?[0m?[0;34m	at org.springframework.boot.web.embedded.tomcat.TomcatWebServer.addPreviouslyRemovedConnectors(TomcatWebServer.java:282) ~[spring-boot-3.0.2.jar:3.0.2]
?[0m?[0;34m	at org.springframework.boot.web.embedded.tomcat.TomcatWebServer.start(TomcatWebServer.java:213) ~[spring-boot-3.0.2.jar:3.0.2]
?[0m?[0;34m	at org.springframework.boot.web.servlet.context.WebServerStartStopLifecycle.start(WebServerStartStopLifecycle.java:44) ~[spring-boot-3.0.2.jar:3.0.2]
?[0m?[0;34m	at org.springframework.context.support.DefaultLifecycleProcessor.doStart(DefaultLifecycleProcessor.java:178) ~[spring-context-6.0.4.jar:6.0.4]
?[0m?[0;34m	at org.springframework.context.support.DefaultLifecycleProcessor$LifecycleGroup.start(DefaultLifecycleProcessor.java:356) ~[spring-context-6.0.4.jar:6.0.4]
?[0m?[0;34m	at java.base/java.lang.Iterable.forEach(Iterable.java:75) ~[na:na]
?[0m?[0;34m	at org.springframework.context.support.DefaultLifecycleProcessor.startBeans(DefaultLifecycleProcessor.java:155) ~[spring-context-6.0.4.jar:6.0.4]
?[0m?[0;34m	at org.springframework.context.support.DefaultLifecycleProcessor.onRefresh(DefaultLifecycleProcessor.java:123) ~[spring-context-6.0.4.jar:6.0.4]
?[0m?[0;34m	at org.springframework.context.support.AbstractApplicationContext.finishRefresh(AbstractApplicationContext.java:932) ~[spring-context-6.0.4.jar:6.0.4]
?[0m?[0;34m	at org.springframework.context.support.AbstractApplicationContext.refresh(AbstractApplicationContext.java:587) ~[spring-context-6.0.4.jar:6.0.4]
?[0m?[0;34m	at org.springframework.boot.web.servlet.context.ServletWebServerApplicationContext.refresh(ServletWebServerApplicationContext.java:146) ~[spring-boot-3.0.2.jar:3.0.2]
?[0m?[0;34m	at org.springframework.boot.SpringApplication.refresh(SpringApplication.java:730) ~[spring-boot-3.0.2.jar:3.0.2]
?[0m?[0;34m	at org.springframework.boot.SpringApplication.refreshContext(SpringApplication.java:432) ~[spring-boot-3.0.2.jar:3.0.2]
?[0m?[0;34m	at org.springframework.boot.SpringApplication.run(SpringApplication.java:308) ~[spring-boot-3.0.2.jar:3.0.2]
?[0m?[0;34m	at org.springframework.boot.SpringApplication.run(SpringApplication.java:1302) ~[spring-boot-3.0.2.jar:3.0.2]
?[0m?[0;34m	at org.springframework.boot.SpringApplication.run(SpringApplication.java:1291) ~[spring-boot-3.0.2.jar:3.0.2]
?[0m?[0;34m	at antifraud.AntiFraudApplication.main(AntiFraudApplication.java:10) ~[main/:na]
?[0m?[0;34m	at java.base/jdk.internal.reflect.NativeMethodAccessorImpl.invoke0(Native Method) ~[na:na]
?[0m?[0;34m	at java.base/jdk.internal.reflect.NativeMethodAccessorImpl.invoke(NativeMethodAccessorImpl.java:77) ~[na:na]
?[0m?[0;34m	at java.base/jdk.internal.reflect.DelegatingMethodAccessorImpl.invoke(DelegatingMethodAccessorImpl.java:43) ~[na:na]
?[0m?[0;34m	at java.base/java.lang.reflect.Method.invoke(Method.java:568) ~[na:na]
?[0m?[0;34m	at org.hyperskill.hstest.stage.SpringTest.startSpring(SpringTest.java:187) ~[hs-test-release-SNAPSHOT.jar:na]
?[0m?[0;34m	at org.hyperskill.hstest.stage.SpringTest.launchSpring(SpringTest.java:49) ~[hs-test-release-SNAPSHOT.jar:na]
?[0m?[0;34m	at org.hyperskill.hstest.testing.runner.SpringApplicationRunner.launchSpringBootApplication(SpringApplicationRunner.java:20) ~[hs-test-release-SNAPSHOT.jar:na]
?[0m?[0;34m	at org.hyperskill.hstest.testing.runner.SpringApplicationRunner.setUp(SpringApplicationRunner.java:35) ~[hs-test-release-SNAPSHOT.jar:na]
?[0m?[0;34m	at org.hyperskill.hstest.testing.TestRun.setUp(TestRun.java:77) ~[hs-test-release-SNAPSHOT.jar:na]
?[0m?[0;34m	at org.hyperskill.hstest.stage.StageTest.start(StageTest.java:159) ~[hs-test-release-SNAPSHOT.jar:na]
?[0m?[0;34m	at java.base/jdk.internal.reflect.NativeMethodAccessorImpl.invoke0(Native Method) ~[na:na]
?[0m?[0;34m	at java.base/jdk.internal.reflect.NativeMethodAccessorImpl.invoke(NativeMethodAccessorImpl.java:77) ~[na:na]
?[0m?[0;34m	at java.base/jdk.internal.reflect.DelegatingMethodAccessorImpl.invoke(DelegatingMethodAccessorImpl.java:43) ~[na:na]
?[0m?[0;34m	at java.base/java.lang.reflect.Method.invoke(Method.java:568) ~[na:na]
?[0m?[0;34m	at org.junit.runners.model.FrameworkMethod$1.runReflectiveCall(FrameworkMethod.java:59) ~[junit-4.13.2.jar:4.13.2]
?[0m?[0;34m	at org.junit.internal.runners.model.ReflectiveCallable.run(ReflectiveCallable.java:12) ~[junit-4.13.2.jar:4.13.2]
?[0m?[0;34m	at org.junit.runners.model.FrameworkMethod.invokeExplosively(FrameworkMethod.java:56) ~[junit-4.13.2.jar:4.13.2]
?[0m?[0;34m	at org.junit.internal.runners.statements.InvokeMethod.evaluate(InvokeMethod.java:17) ~[junit-4.13.2.jar:4.13.2]
?[0m?[0;34m	at org.junit.internal.runners.statements.RunAfters.evaluate(RunAfters.java:27) ~[junit-4.13.2.jar:4.13.2]
?[0m?[0;34m	at org.junit.runners.ParentRunner$3.evaluate(ParentRunner.java:306) ~[junit-4.13.2.jar:4.13.2]
?[0m?[0;34m	at org.junit.runners.BlockJUnit4ClassRunner$1.evaluate(BlockJUnit4ClassRunner.java:100) ~[junit-4.13.2.jar:4.13.2]
?[0m?[0;34m	at org.junit.runners.ParentRunner.runLeaf(ParentRunner.java:366) ~[junit-4.13.2.jar:4.13.2]
?[0m?[0;34m	at org.junit.runners.BlockJUnit4ClassRunner.runChild(BlockJUnit4ClassRunner.java:103) ~[junit-4.13.2.jar:4.13.2]
?[0m?[0;34m	at org.junit.runners.BlockJUnit4ClassRunner.runChild(BlockJUnit4ClassRunner.java:63) ~[junit-4.13.2.jar:4.13.2]
?[0m?[0;34m	at org.junit.runners.ParentRunner$4.run(ParentRunner.java:331) ~[junit-4.13.2.jar:4.13.2]
?[0m?[0;34m	at org.junit.runners.ParentRunner$1.schedule(ParentRunner.java:79) ~[junit-4.13.2.jar:4.13.2]
?[0m?[0;34m	at org.junit.runners.ParentRunner.runChildren(ParentRunner.java:329) ~[junit-4.13.2.jar:4.13.2]
?[0m?[0;34m	at org.junit.runners.ParentRunner.access$100(ParentRunner.java:66) ~[junit-4.13.2.jar:4.13.2]
?[0m?[0;34m	at org.junit.runners.ParentRunner$2.evaluate(ParentRunner.java:293) ~[junit-4.13.2.jar:4.13.2]
?[0m?[0;34m	at org.junit.runners.ParentRunner$3.evaluate(ParentRunner.java:306) ~[junit-4.13.2.jar:4.13.2]
?[0m?[0;34m	at org.junit.runners.ParentRunner.run(ParentRunner.java:413) ~[junit-4.13.2.jar:4.13.2]
?[0m?[0;34m	at org.gradle.api.internal.tasks.testing.junit.JUnitTestClassExecutor.runTestClass(JUnitTestClassExecutor.java:108) ~[na:na]
?[0m?[0;34m	at org.gradle.api.internal.tasks.testing.junit.JUnitTestClassExecutor.execute(JUnitTestClassExecutor.java:57) ~[na:na]
?[0m?[0;34m	at org.gradle.api.internal.tasks.testing.junit.JUnitTestClassExecutor.execute(JUnitTestClassExecutor.java:39) ~[na:na]
?[0m?[0;34m	at org.gradle.api.internal.tasks.testing.junit.AbstractJUnitTestClassProcessor.processTestClass(AbstractJUnitTestClassProcessor.java:62) ~[na:na]
?[0m?[0;34m	at org.gradle.api.internal.tasks.testing.SuiteTestClassProcessor.processTestClass(SuiteTestClassProcessor.java:52) ~[na:na]
?[0m?[0;34m	at java.base/jdk.internal.reflect.NativeMethodAccessorImpl.invoke0(Native Method) ~[na:na]
?[0m?[0;34m	at java.base/jdk.internal.reflect.NativeMethodAccessorImpl.invoke(NativeMethodAccessorImpl.java:77) ~[na:na]
?[0m?[0;34m	at java.base/jdk.internal.reflect.DelegatingMethodAccessorImpl.invoke(DelegatingMethodAccessorImpl.java:43) ~[na:na]
?[0m?[0;34m	at java.base/java.lang.reflect.Method.invoke(Method.java:568) ~[na:na]
?[0m?[0;34m	at org.gradle.internal.dispatch.ReflectionDispatch.dispatch(ReflectionDispatch.java:36) ~[na:na]
?[0m?[0;34m	at org.gradle.internal.dispatch.ReflectionDispatch.dispatch(ReflectionDispatch.java:24) ~[na:na]
?[0m?[0;34m	at org.gradle.internal.dispatch.ContextClassLoaderDispatch.dispatch(ContextClassLoaderDispatch.java:33) ~[na:na]
?[0m?[0;34m	at org.gradle.internal.dispatch.ProxyDispatchAdapter$DispatchingInvocationHandler.invoke(ProxyDispatchAdapter.java:94) ~[na:na]
?[0m?[0;34m	at jdk.proxy1/jdk.proxy1.$Proxy2.processTestClass(Unknown Source) ~[na:na]
?[0m?[0;34m	at org.gradle.api.internal.tasks.testing.worker.TestWorker$2.run(TestWorker.java:176) ~[na:na]
?[0m?[0;34m	at org.gradle.api.internal.tasks.testing.worker.TestWorker.executeAndMaintainThreadName(TestWorker.java:129) ~[na:na]
?[0m?[0;34m	at org.gradle.api.internal.tasks.testing.worker.TestWorker.execute(TestWorker.java:100) ~[na:na]
?[0m?[0;34m	at org.gradle.api.internal.tasks.testing.worker.TestWorker.execute(TestWorker.java:60) ~[na:na]
?[0m?[0;34m	at org.gradle.process.internal.worker.child.ActionExecutionWorker.execute(ActionExecutionWorker.java:56) ~[na:na]
?[0m?[0;34m	at org.gradle.process.internal.worker.child.SystemApplicationClassLoaderWorker.call(SystemApplicationClassLoaderWorker.java:113) ~[na:na]
?[0m?[0;34m	at org.gradle.process.internal.worker.child.SystemApplicationClassLoaderWorker.call(SystemApplicationClassLoaderWorker.java:65) ~[na:na]
?[0m?[0;34m	at worker.org.gradle.process.internal.worker.GradleWorkerMain.run(GradleWorkerMain.java:69) ~[gradle-worker.jar:na]
?[0m?[0;34m	at worker.org.gradle.process.internal.worker.GradleWorkerMain.main(GradleWorkerMain.java:74) ~[gradle-worker.jar:na]
?[0m?[0;34m
?[0m?[0;34m2023-07-16T14:07:02.682+02:00  WARN 1424 --- [    Test worker] .t.u.s.PrivilegedSetAccessControlContext : Unable to set field Thread.inheritedAccessControlContext
?[0m?[0;34m
?[0m?[0;34mjava.lang.IllegalAccessException: class org.apache.tomcat.util.security.PrivilegedSetAccessControlContext cannot access a member of class java.lang.Thread (in module java.base) with modifiers "private"
?[0m?[0;34m	at java.base/jdk.internal.reflect.Reflection.newIllegalAccessException(Reflection.java:392) ~[na:na]
?[0m?[0;34m	at java.base/java.lang.reflect.AccessibleObject.checkAccess(AccessibleObject.java:674) ~[na:na]
?[0m?[0;34m	at java.base/java.lang.reflect.Field.checkAccess(Field.java:1102) ~[na:na]
?[0m?[0;34m	at java.base/java.lang.reflect.Field.set(Field.java:797) ~[na:na]
?[0m?[0;34m	at org.apache.tomcat.util.security.PrivilegedSetAccessControlContext.run(PrivilegedSetAccessControlContext.java:60) ~[tomcat-embed-core-10.1.5.jar:10.1.5]
?[0m?[0;34m	at org.apache.tomcat.util.security.PrivilegedSetAccessControlContext.run(PrivilegedSetAccessControlContext.java:28) ~[tomcat-embed-core-10.1.5.jar:10.1.5]
?[0m?[0;34m	at java.base/java.security.AccessController.doPrivileged(AccessController.java:318) ~[na:na]
?[0m?[0;34m	at org.apache.tomcat.util.threads.TaskThreadFactory.newThread(TaskThreadFactory.java:64) ~[tomcat-embed-core-10.1.5.jar:10.1.5]
?[0m?[0;34m	at org.apache.tomcat.util.threads.ThreadPoolExecutor$Worker.<init>(ThreadPoolExecutor.java:653) ~[tomcat-embed-core-10.1.5.jar:10.1.5]
?[0m?[0;34m	at org.apache.tomcat.util.threads.ThreadPoolExecutor.addWorker(ThreadPoolExecutor.java:957) ~[tomcat-embed-core-10.1.5.jar:10.1.5]
?[0m?[0;34m	at org.apache.tomcat.util.threads.ThreadPoolExecutor.prestartAllCoreThreads(ThreadPoolExecutor.java:1694) ~[tomcat-embed-core-10.1.5.jar:10.1.5]
?[0m?[0;34m	at org.apache.tomcat.util.threads.ThreadPoolExecutor.<init>(ThreadPoolExecutor.java:1370) ~[tomcat-embed-core-10.1.5.jar:10.1.5]
?[0m?[0;34m	at org.apache.tomcat.util.threads.ThreadPoolExecutor.<init>(ThreadPoolExecutor.java:1280) ~[tomcat-embed-core-10.1.5.jar:10.1.5]
?[0m?[0;34m	at org.apache.tomcat.util.net.AbstractEndpoint.createExecutor(AbstractEndpoint.java:948) ~[tomcat-embed-core-10.1.5.jar:10.1.5]
?[0m?[0;34m	at org.apache.tomcat.util.net.NioEndpoint.startInternal(NioEndpoint.java:279) ~[tomcat-embed-core-10.1.5.jar:10.1.5]
?[0m?[0;34m	at org.apache.tomcat.util.net.AbstractEndpoint.start(AbstractEndpoint.java:1261) ~[tomcat-embed-core-10.1.5.jar:10.1.5]
?[0m?[0;34m	at org.apache.coyote.AbstractProtocol.start(AbstractProtocol.java:586) ~[tomcat-embed-core-10.1.5.jar:10.1.5]
?[0m?[0;34m	at org.apache.catalina.connector.Connector.startInternal(Connector.java:1081) ~[tomcat-embed-core-10.1.5.jar:10.1.5]
?[0m?[0;34m	at org.apache.catalina.util.LifecycleBase.start(LifecycleBase.java:183) ~[tomcat-embed-core-10.1.5.jar:10.1.5]
?[0m?[0;34m	at org.apache.catalina.core.StandardService.addConnector(StandardService.java:234) ~[tomcat-embed-core-10.1.5.jar:10.1.5]
?[0m?[0;34m	at org.springframework.boot.web.embedded.tomcat.TomcatWebServer.addPreviouslyRemovedConnectors(TomcatWebServer.java:282) ~[spring-boot-3.0.2.jar:3.0.2]
?[0m?[0;34m	at org.springframework.boot.web.embedded.tomcat.TomcatWebServer.start(TomcatWebServer.java:213) ~[spring-boot-3.0.2.jar:3.0.2]
?[0m?[0;34m	at org.springframework.boot.web.servlet.context.WebServerStartStopLifecycle.start(WebServerStartStopLifecycle.java:44) ~[spring-boot-3.0.2.jar:3.0.2]
?[0m?[0;34m	at org.springframework.context.support.DefaultLifecycleProcessor.doStart(DefaultLifecycleProcessor.java:178) ~[spring-context-6.0.4.jar:6.0.4]
?[0m?[0;34m	at org.springframework.context.support.DefaultLifecycleProcessor$LifecycleGroup.start(DefaultLifecycleProcessor.java:356) ~[spring-context-6.0.4.jar:6.0.4]
?[0m?[0;34m	at java.base/java.lang.Iterable.forEach(Iterable.java:75) ~[na:na]
?[0m?[0;34m	at org.springframework.context.support.DefaultLifecycleProcessor.startBeans(DefaultLifecycleProcessor.java:155) ~[spring-context-6.0.4.jar:6.0.4]
?[0m?[0;34m	at org.springframework.context.support.DefaultLifecycleProcessor.onRefresh(DefaultLifecycleProcessor.java:123) ~[spring-context-6.0.4.jar:6.0.4]
?[0m?[0;34m	at org.springframework.context.support.AbstractApplicationContext.finishRefresh(AbstractApplicationContext.java:932) ~[spring-context-6.0.4.jar:6.0.4]
?[0m?[0;34m	at org.springframework.context.support.AbstractApplicationContext.refresh(AbstractApplicationContext.java:587) ~[spring-context-6.0.4.jar:6.0.4]
?[0m?[0;34m	at org.springframework.boot.web.servlet.context.ServletWebServerApplicationContext.refresh(ServletWebServerApplicationContext.java:146) ~[spring-boot-3.0.2.jar:3.0.2]
?[0m?[0;34m	at org.springframework.boot.SpringApplication.refresh(SpringApplication.java:730) ~[spring-boot-3.0.2.jar:3.0.2]
?[0m?[0;34m	at org.springframework.boot.SpringApplication.refreshContext(SpringApplication.java:432) ~[spring-boot-3.0.2.jar:3.0.2]
?[0m?[0;34m	at org.springframework.boot.SpringApplication.run(SpringApplication.java:308) ~[spring-boot-3.0.2.jar:3.0.2]
?[0m?[0;34m	at org.springframework.boot.SpringApplication.run(SpringApplication.java:1302) ~[spring-boot-3.0.2.jar:3.0.2]
?[0m?[0;34m	at org.springframework.boot.SpringApplication.run(SpringApplication.java:1291) ~[spring-boot-3.0.2.jar:3.0.2]
?[0m?[0;34m	at antifraud.AntiFraudApplication.main(AntiFraudApplication.java:10) ~[main/:na]
?[0m?[0;34m	at java.base/jdk.internal.reflect.NativeMethodAccessorImpl.invoke0(Native Method) ~[na:na]
?[0m?[0;34m	at java.base/jdk.internal.reflect.NativeMethodAccessorImpl.invoke(NativeMethodAccessorImpl.java:77) ~[na:na]
?[0m?[0;34m	at java.base/jdk.internal.reflect.DelegatingMethodAccessorImpl.invoke(DelegatingMethodAccessorImpl.java:43) ~[na:na]
?[0m?[0;34m	at java.base/java.lang.reflect.Method.invoke(Method.java:568) ~[na:na]
?[0m?[0;34m	at org.hyperskill.hstest.stage.SpringTest.startSpring(SpringTest.java:187) ~[hs-test-release-SNAPSHOT.jar:na]
?[0m?[0;34m	at org.hyperskill.hstest.stage.SpringTest.launchSpring(SpringTest.java:49) ~[hs-test-release-SNAPSHOT.jar:na]
?[0m?[0;34m	at org.hyperskill.hstest.testing.runner.SpringApplicationRunner.launchSpringBootApplication(SpringApplicationRunner.java:20) ~[hs-test-release-SNAPSHOT.jar:na]
?[0m?[0;34m	at org.hyperskill.hstest.testing.runner.SpringApplicationRunner.setUp(SpringApplicationRunner.java:35) ~[hs-test-release-SNAPSHOT.jar:na]
?[0m?[0;34m	at org.hyperskill.hstest.testing.TestRun.setUp(TestRun.java:77) ~[hs-test-release-SNAPSHOT.jar:na]
?[0m?[0;34m	at org.hyperskill.hstest.stage.StageTest.start(StageTest.java:159) ~[hs-test-release-SNAPSHOT.jar:na]
?[0m?[0;34m	at java.base/jdk.internal.reflect.NativeMethodAccessorImpl.invoke0(Native Method) ~[na:na]
?[0m?[0;34m	at java.base/jdk.internal.reflect.NativeMethodAccessorImpl.invoke(NativeMethodAccessorImpl.java:77) ~[na:na]
?[0m?[0;34m	at java.base/jdk.internal.reflect.DelegatingMethodAccessorImpl.invoke(DelegatingMethodAccessorImpl.java:43) ~[na:na]
?[0m?[0;34m	at java.base/java.lang.reflect.Method.invoke(Method.java:568) ~[na:na]
?[0m?[0;34m	at org.junit.runners.model.FrameworkMethod$1.runReflectiveCall(FrameworkMethod.java:59) ~[junit-4.13.2.jar:4.13.2]
?[0m?[0;34m	at org.junit.internal.runners.model.ReflectiveCallable.run(ReflectiveCallable.java:12) ~[junit-4.13.2.jar:4.13.2]
?[0m?[0;34m	at org.junit.runners.model.FrameworkMethod.invokeExplosively(FrameworkMethod.java:56) ~[junit-4.13.2.jar:4.13.2]
?[0m?[0;34m	at org.junit.internal.runners.statements.InvokeMethod.evaluate(InvokeMethod.java:17) ~[junit-4.13.2.jar:4.13.2]
?[0m?[0;34m	at org.junit.internal.runners.statements.RunAfters.evaluate(RunAfters.java:27) ~[junit-4.13.2.jar:4.13.2]
?[0m?[0;34m	at org.junit.runners.ParentRunner$3.evaluate(ParentRunner.java:306) ~[junit-4.13.2.jar:4.13.2]
?[0m?[0;34m	at org.junit.runners.BlockJUnit4ClassRunner$1.evaluate(BlockJUnit4ClassRunner.java:100) ~[junit-4.13.2.jar:4.13.2]
?[0m?[0;34m	at org.junit.runners.ParentRunner.runLeaf(ParentRunner.java:366) ~[junit-4.13.2.jar:4.13.2]
?[0m?[0;34m	at org.junit.runners.BlockJUnit4ClassRunner.runChild(BlockJUnit4ClassRunner.java:103) ~[junit-4.13.2.jar:4.13.2]
?[0m?[0;34m	at org.junit.runners.BlockJUnit4ClassRunner.runChild(BlockJUnit4ClassRunner.java:63) ~[junit-4.13.2.jar:4.13.2]
?[0m?[0;34m	at org.junit.runners.ParentRunner$4.run(ParentRunner.java:331) ~[junit-4.13.2.jar:4.13.2]
?[0m?[0;34m	at org.junit.runners.ParentRunner$1.schedule(ParentRunner.java:79) ~[junit-4.13.2.jar:4.13.2]
?[0m?[0;34m	at org.junit.runners.ParentRunner.runChildren(ParentRunner.java:329) ~[junit-4.13.2.jar:4.13.2]
?[0m?[0;34m	at org.junit.runners.ParentRunner.access$100(ParentRunner.java:66) ~[junit-4.13.2.jar:4.13.2]
?[0m?[0;34m	at org.junit.runners.ParentRunner$2.evaluate(ParentRunner.java:293) ~[junit-4.13.2.jar:4.13.2]
?[0m?[0;34m	at org.junit.runners.ParentRunner$3.evaluate(ParentRunner.java:306) ~[junit-4.13.2.jar:4.13.2]
?[0m?[0;34m	at org.junit.runners.ParentRunner.run(ParentRunner.java:413) ~[junit-4.13.2.jar:4.13.2]
?[0m?[0;34m	at org.gradle.api.internal.tasks.testing.junit.JUnitTestClassExecutor.runTestClass(JUnitTestClassExecutor.java:108) ~[na:na]
?[0m?[0;34m	at org.gradle.api.internal.tasks.testing.junit.JUnitTestClassExecutor.execute(JUnitTestClassExecutor.java:57) ~[na:na]
?[0m?[0;34m	at org.gradle.api.internal.tasks.testing.junit.JUnitTestClassExecutor.execute(JUnitTestClassExecutor.java:39) ~[na:na]
?[0m?[0;34m	at org.gradle.api.internal.tasks.testing.junit.AbstractJUnitTestClassProcessor.processTestClass(AbstractJUnitTestClassProcessor.java:62) ~[na:na]
?[0m?[0;34m	at org.gradle.api.internal.tasks.testing.SuiteTestClassProcessor.processTestClass(SuiteTestClassProcessor.java:52) ~[na:na]
?[0m?[0;34m	at java.base/jdk.internal.reflect.NativeMethodAccessorImpl.invoke0(Native Method) ~[na:na]
?[0m?[0;34m	at java.base/jdk.internal.reflect.NativeMethodAccessorImpl.invoke(NativeMethodAccessorImpl.java:77) ~[na:na]
?[0m?[0;34m	at java.base/jdk.internal.reflect.DelegatingMethodAccessorImpl.invoke(DelegatingMethodAccessorImpl.java:43) ~[na:na]
?[0m?[0;34m	at java.base/java.lang.reflect.Method.invoke(Method.java:568) ~[na:na]
?[0m?[0;34m	at org.gradle.internal.dispatch.ReflectionDispatch.dispatch(ReflectionDispatch.java:36) ~[na:na]
?[0m?[0;34m	at org.gradle.internal.dispatch.ReflectionDispatch.dispatch(ReflectionDispatch.java:24) ~[na:na]
?[0m?[0;34m	at org.gradle.internal.dispatch.ContextClassLoaderDispatch.dispatch(ContextClassLoaderDispatch.java:33) ~[na:na]
?[0m?[0;34m	at org.gradle.internal.dispatch.ProxyDispatchAdapter$DispatchingInvocationHandler.invoke(ProxyDispatchAdapter.java:94) ~[na:na]
?[0m?[0;34m	at jdk.proxy1/jdk.proxy1.$Proxy2.processTestClass(Unknown Source) ~[na:na]
?[0m?[0;34m	at org.gradle.api.internal.tasks.testing.worker.TestWorker$2.run(TestWorker.java:176) ~[na:na]
?[0m?[0;34m	at org.gradle.api.internal.tasks.testing.worker.TestWorker.executeAndMaintainThreadName(TestWorker.java:129) ~[na:na]
?[0m?[0;34m	at org.gradle.api.internal.tasks.testing.worker.TestWorker.execute(TestWorker.java:100) ~[na:na]
?[0m?[0;34m	at org.gradle.api.internal.tasks.testing.worker.TestWorker.execute(TestWorker.java:60) ~[na:na]
?[0m?[0;34m	at org.gradle.process.internal.worker.child.ActionExecutionWorker.execute(ActionExecutionWorker.java:56) ~[na:na]
?[0m?[0;34m	at org.gradle.process.internal.worker.child.SystemApplicationClassLoaderWorker.call(SystemApplicationClassLoaderWorker.java:113) ~[na:na]
?[0m?[0;34m	at org.gradle.process.internal.worker.child.SystemApplicationClassLoaderWorker.call(SystemApplicationClassLoaderWorker.java:65) ~[na:na]
?[0m?[0;34m	at worker.org.gradle.process.internal.worker.GradleWorkerMain.run(GradleWorkerMain.java:69) ~[gradle-worker.jar:na]
?[0m?[0;34m	at worker.org.gradle.process.internal.worker.GradleWorkerMain.main(GradleWorkerMain.java:74) ~[gradle-worker.jar:na]
?[0m?[0;34m
?[0m?[0;34m2023-07-16T14:07:02.703+02:00  WARN 1424 --- [    Test worker] .t.u.s.PrivilegedSetAccessControlContext : Unable to set field Thread.inheritedAccessControlContext
?[0m?[0;34m
?[0m?[0;34mjava.lang.IllegalAccessException: class org.apache.tomcat.util.security.PrivilegedSetAccessControlContext cannot access a member of class java.lang.Thread (in module java.base) with modifiers "private"
?[0m?[0;34m	at java.base/jdk.internal.reflect.Reflection.newIllegalAccessException(Reflection.java:392) ~[na:na]
?[0m?[0;34m	at java.base/java.lang.reflect.AccessibleObject.checkAccess(AccessibleObject.java:674) ~[na:na]
?[0m?[0;34m	at java.base/java.lang.reflect.Field.checkAccess(Field.java:1102) ~[na:na]
?[0m?[0;34m	at java.base/java.lang.reflect.Field.set(Field.java:797) ~[na:na]
?[0m?[0;34m	at org.apache.tomcat.util.security.PrivilegedSetAccessControlContext.run(PrivilegedSetAccessControlContext.java:60) ~[tomcat-embed-core-10.1.5.jar:10.1.5]
?[0m?[0;34m	at org.apache.tomcat.util.security.PrivilegedSetAccessControlContext.run(PrivilegedSetAccessControlContext.java:28) ~[tomcat-embed-core-10.1.5.jar:10.1.5]
?[0m?[0;34m	at java.base/java.security.AccessController.doPrivileged(AccessController.java:318) ~[na:na]
?[0m?[0;34m	at org.apache.tomcat.util.threads.TaskThreadFactory.newThread(TaskThreadFactory.java:64) ~[tomcat-embed-core-10.1.5.jar:10.1.5]
?[0m?[0;34m	at org.apache.tomcat.util.threads.ThreadPoolExecutor$Worker.<init>(ThreadPoolExecutor.java:653) ~[tomcat-embed-core-10.1.5.jar:10.1.5]
?[0m?[0;34m	at org.apache.tomcat.util.threads.ThreadPoolExecutor.addWorker(ThreadPoolExecutor.java:957) ~[tomcat-embed-core-10.1.5.jar:10.1.5]
?[0m?[0;34m	at org.apache.tomcat.util.threads.ThreadPoolExecutor.prestartAllCoreThreads(ThreadPoolExecutor.java:1694) ~[tomcat-embed-core-10.1.5.jar:10.1.5]
?[0m?[0;34m	at org.apache.tomcat.util.threads.ThreadPoolExecutor.<init>(ThreadPoolExecutor.java:1370) ~[tomcat-embed-core-10.1.5.jar:10.1.5]
?[0m?[0;34m	at org.apache.tomcat.util.threads.ThreadPoolExecutor.<init>(ThreadPoolExecutor.java:1280) ~[tomcat-embed-core-10.1.5.jar:10.1.5]
?[0m?[0;34m	at org.apache.tomcat.util.net.AbstractEndpoint.createExecutor(AbstractEndpoint.java:948) ~[tomcat-embed-core-10.1.5.jar:10.1.5]
?[0m?[0;34m	at org.apache.tomcat.util.net.NioEndpoint.startInternal(NioEndpoint.java:279) ~[tomcat-embed-core-10.1.5.jar:10.1.5]
?[0m?[0;34m	at org.apache.tomcat.util.net.AbstractEndpoint.start(AbstractEndpoint.java:1261) ~[tomcat-embed-core-10.1.5.jar:10.1.5]
?[0m?[0;34m	at org.apache.coyote.AbstractProtocol.start(AbstractProtocol.java:586) ~[tomcat-embed-core-10.1.5.jar:10.1.5]
?[0m?[0;34m	at org.apache.catalina.connector.Connector.startInternal(Connector.java:1081) ~[tomcat-embed-core-10.1.5.jar:10.1.5]
?[0m?[0;34m	at org.apache.catalina.util.LifecycleBase.start(LifecycleBase.java:183) ~[tomcat-embed-core-10.1.5.jar:10.1.5]
?[0m?[0;34m	at org.apache.catalina.core.StandardService.addConnector(StandardService.java:234) ~[tomcat-embed-core-10.1.5.jar:10.1.5]
?[0m?[0;34m	at org.springframework.boot.web.embedded.tomcat.TomcatWebServer.addPreviouslyRemovedConnectors(TomcatWebServer.java:282) ~[spring-boot-3.0.2.jar:3.0.2]
?[0m?[0;34m	at org.springframework.boot.web.embedded.tomcat.TomcatWebServer.start(TomcatWebServer.java:213) ~[spring-boot-3.0.2.jar:3.0.2]
?[0m?[0;34m	at org.springframework.boot.web.servlet.context.WebServerStartStopLifecycle.start(WebServerStartStopLifecycle.java:44) ~[spring-boot-3.0.2.jar:3.0.2]
?[0m?[0;34m	at org.springframework.context.support.DefaultLifecycleProcessor.doStart(DefaultLifecycleProcessor.java:178) ~[spring-context-6.0.4.jar:6.0.4]
?[0m?[0;34m	at org.springframework.context.support.DefaultLifecycleProcessor$LifecycleGroup.start(DefaultLifecycleProcessor.java:356) ~[spring-context-6.0.4.jar:6.0.4]
?[0m?[0;34m	at java.base/java.lang.Iterable.forEach(Iterable.java:75) ~[na:na]
?[0m?[0;34m	at org.springframework.context.support.DefaultLifecycleProcessor.startBeans(DefaultLifecycleProcessor.java:155) ~[spring-context-6.0.4.jar:6.0.4]
?[0m?[0;34m	at org.springframework.context.support.DefaultLifecycleProcessor.onRefresh(DefaultLifecycleProcessor.java:123) ~[spring-context-6.0.4.jar:6.0.4]
?[0m?[0;34m	at org.springframework.context.support.AbstractApplicationContext.finishRefresh(AbstractApplicationContext.java:932) ~[spring-context-6.0.4.jar:6.0.4]
?[0m?[0;34m	at org.springframework.context.support.AbstractApplicationContext.refresh(AbstractApplicationContext.java:587) ~[spring-context-6.0.4.jar:6.0.4]
?[0m?[0;34m	at org.springframework.boot.web.servlet.context.ServletWebServerApplicationContext.refresh(ServletWebServerApplicationContext.java:146) ~[spring-boot-3.0.2.jar:3.0.2]
?[0m?[0;34m	at org.springframework.boot.SpringApplication.refresh(SpringApplication.java:730) ~[spring-boot-3.0.2.jar:3.0.2]
?[0m?[0;34m	at org.springframework.boot.SpringApplication.refreshContext(SpringApplication.java:432) ~[spring-boot-3.0.2.jar:3.0.2]
?[0m?[0;34m	at org.springframework.boot.SpringApplication.run(SpringApplication.java:308) ~[spring-boot-3.0.2.jar:3.0.2]
?[0m?[0;34m	at org.springframework.boot.SpringApplication.run(SpringApplication.java:1302) ~[spring-boot-3.0.2.jar:3.0.2]
?[0m?[0;34m	at org.springframework.boot.SpringApplication.run(SpringApplication.java:1291) ~[spring-boot-3.0.2.jar:3.0.2]
?[0m?[0;34m	at antifraud.AntiFraudApplication.main(AntiFraudApplication.java:10) ~[main/:na]
?[0m?[0;34m	at java.base/jdk.internal.reflect.NativeMethodAccessorImpl.invoke0(Native Method) ~[na:na]
?[0m?[0;34m	at java.base/jdk.internal.reflect.NativeMethodAccessorImpl.invoke(NativeMethodAccessorImpl.java:77) ~[na:na]
?[0m?[0;34m	at java.base/jdk.internal.reflect.DelegatingMethodAccessorImpl.invoke(DelegatingMethodAccessorImpl.java:43) ~[na:na]
?[0m?[0;34m	at java.base/java.lang.reflect.Method.invoke(Method.java:568) ~[na:na]
?[0m?[0;34m	at org.hyperskill.hstest.stage.SpringTest.startSpring(SpringTest.java:187) ~[hs-test-release-SNAPSHOT.jar:na]
?[0m?[0;34m	at org.hyperskill.hstest.stage.SpringTest.launchSpring(SpringTest.java:49) ~[hs-test-release-SNAPSHOT.jar:na]
?[0m?[0;34m	at org.hyperskill.hstest.testing.runner.SpringApplicationRunner.launchSpringBootApplication(SpringApplicationRunner.java:20) ~[hs-test-release-SNAPSHOT.jar:na]
?[0m?[0;34m	at org.hyperskill.hstest.testing.runner.SpringApplicationRunner.setUp(SpringApplicationRunner.java:35) ~[hs-test-release-SNAPSHOT.jar:na]
?[0m?[0;34m	at org.hyperskill.hstest.testing.TestRun.setUp(TestRun.java:77) ~[hs-test-release-SNAPSHOT.jar:na]
?[0m?[0;34m	at org.hyperskill.hstest.stage.StageTest.start(StageTest.java:159) ~[hs-test-release-SNAPSHOT.jar:na]
?[0m?[0;34m	at java.base/jdk.internal.reflect.NativeMethodAccessorImpl.invoke0(Native Method) ~[na:na]
?[0m?[0;34m	at java.base/jdk.internal.reflect.NativeMethodAccessorImpl.invoke(NativeMethodAccessorImpl.java:77) ~[na:na]
?[0m?[0;34m	at java.base/jdk.internal.reflect.DelegatingMethodAccessorImpl.invoke(DelegatingMethodAccessorImpl.java:43) ~[na:na]
?[0m?[0;34m	at java.base/java.lang.reflect.Method.invoke(Method.java:568) ~[na:na]
?[0m?[0;34m	at org.junit.runners.model.FrameworkMethod$1.runReflectiveCall(FrameworkMethod.java:59) ~[junit-4.13.2.jar:4.13.2]
?[0m?[0;34m	at org.junit.internal.runners.model.ReflectiveCallable.run(ReflectiveCallable.java:12) ~[junit-4.13.2.jar:4.13.2]
?[0m?[0;34m	at org.junit.runners.model.FrameworkMethod.invokeExplosively(FrameworkMethod.java:56) ~[junit-4.13.2.jar:4.13.2]
?[0m?[0;34m	at org.junit.internal.runners.statements.InvokeMethod.evaluate(InvokeMethod.java:17) ~[junit-4.13.2.jar:4.13.2]
?[0m?[0;34m	at org.junit.internal.runners.statements.RunAfters.evaluate(RunAfters.java:27) ~[junit-4.13.2.jar:4.13.2]
?[0m?[0;34m	at org.junit.runners.ParentRunner$3.evaluate(ParentRunner.java:306) ~[junit-4.13.2.jar:4.13.2]
?[0m?[0;34m	at org.junit.runners.BlockJUnit4ClassRunner$1.evaluate(BlockJUnit4ClassRunner.java:100) ~[junit-4.13.2.jar:4.13.2]
?[0m?[0;34m	at org.junit.runners.ParentRunner.runLeaf(ParentRunner.java:366) ~[junit-4.13.2.jar:4.13.2]
?[0m?[0;34m	at org.junit.runners.BlockJUnit4ClassRunner.runChild(BlockJUnit4ClassRunner.java:103) ~[junit-4.13.2.jar:4.13.2]
?[0m?[0;34m	at org.junit.runners.BlockJUnit4ClassRunner.runChild(BlockJUnit4ClassRunner.java:63) ~[junit-4.13.2.jar:4.13.2]
?[0m?[0;34m	at org.junit.runners.ParentRunner$4.run(ParentRunner.java:331) ~[junit-4.13.2.jar:4.13.2]
?[0m?[0;34m	at org.junit.runners.ParentRunner$1.schedule(ParentRunner.java:79) ~[junit-4.13.2.jar:4.13.2]
?[0m?[0;34m	at org.junit.runners.ParentRunner.runChildren(ParentRunner.java:329) ~[junit-4.13.2.jar:4.13.2]
?[0m?[0;34m	at org.junit.runners.ParentRunner.access$100(ParentRunner.java:66) ~[junit-4.13.2.jar:4.13.2]
?[0m?[0;34m	at org.junit.runners.ParentRunner$2.evaluate(ParentRunner.java:293) ~[junit-4.13.2.jar:4.13.2]
?[0m?[0;34m	at org.junit.runners.ParentRunner$3.evaluate(ParentRunner.java:306) ~[junit-4.13.2.jar:4.13.2]
?[0m?[0;34m	at org.junit.runners.ParentRunner.run(ParentRunner.java:413) ~[junit-4.13.2.jar:4.13.2]
?[0m?[0;34m	at org.gradle.api.internal.tasks.testing.junit.JUnitTestClassExecutor.runTestClass(JUnitTestClassExecutor.java:108) ~[na:na]
?[0m?[0;34m	at org.gradle.api.internal.tasks.testing.junit.JUnitTestClassExecutor.execute(JUnitTestClassExecutor.java:57) ~[na:na]
?[0m?[0;34m	at org.gradle.api.internal.tasks.testing.junit.JUnitTestClassExecutor.execute(JUnitTestClassExecutor.java:39) ~[na:na]
?[0m?[0;34m	at org.gradle.api.internal.tasks.testing.junit.AbstractJUnitTestClassProcessor.processTestClass(AbstractJUnitTestClassProcessor.java:62) ~[na:na]
?[0m?[0;34m	at org.gradle.api.internal.tasks.testing.SuiteTestClassProcessor.processTestClass(SuiteTestClassProcessor.java:52) ~[na:na]
?[0m?[0;34m	at java.base/jdk.internal.reflect.NativeMethodAccessorImpl.invoke0(Native Method) ~[na:na]
?[0m?[0;34m	at java.base/jdk.internal.reflect.NativeMethodAccessorImpl.invoke(NativeMethodAccessorImpl.java:77) ~[na:na]
?[0m?[0;34m	at java.base/jdk.internal.reflect.DelegatingMethodAccessorImpl.invoke(DelegatingMethodAccessorImpl.java:43) ~[na:na]
?[0m?[0;34m	at java.base/java.lang.reflect.Method.invoke(Method.java:568) ~[na:na]
?[0m?[0;34m	at org.gradle.internal.dispatch.ReflectionDispatch.dispatch(ReflectionDispatch.java:36) ~[na:na]
?[0m?[0;34m	at org.gradle.internal.dispatch.ReflectionDispatch.dispatch(ReflectionDispatch.java:24) ~[na:na]
?[0m?[0;34m	at org.gradle.internal.dispatch.ContextClassLoaderDispatch.dispatch(ContextClassLoaderDispatch.java:33) ~[na:na]
?[0m?[0;34m	at org.gradle.internal.dispatch.ProxyDispatchAdapter$DispatchingInvocationHandler.invoke(ProxyDispatchAdapter.java:94) ~[na:na]
?[0m?[0;34m	at jdk.proxy1/jdk.proxy1.$Proxy2.processTestClass(Unknown Source) ~[na:na]
?[0m?[0;34m	at org.gradle.api.internal.tasks.testing.worker.TestWorker$2.run(TestWorker.java:176) ~[na:na]
?[0m?[0;34m	at org.gradle.api.internal.tasks.testing.worker.TestWorker.executeAndMaintainThreadName(TestWorker.java:129) ~[na:na]
?[0m?[0;34m	at org.gradle.api.internal.tasks.testing.worker.TestWorker.execute(TestWorker.java:100) ~[na:na]
?[0m?[0;34m	at org.gradle.api.internal.tasks.testing.worker.TestWorker.execute(TestWorker.java:60) ~[na:na]
?[0m?[0;34m	at org.gradle.process.internal.worker.child.ActionExecutionWorker.execute(ActionExecutionWorker.java:56) ~[na:na]
?[0m?[0;34m	at org.gradle.process.internal.worker.child.SystemApplicationClassLoaderWorker.call(SystemApplicationClassLoaderWorker.java:113) ~[na:na]
?[0m?[0;34m	at org.gradle.process.internal.worker.child.SystemApplicationClassLoaderWorker.call(SystemApplicationClassLoaderWorker.java:65) ~[na:na]
?[0m?[0;34m	at worker.org.gradle.process.internal.worker.GradleWorkerMain.run(GradleWorkerMain.java:69) ~[gradle-worker.jar:na]
?[0m?[0;34m	at worker.org.gradle.process.internal.worker.GradleWorkerMain.main(GradleWorkerMain.java:74) ~[gradle-worker.jar:na]
?[0m?[0;34m
?[0m?[0;34m2023-07-16T14:07:02.714+02:00  WARN 1424 --- [    Test worker] .t.u.s.PrivilegedSetAccessControlContext : Unable to set field Thread.inheritedAccessControlContext
?[0m?[0;34m
?[0m?[0;34mjava.lang.IllegalAccessException: class org.apache.tomcat.util.security.PrivilegedSetAccessControlContext cannot access a member of class java.lang.Thread (in module java.base) with modifiers "private"
?[0m?[0;34m	at java.base/jdk.internal.reflect.Reflection.newIllegalAccessException(Reflection.java:392) ~[na:na]
?[0m?[0;34m	at java.base/java.lang.reflect.AccessibleObject.checkAccess(AccessibleObject.java:674) ~[na:na]
?[0m?[0;34m	at java.base/java.lang.reflect.Field.checkAccess(Field.java:1102) ~[na:na]
?[0m?[0;34m	at java.base/java.lang.reflect.Field.set(Field.java:797) ~[na:na]
?[0m?[0;34m	at org.apache.tomcat.util.security.PrivilegedSetAccessControlContext.run(PrivilegedSetAccessControlContext.java:60) ~[tomcat-embed-core-10.1.5.jar:10.1.5]
?[0m?[0;34m	at org.apache.tomcat.util.security.PrivilegedSetAccessControlContext.run(PrivilegedSetAccessControlContext.java:28) ~[tomcat-embed-core-10.1.5.jar:10.1.5]
?[0m?[0;34m	at java.base/java.security.AccessController.doPrivileged(AccessController.java:318) ~[na:na]
?[0m?[0;34m	at org.apache.tomcat.util.threads.TaskThreadFactory.newThread(TaskThreadFactory.java:64) ~[tomcat-embed-core-10.1.5.jar:10.1.5]
?[0m?[0;34m	at org.apache.tomcat.util.threads.ThreadPoolExecutor$Worker.<init>(ThreadPoolExecutor.java:653) ~[tomcat-embed-core-10.1.5.jar:10.1.5]
?[0m?[0;34m	at org.apache.tomcat.util.threads.ThreadPoolExecutor.addWorker(ThreadPoolExecutor.java:957) ~[tomcat-embed-core-10.1.5.jar:10.1.5]
?[0m?[0;34m	at org.apache.tomcat.util.threads.ThreadPoolExecutor.prestartAllCoreThreads(ThreadPoolExecutor.java:1694) ~[tomcat-embed-core-10.1.5.jar:10.1.5]
?[0m?[0;34m	at org.apache.tomcat.util.threads.ThreadPoolExecutor.<init>(ThreadPoolExecutor.java:1370) ~[tomcat-embed-core-10.1.5.jar:10.1.5]
?[0m?[0;34m	at org.apache.tomcat.util.threads.ThreadPoolExecutor.<init>(ThreadPoolExecutor.java:1280) ~[tomcat-embed-core-10.1.5.jar:10.1.5]
?[0m?[0;34m	at org.apache.tomcat.util.net.AbstractEndpoint.createExecutor(AbstractEndpoint.java:948) ~[tomcat-embed-core-10.1.5.jar:10.1.5]
?[0m?[0;34m	at org.apache.tomcat.util.net.NioEndpoint.startInternal(NioEndpoint.java:279) ~[tomcat-embed-core-10.1.5.jar:10.1.5]
?[0m?[0;34m	at org.apache.tomcat.util.net.AbstractEndpoint.start(AbstractEndpoint.java:1261) ~[tomcat-embed-core-10.1.5.jar:10.1.5]
?[0m?[0;34m	at org.apache.coyote.AbstractProtocol.start(AbstractProtocol.java:586) ~[tomcat-embed-core-10.1.5.jar:10.1.5]
?[0m?[0;34m	at org.apache.catalina.connector.Connector.startInternal(Connector.java:1081) ~[tomcat-embed-core-10.1.5.jar:10.1.5]
?[0m?[0;34m	at org.apache.catalina.util.LifecycleBase.start(LifecycleBase.java:183) ~[tomcat-embed-core-10.1.5.jar:10.1.5]
?[0m?[0;34m	at org.apache.catalina.core.StandardService.addConnector(StandardService.java:234) ~[tomcat-embed-core-10.1.5.jar:10.1.5]
?[0m?[0;34m	at org.springframework.boot.web.embedded.tomcat.TomcatWebServer.addPreviouslyRemovedConnectors(TomcatWebServer.java:282) ~[spring-boot-3.0.2.jar:3.0.2]
?[0m?[0;34m	at org.springframework.boot.web.embedded.tomcat.TomcatWebServer.start(TomcatWebServer.java:213) ~[spring-boot-3.0.2.jar:3.0.2]
?[0m?[0;34m	at org.springframework.boot.web.servlet.context.WebServerStartStopLifecycle.start(WebServerStartStopLifecycle.java:44) ~[spring-boot-3.0.2.jar:3.0.2]
?[0m?[0;34m	at org.springframework.context.support.DefaultLifecycleProcessor.doStart(DefaultLifecycleProcessor.java:178) ~[spring-context-6.0.4.jar:6.0.4]
?[0m?[0;34m	at org.springframework.context.support.DefaultLifecycleProcessor$LifecycleGroup.start(DefaultLifecycleProcessor.java:356) ~[spring-context-6.0.4.jar:6.0.4]
?[0m?[0;34m	at java.base/java.lang.Iterable.forEach(Iterable.java:75) ~[na:na]
?[0m?[0;34m	at org.springframework.context.support.DefaultLifecycleProcessor.startBeans(DefaultLifecycleProcessor.java:155) ~[spring-context-6.0.4.jar:6.0.4]
?[0m?[0;34m	at org.springframework.context.support.DefaultLifecycleProcessor.onRefresh(DefaultLifecycleProcessor.java:123) ~[spring-context-6.0.4.jar:6.0.4]
?[0m?[0;34m	at org.springframework.context.support.AbstractApplicationContext.finishRefresh(AbstractApplicationContext.java:932) ~[spring-context-6.0.4.jar:6.0.4]
?[0m?[0;34m	at org.springframework.context.support.AbstractApplicationContext.refresh(AbstractApplicationContext.java:587) ~[spring-context-6.0.4.jar:6.0.4]
?[0m?[0;34m	at org.springframework.boot.web.servlet.context.ServletWebServerApplicationContext.refresh(ServletWebServerApplicationContext.java:146) ~[spring-boot-3.0.2.jar:3.0.2]
?[0m?[0;34m	at org.springframework.boot.SpringApplication.refresh(SpringApplication.java:730) ~[spring-boot-3.0.2.jar:3.0.2]
?[0m?[0;34m	at org.springframework.boot.SpringApplication.refreshContext(SpringApplication.java:432) ~[spring-boot-3.0.2.jar:3.0.2]
?[0m?[0;34m	at org.springframework.boot.SpringApplication.run(SpringApplication.java:308) ~[spring-boot-3.0.2.jar:3.0.2]
?[0m?[0;34m	at org.springframework.boot.SpringApplication.run(SpringApplication.java:1302) ~[spring-boot-3.0.2.jar:3.0.2]
?[0m?[0;34m	at org.springframework.boot.SpringApplication.run(SpringApplication.java:1291) ~[spring-boot-3.0.2.jar:3.0.2]
?[0m?[0;34m	at antifraud.AntiFraudApplication.main(AntiFraudApplication.java:10) ~[main/:na]
?[0m?[0;34m	at java.base/jdk.internal.reflect.NativeMethodAccessorImpl.invoke0(Native Method) ~[na:na]
?[0m?[0;34m	at java.base/jdk.internal.reflect.NativeMethodAccessorImpl.invoke(NativeMethodAccessorImpl.java:77) ~[na:na]
?[0m?[0;34m	at java.base/jdk.internal.reflect.DelegatingMethodAccessorImpl.invoke(DelegatingMethodAccessorImpl.java:43) ~[na:na]
?[0m?[0;34m	at java.base/java.lang.reflect.Method.invoke(Method.java:568) ~[na:na]
?[0m?[0;34m	at org.hyperskill.hstest.stage.SpringTest.startSpring(SpringTest.java:187) ~[hs-test-release-SNAPSHOT.jar:na]
?[0m?[0;34m	at org.hyperskill.hstest.stage.SpringTest.launchSpring(SpringTest.java:49) ~[hs-test-release-SNAPSHOT.jar:na]
?[0m?[0;34m	at org.hyperskill.hstest.testing.runner.SpringApplicationRunner.launchSpringBootApplication(SpringApplicationRunner.java:20) ~[hs-test-release-SNAPSHOT.jar:na]
?[0m?[0;34m	at org.hyperskill.hstest.testing.runner.SpringApplicationRunner.setUp(SpringApplicationRunner.java:35) ~[hs-test-release-SNAPSHOT.jar:na]
?[0m?[0;34m	at org.hyperskill.hstest.testing.TestRun.setUp(TestRun.java:77) ~[hs-test-release-SNAPSHOT.jar:na]
?[0m?[0;34m	at org.hyperskill.hstest.stage.StageTest.start(StageTest.java:159) ~[hs-test-release-SNAPSHOT.jar:na]
?[0m?[0;34m	at java.base/jdk.internal.reflect.NativeMethodAccessorImpl.invoke0(Native Method) ~[na:na]
?[0m?[0;34m	at java.base/jdk.internal.reflect.NativeMethodAccessorImpl.invoke(NativeMethodAccessorImpl.java:77) ~[na:na]
?[0m?[0;34m	at java.base/jdk.internal.reflect.DelegatingMethodAccessorImpl.invoke(DelegatingMethodAccessorImpl.java:43) ~[na:na]
?[0m?[0;34m	at java.base/java.lang.reflect.Method.invoke(Method.java:568) ~[na:na]
?[0m?[0;34m	at org.junit.runners.model.FrameworkMethod$1.runReflectiveCall(FrameworkMethod.java:59) ~[junit-4.13.2.jar:4.13.2]
?[0m?[0;34m	at org.junit.internal.runners.model.ReflectiveCallable.run(ReflectiveCallable.java:12) ~[junit-4.13.2.jar:4.13.2]
?[0m?[0;34m	at org.junit.runners.model.FrameworkMethod.invokeExplosively(FrameworkMethod.java:56) ~[junit-4.13.2.jar:4.13.2]
?[0m?[0;34m	at org.junit.internal.runners.statements.InvokeMethod.evaluate(InvokeMethod.java:17) ~[junit-4.13.2.jar:4.13.2]
?[0m?[0;34m	at org.junit.internal.runners.statements.RunAfters.evaluate(RunAfters.java:27) ~[junit-4.13.2.jar:4.13.2]
?[0m?[0;34m	at org.junit.runners.ParentRunner$3.evaluate(ParentRunner.java:306) ~[junit-4.13.2.jar:4.13.2]
?[0m?[0;34m	at org.junit.runners.BlockJUnit4ClassRunner$1.evaluate(BlockJUnit4ClassRunner.java:100) ~[junit-4.13.2.jar:4.13.2]
?[0m?[0;34m	at org.junit.runners.ParentRunner.runLeaf(ParentRunner.java:366) ~[junit-4.13.2.jar:4.13.2]
?[0m?[0;34m	at org.junit.runners.BlockJUnit4ClassRunner.runChild(BlockJUnit4ClassRunner.java:103) ~[junit-4.13.2.jar:4.13.2]
?[0m?[0;34m	at org.junit.runners.BlockJUnit4ClassRunner.runChild(BlockJUnit4ClassRunner.java:63) ~[junit-4.13.2.jar:4.13.2]
?[0m?[0;34m	at org.junit.runners.ParentRunner$4.run(ParentRunner.java:331) ~[junit-4.13.2.jar:4.13.2]
?[0m?[0;34m	at org.junit.runners.ParentRunner$1.schedule(ParentRunner.java:79) ~[junit-4.13.2.jar:4.13.2]
?[0m?[0;34m	at org.junit.runners.ParentRunner.runChildren(ParentRunner.java:329) ~[junit-4.13.2.jar:4.13.2]
?[0m?[0;34m	at org.junit.runners.ParentRunner.access$100(ParentRunner.java:66) ~[junit-4.13.2.jar:4.13.2]
?[0m?[0;34m	at org.junit.runners.ParentRunner$2.evaluate(ParentRunner.java:293) ~[junit-4.13.2.jar:4.13.2]
?[0m?[0;34m	at org.junit.runners.ParentRunner$3.evaluate(ParentRunner.java:306) ~[junit-4.13.2.jar:4.13.2]
?[0m?[0;34m	at org.junit.runners.ParentRunner.run(ParentRunner.java:413) ~[junit-4.13.2.jar:4.13.2]
?[0m?[0;34m	at org.gradle.api.internal.tasks.testing.junit.JUnitTestClassExecutor.runTestClass(JUnitTestClassExecutor.java:108) ~[na:na]
?[0m?[0;34m	at org.gradle.api.internal.tasks.testing.junit.JUnitTestClassExecutor.execute(JUnitTestClassExecutor.java:57) ~[na:na]
?[0m?[0;34m	at org.gradle.api.internal.tasks.testing.junit.JUnitTestClassExecutor.execute(JUnitTestClassExecutor.java:39) ~[na:na]
?[0m?[0;34m	at org.gradle.api.internal.tasks.testing.junit.AbstractJUnitTestClassProcessor.processTestClass(AbstractJUnitTestClassProcessor.java:62) ~[na:na]
?[0m?[0;34m	at org.gradle.api.internal.tasks.testing.SuiteTestClassProcessor.processTestClass(SuiteTestClassProcessor.java:52) ~[na:na]
?[0m?[0;34m	at java.base/jdk.internal.reflect.NativeMethodAccessorImpl.invoke0(Native Method) ~[na:na]
?[0m?[0;34m	at java.base/jdk.internal.reflect.NativeMethodAccessorImpl.invoke(NativeMethodAccessorImpl.java:77) ~[na:na]
?[0m?[0;34m	at java.base/jdk.internal.reflect.DelegatingMethodAccessorImpl.invoke(DelegatingMethodAccessorImpl.java:43) ~[na:na]
?[0m?[0;34m	at java.base/java.lang.reflect.Method.invoke(Method.java:568) ~[na:na]
?[0m?[0;34m	at org.gradle.internal.dispatch.ReflectionDispatch.dispatch(ReflectionDispatch.java:36) ~[na:na]
?[0m?[0;34m	at org.gradle.internal.dispatch.ReflectionDispatch.dispatch(ReflectionDispatch.java:24) ~[na:na]
?[0m?[0;34m	at org.gradle.internal.dispatch.ContextClassLoaderDispatch.dispatch(ContextClassLoaderDispatch.java:33) ~[na:na]
?[0m?[0;34m	at org.gradle.internal.dispatch.ProxyDispatchAdapter$DispatchingInvocationHandler.invoke(ProxyDispatchAdapter.java:94) ~[na:na]
?[0m?[0;34m	at jdk.proxy1/jdk.proxy1.$Proxy2.processTestClass(Unknown Source) ~[na:na]
?[0m?[0;34m	at org.gradle.api.internal.tasks.testing.worker.TestWorker$2.run(TestWorker.java:176) ~[na:na]
?[0m?[0;34m	at org.gradle.api.internal.tasks.testing.worker.TestWorker.executeAndMaintainThreadName(TestWorker.java:129) ~[na:na]
?[0m?[0;34m	at org.gradle.api.internal.tasks.testing.worker.TestWorker.execute(TestWorker.java:100) ~[na:na]
?[0m?[0;34m	at org.gradle.api.internal.tasks.testing.worker.TestWorker.execute(TestWorker.java:60) ~[na:na]
?[0m?[0;34m	at org.gradle.process.internal.worker.child.ActionExecutionWorker.execute(ActionExecutionWorker.java:56) ~[na:na]
?[0m?[0;34m	at org.gradle.process.internal.worker.child.SystemApplicationClassLoaderWorker.call(SystemApplicationClassLoaderWorker.java:113) ~[na:na]
?[0m?[0;34m	at org.gradle.process.internal.worker.child.SystemApplicationClassLoaderWorker.call(SystemApplicationClassLoaderWorker.java:65) ~[na:na]
?[0m?[0;34m	at worker.org.gradle.process.internal.worker.GradleWorkerMain.run(GradleWorkerMain.java:69) ~[gradle-worker.jar:na]
?[0m?[0;34m	at worker.org.gradle.process.internal.worker.GradleWorkerMain.main(GradleWorkerMain.java:74) ~[gradle-worker.jar:na]
?[0m?[0;34m
?[0m?[0;34m2023-07-16T14:07:02.729+02:00  WARN 1424 --- [    Test worker] .t.u.s.PrivilegedSetAccessControlContext : Unable to set field Thread.inheritedAccessControlContext
?[0m?[0;34m
?[0m?[0;34mjava.lang.IllegalAccessException: class org.apache.tomcat.util.security.PrivilegedSetAccessControlContext cannot access a member of class java.lang.Thread (in module java.base) with modifiers "private"
?[0m?[0;34m	at java.base/jdk.internal.reflect.Reflection.newIllegalAccessException(Reflection.java:392) ~[na:na]
?[0m?[0;34m	at java.base/java.lang.reflect.AccessibleObject.checkAccess(AccessibleObject.java:674) ~[na:na]
?[0m?[0;34m	at java.base/java.lang.reflect.Field.checkAccess(Field.java:1102) ~[na:na]
?[0m?[0;34m	at java.base/java.lang.reflect.Field.set(Field.java:797) ~[na:na]
?[0m?[0;34m	at org.apache.tomcat.util.security.PrivilegedSetAccessControlContext.run(PrivilegedSetAccessControlContext.java:60) ~[tomcat-embed-core-10.1.5.jar:10.1.5]
?[0m?[0;34m	at org.apache.tomcat.util.security.PrivilegedSetAccessControlContext.run(PrivilegedSetAccessControlContext.java:28) ~[tomcat-embed-core-10.1.5.jar:10.1.5]
?[0m?[0;34m	at java.base/java.security.AccessController.doPrivileged(AccessController.java:318) ~[na:na]
?[0m?[0;34m	at org.apache.tomcat.util.threads.TaskThreadFactory.newThread(TaskThreadFactory.java:64) ~[tomcat-embed-core-10.1.5.jar:10.1.5]
?[0m?[0;34m	at org.apache.tomcat.util.threads.ThreadPoolExecutor$Worker.<init>(ThreadPoolExecutor.java:653) ~[tomcat-embed-core-10.1.5.jar:10.1.5]
?[0m?[0;34m	at org.apache.tomcat.util.threads.ThreadPoolExecutor.addWorker(ThreadPoolExecutor.java:957) ~[tomcat-embed-core-10.1.5.jar:10.1.5]
?[0m?[0;34m	at org.apache.tomcat.util.threads.ThreadPoolExecutor.prestartAllCoreThreads(ThreadPoolExecutor.java:1694) ~[tomcat-embed-core-10.1.5.jar:10.1.5]
?[0m?[0;34m	at org.apache.tomcat.util.threads.ThreadPoolExecutor.<init>(ThreadPoolExecutor.java:1370) ~[tomcat-embed-core-10.1.5.jar:10.1.5]
?[0m?[0;34m	at org.apache.tomcat.util.threads.ThreadPoolExecutor.<init>(ThreadPoolExecutor.java:1280) ~[tomcat-embed-core-10.1.5.jar:10.1.5]
?[0m?[0;34m	at org.apache.tomcat.util.net.AbstractEndpoint.createExecutor(AbstractEndpoint.java:948) ~[tomcat-embed-core-10.1.5.jar:10.1.5]
?[0m?[0;34m	at org.apache.tomcat.util.net.NioEndpoint.startInternal(NioEndpoint.java:279) ~[tomcat-embed-core-10.1.5.jar:10.1.5]
?[0m?[0;34m	at org.apache.tomcat.util.net.AbstractEndpoint.start(AbstractEndpoint.java:1261) ~[tomcat-embed-core-10.1.5.jar:10.1.5]
?[0m?[0;34m	at org.apache.coyote.AbstractProtocol.start(AbstractProtocol.java:586) ~[tomcat-embed-core-10.1.5.jar:10.1.5]
?[0m?[0;34m	at org.apache.catalina.connector.Connector.startInternal(Connector.java:1081) ~[tomcat-embed-core-10.1.5.jar:10.1.5]
?[0m?[0;34m	at org.apache.catalina.util.LifecycleBase.start(LifecycleBase.java:183) ~[tomcat-embed-core-10.1.5.jar:10.1.5]
?[0m?[0;34m	at org.apache.catalina.core.StandardService.addConnector(StandardService.java:234) ~[tomcat-embed-core-10.1.5.jar:10.1.5]
?[0m?[0;34m	at org.springframework.boot.web.embedded.tomcat.TomcatWebServer.addPreviouslyRemovedConnectors(TomcatWebServer.java:282) ~[spring-boot-3.0.2.jar:3.0.2]
?[0m?[0;34m	at org.springframework.boot.web.embedded.tomcat.TomcatWebServer.start(TomcatWebServer.java:213) ~[spring-boot-3.0.2.jar:3.0.2]
?[0m?[0;34m	at org.springframework.boot.web.servlet.context.WebServerStartStopLifecycle.start(WebServerStartStopLifecycle.java:44) ~[spring-boot-3.0.2.jar:3.0.2]
?[0m?[0;34m	at org.springframework.context.support.DefaultLifecycleProcessor.doStart(DefaultLifecycleProcessor.java:178) ~[spring-context-6.0.4.jar:6.0.4]
?[0m?[0;34m	at org.springframework.context.support.DefaultLifecycleProcessor$LifecycleGroup.start(DefaultLifecycleProcessor.java:356) ~[spring-context-6.0.4.jar:6.0.4]
?[0m?[0;34m	at java.base/java.lang.Iterable.forEach(Iterable.java:75) ~[na:na]
?[0m?[0;34m	at org.springframework.context.support.DefaultLifecycleProcessor.startBeans(DefaultLifecycleProcessor.java:155) ~[spring-context-6.0.4.jar:6.0.4]
?[0m?[0;34m	at org.springframework.context.support.DefaultLifecycleProcessor.onRefresh(DefaultLifecycleProcessor.java:123) ~[spring-context-6.0.4.jar:6.0.4]
?[0m?[0;34m	at org.springframework.context.support.AbstractApplicationContext.finishRefresh(AbstractApplicationContext.java:932) ~[spring-context-6.0.4.jar:6.0.4]
?[0m?[0;34m	at org.springframework.context.support.AbstractApplicationContext.refresh(AbstractApplicationContext.java:587) ~[spring-context-6.0.4.jar:6.0.4]
?[0m?[0;34m	at org.springframework.boot.web.servlet.context.ServletWebServerApplicationContext.refresh(ServletWebServerApplicationContext.java:146) ~[spring-boot-3.0.2.jar:3.0.2]
?[0m?[0;34m	at org.springframework.boot.SpringApplication.refresh(SpringApplication.java:730) ~[spring-boot-3.0.2.jar:3.0.2]
?[0m?[0;34m	at org.springframework.boot.SpringApplication.refreshContext(SpringApplication.java:432) ~[spring-boot-3.0.2.jar:3.0.2]
?[0m?[0;34m	at org.springframework.boot.SpringApplication.run(SpringApplication.java:308) ~[spring-boot-3.0.2.jar:3.0.2]
?[0m?[0;34m	at org.springframework.boot.SpringApplication.run(SpringApplication.java:1302) ~[spring-boot-3.0.2.jar:3.0.2]
?[0m?[0;34m	at org.springframework.boot.SpringApplication.run(SpringApplication.java:1291) ~[spring-boot-3.0.2.jar:3.0.2]
?[0m?[0;34m	at antifraud.AntiFraudApplication.main(AntiFraudApplication.java:10) ~[main/:na]
?[0m?[0;34m	at java.base/jdk.internal.reflect.NativeMethodAccessorImpl.invoke0(Native Method) ~[na:na]
?[0m?[0;34m	at java.base/jdk.internal.reflect.NativeMethodAccessorImpl.invoke(NativeMethodAccessorImpl.java:77) ~[na:na]
?[0m?[0;34m	at java.base/jdk.internal.reflect.DelegatingMethodAccessorImpl.invoke(DelegatingMethodAccessorImpl.java:43) ~[na:na]
?[0m?[0;34m	at java.base/java.lang.reflect.Method.invoke(Method.java:568) ~[na:na]
?[0m?[0;34m	at org.hyperskill.hstest.stage.SpringTest.startSpring(SpringTest.java:187) ~[hs-test-release-SNAPSHOT.jar:na]
?[0m?[0;34m	at org.hyperskill.hstest.stage.SpringTest.launchSpring(SpringTest.java:49) ~[hs-test-release-SNAPSHOT.jar:na]
?[0m?[0;34m	at org.hyperskill.hstest.testing.runner.SpringApplicationRunner.launchSpringBootApplication(SpringApplicationRunner.java:20) ~[hs-test-release-SNAPSHOT.jar:na]
?[0m?[0;34m	at org.hyperskill.hstest.testing.runner.SpringApplicationRunner.setUp(SpringApplicationRunner.java:35) ~[hs-test-release-SNAPSHOT.jar:na]
?[0m?[0;34m	at org.hyperskill.hstest.testing.TestRun.setUp(TestRun.java:77) ~[hs-test-release-SNAPSHOT.jar:na]
?[0m?[0;34m	at org.hyperskill.hstest.stage.StageTest.start(StageTest.java:159) ~[hs-test-release-SNAPSHOT.jar:na]
?[0m?[0;34m	at java.base/jdk.internal.reflect.NativeMethodAccessorImpl.invoke0(Native Method) ~[na:na]
?[0m?[0;34m	at java.base/jdk.internal.reflect.NativeMethodAccessorImpl.invoke(NativeMethodAccessorImpl.java:77) ~[na:na]
?[0m?[0;34m	at java.base/jdk.internal.reflect.DelegatingMethodAccessorImpl.invoke(DelegatingMethodAccessorImpl.java:43) ~[na:na]
?[0m?[0;34m	at java.base/java.lang.reflect.Method.invoke(Method.java:568) ~[na:na]
?[0m?[0;34m	at org.junit.runners.model.FrameworkMethod$1.runReflectiveCall(FrameworkMethod.java:59) ~[junit-4.13.2.jar:4.13.2]
?[0m?[0;34m	at org.junit.internal.runners.model.ReflectiveCallable.run(ReflectiveCallable.java:12) ~[junit-4.13.2.jar:4.13.2]
?[0m?[0;34m	at org.junit.runners.model.FrameworkMethod.invokeExplosively(FrameworkMethod.java:56) ~[junit-4.13.2.jar:4.13.2]
?[0m?[0;34m	at org.junit.internal.runners.statements.InvokeMethod.evaluate(InvokeMethod.java:17) ~[junit-4.13.2.jar:4.13.2]
?[0m?[0;34m	at org.junit.internal.runners.statements.RunAfters.evaluate(RunAfters.java:27) ~[junit-4.13.2.jar:4.13.2]
?[0m?[0;34m	at org.junit.runners.ParentRunner$3.evaluate(ParentRunner.java:306) ~[junit-4.13.2.jar:4.13.2]
?[0m?[0;34m	at org.junit.runners.BlockJUnit4ClassRunner$1.evaluate(BlockJUnit4ClassRunner.java:100) ~[junit-4.13.2.jar:4.13.2]
?[0m?[0;34m	at org.junit.runners.ParentRunner.runLeaf(ParentRunner.java:366) ~[junit-4.13.2.jar:4.13.2]
?[0m?[0;34m	at org.junit.runners.BlockJUnit4ClassRunner.runChild(BlockJUnit4ClassRunner.java:103) ~[junit-4.13.2.jar:4.13.2]
?[0m?[0;34m	at org.junit.runners.BlockJUnit4ClassRunner.runChild(BlockJUnit4ClassRunner.java:63) ~[junit-4.13.2.jar:4.13.2]
?[0m?[0;34m	at org.junit.runners.ParentRunner$4.run(ParentRunner.java:331) ~[junit-4.13.2.jar:4.13.2]
?[0m?[0;34m	at org.junit.runners.ParentRunner$1.schedule(ParentRunner.java:79) ~[junit-4.13.2.jar:4.13.2]
?[0m?[0;34m	at org.junit.runners.ParentRunner.runChildren(ParentRunner.java:329) ~[junit-4.13.2.jar:4.13.2]
?[0m?[0;34m	at org.junit.runners.ParentRunner.access$100(ParentRunner.java:66) ~[junit-4.13.2.jar:4.13.2]
?[0m?[0;34m	at org.junit.runners.ParentRunner$2.evaluate(ParentRunner.java:293) ~[junit-4.13.2.jar:4.13.2]
?[0m?[0;34m	at org.junit.runners.ParentRunner$3.evaluate(ParentRunner.java:306) ~[junit-4.13.2.jar:4.13.2]
?[0m?[0;34m	at org.junit.runners.ParentRunner.run(ParentRunner.java:413) ~[junit-4.13.2.jar:4.13.2]
?[0m?[0;34m	at org.gradle.api.internal.tasks.testing.junit.JUnitTestClassExecutor.runTestClass(JUnitTestClassExecutor.java:108) ~[na:na]
?[0m?[0;34m	at org.gradle.api.internal.tasks.testing.junit.JUnitTestClassExecutor.execute(JUnitTestClassExecutor.java:57) ~[na:na]
?[0m?[0;34m	at org.gradle.api.internal.tasks.testing.junit.JUnitTestClassExecutor.execute(JUnitTestClassExecutor.java:39) ~[na:na]
?[0m?[0;34m	at org.gradle.api.internal.tasks.testing.junit.AbstractJUnitTestClassProcessor.processTestClass(AbstractJUnitTestClassProcessor.java:62) ~[na:na]
?[0m?[0;34m	at org.gradle.api.internal.tasks.testing.SuiteTestClassProcessor.processTestClass(SuiteTestClassProcessor.java:52) ~[na:na]
?[0m?[0;34m	at java.base/jdk.internal.reflect.NativeMethodAccessorImpl.invoke0(Native Method) ~[na:na]
?[0m?[0;34m	at java.base/jdk.internal.reflect.NativeMethodAccessorImpl.invoke(NativeMethodAccessorImpl.java:77) ~[na:na]
?[0m?[0;34m	at java.base/jdk.internal.reflect.DelegatingMethodAccessorImpl.invoke(DelegatingMethodAccessorImpl.java:43) ~[na:na]
?[0m?[0;34m	at java.base/java.lang.reflect.Method.invoke(Method.java:568) ~[na:na]
?[0m?[0;34m	at org.gradle.internal.dispatch.ReflectionDispatch.dispatch(ReflectionDispatch.java:36) ~[na:na]
?[0m?[0;34m	at org.gradle.internal.dispatch.ReflectionDispatch.dispatch(ReflectionDispatch.java:24) ~[na:na]
?[0m?[0;34m	at org.gradle.internal.dispatch.ContextClassLoaderDispatch.dispatch(ContextClassLoaderDispatch.java:33) ~[na:na]
?[0m?[0;34m	at org.gradle.internal.dispatch.ProxyDispatchAdapter$DispatchingInvocationHandler.invoke(ProxyDispatchAdapter.java:94) ~[na:na]
?[0m?[0;34m	at jdk.proxy1/jdk.proxy1.$Proxy2.processTestClass(Unknown Source) ~[na:na]
?[0m?[0;34m	at org.gradle.api.internal.tasks.testing.worker.TestWorker$2.run(TestWorker.java:176) ~[na:na]
?[0m?[0;34m	at org.gradle.api.internal.tasks.testing.worker.TestWorker.executeAndMaintainThreadName(TestWorker.java:129) ~[na:na]
?[0m?[0;34m	at org.gradle.api.internal.tasks.testing.worker.TestWorker.execute(TestWorker.java:100) ~[na:na]
?[0m?[0;34m	at org.gradle.api.internal.tasks.testing.worker.TestWorker.execute(TestWorker.java:60) ~[na:na]
?[0m?[0;34m	at org.gradle.process.internal.worker.child.ActionExecutionWorker.execute(ActionExecutionWorker.java:56) ~[na:na]
?[0m?[0;34m	at org.gradle.process.internal.worker.child.SystemApplicationClassLoaderWorker.call(SystemApplicationClassLoaderWorker.java:113) ~[na:na]
?[0m?[0;34m	at org.gradle.process.internal.worker.child.SystemApplicationClassLoaderWorker.call(SystemApplicationClassLoaderWorker.java:65) ~[na:na]
?[0m?[0;34m	at worker.org.gradle.process.internal.worker.GradleWorkerMain.run(GradleWorkerMain.java:69) ~[gradle-worker.jar:na]
?[0m?[0;34m	at worker.org.gradle.process.internal.worker.GradleWorkerMain.main(GradleWorkerMain.java:74) ~[gradle-worker.jar:na]
?[0m?[0;34m
?[0m?[0;34m2023-07-16T14:07:02.729+02:00  WARN 1424 --- [    Test worker] .t.u.s.PrivilegedSetAccessControlContext : Unable to set field Thread.inheritedAccessControlContext
?[0m?[0;34m
?[0m?[0;34mjava.lang.IllegalAccessException: class org.apache.tomcat.util.security.PrivilegedSetAccessControlContext cannot access a member of class java.lang.Thread (in module java.base) with modifiers "private"
?[0m?[0;34m	at java.base/jdk.internal.reflect.Reflection.newIllegalAccessException(Reflection.java:392) ~[na:na]
?[0m?[0;34m	at java.base/java.lang.reflect.AccessibleObject.checkAccess(AccessibleObject.java:674) ~[na:na]
?[0m?[0;34m	at java.base/java.lang.reflect.Field.checkAccess(Field.java:1102) ~[na:na]
?[0m?[0;34m	at java.base/java.lang.reflect.Field.set(Field.java:797) ~[na:na]
?[0m?[0;34m	at org.apache.tomcat.util.security.PrivilegedSetAccessControlContext.run(PrivilegedSetAccessControlContext.java:60) ~[tomcat-embed-core-10.1.5.jar:10.1.5]
?[0m?[0;34m	at org.apache.tomcat.util.security.PrivilegedSetAccessControlContext.run(PrivilegedSetAccessControlContext.java:28) ~[tomcat-embed-core-10.1.5.jar:10.1.5]
?[0m?[0;34m	at java.base/java.security.AccessController.doPrivileged(AccessController.java:318) ~[na:na]
?[0m?[0;34m	at org.apache.tomcat.util.threads.TaskThreadFactory.newThread(TaskThreadFactory.java:64) ~[tomcat-embed-core-10.1.5.jar:10.1.5]
?[0m?[0;34m	at org.apache.tomcat.util.threads.ThreadPoolExecutor$Worker.<init>(ThreadPoolExecutor.java:653) ~[tomcat-embed-core-10.1.5.jar:10.1.5]
?[0m?[0;34m	at org.apache.tomcat.util.threads.ThreadPoolExecutor.addWorker(ThreadPoolExecutor.java:957) ~[tomcat-embed-core-10.1.5.jar:10.1.5]
?[0m?[0;34m	at org.apache.tomcat.util.threads.ThreadPoolExecutor.prestartAllCoreThreads(ThreadPoolExecutor.java:1694) ~[tomcat-embed-core-10.1.5.jar:10.1.5]
?[0m?[0;34m	at org.apache.tomcat.util.threads.ThreadPoolExecutor.<init>(ThreadPoolExecutor.java:1370) ~[tomcat-embed-core-10.1.5.jar:10.1.5]
?[0m?[0;34m	at org.apache.tomcat.util.threads.ThreadPoolExecutor.<init>(ThreadPoolExecutor.java:1280) ~[tomcat-embed-core-10.1.5.jar:10.1.5]
?[0m?[0;34m	at org.apache.tomcat.util.net.AbstractEndpoint.createExecutor(AbstractEndpoint.java:948) ~[tomcat-embed-core-10.1.5.jar:10.1.5]
?[0m?[0;34m	at org.apache.tomcat.util.net.NioEndpoint.startInternal(NioEndpoint.java:279) ~[tomcat-embed-core-10.1.5.jar:10.1.5]
?[0m?[0;34m	at org.apache.tomcat.util.net.AbstractEndpoint.start(AbstractEndpoint.java:1261) ~[tomcat-embed-core-10.1.5.jar:10.1.5]
?[0m?[0;34m	at org.apache.coyote.AbstractProtocol.start(AbstractProtocol.java:586) ~[tomcat-embed-core-10.1.5.jar:10.1.5]
?[0m?[0;34m	at org.apache.catalina.connector.Connector.startInternal(Connector.java:1081) ~[tomcat-embed-core-10.1.5.jar:10.1.5]
?[0m?[0;34m	at org.apache.catalina.util.LifecycleBase.start(LifecycleBase.java:183) ~[tomcat-embed-core-10.1.5.jar:10.1.5]
?[0m?[0;34m	at org.apache.catalina.core.StandardService.addConnector(StandardService.java:234) ~[tomcat-embed-core-10.1.5.jar:10.1.5]
?[0m?[0;34m	at org.springframework.boot.web.embedded.tomcat.TomcatWebServer.addPreviouslyRemovedConnectors(TomcatWebServer.java:282) ~[spring-boot-3.0.2.jar:3.0.2]
?[0m?[0;34m	at org.springframework.boot.web.embedded.tomcat.TomcatWebServer.start(TomcatWebServer.java:213) ~[spring-boot-3.0.2.jar:3.0.2]
?[0m?[0;34m	at org.springframework.boot.web.servlet.context.WebServerStartStopLifecycle.start(WebServerStartStopLifecycle.java:44) ~[spring-boot-3.0.2.jar:3.0.2]
?[0m?[0;34m	at org.springframework.context.support.DefaultLifecycleProcessor.doStart(DefaultLifecycleProcessor.java:178) ~[spring-context-6.0.4.jar:6.0.4]
?[0m?[0;34m	at org.springframework.context.support.DefaultLifecycleProcessor$LifecycleGroup.start(DefaultLifecycleProcessor.java:356) ~[spring-context-6.0.4.jar:6.0.4]
?[0m?[0;34m	at java.base/java.lang.Iterable.forEach(Iterable.java:75) ~[na:na]
?[0m?[0;34m	at org.springframework.context.support.DefaultLifecycleProcessor.startBeans(DefaultLifecycleProcessor.java:155) ~[spring-context-6.0.4.jar:6.0.4]
?[0m?[0;34m	at org.springframework.context.support.DefaultLifecycleProcessor.onRefresh(DefaultLifecycleProcessor.java:123) ~[spring-context-6.0.4.jar:6.0.4]
?[0m?[0;34m	at org.springframework.context.support.AbstractApplicationContext.finishRefresh(AbstractApplicationContext.java:932) ~[spring-context-6.0.4.jar:6.0.4]
?[0m?[0;34m	at org.springframework.context.support.AbstractApplicationContext.refresh(AbstractApplicationContext.java:587) ~[spring-context-6.0.4.jar:6.0.4]
?[0m?[0;34m	at org.springframework.boot.web.servlet.context.ServletWebServerApplicationContext.refresh(ServletWebServerApplicationContext.java:146) ~[spring-boot-3.0.2.jar:3.0.2]
?[0m?[0;34m	at org.springframework.boot.SpringApplication.refresh(SpringApplication.java:730) ~[spring-boot-3.0.2.jar:3.0.2]
?[0m?[0;34m	at org.springframework.boot.SpringApplication.refreshContext(SpringApplication.java:432) ~[spring-boot-3.0.2.jar:3.0.2]
?[0m?[0;34m	at org.springframework.boot.SpringApplication.run(SpringApplication.java:308) ~[spring-boot-3.0.2.jar:3.0.2]
?[0m?[0;34m	at org.springframework.boot.SpringApplication.run(SpringApplication.java:1302) ~[spring-boot-3.0.2.jar:3.0.2]
?[0m?[0;34m	at org.springframework.boot.SpringApplication.run(SpringApplication.java:1291) ~[spring-boot-3.0.2.jar:3.0.2]
?[0m?[0;34m	at antifraud.AntiFraudApplication.main(AntiFraudApplication.java:10) ~[main/:na]
?[0m?[0;34m	at java.base/jdk.internal.reflect.NativeMethodAccessorImpl.invoke0(Native Method) ~[na:na]
?[0m?[0;34m	at java.base/jdk.internal.reflect.NativeMethodAccessorImpl.invoke(NativeMethodAccessorImpl.java:77) ~[na:na]
?[0m?[0;34m	at java.base/jdk.internal.reflect.DelegatingMethodAccessorImpl.invoke(DelegatingMethodAccessorImpl.java:43) ~[na:na]
?[0m?[0;34m	at java.base/java.lang.reflect.Method.invoke(Method.java:568) ~[na:na]
?[0m?[0;34m	at org.hyperskill.hstest.stage.SpringTest.startSpring(SpringTest.java:187) ~[hs-test-release-SNAPSHOT.jar:na]
?[0m?[0;34m	at org.hyperskill.hstest.stage.SpringTest.launchSpring(SpringTest.java:49) ~[hs-test-release-SNAPSHOT.jar:na]
?[0m?[0;34m	at org.hyperskill.hstest.testing.runner.SpringApplicationRunner.launchSpringBootApplication(SpringApplicationRunner.java:20) ~[hs-test-release-SNAPSHOT.jar:na]
?[0m?[0;34m	at org.hyperskill.hstest.testing.runner.SpringApplicationRunner.setUp(SpringApplicationRunner.java:35) ~[hs-test-release-SNAPSHOT.jar:na]
?[0m?[0;34m	at org.hyperskill.hstest.testing.TestRun.setUp(TestRun.java:77) ~[hs-test-release-SNAPSHOT.jar:na]
?[0m?[0;34m	at org.hyperskill.hstest.stage.StageTest.start(StageTest.java:159) ~[hs-test-release-SNAPSHOT.jar:na]
?[0m?[0;34m	at java.base/jdk.internal.reflect.NativeMethodAccessorImpl.invoke0(Native Method) ~[na:na]
?[0m?[0;34m	at java.base/jdk.internal.reflect.NativeMethodAccessorImpl.invoke(NativeMethodAccessorImpl.java:77) ~[na:na]
?[0m?[0;34m	at java.base/jdk.internal.reflect.DelegatingMethodAccessorImpl.invoke(DelegatingMethodAccessorImpl.java:43) ~[na:na]
?[0m?[0;34m	at java.base/java.lang.reflect.Method.invoke(Method.java:568) ~[na:na]
?[0m?[0;34m	at org.junit.runners.model.FrameworkMethod$1.runReflectiveCall(FrameworkMethod.java:59) ~[junit-4.13.2.jar:4.13.2]
?[0m?[0;34m	at org.junit.internal.runners.model.ReflectiveCallable.run(ReflectiveCallable.java:12) ~[junit-4.13.2.jar:4.13.2]
?[0m?[0;34m	at org.junit.runners.model.FrameworkMethod.invokeExplosively(FrameworkMethod.java:56) ~[junit-4.13.2.jar:4.13.2]
?[0m?[0;34m	at org.junit.internal.runners.statements.InvokeMethod.evaluate(InvokeMethod.java:17) ~[junit-4.13.2.jar:4.13.2]
?[0m?[0;34m	at org.junit.internal.runners.statements.RunAfters.evaluate(RunAfters.java:27) ~[junit-4.13.2.jar:4.13.2]
?[0m?[0;34m	at org.junit.runners.ParentRunner$3.evaluate(ParentRunner.java:306) ~[junit-4.13.2.jar:4.13.2]
?[0m?[0;34m	at org.junit.runners.BlockJUnit4ClassRunner$1.evaluate(BlockJUnit4ClassRunner.java:100) ~[junit-4.13.2.jar:4.13.2]
?[0m?[0;34m	at org.junit.runners.ParentRunner.runLeaf(ParentRunner.java:366) ~[junit-4.13.2.jar:4.13.2]
?[0m?[0;34m	at org.junit.runners.BlockJUnit4ClassRunner.runChild(BlockJUnit4ClassRunner.java:103) ~[junit-4.13.2.jar:4.13.2]
?[0m?[0;34m	at org.junit.runners.BlockJUnit4ClassRunner.runChild(BlockJUnit4ClassRunner.java:63) ~[junit-4.13.2.jar:4.13.2]
?[0m?[0;34m	at org.junit.runners.ParentRunner$4.run(ParentRunner.java:331) ~[junit-4.13.2.jar:4.13.2]
?[0m?[0;34m	at org.junit.runners.ParentRunner$1.schedule(ParentRunner.java:79) ~[junit-4.13.2.jar:4.13.2]
?[0m?[0;34m	at org.junit.runners.ParentRunner.runChildren(ParentRunner.java:329) ~[junit-4.13.2.jar:4.13.2]
?[0m?[0;34m	at org.junit.runners.ParentRunner.access$100(ParentRunner.java:66) ~[junit-4.13.2.jar:4.13.2]
?[0m?[0;34m	at org.junit.runners.ParentRunner$2.evaluate(ParentRunner.java:293) ~[junit-4.13.2.jar:4.13.2]
?[0m?[0;34m	at org.junit.runners.ParentRunner$3.evaluate(ParentRunner.java:306) ~[junit-4.13.2.jar:4.13.2]
?[0m?[0;34m	at org.junit.runners.ParentRunner.run(ParentRunner.java:413) ~[junit-4.13.2.jar:4.13.2]
?[0m?[0;34m	at org.gradle.api.internal.tasks.testing.junit.JUnitTestClassExecutor.runTestClass(JUnitTestClassExecutor.java:108) ~[na:na]
?[0m?[0;34m	at org.gradle.api.internal.tasks.testing.junit.JUnitTestClassExecutor.execute(JUnitTestClassExecutor.java:57) ~[na:na]
?[0m?[0;34m	at org.gradle.api.internal.tasks.testing.junit.JUnitTestClassExecutor.execute(JUnitTestClassExecutor.java:39) ~[na:na]
?[0m?[0;34m	at org.gradle.api.internal.tasks.testing.junit.AbstractJUnitTestClassProcessor.processTestClass(AbstractJUnitTestClassProcessor.java:62) ~[na:na]
?[0m?[0;34m	at org.gradle.api.internal.tasks.testing.SuiteTestClassProcessor.processTestClass(SuiteTestClassProcessor.java:52) ~[na:na]
?[0m?[0;34m	at java.base/jdk.internal.reflect.NativeMethodAccessorImpl.invoke0(Native Method) ~[na:na]
?[0m?[0;34m	at java.base/jdk.internal.reflect.NativeMethodAccessorImpl.invoke(NativeMethodAccessorImpl.java:77) ~[na:na]
?[0m?[0;34m	at java.base/jdk.internal.reflect.DelegatingMethodAccessorImpl.invoke(DelegatingMethodAccessorImpl.java:43) ~[na:na]
?[0m?[0;34m	at java.base/java.lang.reflect.Method.invoke(Method.java:568) ~[na:na]
?[0m?[0;34m	at org.gradle.internal.dispatch.ReflectionDispatch.dispatch(ReflectionDispatch.java:36) ~[na:na]
?[0m?[0;34m	at org.gradle.internal.dispatch.ReflectionDispatch.dispatch(ReflectionDispatch.java:24) ~[na:na]
?[0m?[0;34m	at org.gradle.internal.dispatch.ContextClassLoaderDispatch.dispatch(ContextClassLoaderDispatch.java:33) ~[na:na]
?[0m?[0;34m	at org.gradle.internal.dispatch.ProxyDispatchAdapter$DispatchingInvocationHandler.invoke(ProxyDispatchAdapter.java:94) ~[na:na]
?[0m?[0;34m	at jdk.proxy1/jdk.proxy1.$Proxy2.processTestClass(Unknown Source) ~[na:na]
?[0m?[0;34m	at org.gradle.api.internal.tasks.testing.worker.TestWorker$2.run(TestWorker.java:176) ~[na:na]
?[0m?[0;34m	at org.gradle.api.internal.tasks.testing.worker.TestWorker.executeAndMaintainThreadName(TestWorker.java:129) ~[na:na]
?[0m?[0;34m	at org.gradle.api.internal.tasks.testing.worker.TestWorker.execute(TestWorker.java:100) ~[na:na]
?[0m?[0;34m	at org.gradle.api.internal.tasks.testing.worker.TestWorker.execute(TestWorker.java:60) ~[na:na]
?[0m?[0;34m	at org.gradle.process.internal.worker.child.ActionExecutionWorker.execute(ActionExecutionWorker.java:56) ~[na:na]
?[0m?[0;34m	at org.gradle.process.internal.worker.child.SystemApplicationClassLoaderWorker.call(SystemApplicationClassLoaderWorker.java:113) ~[na:na]
?[0m?[0;34m	at org.gradle.process.internal.worker.child.SystemApplicationClassLoaderWorker.call(SystemApplicationClassLoaderWorker.java:65) ~[na:na]
?[0m?[0;34m	at worker.org.gradle.process.internal.worker.GradleWorkerMain.run(GradleWorkerMain.java:69) ~[gradle-worker.jar:na]
?[0m?[0;34m	at worker.org.gradle.process.internal.worker.GradleWorkerMain.main(GradleWorkerMain.java:74) ~[gradle-worker.jar:na]
?[0m?[0;34m
?[0m?[0;34m2023-07-16T14:07:02.745+02:00  WARN 1424 --- [    Test worker] .t.u.s.PrivilegedSetAccessControlContext : Unable to set field Thread.inheritedAccessControlContext
?[0m?[0;34m
?[0m?[0;34mjava.lang.IllegalAccessException: class org.apache.tomcat.util.security.PrivilegedSetAccessControlContext cannot access a member of class java.lang.Thread (in module java.base) with modifiers "private"
?[0m?[0;34m	at java.base/jdk.internal.reflect.Reflection.newIllegalAccessException(Reflection.java:392) ~[na:na]
?[0m?[0;34m	at java.base/java.lang.reflect.AccessibleObject.checkAccess(AccessibleObject.java:674) ~[na:na]
?[0m?[0;34m	at java.base/java.lang.reflect.Field.checkAccess(Field.java:1102) ~[na:na]
?[0m?[0;34m	at java.base/java.lang.reflect.Field.set(Field.java:797) ~[na:na]
?[0m?[0;34m	at org.apache.tomcat.util.security.PrivilegedSetAccessControlContext.run(PrivilegedSetAccessControlContext.java:60) ~[tomcat-embed-core-10.1.5.jar:10.1.5]
?[0m?[0;34m	at org.apache.tomcat.util.security.PrivilegedSetAccessControlContext.run(PrivilegedSetAccessControlContext.java:28) ~[tomcat-embed-core-10.1.5.jar:10.1.5]
?[0m?[0;34m	at java.base/java.security.AccessController.doPrivileged(AccessController.java:318) ~[na:na]
?[0m?[0;34m	at org.apache.tomcat.util.threads.TaskThreadFactory.newThread(TaskThreadFactory.java:64) ~[tomcat-embed-core-10.1.5.jar:10.1.5]
?[0m?[0;34m	at org.apache.tomcat.util.threads.ThreadPoolExecutor$Worker.<init>(ThreadPoolExecutor.java:653) ~[tomcat-embed-core-10.1.5.jar:10.1.5]
?[0m?[0;34m	at org.apache.tomcat.util.threads.ThreadPoolExecutor.addWorker(ThreadPoolExecutor.java:957) ~[tomcat-embed-core-10.1.5.jar:10.1.5]
?[0m?[0;34m	at org.apache.tomcat.util.threads.ThreadPoolExecutor.prestartAllCoreThreads(ThreadPoolExecutor.java:1694) ~[tomcat-embed-core-10.1.5.jar:10.1.5]
?[0m?[0;34m	at org.apache.tomcat.util.threads.ThreadPoolExecutor.<init>(ThreadPoolExecutor.java:1370) ~[tomcat-embed-core-10.1.5.jar:10.1.5]
?[0m?[0;34m	at org.apache.tomcat.util.threads.ThreadPoolExecutor.<init>(ThreadPoolExecutor.java:1280) ~[tomcat-embed-core-10.1.5.jar:10.1.5]
?[0m?[0;34m	at org.apache.tomcat.util.net.AbstractEndpoint.createExecutor(AbstractEndpoint.java:948) ~[tomcat-embed-core-10.1.5.jar:10.1.5]
?[0m?[0;34m	at org.apache.tomcat.util.net.NioEndpoint.startInternal(NioEndpoint.java:279) ~[tomcat-embed-core-10.1.5.jar:10.1.5]
?[0m?[0;34m	at org.apache.tomcat.util.net.AbstractEndpoint.start(AbstractEndpoint.java:1261) ~[tomcat-embed-core-10.1.5.jar:10.1.5]
?[0m?[0;34m	at org.apache.coyote.AbstractProtocol.start(AbstractProtocol.java:586) ~[tomcat-embed-core-10.1.5.jar:10.1.5]
?[0m?[0;34m	at org.apache.catalina.connector.Connector.startInternal(Connector.java:1081) ~[tomcat-embed-core-10.1.5.jar:10.1.5]
?[0m?[0;34m	at org.apache.catalina.util.LifecycleBase.start(LifecycleBase.java:183) ~[tomcat-embed-core-10.1.5.jar:10.1.5]
?[0m?[0;34m	at org.apache.catalina.core.StandardService.addConnector(StandardService.java:234) ~[tomcat-embed-core-10.1.5.jar:10.1.5]
?[0m?[0;34m	at org.springframework.boot.web.embedded.tomcat.TomcatWebServer.addPreviouslyRemovedConnectors(TomcatWebServer.java:282) ~[spring-boot-3.0.2.jar:3.0.2]
?[0m?[0;34m	at org.springframework.boot.web.embedded.tomcat.TomcatWebServer.start(TomcatWebServer.java:213) ~[spring-boot-3.0.2.jar:3.0.2]
?[0m?[0;34m	at org.springframework.boot.web.servlet.context.WebServerStartStopLifecycle.start(WebServerStartStopLifecycle.java:44) ~[spring-boot-3.0.2.jar:3.0.2]
?[0m?[0;34m	at org.springframework.context.support.DefaultLifecycleProcessor.doStart(DefaultLifecycleProcessor.java:178) ~[spring-context-6.0.4.jar:6.0.4]
?[0m?[0;34m	at org.springframework.context.support.DefaultLifecycleProcessor$LifecycleGroup.start(DefaultLifecycleProcessor.java:356) ~[spring-context-6.0.4.jar:6.0.4]
?[0m?[0;34m	at java.base/java.lang.Iterable.forEach(Iterable.java:75) ~[na:na]
?[0m?[0;34m	at org.springframework.context.support.DefaultLifecycleProcessor.startBeans(DefaultLifecycleProcessor.java:155) ~[spring-context-6.0.4.jar:6.0.4]
?[0m?[0;34m	at org.springframework.context.support.DefaultLifecycleProcessor.onRefresh(DefaultLifecycleProcessor.java:123) ~[spring-context-6.0.4.jar:6.0.4]
?[0m?[0;34m	at org.springframework.context.support.AbstractApplicationContext.finishRefresh(AbstractApplicationContext.java:932) ~[spring-context-6.0.4.jar:6.0.4]
?[0m?[0;34m	at org.springframework.context.support.AbstractApplicationContext.refresh(AbstractApplicationContext.java:587) ~[spring-context-6.0.4.jar:6.0.4]
?[0m?[0;34m	at org.springframework.boot.web.servlet.context.ServletWebServerApplicationContext.refresh(ServletWebServerApplicationContext.java:146) ~[spring-boot-3.0.2.jar:3.0.2]
?[0m?[0;34m	at org.springframework.boot.SpringApplication.refresh(SpringApplication.java:730) ~[spring-boot-3.0.2.jar:3.0.2]
?[0m?[0;34m	at org.springframework.boot.SpringApplication.refreshContext(SpringApplication.java:432) ~[spring-boot-3.0.2.jar:3.0.2]
?[0m?[0;34m	at org.springframework.boot.SpringApplication.run(SpringApplication.java:308) ~[spring-boot-3.0.2.jar:3.0.2]
?[0m?[0;34m	at org.springframework.boot.SpringApplication.run(SpringApplication.java:1302) ~[spring-boot-3.0.2.jar:3.0.2]
?[0m?[0;34m	at org.springframework.boot.SpringApplication.run(SpringApplication.java:1291) ~[spring-boot-3.0.2.jar:3.0.2]
?[0m?[0;34m	at antifraud.AntiFraudApplication.main(AntiFraudApplication.java:10) ~[main/:na]
?[0m?[0;34m	at java.base/jdk.internal.reflect.NativeMethodAccessorImpl.invoke0(Native Method) ~[na:na]
?[0m?[0;34m	at java.base/jdk.internal.reflect.NativeMethodAccessorImpl.invoke(NativeMethodAccessorImpl.java:77) ~[na:na]
?[0m?[0;34m	at java.base/jdk.internal.reflect.DelegatingMethodAccessorImpl.invoke(DelegatingMethodAccessorImpl.java:43) ~[na:na]
?[0m?[0;34m	at java.base/java.lang.reflect.Method.invoke(Method.java:568) ~[na:na]
?[0m?[0;34m	at org.hyperskill.hstest.stage.SpringTest.startSpring(SpringTest.java:187) ~[hs-test-release-SNAPSHOT.jar:na]
?[0m?[0;34m	at org.hyperskill.hstest.stage.SpringTest.launchSpring(SpringTest.java:49) ~[hs-test-release-SNAPSHOT.jar:na]
?[0m?[0;34m	at org.hyperskill.hstest.testing.runner.SpringApplicationRunner.launchSpringBootApplication(SpringApplicationRunner.java:20) ~[hs-test-release-SNAPSHOT.jar:na]
?[0m?[0;34m	at org.hyperskill.hstest.testing.runner.SpringApplicationRunner.setUp(SpringApplicationRunner.java:35) ~[hs-test-release-SNAPSHOT.jar:na]
?[0m?[0;34m	at org.hyperskill.hstest.testing.TestRun.setUp(TestRun.java:77) ~[hs-test-release-SNAPSHOT.jar:na]
?[0m?[0;34m	at org.hyperskill.hstest.stage.StageTest.start(StageTest.java:159) ~[hs-test-release-SNAPSHOT.jar:na]
?[0m?[0;34m	at java.base/jdk.internal.reflect.NativeMethodAccessorImpl.invoke0(Native Method) ~[na:na]
?[0m?[0;34m	at java.base/jdk.internal.reflect.NativeMethodAccessorImpl.invoke(NativeMethodAccessorImpl.java:77) ~[na:na]
?[0m?[0;34m	at java.base/jdk.internal.reflect.DelegatingMethodAccessorImpl.invoke(DelegatingMethodAccessorImpl.java:43) ~[na:na]
?[0m?[0;34m	at java.base/java.lang.reflect.Method.invoke(Method.java:568) ~[na:na]
?[0m?[0;34m	at org.junit.runners.model.FrameworkMethod$1.runReflectiveCall(FrameworkMethod.java:59) ~[junit-4.13.2.jar:4.13.2]
?[0m?[0;34m	at org.junit.internal.runners.model.ReflectiveCallable.run(ReflectiveCallable.java:12) ~[junit-4.13.2.jar:4.13.2]
?[0m?[0;34m	at org.junit.runners.model.FrameworkMethod.invokeExplosively(FrameworkMethod.java:56) ~[junit-4.13.2.jar:4.13.2]
?[0m?[0;34m	at org.junit.internal.runners.statements.InvokeMethod.evaluate(InvokeMethod.java:17) ~[junit-4.13.2.jar:4.13.2]
?[0m?[0;34m	at org.junit.internal.runners.statements.RunAfters.evaluate(RunAfters.java:27) ~[junit-4.13.2.jar:4.13.2]
?[0m?[0;34m	at org.junit.runners.ParentRunner$3.evaluate(ParentRunner.java:306) ~[junit-4.13.2.jar:4.13.2]
?[0m?[0;34m	at org.junit.runners.BlockJUnit4ClassRunner$1.evaluate(BlockJUnit4ClassRunner.java:100) ~[junit-4.13.2.jar:4.13.2]
?[0m?[0;34m	at org.junit.runners.ParentRunner.runLeaf(ParentRunner.java:366) ~[junit-4.13.2.jar:4.13.2]
?[0m?[0;34m	at org.junit.runners.BlockJUnit4ClassRunner.runChild(BlockJUnit4ClassRunner.java:103) ~[junit-4.13.2.jar:4.13.2]
?[0m?[0;34m	at org.junit.runners.BlockJUnit4ClassRunner.runChild(BlockJUnit4ClassRunner.java:63) ~[junit-4.13.2.jar:4.13.2]
?[0m?[0;34m	at org.junit.runners.ParentRunner$4.run(ParentRunner.java:331) ~[junit-4.13.2.jar:4.13.2]
?[0m?[0;34m	at org.junit.runners.ParentRunner$1.schedule(ParentRunner.java:79) ~[junit-4.13.2.jar:4.13.2]
?[0m?[0;34m	at org.junit.runners.ParentRunner.runChildren(ParentRunner.java:329) ~[junit-4.13.2.jar:4.13.2]
?[0m?[0;34m	at org.junit.runners.ParentRunner.access$100(ParentRunner.java:66) ~[junit-4.13.2.jar:4.13.2]
?[0m?[0;34m	at org.junit.runners.ParentRunner$2.evaluate(ParentRunner.java:293) ~[junit-4.13.2.jar:4.13.2]
?[0m?[0;34m	at org.junit.runners.ParentRunner$3.evaluate(ParentRunner.java:306) ~[junit-4.13.2.jar:4.13.2]
?[0m?[0;34m	at org.junit.runners.ParentRunner.run(ParentRunner.java:413) ~[junit-4.13.2.jar:4.13.2]
?[0m?[0;34m	at org.gradle.api.internal.tasks.testing.junit.JUnitTestClassExecutor.runTestClass(JUnitTestClassExecutor.java:108) ~[na:na]
?[0m?[0;34m	at org.gradle.api.internal.tasks.testing.junit.JUnitTestClassExecutor.execute(JUnitTestClassExecutor.java:57) ~[na:na]
?[0m?[0;34m	at org.gradle.api.internal.tasks.testing.junit.JUnitTestClassExecutor.execute(JUnitTestClassExecutor.java:39) ~[na:na]
?[0m?[0;34m	at org.gradle.api.internal.tasks.testing.junit.AbstractJUnitTestClassProcessor.processTestClass(AbstractJUnitTestClassProcessor.java:62) ~[na:na]
?[0m?[0;34m	at org.gradle.api.internal.tasks.testing.SuiteTestClassProcessor.processTestClass(SuiteTestClassProcessor.java:52) ~[na:na]
?[0m?[0;34m	at java.base/jdk.internal.reflect.NativeMethodAccessorImpl.invoke0(Native Method) ~[na:na]
?[0m?[0;34m	at java.base/jdk.internal.reflect.NativeMethodAccessorImpl.invoke(NativeMethodAccessorImpl.java:77) ~[na:na]
?[0m?[0;34m	at java.base/jdk.internal.reflect.DelegatingMethodAccessorImpl.invoke(DelegatingMethodAccessorImpl.java:43) ~[na:na]
?[0m?[0;34m	at java.base/java.lang.reflect.Method.invoke(Method.java:568) ~[na:na]
?[0m?[0;34m	at org.gradle.internal.dispatch.ReflectionDispatch.dispatch(ReflectionDispatch.java:36) ~[na:na]
?[0m?[0;34m	at org.gradle.internal.dispatch.ReflectionDispatch.dispatch(ReflectionDispatch.java:24) ~[na:na]
?[0m?[0;34m	at org.gradle.internal.dispatch.ContextClassLoaderDispatch.dispatch(ContextClassLoaderDispatch.java:33) ~[na:na]
?[0m?[0;34m	at org.gradle.internal.dispatch.ProxyDispatchAdapter$DispatchingInvocationHandler.invoke(ProxyDispatchAdapter.java:94) ~[na:na]
?[0m?[0;34m	at jdk.proxy1/jdk.proxy1.$Proxy2.processTestClass(Unknown Source) ~[na:na]
?[0m?[0;34m	at org.gradle.api.internal.tasks.testing.worker.TestWorker$2.run(TestWorker.java:176) ~[na:na]
?[0m?[0;34m	at org.gradle.api.internal.tasks.testing.worker.TestWorker.executeAndMaintainThreadName(TestWorker.java:129) ~[na:na]
?[0m?[0;34m	at org.gradle.api.internal.tasks.testing.worker.TestWorker.execute(TestWorker.java:100) ~[na:na]
?[0m?[0;34m	at org.gradle.api.internal.tasks.testing.worker.TestWorker.execute(TestWorker.java:60) ~[na:na]
?[0m?[0;34m	at org.gradle.process.internal.worker.child.ActionExecutionWorker.execute(ActionExecutionWorker.java:56) ~[na:na]
?[0m?[0;34m	at org.gradle.process.internal.worker.child.SystemApplicationClassLoaderWorker.call(SystemApplicationClassLoaderWorker.java:113) ~[na:na]
?[0m?[0;34m	at org.gradle.process.internal.worker.child.SystemApplicationClassLoaderWorker.call(SystemApplicationClassLoaderWorker.java:65) ~[na:na]
?[0m?[0;34m	at worker.org.gradle.process.internal.worker.GradleWorkerMain.run(GradleWorkerMain.java:69) ~[gradle-worker.jar:na]
?[0m?[0;34m	at worker.org.gradle.process.internal.worker.GradleWorkerMain.main(GradleWorkerMain.java:74) ~[gradle-worker.jar:na]
?[0m?[0;34m
?[0m?[0;34m2023-07-16T14:07:02.760+02:00  WARN 1424 --- [    Test worker] .t.u.s.PrivilegedSetAccessControlContext : Unable to set field Thread.inheritedAccessControlContext
?[0m?[0;34m
?[0m?[0;34mjava.lang.IllegalAccessException: class org.apache.tomcat.util.security.PrivilegedSetAccessControlContext cannot access a member of class java.lang.Thread (in module java.base) with modifiers "private"
?[0m?[0;34m	at java.base/jdk.internal.reflect.Reflection.newIllegalAccessException(Reflection.java:392) ~[na:na]
?[0m?[0;34m	at java.base/java.lang.reflect.AccessibleObject.checkAccess(AccessibleObject.java:674) ~[na:na]
?[0m?[0;34m	at java.base/java.lang.reflect.Field.checkAccess(Field.java:1102) ~[na:na]
?[0m?[0;34m	at java.base/java.lang.reflect.Field.set(Field.java:797) ~[na:na]
?[0m?[0;34m	at org.apache.tomcat.util.security.PrivilegedSetAccessControlContext.run(PrivilegedSetAccessControlContext.java:60) ~[tomcat-embed-core-10.1.5.jar:10.1.5]
?[0m?[0;34m	at org.apache.tomcat.util.security.PrivilegedSetAccessControlContext.run(PrivilegedSetAccessControlContext.java:28) ~[tomcat-embed-core-10.1.5.jar:10.1.5]
?[0m?[0;34m	at java.base/java.security.AccessController.doPrivileged(AccessController.java:318) ~[na:na]
?[0m?[0;34m	at org.apache.tomcat.util.threads.TaskThreadFactory.newThread(TaskThreadFactory.java:64) ~[tomcat-embed-core-10.1.5.jar:10.1.5]
?[0m?[0;34m	at org.apache.tomcat.util.threads.ThreadPoolExecutor$Worker.<init>(ThreadPoolExecutor.java:653) ~[tomcat-embed-core-10.1.5.jar:10.1.5]
?[0m?[0;34m	at org.apache.tomcat.util.threads.ThreadPoolExecutor.addWorker(ThreadPoolExecutor.java:957) ~[tomcat-embed-core-10.1.5.jar:10.1.5]
?[0m?[0;34m	at org.apache.tomcat.util.threads.ThreadPoolExecutor.prestartAllCoreThreads(ThreadPoolExecutor.java:1694) ~[tomcat-embed-core-10.1.5.jar:10.1.5]
?[0m?[0;34m	at org.apache.tomcat.util.threads.ThreadPoolExecutor.<init>(ThreadPoolExecutor.java:1370) ~[tomcat-embed-core-10.1.5.jar:10.1.5]
?[0m?[0;34m	at org.apache.tomcat.util.threads.ThreadPoolExecutor.<init>(ThreadPoolExecutor.java:1280) ~[tomcat-embed-core-10.1.5.jar:10.1.5]
?[0m?[0;34m	at org.apache.tomcat.util.net.AbstractEndpoint.createExecutor(AbstractEndpoint.java:948) ~[tomcat-embed-core-10.1.5.jar:10.1.5]
?[0m?[0;34m	at org.apache.tomcat.util.net.NioEndpoint.startInternal(NioEndpoint.java:279) ~[tomcat-embed-core-10.1.5.jar:10.1.5]
?[0m?[0;34m	at org.apache.tomcat.util.net.AbstractEndpoint.start(AbstractEndpoint.java:1261) ~[tomcat-embed-core-10.1.5.jar:10.1.5]
?[0m?[0;34m	at org.apache.coyote.AbstractProtocol.start(AbstractProtocol.java:586) ~[tomcat-embed-core-10.1.5.jar:10.1.5]
?[0m?[0;34m	at org.apache.catalina.connector.Connector.startInternal(Connector.java:1081) ~[tomcat-embed-core-10.1.5.jar:10.1.5]
?[0m?[0;34m	at org.apache.catalina.util.LifecycleBase.start(LifecycleBase.java:183) ~[tomcat-embed-core-10.1.5.jar:10.1.5]
?[0m?[0;34m	at org.apache.catalina.core.StandardService.addConnector(StandardService.java:234) ~[tomcat-embed-core-10.1.5.jar:10.1.5]
?[0m?[0;34m	at org.springframework.boot.web.embedded.tomcat.TomcatWebServer.addPreviouslyRemovedConnectors(TomcatWebServer.java:282) ~[spring-boot-3.0.2.jar:3.0.2]
?[0m?[0;34m	at org.springframework.boot.web.embedded.tomcat.TomcatWebServer.start(TomcatWebServer.java:213) ~[spring-boot-3.0.2.jar:3.0.2]
?[0m?[0;34m	at org.springframework.boot.web.servlet.context.WebServerStartStopLifecycle.start(WebServerStartStopLifecycle.java:44) ~[spring-boot-3.0.2.jar:3.0.2]
?[0m?[0;34m	at org.springframework.context.support.DefaultLifecycleProcessor.doStart(DefaultLifecycleProcessor.java:178) ~[spring-context-6.0.4.jar:6.0.4]
?[0m?[0;34m	at org.springframework.context.support.DefaultLifecycleProcessor$LifecycleGroup.start(DefaultLifecycleProcessor.java:356) ~[spring-context-6.0.4.jar:6.0.4]
?[0m?[0;34m	at java.base/java.lang.Iterable.forEach(Iterable.java:75) ~[na:na]
?[0m?[0;34m	at org.springframework.context.support.DefaultLifecycleProcessor.startBeans(DefaultLifecycleProcessor.java:155) ~[spring-context-6.0.4.jar:6.0.4]
?[0m?[0;34m	at org.springframework.context.support.DefaultLifecycleProcessor.onRefresh(DefaultLifecycleProcessor.java:123) ~[spring-context-6.0.4.jar:6.0.4]
?[0m?[0;34m	at org.springframework.context.support.AbstractApplicationContext.finishRefresh(AbstractApplicationContext.java:932) ~[spring-context-6.0.4.jar:6.0.4]
?[0m?[0;34m	at org.springframework.context.support.AbstractApplicationContext.refresh(AbstractApplicationContext.java:587) ~[spring-context-6.0.4.jar:6.0.4]
?[0m?[0;34m	at org.springframework.boot.web.servlet.context.ServletWebServerApplicationContext.refresh(ServletWebServerApplicationContext.java:146) ~[spring-boot-3.0.2.jar:3.0.2]
?[0m?[0;34m	at org.springframework.boot.SpringApplication.refresh(SpringApplication.java:730) ~[spring-boot-3.0.2.jar:3.0.2]
?[0m?[0;34m	at org.springframework.boot.SpringApplication.refreshContext(SpringApplication.java:432) ~[spring-boot-3.0.2.jar:3.0.2]
?[0m?[0;34m	at org.springframework.boot.SpringApplication.run(SpringApplication.java:308) ~[spring-boot-3.0.2.jar:3.0.2]
?[0m?[0;34m	at org.springframework.boot.SpringApplication.run(SpringApplication.java:1302) ~[spring-boot-3.0.2.jar:3.0.2]
?[0m?[0;34m	at org.springframework.boot.SpringApplication.run(SpringApplication.java:1291) ~[spring-boot-3.0.2.jar:3.0.2]
?[0m?[0;34m	at antifraud.AntiFraudApplication.main(AntiFraudApplication.java:10) ~[main/:na]
?[0m?[0;34m	at java.base/jdk.internal.reflect.NativeMethodAccessorImpl.invoke0(Native Method) ~[na:na]
?[0m?[0;34m	at java.base/jdk.internal.reflect.NativeMethodAccessorImpl.invoke(NativeMethodAccessorImpl.java:77) ~[na:na]
?[0m?[0;34m	at java.base/jdk.internal.reflect.DelegatingMethodAccessorImpl.invoke(DelegatingMethodAccessorImpl.java:43) ~[na:na]
?[0m?[0;34m	at java.base/java.lang.reflect.Method.invoke(Method.java:568) ~[na:na]
?[0m?[0;34m	at org.hyperskill.hstest.stage.SpringTest.startSpring(SpringTest.java:187) ~[hs-test-release-SNAPSHOT.jar:na]
?[0m?[0;34m	at org.hyperskill.hstest.stage.SpringTest.launchSpring(SpringTest.java:49) ~[hs-test-release-SNAPSHOT.jar:na]
?[0m?[0;34m	at org.hyperskill.hstest.testing.runner.SpringApplicationRunner.launchSpringBootApplication(SpringApplicationRunner.java:20) ~[hs-test-release-SNAPSHOT.jar:na]
?[0m?[0;34m	at org.hyperskill.hstest.testing.runner.SpringApplicationRunner.setUp(SpringApplicationRunner.java:35) ~[hs-test-release-SNAPSHOT.jar:na]
?[0m?[0;34m	at org.hyperskill.hstest.testing.TestRun.setUp(TestRun.java:77) ~[hs-test-release-SNAPSHOT.jar:na]
?[0m?[0;34m	at org.hyperskill.hstest.stage.StageTest.start(StageTest.java:159) ~[hs-test-release-SNAPSHOT.jar:na]
?[0m?[0;34m	at java.base/jdk.internal.reflect.NativeMethodAccessorImpl.invoke0(Native Method) ~[na:na]
?[0m?[0;34m	at java.base/jdk.internal.reflect.NativeMethodAccessorImpl.invoke(NativeMethodAccessorImpl.java:77) ~[na:na]
?[0m?[0;34m	at java.base/jdk.internal.reflect.DelegatingMethodAccessorImpl.invoke(DelegatingMethodAccessorImpl.java:43) ~[na:na]
?[0m?[0;34m	at java.base/java.lang.reflect.Method.invoke(Method.java:568) ~[na:na]
?[0m?[0;34m	at org.junit.runners.model.FrameworkMethod$1.runReflectiveCall(FrameworkMethod.java:59) ~[junit-4.13.2.jar:4.13.2]
?[0m?[0;34m	at org.junit.internal.runners.model.ReflectiveCallable.run(ReflectiveCallable.java:12) ~[junit-4.13.2.jar:4.13.2]
?[0m?[0;34m	at org.junit.runners.model.FrameworkMethod.invokeExplosively(FrameworkMethod.java:56) ~[junit-4.13.2.jar:4.13.2]
?[0m?[0;34m	at org.junit.internal.runners.statements.InvokeMethod.evaluate(InvokeMethod.java:17) ~[junit-4.13.2.jar:4.13.2]
?[0m?[0;34m	at org.junit.internal.runners.statements.RunAfters.evaluate(RunAfters.java:27) ~[junit-4.13.2.jar:4.13.2]
?[0m?[0;34m	at org.junit.runners.ParentRunner$3.evaluate(ParentRunner.java:306) ~[junit-4.13.2.jar:4.13.2]
?[0m?[0;34m	at org.junit.runners.BlockJUnit4ClassRunner$1.evaluate(BlockJUnit4ClassRunner.java:100) ~[junit-4.13.2.jar:4.13.2]
?[0m?[0;34m	at org.junit.runners.ParentRunner.runLeaf(ParentRunner.java:366) ~[junit-4.13.2.jar:4.13.2]
?[0m?[0;34m	at org.junit.runners.BlockJUnit4ClassRunner.runChild(BlockJUnit4ClassRunner.java:103) ~[junit-4.13.2.jar:4.13.2]
?[0m?[0;34m	at org.junit.runners.BlockJUnit4ClassRunner.runChild(BlockJUnit4ClassRunner.java:63) ~[junit-4.13.2.jar:4.13.2]
?[0m?[0;34m	at org.junit.runners.ParentRunner$4.run(ParentRunner.java:331) ~[junit-4.13.2.jar:4.13.2]
?[0m?[0;34m	at org.junit.runners.ParentRunner$1.schedule(ParentRunner.java:79) ~[junit-4.13.2.jar:4.13.2]
?[0m?[0;34m	at org.junit.runners.ParentRunner.runChildren(ParentRunner.java:329) ~[junit-4.13.2.jar:4.13.2]
?[0m?[0;34m	at org.junit.runners.ParentRunner.access$100(ParentRunner.java:66) ~[junit-4.13.2.jar:4.13.2]
?[0m?[0;34m	at org.junit.runners.ParentRunner$2.evaluate(ParentRunner.java:293) ~[junit-4.13.2.jar:4.13.2]
?[0m?[0;34m	at org.junit.runners.ParentRunner$3.evaluate(ParentRunner.java:306) ~[junit-4.13.2.jar:4.13.2]
?[0m?[0;34m	at org.junit.runners.ParentRunner.run(ParentRunner.java:413) ~[junit-4.13.2.jar:4.13.2]
?[0m?[0;34m	at org.gradle.api.internal.tasks.testing.junit.JUnitTestClassExecutor.runTestClass(JUnitTestClassExecutor.java:108) ~[na:na]
?[0m?[0;34m	at org.gradle.api.internal.tasks.testing.junit.JUnitTestClassExecutor.execute(JUnitTestClassExecutor.java:57) ~[na:na]
?[0m?[0;34m	at org.gradle.api.internal.tasks.testing.junit.JUnitTestClassExecutor.execute(JUnitTestClassExecutor.java:39) ~[na:na]
?[0m?[0;34m	at org.gradle.api.internal.tasks.testing.junit.AbstractJUnitTestClassProcessor.processTestClass(AbstractJUnitTestClassProcessor.java:62) ~[na:na]
?[0m?[0;34m	at org.gradle.api.internal.tasks.testing.SuiteTestClassProcessor.processTestClass(SuiteTestClassProcessor.java:52) ~[na:na]
?[0m?[0;34m	at java.base/jdk.internal.reflect.NativeMethodAccessorImpl.invoke0(Native Method) ~[na:na]
?[0m?[0;34m	at java.base/jdk.internal.reflect.NativeMethodAccessorImpl.invoke(NativeMethodAccessorImpl.java:77) ~[na:na]
?[0m?[0;34m	at java.base/jdk.internal.reflect.DelegatingMethodAccessorImpl.invoke(DelegatingMethodAccessorImpl.java:43) ~[na:na]
?[0m?[0;34m	at java.base/java.lang.reflect.Method.invoke(Method.java:568) ~[na:na]
?[0m?[0;34m	at org.gradle.internal.dispatch.ReflectionDispatch.dispatch(ReflectionDispatch.java:36) ~[na:na]
?[0m?[0;34m	at org.gradle.internal.dispatch.ReflectionDispatch.dispatch(ReflectionDispatch.java:24) ~[na:na]
?[0m?[0;34m	at org.gradle.internal.dispatch.ContextClassLoaderDispatch.dispatch(ContextClassLoaderDispatch.java:33) ~[na:na]
?[0m?[0;34m	at org.gradle.internal.dispatch.ProxyDispatchAdapter$DispatchingInvocationHandler.invoke(ProxyDispatchAdapter.java:94) ~[na:na]
?[0m?[0;34m	at jdk.proxy1/jdk.proxy1.$Proxy2.processTestClass(Unknown Source) ~[na:na]
?[0m?[0;34m	at org.gradle.api.internal.tasks.testing.worker.TestWorker$2.run(TestWorker.java:176) ~[na:na]
?[0m?[0;34m	at org.gradle.api.internal.tasks.testing.worker.TestWorker.executeAndMaintainThreadName(TestWorker.java:129) ~[na:na]
?[0m?[0;34m	at org.gradle.api.internal.tasks.testing.worker.TestWorker.execute(TestWorker.java:100) ~[na:na]
?[0m?[0;34m	at org.gradle.api.internal.tasks.testing.worker.TestWorker.execute(TestWorker.java:60) ~[na:na]
?[0m?[0;34m	at org.gradle.process.internal.worker.child.ActionExecutionWorker.execute(ActionExecutionWorker.java:56) ~[na:na]
?[0m?[0;34m	at org.gradle.process.internal.worker.child.SystemApplicationClassLoaderWorker.call(SystemApplicationClassLoaderWorker.java:113) ~[na:na]
?[0m?[0;34m	at org.gradle.process.internal.worker.child.SystemApplicationClassLoaderWorker.call(SystemApplicationClassLoaderWorker.java:65) ~[na:na]
?[0m?[0;34m	at worker.org.gradle.process.internal.worker.GradleWorkerMain.run(GradleWorkerMain.java:69) ~[gradle-worker.jar:na]
?[0m?[0;34m	at worker.org.gradle.process.internal.worker.GradleWorkerMain.main(GradleWorkerMain.java:74) ~[gradle-worker.jar:na]
?[0m?[0;34m
?[0m?[0;34m2023-07-16T14:07:02.776+02:00  INFO 1424 --- [    Test worker] o.s.b.w.embedded.tomcat.TomcatWebServer  : Tomcat started on port(s): 8080 (http) with context path ''
?[0m?[0;34m2023-07-16T14:07:02.808+02:00  INFO 1424 --- [    Test worker] antifraud.AntiFraudApplication           : Started AntiFraudApplication in 9.405 seconds (process running for 10.788)
?[0m?[0;34mTest case
?[0m?[0;34mTesting api: '/api/auth/user'
?[0m?[0;34mrequest: '{
?[0m?[0;34m   "name": "John Doe 1",
?[0m?[0;34m   "password": "oa3VvqnLxW"
?[0m?[0;34m}'
?[0m?[0;34mExpectations: 'In case of wrong data in request, endpoint must respond with BAD REQUEST  status (400).'
?[0m?[0;34m-----
?[0;34m2023-07-16T14:07:03.322+02:00  INFO 1424 --- [nio-8080-exec-1] o.a.c.c.C.[Tomcat].[localhost].[/]       : Initializing Spring DispatcherServlet 'dispatcherServlet'
?[0m?[0;34m2023-07-16T14:07:03.322+02:00  INFO 1424 --- [nio-8080-exec-1] o.s.web.servlet.DispatcherServlet        : Initializing Servlet 'dispatcherServlet'
?[0m?[0;34m2023-07-16T14:07:03.338+02:00  INFO 1424 --- [nio-8080-exec-1] o.s.web.servlet.DispatcherServlet        : Completed initialization in 0 ms
?[0m?[1;31m
Start test 2?[0m
?[0;34mTest case
?[0m?[0;34mTesting api: '/api/auth/user'
?[0m?[0;34mrequest: '{
?[0m?[0;34m   "name": "John Doe 2",
?[0m?[0;34m   "username": "johndoe1"
?[0m?[0;34m}'
?[0m?[0;34mExpectations: 'In case of wrong data in request, endpoint must respond with BAD REQUEST  status (400).'
?[0m?[0;34m-----
?[0m?[1;31m
Start test 3?[0m
?[0;34mTest case
?[0m?[0;34mTesting api: '/api/auth/user'
?[0m?[0;34mrequest: '{
?[0m?[0;34m   "name": "John Doe 1",
?[0m?[0;34m   "username": "johndoe1",
?[0m?[0;34m   "password": "oMoa3VvqnLxW"
?[0m?[0;34m}'
?[0m?[0;34mExpectations: 'If user successfully added, endpoint must respond with HTTP CREATED status (201) '
?[0m?[0;34m-----
?[0;34mHibernate: select u1_0.id from users u1_0 where upper(u1_0.username)=upper(?) fetch first ? rows only
?[0m?[0;34mHibernate: select u1_0.id,u1_0.locked,u1_0.name,u1_0.password,u1_0.role,u1_0.username from users u1_0
?[0m?[0;34mHibernate: select next value for users_SEQ
?[0m?[0;34mHibernate: insert into users (locked, name, password, role, username, id) values (?, ?, ?, ?, ?, ?)
?[0m?[1;31m
Start test 4?[0m
?[0;34mTest case
?[0m?[0;34mTesting api: '/api/auth/list'
?[0m?[0;34mExpectations: 'Endpoint must respond with HTTP OK status (200) and body with array of objects representing the users sorted by ID in ascending order.'
?[0m?[0;34m-----
?[0;34mHibernate: select u1_0.id,u1_0.locked,u1_0.name,u1_0.password,u1_0.role,u1_0.username from users u1_0 where upper(u1_0.username)=upper(?)
?[0m?[0;34mHibernate: select u1_0.id,u1_0.locked,u1_0.name,u1_0.password,u1_0.role,u1_0.username from users u1_0
?[0m?[1;31m
Start test 5?[0m
?[0;34mTest case
?[0m?[0;34mTesting api: '/api/auth/user'
?[0m?[0;34mrequest: '{
?[0m?[0;34m   "name": "John Doe 1",
?[0m?[0;34m   "username": "johndoe1",
?[0m?[0;34m   "password": "oMoa3VvqnLxW"
?[0m?[0;34m}'
?[0m?[0;34mExpectations: 'If user successfully added, endpoint must respond with HTTP CREATED status (201) '
?[0m?[0;34m-----
?[0;34mHibernate: select u1_0.id from users u1_0 where upper(u1_0.username)=upper(?) fetch first ? rows only
?[0m?[0;34mHibernate: select u1_0.id,u1_0.locked,u1_0.name,u1_0.password,u1_0.role,u1_0.username from users u1_0
?[0m?[0;34mHibernate: select next value for users_SEQ
?[0m?[0;34mHibernate: insert into users (locked, name, password, role, username, id) values (?, ?, ?, ?, ?, ?)
?[0m?[1;31m
Start test 6?[0m
?[0;34mTest case
?[0m?[0;34mTesting api: '/api/auth/list'
?[0m?[0;34mExpectations: 'Endpoint must respond with HTTP OK status (200) and body with array of objects representing the users sorted by ID in ascending order.'
?[0m?[0;34m-----
?[0;34mHibernate: select u1_0.id,u1_0.locked,u1_0.name,u1_0.password,u1_0.role,u1_0.username from users u1_0 where upper(u1_0.username)=upper(?)
?[0m?[0;34mHibernate: select u1_0.id,u1_0.locked,u1_0.name,u1_0.password,u1_0.role,u1_0.username from users u1_0
?[0m?[1;31m
Start test 7?[0m
?[0;34mTest case
?[0m?[0;34mTesting api: '/api/auth/list'
?[0m?[0;34mExpectations: 'A user with incorrect credentials is not allowed'
?[0m?[0;34m-----
?[0;34mHibernate: select u1_0.id,u1_0.locked,u1_0.name,u1_0.password,u1_0.role,u1_0.username from users u1_0 where upper(u1_0.username)=upper(?)
?[0m?[1;31m
Start test 8?[0m
?[0;34mTest case
?[0m?[0;34mTesting api: '/api/auth/list'
?[0m?[0;34mExpectations: 'A user with incorrect credentials is not allowed'
?[0m?[0;34m-----
?[0;34mHibernate: select u1_0.id,u1_0.locked,u1_0.name,u1_0.password,u1_0.role,u1_0.username from users u1_0 where upper(u1_0.username)=upper(?)
?[0m?[0;34mHibernate: select u1_0.id,u1_0.locked,u1_0.name,u1_0.password,u1_0.role,u1_0.username from users u1_0 where upper(u1_0.username)=upper(?)
?[0m?[1;31m
Start test 9?[0m
?[0;34mTest case
?[0m?[0;34mTesting api: '/api/antifraud/transaction'
?[0m?[0;34mExpectations: 'Merchant after registration must be LOCKED'
?[0m?[0;34m-----
?[0;34mHibernate: select u1_0.id,u1_0.locked,u1_0.name,u1_0.password,u1_0.role,u1_0.username from users u1_0 where upper(u1_0.username)=upper(?)
?[0m?[1;31m
Start test 10?[0m
?[0;34mTest case
?[0m?[0;34mTesting api: '/api/auth/access'
?[0m?[0;34mExpectations: 'A user johndoe1 must be UNLOCKED'
?[0m?[0;34m-----
?[0;34mHibernate: select u1_0.id,u1_0.locked,u1_0.name,u1_0.password,u1_0.role,u1_0.username from users u1_0 where upper(u1_0.username)=upper(?)
?[0m?[0;34mHibernate: select u1_0.id,u1_0.locked,u1_0.name,u1_0.password,u1_0.role,u1_0.username from users u1_0 where upper(u1_0.username)=upper(?)
?[0m?[0;34mHibernate: update users set locked=?, name=?, password=?, role=?, username=? where id=?
?[0m?[1;31m
Start test 11?[0m
?[0;34mTest case
?[0m?[0;34mTesting api: '/api/auth/role'
?[0m?[0;34mExpectations: 'If a role successfully changed, respond with the HTTP OK status (200)'
?[0m?[0;34m-----
?[0m?[0;34mHibernate: select u1_0.id,u1_0.locked,u1_0.name,u1_0.password,u1_0.role,u1_0.username from users u1_0 where upper(u1_0.username)=upper(?)
?[0m?[0;34mHibernate: select u1_0.id,u1_0.locked,u1_0.name,u1_0.password,u1_0.role,u1_0.username from users u1_0 where upper(u1_0.username)=upper(?)
?[0m?[0;34mHibernate: update users set locked=?, name=?, password=?, role=?, username=? where id=?
?[0m?[1;31m
Start test 12?[0m
?[0;34mTest case
?[0m?[0;34mTesting api: '/api/antifraud/history'
?[0m?[0;34mExpectations: 'User johndoe1 must be unlocked.Endpoint must respond with the HTTP OK status (200) and empty array in case if history is empty.'
?[0m?[0;34m-----
?[0;34mHibernate: select u1_0.id,u1_0.locked,u1_0.name,u1_0.password,u1_0.role,u1_0.username from users u1_0 where upper(u1_0.username)=upper(?)
?[0m?[0;34mHibernate: select t1_0.id,t1_0.amount,t1_0.date,t1_0.feedback,t1_0.ip,t1_0.number,t1_0.region,t1_0.result from transactions t1_0
?[0m?[1;31m
Start test 13?[0m
?[0;34mTest case
?[0m?[0;34mTesting api: '/api/auth/role'
?[0m?[0;34mExpectations: 'If a role successfully changed, respond with the HTTP OK status (200)'
?[0m?[0;34m-----
?[0m?[0;34mHibernate: select u1_0.id,u1_0.locked,u1_0.name,u1_0.password,u1_0.role,u1_0.username from users u1_0 where upper(u1_0.username)=upper(?)
?[0m?[0;34mHibernate: select u1_0.id,u1_0.locked,u1_0.name,u1_0.password,u1_0.role,u1_0.username from users u1_0 where upper(u1_0.username)=upper(?)
?[0m?[0;34mHibernate: update users set locked=?, name=?, password=?, role=?, username=? where id=?
?[0m?[1;31m
Start test 14?[0m
?[0;34mTest case
?[0m?[0;34mTesting api: '/api/antifraud/transaction'
?[0m?[0;34mExpectations: 'A user johndoe1 must be UNLOCKED'
?[0m?[0;34m-----
?[0m?[0;34mHibernate: select u1_0.id,u1_0.locked,u1_0.name,u1_0.password,u1_0.role,u1_0.username from users u1_0 where upper(u1_0.username)=upper(?)
?[0m?[0;34mHibernate: select t1_0.id from limits t1_0 where t1_0.type=? fetch first ? rows only
?[0m?[0;34mHibernate: select t1_0.id from limits t1_0 where t1_0.type=? fetch first ? rows only
?[0m?[0;34mHibernate: select s1_0.id from stolen_cards s1_0 where s1_0.number=? fetch first ? rows only
?[0m?[0;34mHibernate: select s1_0.id from suspicious_IPs s1_0 where s1_0.ip=? fetch first ? rows only
?[0m?[0;34mHibernate: select t1_0.id,t1_0.amount,t1_0.date,t1_0.feedback,t1_0.ip,t1_0.number,t1_0.region,t1_0.result from transactions t1_0 where t1_0.number=? and t1_0.date between ? and ?
?[0m?[0;34mHibernate: select t1_0.id,t1_0.amount,t1_0.date,t1_0.feedback,t1_0.ip,t1_0.number,t1_0.region,t1_0.result from transactions t1_0 where t1_0.number=? and t1_0.date between ? and ?
?[0m?[0;34mHibernate: select t1_0.id from limits t1_0 where t1_0.type=? fetch first ? rows only
?[0m?[0;34mHibernate: select t1_0.id from limits t1_0 where t1_0.type=? fetch first ? rows only
?[0m?[0;34mHibernate: select s1_0.id from stolen_cards s1_0 where s1_0.number=? fetch first ? rows only
?[0m?[0;34mHibernate: select s1_0.id from suspicious_IPs s1_0 where s1_0.ip=? fetch first ? rows only
?[0m?[0;34mHibernate: select t1_0.id,t1_0.amount,t1_0.date,t1_0.feedback,t1_0.ip,t1_0.number,t1_0.region,t1_0.result from transactions t1_0 where t1_0.number=? and t1_0.date between ? and ?
?[0m?[0;34mHibernate: select t1_0.id,t1_0.amount,t1_0.date,t1_0.feedback,t1_0.ip,t1_0.number,t1_0.region,t1_0.result from transactions t1_0 where t1_0.number=? and t1_0.date between ? and ?
?[0m?[0;34mHibernate: select t1_0.id from limits t1_0 where t1_0.type=? fetch first ? rows only
?[0m?[0;34mHibernate: select t1_0.id from limits t1_0 where t1_0.type=? fetch first ? rows only
?[0m?[0;34mHibernate: select s1_0.id from stolen_cards s1_0 where s1_0.number=? fetch first ? rows only
?[0m?[0;34mHibernate: select s1_0.id from suspicious_IPs s1_0 where s1_0.ip=? fetch first ? rows only
?[0m?[0;34mHibernate: select t1_0.id,t1_0.amount,t1_0.date,t1_0.feedback,t1_0.ip,t1_0.number,t1_0.region,t1_0.result from transactions t1_0 where t1_0.number=? and t1_0.date between ? and ?
?[0m?[0;34mHibernate: select t1_0.id,t1_0.amount,t1_0.date,t1_0.feedback,t1_0.ip,t1_0.number,t1_0.region,t1_0.result from transactions t1_0 where t1_0.number=? and t1_0.date between ? and ?
?[0m?[0;34mHibernate: select t1_0.id from limits t1_0 where t1_0.type=? fetch first ? rows only
?[0m?[0;34mHibernate: select t1_0.id from limits t1_0 where t1_0.type=? fetch first ? rows only
?[0m?[0;34mHibernate: select s1_0.id from stolen_cards s1_0 where s1_0.number=? fetch first ? rows only
?[0m?[0;34mHibernate: select s1_0.id from suspicious_IPs s1_0 where s1_0.ip=? fetch first ? rows only
?[0m?[0;34mHibernate: select t1_0.id,t1_0.amount,t1_0.date,t1_0.feedback,t1_0.ip,t1_0.number,t1_0.region,t1_0.result from transactions t1_0 where t1_0.number=? and t1_0.date between ? and ?
?[0m?[0;34mHibernate: select t1_0.id,t1_0.amount,t1_0.date,t1_0.feedback,t1_0.ip,t1_0.number,t1_0.region,t1_0.result from transactions t1_0 where t1_0.number=? and t1_0.date between ? and ?
?[0m?[0;34mHibernate: select t1_0.id from limits t1_0 where t1_0.type=? fetch first ? rows only
?[0m?[0;34mHibernate: select t1_0.id from limits t1_0 where t1_0.type=? fetch first ? rows only
?[0m?[0;34mHibernate: select s1_0.id from stolen_cards s1_0 where s1_0.number=? fetch first ? rows only
?[0m?[0;34mHibernate: select s1_0.id from suspicious_IPs s1_0 where s1_0.ip=? fetch first ? rows only
?[0m?[0;34mHibernate: select t1_0.id,t1_0.amount,t1_0.date,t1_0.feedback,t1_0.ip,t1_0.number,t1_0.region,t1_0.result from transactions t1_0 where t1_0.number=? and t1_0.date between ? and ?
?[0m?[0;34mHibernate: select t1_0.id,t1_0.amount,t1_0.date,t1_0.feedback,t1_0.ip,t1_0.number,t1_0.region,t1_0.result from transactions t1_0 where t1_0.number=? and t1_0.date between ? and ?
?[0m?[0;34mHibernate: select t1_0.id from limits t1_0 where t1_0.type=? fetch first ? rows only
?[0m?[0;34mHibernate: select t1_0.id from limits t1_0 where t1_0.type=? fetch first ? rows only
?[0m?[0;34mHibernate: select s1_0.id from stolen_cards s1_0 where s1_0.number=? fetch first ? rows only
?[0m?[0;34mHibernate: select s1_0.id from suspicious_IPs s1_0 where s1_0.ip=? fetch first ? rows only
?[0m?[0;34mHibernate: select t1_0.id,t1_0.amount,t1_0.date,t1_0.feedback,t1_0.ip,t1_0.number,t1_0.region,t1_0.result from transactions t1_0 where t1_0.number=? and t1_0.date between ? and ?
?[0m?[0;34mHibernate: select t1_0.id,t1_0.amount,t1_0.date,t1_0.feedback,t1_0.ip,t1_0.number,t1_0.region,t1_0.result from transactions t1_0 where t1_0.number=? and t1_0.date between ? and ?
?[0m?[0;34mHibernate: select t1_0.id from limits t1_0 where t1_0.type=? fetch first ? rows only
?[0m?[0;34mHibernate: select t1_0.id from limits t1_0 where t1_0.type=? fetch first ? rows only
?[0m?[0;34mHibernate: select s1_0.id from stolen_cards s1_0 where s1_0.number=? fetch first ? rows only
?[0m?[0;34mHibernate: select s1_0.id from suspicious_IPs s1_0 where s1_0.ip=? fetch first ? rows only
?[0m?[0;34mHibernate: select t1_0.id,t1_0.amount,t1_0.date,t1_0.feedback,t1_0.ip,t1_0.number,t1_0.region,t1_0.result from transactions t1_0 where t1_0.number=? and t1_0.date between ? and ?
?[0m?[0;34mHibernate: select t1_0.id,t1_0.amount,t1_0.date,t1_0.feedback,t1_0.ip,t1_0.number,t1_0.region,t1_0.result from transactions t1_0 where t1_0.number=? and t1_0.date between ? and ?
?[0m?[0;34mHibernate: select t1_0.id from limits t1_0 where t1_0.type=? fetch first ? rows only
?[0m?[0;34mHibernate: select t1_0.id from limits t1_0 where t1_0.type=? fetch first ? rows only
?[0m?[0;34mHibernate: select s1_0.id from stolen_cards s1_0 where s1_0.number=? fetch first ? rows only
?[0m?[0;34mHibernate: select s1_0.id from suspicious_IPs s1_0 where s1_0.ip=? fetch first ? rows only
?[0m?[0;34mHibernate: select t1_0.id,t1_0.amount,t1_0.date,t1_0.feedback,t1_0.ip,t1_0.number,t1_0.region,t1_0.result from transactions t1_0 where t1_0.number=? and t1_0.date between ? and ?
?[0m?[0;34mHibernate: select t1_0.id,t1_0.amount,t1_0.date,t1_0.feedback,t1_0.ip,t1_0.number,t1_0.region,t1_0.result from transactions t1_0 where t1_0.number=? and t1_0.date between ? and ?
?[0m?[0;34mHibernate: select t1_0.id from limits t1_0 where t1_0.type=? fetch first ? rows only
?[0m?[0;34mHibernate: select t1_0.id from limits t1_0 where t1_0.type=? fetch first ? rows only
?[0m?[0;34mHibernate: select s1_0.id from stolen_cards s1_0 where s1_0.number=? fetch first ? rows only
?[0m?[0;34mHibernate: select s1_0.id from suspicious_IPs s1_0 where s1_0.ip=? fetch first ? rows only
?[0m?[0;34mHibernate: select t1_0.id,t1_0.amount,t1_0.date,t1_0.feedback,t1_0.ip,t1_0.number,t1_0.region,t1_0.result from transactions t1_0 where t1_0.number=? and t1_0.date between ? and ?
?[0m?[0;34mHibernate: select t1_0.id,t1_0.amount,t1_0.date,t1_0.feedback,t1_0.ip,t1_0.number,t1_0.region,t1_0.result from transactions t1_0 where t1_0.number=? and t1_0.date between ? and ?
?[0m?[0;34mHibernate: select t1_0.id from limits t1_0 where t1_0.type=? fetch first ? rows only
?[0m?[0;34mHibernate: select t1_0.id from limits t1_0 where t1_0.type=? fetch first ? rows only
?[0m?[0;34mHibernate: select s1_0.id from stolen_cards s1_0 where s1_0.number=? fetch first ? rows only
?[0m?[0;34mHibernate: select s1_0.id from suspicious_IPs s1_0 where s1_0.ip=? fetch first ? rows only
?[0m?[0;34mHibernate: select t1_0.id,t1_0.amount,t1_0.date,t1_0.feedback,t1_0.ip,t1_0.number,t1_0.region,t1_0.result from transactions t1_0 where t1_0.number=? and t1_0.date between ? and ?
?[0m?[0;34mHibernate: select t1_0.id,t1_0.amount,t1_0.date,t1_0.feedback,t1_0.ip,t1_0.number,t1_0.region,t1_0.result from transactions t1_0 where t1_0.number=? and t1_0.date between ? and ?
?[0m?[0;34mHibernate: select t1_0.id from limits t1_0 where t1_0.type=? fetch first ? rows only
?[0m?[0;34mHibernate: select t1_0.id from limits t1_0 where t1_0.type=? fetch first ? rows only
?[0m?[0;34mHibernate: select s1_0.id from stolen_cards s1_0 where s1_0.number=? fetch first ? rows only
?[0m?[0;34mHibernate: select s1_0.id from suspicious_IPs s1_0 where s1_0.ip=? fetch first ? rows only
?[0m?[0;34mHibernate: select t1_0.id,t1_0.amount,t1_0.date,t1_0.feedback,t1_0.ip,t1_0.number,t1_0.region,t1_0.result from transactions t1_0 where t1_0.number=? and t1_0.date between ? and ?
?[0m?[0;34mHibernate: select t1_0.id,t1_0.amount,t1_0.date,t1_0.feedback,t1_0.ip,t1_0.number,t1_0.region,t1_0.result from transactions t1_0 where t1_0.number=? and t1_0.date between ? and ?
?[0m?[0;34mHibernate: select next value for transactions_SEQ
?[0m?[0;34mHibernate: insert into transactions (amount, date, feedback, ip, number, region, result, id) values (?, ?, ?, ?, ?, ?, ?, ?)
?[0m?[1;31m
Start test 15?[0m
?[0;34mTest case
?[0m?[0;34mTesting api: '/api/antifraud/transaction'
?[0m?[0;34mrequest: 'amount = 1'
?[0m?[0;34mExpectations: 'Result validating of Transaction must be 'ALLOWED''
?[0m?[0;34m-----
?[0m?[0;34mHibernate: select u1_0.id,u1_0.locked,u1_0.name,u1_0.password,u1_0.role,u1_0.username from users u1_0 where upper(u1_0.username)=upper(?)
?[0m?[0;34mHibernate: select t1_0.id from limits t1_0 where t1_0.type=? fetch first ? rows only
?[0m?[0;34mHibernate: select t1_0.id from limits t1_0 where t1_0.type=? fetch first ? rows only
?[0m?[0;34mHibernate: select s1_0.id from stolen_cards s1_0 where s1_0.number=? fetch first ? rows only
?[0m?[0;34mHibernate: select s1_0.id from suspicious_IPs s1_0 where s1_0.ip=? fetch first ? rows only
?[0m?[0;34mHibernate: select t1_0.id,t1_0.amount,t1_0.date,t1_0.feedback,t1_0.ip,t1_0.number,t1_0.region,t1_0.result from transactions t1_0 where t1_0.number=? and t1_0.date between ? and ?
?[0m?[0;34mHibernate: select t1_0.id,t1_0.amount,t1_0.date,t1_0.feedback,t1_0.ip,t1_0.number,t1_0.region,t1_0.result from transactions t1_0 where t1_0.number=? and t1_0.date between ? and ?
?[0m?[0;34mHibernate: select t1_0.id from limits t1_0 where t1_0.type=? fetch first ? rows only
?[0m?[0;34mHibernate: select t1_0.id from limits t1_0 where t1_0.type=? fetch first ? rows only
?[0m?[0;34mHibernate: select s1_0.id from stolen_cards s1_0 where s1_0.number=? fetch first ? rows only
?[0m?[0;34mHibernate: select s1_0.id from suspicious_IPs s1_0 where s1_0.ip=? fetch first ? rows only
?[0m?[0;34mHibernate: select t1_0.id,t1_0.amount,t1_0.date,t1_0.feedback,t1_0.ip,t1_0.number,t1_0.region,t1_0.result from transactions t1_0 where t1_0.number=? and t1_0.date between ? and ?
?[0m?[0;34mHibernate: select t1_0.id,t1_0.amount,t1_0.date,t1_0.feedback,t1_0.ip,t1_0.number,t1_0.region,t1_0.result from transactions t1_0 where t1_0.number=? and t1_0.date between ? and ?
?[0m?[0;34mHibernate: select t1_0.id from limits t1_0 where t1_0.type=? fetch first ? rows only
?[0m?[0;34mHibernate: select t1_0.id from limits t1_0 where t1_0.type=? fetch first ? rows only
?[0m?[0;34mHibernate: select s1_0.id from stolen_cards s1_0 where s1_0.number=? fetch first ? rows only
?[0m?[0;34mHibernate: select s1_0.id from suspicious_IPs s1_0 where s1_0.ip=? fetch first ? rows only
?[0m?[0;34mHibernate: select t1_0.id,t1_0.amount,t1_0.date,t1_0.feedback,t1_0.ip,t1_0.number,t1_0.region,t1_0.result from transactions t1_0 where t1_0.number=? and t1_0.date between ? and ?
?[0m?[0;34mHibernate: select t1_0.id,t1_0.amount,t1_0.date,t1_0.feedback,t1_0.ip,t1_0.number,t1_0.region,t1_0.result from transactions t1_0 where t1_0.number=? and t1_0.date between ? and ?
?[0m?[0;34mHibernate: select t1_0.id from limits t1_0 where t1_0.type=? fetch first ? rows only
?[0m?[0;34mHibernate: select t1_0.id from limits t1_0 where t1_0.type=? fetch first ? rows only
?[0m?[0;34mHibernate: select s1_0.id from stolen_cards s1_0 where s1_0.number=? fetch first ? rows only
?[0m?[0;34mHibernate: select s1_0.id from suspicious_IPs s1_0 where s1_0.ip=? fetch first ? rows only
?[0m?[0;34mHibernate: select t1_0.id,t1_0.amount,t1_0.date,t1_0.feedback,t1_0.ip,t1_0.number,t1_0.region,t1_0.result from transactions t1_0 where t1_0.number=? and t1_0.date between ? and ?
?[0m?[0;34mHibernate: select t1_0.id,t1_0.amount,t1_0.date,t1_0.feedback,t1_0.ip,t1_0.number,t1_0.region,t1_0.result from transactions t1_0 where t1_0.number=? and t1_0.date between ? and ?
?[0m?[0;34mHibernate: select t1_0.id from limits t1_0 where t1_0.type=? fetch first ? rows only
?[0m?[0;34mHibernate: select t1_0.id from limits t1_0 where t1_0.type=? fetch first ? rows only
?[0m?[0;34mHibernate: select s1_0.id from stolen_cards s1_0 where s1_0.number=? fetch first ? rows only
?[0m?[0;34mHibernate: select s1_0.id from suspicious_IPs s1_0 where s1_0.ip=? fetch first ? rows only
?[0m?[0;34mHibernate: select t1_0.id,t1_0.amount,t1_0.date,t1_0.feedback,t1_0.ip,t1_0.number,t1_0.region,t1_0.result from transactions t1_0 where t1_0.number=? and t1_0.date between ? and ?
?[0m?[0;34mHibernate: select t1_0.id,t1_0.amount,t1_0.date,t1_0.feedback,t1_0.ip,t1_0.number,t1_0.region,t1_0.result from transactions t1_0 where t1_0.number=? and t1_0.date between ? and ?
?[0m?[0;34mHibernate: select t1_0.id from limits t1_0 where t1_0.type=? fetch first ? rows only
?[0m?[0;34mHibernate: select t1_0.id from limits t1_0 where t1_0.type=? fetch first ? rows only
?[0m?[0;34mHibernate: select s1_0.id from stolen_cards s1_0 where s1_0.number=? fetch first ? rows only
?[0m?[0;34mHibernate: select s1_0.id from suspicious_IPs s1_0 where s1_0.ip=? fetch first ? rows only
?[0m?[0;34mHibernate: select t1_0.id,t1_0.amount,t1_0.date,t1_0.feedback,t1_0.ip,t1_0.number,t1_0.region,t1_0.result from transactions t1_0 where t1_0.number=? and t1_0.date between ? and ?
?[0m?[0;34mHibernate: select t1_0.id,t1_0.amount,t1_0.date,t1_0.feedback,t1_0.ip,t1_0.number,t1_0.region,t1_0.result from transactions t1_0 where t1_0.number=? and t1_0.date between ? and ?
?[0m?[0;34mHibernate: select t1_0.id from limits t1_0 where t1_0.type=? fetch first ? rows only
?[0m?[0;34mHibernate: select t1_0.id from limits t1_0 where t1_0.type=? fetch first ? rows only
?[0m?[0;34mHibernate: select s1_0.id from stolen_cards s1_0 where s1_0.number=? fetch first ? rows only
?[0m?[0;34mHibernate: select s1_0.id from suspicious_IPs s1_0 where s1_0.ip=? fetch first ? rows only
?[0m?[0;34mHibernate: select t1_0.id,t1_0.amount,t1_0.date,t1_0.feedback,t1_0.ip,t1_0.number,t1_0.region,t1_0.result from transactions t1_0 where t1_0.number=? and t1_0.date between ? and ?
?[0m?[0;34mHibernate: select t1_0.id,t1_0.amount,t1_0.date,t1_0.feedback,t1_0.ip,t1_0.number,t1_0.region,t1_0.result from transactions t1_0 where t1_0.number=? and t1_0.date between ? and ?
?[0m?[0;34mHibernate: select t1_0.id from limits t1_0 where t1_0.type=? fetch first ? rows only
?[0m?[0;34mHibernate: select t1_0.id from limits t1_0 where t1_0.type=? fetch first ? rows only
?[0m?[0;34mHibernate: select s1_0.id from stolen_cards s1_0 where s1_0.number=? fetch first ? rows only
?[0m?[0;34mHibernate: select s1_0.id from suspicious_IPs s1_0 where s1_0.ip=? fetch first ? rows only
?[0m?[0;34mHibernate: select t1_0.id,t1_0.amount,t1_0.date,t1_0.feedback,t1_0.ip,t1_0.number,t1_0.region,t1_0.result from transactions t1_0 where t1_0.number=? and t1_0.date between ? and ?
?[0m?[0;34mHibernate: select t1_0.id,t1_0.amount,t1_0.date,t1_0.feedback,t1_0.ip,t1_0.number,t1_0.region,t1_0.result from transactions t1_0 where t1_0.number=? and t1_0.date between ? and ?
?[0m?[0;34mHibernate: select t1_0.id from limits t1_0 where t1_0.type=? fetch first ? rows only
?[0m?[0;34mHibernate: select t1_0.id from limits t1_0 where t1_0.type=? fetch first ? rows only
?[0m?[0;34mHibernate: select s1_0.id from stolen_cards s1_0 where s1_0.number=? fetch first ? rows only
?[0m?[0;34mHibernate: select s1_0.id from suspicious_IPs s1_0 where s1_0.ip=? fetch first ? rows only
?[0m?[0;34mHibernate: select t1_0.id,t1_0.amount,t1_0.date,t1_0.feedback,t1_0.ip,t1_0.number,t1_0.region,t1_0.result from transactions t1_0 where t1_0.number=? and t1_0.date between ? and ?
?[0m?[0;34mHibernate: select t1_0.id,t1_0.amount,t1_0.date,t1_0.feedback,t1_0.ip,t1_0.number,t1_0.region,t1_0.result from transactions t1_0 where t1_0.number=? and t1_0.date between ? and ?
?[0m?[0;34mHibernate: select t1_0.id from limits t1_0 where t1_0.type=? fetch first ? rows only
?[0m?[0;34mHibernate: select t1_0.id from limits t1_0 where t1_0.type=? fetch first ? rows only
?[0m?[0;34mHibernate: select s1_0.id from stolen_cards s1_0 where s1_0.number=? fetch first ? rows only
?[0m?[0;34mHibernate: select s1_0.id from suspicious_IPs s1_0 where s1_0.ip=? fetch first ? rows only
?[0m?[0;34mHibernate: select t1_0.id,t1_0.amount,t1_0.date,t1_0.feedback,t1_0.ip,t1_0.number,t1_0.region,t1_0.result from transactions t1_0 where t1_0.number=? and t1_0.date between ? and ?
?[0m?[0;34mHibernate: select t1_0.id,t1_0.amount,t1_0.date,t1_0.feedback,t1_0.ip,t1_0.number,t1_0.region,t1_0.result from transactions t1_0 where t1_0.number=? and t1_0.date between ? and ?
?[0m?[0;34mHibernate: select t1_0.id from limits t1_0 where t1_0.type=? fetch first ? rows only
?[0m?[0;34mHibernate: select t1_0.id from limits t1_0 where t1_0.type=? fetch first ? rows only
?[0m?[0;34mHibernate: select s1_0.id from stolen_cards s1_0 where s1_0.number=? fetch first ? rows only
?[0m?[0;34mHibernate: select s1_0.id from suspicious_IPs s1_0 where s1_0.ip=? fetch first ? rows only
?[0m?[0;34mHibernate: select t1_0.id,t1_0.amount,t1_0.date,t1_0.feedback,t1_0.ip,t1_0.number,t1_0.region,t1_0.result from transactions t1_0 where t1_0.number=? and t1_0.date between ? and ?
?[0m?[0;34mHibernate: select t1_0.id,t1_0.amount,t1_0.date,t1_0.feedback,t1_0.ip,t1_0.number,t1_0.region,t1_0.result from transactions t1_0 where t1_0.number=? and t1_0.date between ? and ?
?[0m?[0;34mHibernate: select next value for transactions_SEQ
?[0m?[0;34mHibernate: insert into transactions (amount, date, feedback, ip, number, region, result, id) values (?, ?, ?, ?, ?, ?, ?, ?)
?[0m?[1;31m
Start test 16?[0m
?[0;34m2023-07-16T14:07:06.364+02:00  INFO 1424 --- [       Thread-5] o.apache.catalina.core.StandardService   : Stopping service [Tomcat]
?[0m?[0;34m2023-07-16T14:07:06.364+02:00  INFO 1424 --- [       Thread-5] o.a.c.c.C.[Tomcat].[localhost].[/]       : Destroying Spring FrameworkServlet 'dispatcherServlet'
?[0m?[0;34m2023-07-16T14:07:06.364+02:00  INFO 1424 --- [       Thread-5] j.LocalContainerEntityManagerFactoryBean : Closing JPA EntityManagerFactory for persistence unit 'default'
?[0m?[0;34m2023-07-16T14:07:06.381+02:00  INFO 1424 --- [       Thread-5] com.zaxxer.hikari.HikariDataSource       : HikariPool-1 - Shutdown initiated...
?[0m?[0;34m2023-07-16T14:07:06.381+02:00  INFO 1424 --- [       Thread-5] com.zaxxer.hikari.HikariDataSource       : HikariPool-1 - Shutdown completed.
?[0;34m
?[0m?[0;34m  .   ____          _            __ _ _
?[0m?[0;34m /\\ / ___'_ __ _ _(_)_ __  __ _ \ \ \ \
?[0m?[0;34m( ( )\___ | '_ | '_| | '_ \/ _` | \ \ \ \
?[0m?[0;34m \\/  ___)| |_)| | | | | || (_| |  ) ) ) )
?[0m?[0;34m  '  |____| .__|_| |_|_| |_\__, | / / / /
?[0m?[0;34m =========|_|==============|___/=/_/_/_/
?[0m?[0;34m :: Spring Boot ::                (v3.0.2)
?[0m?[0;34m
?[0m?[0;34m2023-07-16T14:07:16.907+02:00  INFO 1424 --- [    Test worker] antifraud.AntiFraudApplication           : Starting AntiFraudApplication using Java 17.0.6 with PID 1424 (started by indyr in C:\Users\indyr\IdeaProjects\Anti-Fraud System\Anti-Fraud System\task)
?[0m?[0;34m2023-07-16T14:07:16.907+02:00  INFO 1424 --- [    Test worker] antifraud.AntiFraudApplication           : No active profile set, falling back to 1 default profile: "default"
?[0m?[0;34m2023-07-16T14:07:17.321+02:00  INFO 1424 --- [    Test worker] .s.d.r.c.RepositoryConfigurationDelegate : Bootstrapping Spring Data JPA repositories in DEFAULT mode.
?[0m?[0;34m2023-07-16T14:07:17.336+02:00  INFO 1424 --- [    Test worker] .s.d.r.c.RepositoryConfigurationDelegate : Finished Spring Data repository scanning in 20 ms. Found 5 JPA repository interfaces.
?[0m?[0;34m2023-07-16T14:07:17.451+02:00  INFO 1424 --- [    Test worker] o.s.b.w.embedded.tomcat.TomcatWebServer  : Tomcat initialized with port(s): 8080 (http)
?[0m?[0;34m2023-07-16T14:07:17.451+02:00  INFO 1424 --- [    Test worker] o.apache.catalina.core.StandardService   : Starting service [Tomcat]
?[0m?[0;34m2023-07-16T14:07:17.451+02:00  INFO 1424 --- [    Test worker] o.apache.catalina.core.StandardEngine    : Starting Servlet engine: [Apache Tomcat/10.1.5]
?[0m?[0;34m2023-07-16T14:07:17.485+02:00  INFO 1424 --- [    Test worker] o.a.c.c.C.[Tomcat].[localhost].[/]       : Initializing Spring embedded WebApplicationContext
?[0m?[0;34m2023-07-16T14:07:17.485+02:00  INFO 1424 --- [    Test worker] w.s.c.ServletWebServerApplicationContext : Root WebApplicationContext: initialization completed in 578 ms
?[0m?[0;34m2023-07-16T14:07:17.545+02:00  WARN 1424 --- [    Test worker] .t.u.s.PrivilegedSetAccessControlContext : Unable to set field Thread.inheritedAccessControlContext
?[0m?[0;34m
?[0m?[0;34mjava.lang.IllegalAccessException: class org.apache.tomcat.util.security.PrivilegedSetAccessControlContext cannot access a member of class java.lang.Thread (in module java.base) with modifiers "private"
?[0m?[0;34m	at java.base/jdk.internal.reflect.Reflection.newIllegalAccessException(Reflection.java:392) ~[na:na]
?[0m?[0;34m	at java.base/java.lang.reflect.AccessibleObject.checkAccess(AccessibleObject.java:674) ~[na:na]
?[0m?[0;34m	at java.base/java.lang.reflect.Field.checkAccess(Field.java:1102) ~[na:na]
?[0m?[0;34m	at java.base/java.lang.reflect.Field.set(Field.java:797) ~[na:na]
?[0m?[0;34m	at org.apache.tomcat.util.security.PrivilegedSetAccessControlContext.run(PrivilegedSetAccessControlContext.java:60) ~[tomcat-embed-core-10.1.5.jar:10.1.5]
?[0m?[0;34m	at org.apache.tomcat.util.security.PrivilegedSetAccessControlContext.run(PrivilegedSetAccessControlContext.java:28) ~[tomcat-embed-core-10.1.5.jar:10.1.5]
?[0m?[0;34m	at java.base/java.security.AccessController.doPrivileged(AccessController.java:318) ~[na:na]
?[0m?[0;34m	at org.apache.tomcat.util.threads.TaskThreadFactory.newThread(TaskThreadFactory.java:64) ~[tomcat-embed-core-10.1.5.jar:10.1.5]
?[0m?[0;34m	at java.base/java.util.concurrent.ThreadPoolExecutor$Worker.<init>(ThreadPoolExecutor.java:630) ~[na:na]
?[0m?[0;34m	at java.base/java.util.concurrent.ThreadPoolExecutor.addWorker(ThreadPoolExecutor.java:920) ~[na:na]
?[0m?[0;34m	at java.base/java.util.concurrent.ThreadPoolExecutor.ensurePrestart(ThreadPoolExecutor.java:1593) ~[na:na]
?[0m?[0;34m	at java.base/java.util.concurrent.ScheduledThreadPoolExecutor.delayedExecute(ScheduledThreadPoolExecutor.java:346) ~[na:na]
?[0m?[0;34m	at java.base/java.util.concurrent.ScheduledThreadPoolExecutor.scheduleWithFixedDelay(ScheduledThreadPoolExecutor.java:680) ~[na:na]
?[0m?[0;34m	at org.apache.tomcat.util.threads.ScheduledThreadPoolExecutor.scheduleWithFixedDelay(ScheduledThreadPoolExecutor.java:138) ~[tomcat-embed-core-10.1.5.jar:10.1.5]
?[0m?[0;34m	at org.apache.catalina.core.ContainerBase.startInternal(ContainerBase.java:948) ~[tomcat-embed-core-10.1.5.jar:10.1.5]
?[0m?[0;34m	at org.apache.catalina.core.StandardEngine.startInternal(StandardEngine.java:252) ~[tomcat-embed-core-10.1.5.jar:10.1.5]
?[0m?[0;34m	at org.apache.catalina.util.LifecycleBase.start(LifecycleBase.java:183) ~[tomcat-embed-core-10.1.5.jar:10.1.5]
?[0m?[0;34m	at org.apache.catalina.core.StandardService.startInternal(StandardService.java:430) ~[tomcat-embed-core-10.1.5.jar:10.1.5]
?[0m?[0;34m	at org.apache.catalina.util.LifecycleBase.start(LifecycleBase.java:183) ~[tomcat-embed-core-10.1.5.jar:10.1.5]
?[0m?[0;34m	at org.apache.catalina.core.StandardServer.startInternal(StandardServer.java:926) ~[tomcat-embed-core-10.1.5.jar:10.1.5]
?[0m?[0;34m	at org.apache.catalina.util.LifecycleBase.start(LifecycleBase.java:183) ~[tomcat-embed-core-10.1.5.jar:10.1.5]
?[0m?[0;34m	at org.apache.catalina.startup.Tomcat.start(Tomcat.java:485) ~[tomcat-embed-core-10.1.5.jar:10.1.5]
?[0m?[0;34m	at org.springframework.boot.web.embedded.tomcat.TomcatWebServer.initialize(TomcatWebServer.java:123) ~[spring-boot-3.0.2.jar:3.0.2]
?[0m?[0;34m	at org.springframework.boot.web.embedded.tomcat.TomcatWebServer.<init>(TomcatWebServer.java:104) ~[spring-boot-3.0.2.jar:3.0.2]
?[0m?[0;34m	at org.springframework.boot.web.embedded.tomcat.TomcatServletWebServerFactory.getTomcatWebServer(TomcatServletWebServerFactory.java:486) ~[spring-boot-3.0.2.jar:3.0.2]
?[0m?[0;34m	at org.springframework.boot.web.embedded.tomcat.TomcatServletWebServerFactory.getWebServer(TomcatServletWebServerFactory.java:210) ~[spring-boot-3.0.2.jar:3.0.2]
?[0m?[0;34m	at org.springframework.boot.web.servlet.context.ServletWebServerApplicationContext.createWebServer(ServletWebServerApplicationContext.java:183) ~[spring-boot-3.0.2.jar:3.0.2]
?[0m?[0;34m	at org.springframework.boot.web.servlet.context.ServletWebServerApplicationContext.onRefresh(ServletWebServerApplicationContext.java:161) ~[spring-boot-3.0.2.jar:3.0.2]
?[0m?[0;34m	at org.springframework.context.support.AbstractApplicationContext.refresh(AbstractApplicationContext.java:578) ~[spring-context-6.0.4.jar:6.0.4]
?[0m?[0;34m	at org.springframework.boot.web.servlet.context.ServletWebServerApplicationContext.refresh(ServletWebServerApplicationContext.java:146) ~[spring-boot-3.0.2.jar:3.0.2]
?[0m?[0;34m	at org.springframework.boot.SpringApplication.refresh(SpringApplication.java:730) ~[spring-boot-3.0.2.jar:3.0.2]
?[0m?[0;34m	at org.springframework.boot.SpringApplication.refreshContext(SpringApplication.java:432) ~[spring-boot-3.0.2.jar:3.0.2]
?[0m?[0;34m	at org.springframework.boot.SpringApplication.run(SpringApplication.java:308) ~[spring-boot-3.0.2.jar:3.0.2]
?[0m?[0;34m	at org.springframework.boot.SpringApplication.run(SpringApplication.java:1302) ~[spring-boot-3.0.2.jar:3.0.2]
?[0m?[0;34m	at org.springframework.boot.SpringApplication.run(SpringApplication.java:1291) ~[spring-boot-3.0.2.jar:3.0.2]
?[0m?[0;34m	at antifraud.AntiFraudApplication.main(AntiFraudApplication.java:10) ~[main/:na]
?[0m?[0;34m	at java.base/jdk.internal.reflect.NativeMethodAccessorImpl.invoke0(Native Method) ~[na:na]
?[0m?[0;34m	at java.base/jdk.internal.reflect.NativeMethodAccessorImpl.invoke(NativeMethodAccessorImpl.java:77) ~[na:na]
?[0m?[0;34m	at java.base/jdk.internal.reflect.DelegatingMethodAccessorImpl.invoke(DelegatingMethodAccessorImpl.java:43) ~[na:na]
?[0m?[0;34m	at java.base/java.lang.reflect.Method.invoke(Method.java:568) ~[na:na]
?[0m?[0;34m	at org.hyperskill.hstest.stage.SpringTest.startSpring(SpringTest.java:187) ~[hs-test-release-SNAPSHOT.jar:na]
?[0m?[0;34m	at org.hyperskill.hstest.stage.SpringTest.reloadSpring(SpringTest.java:239) ~[hs-test-release-SNAPSHOT.jar:na]
?[0m?[0;34m	at AntiFraudTest.restartApplication(AntiFraudTest.java:767) ~[test/:na]
?[0m?[0;34m	at AntiFraudTest.lambda$new$20(AntiFraudTest.java:1335) ~[test/:na]
?[0m?[0;34m	at org.hyperskill.hstest.dynamic.input.DynamicTesting.lambda$searchDynamicTests$3(DynamicTesting.java:289) ~[hs-test-release-SNAPSHOT.jar:na]
?[0m?[0;34m	at org.hyperskill.hstest.dynamic.input.DynamicTesting$1DynamicTestElement.lambda$getTests$0(DynamicTesting.java:252) ~[hs-test-release-SNAPSHOT.jar:na]
?[0m?[0;34m	at org.hyperskill.hstest.testing.runner.SpringApplicationRunner.test(SpringApplicationRunner.java:43) ~[hs-test-release-SNAPSHOT.jar:na]
?[0m?[0;34m	at org.hyperskill.hstest.testing.TestRun.test(TestRun.java:94) ~[hs-test-release-SNAPSHOT.jar:na]
?[0m?[0;34m	at org.hyperskill.hstest.stage.StageTest.start(StageTest.java:164) ~[hs-test-release-SNAPSHOT.jar:na]
?[0m?[0;34m	at java.base/jdk.internal.reflect.NativeMethodAccessorImpl.invoke0(Native Method) ~[na:na]
?[0m?[0;34m	at java.base/jdk.internal.reflect.NativeMethodAccessorImpl.invoke(NativeMethodAccessorImpl.java:77) ~[na:na]
?[0m?[0;34m	at java.base/jdk.internal.reflect.DelegatingMethodAccessorImpl.invoke(DelegatingMethodAccessorImpl.java:43) ~[na:na]
?[0m?[0;34m	at java.base/java.lang.reflect.Method.invoke(Method.java:568) ~[na:na]
?[0m?[0;34m	at org.junit.runners.model.FrameworkMethod$1.runReflectiveCall(FrameworkMethod.java:59) ~[junit-4.13.2.jar:4.13.2]
?[0m?[0;34m	at org.junit.internal.runners.model.ReflectiveCallable.run(ReflectiveCallable.java:12) ~[junit-4.13.2.jar:4.13.2]
?[0m?[0;34m	at org.junit.runners.model.FrameworkMethod.invokeExplosively(FrameworkMethod.java:56) ~[junit-4.13.2.jar:4.13.2]
?[0m?[0;34m	at org.junit.internal.runners.statements.InvokeMethod.evaluate(InvokeMethod.java:17) ~[junit-4.13.2.jar:4.13.2]
?[0m?[0;34m	at org.junit.internal.runners.statements.RunAfters.evaluate(RunAfters.java:27) ~[junit-4.13.2.jar:4.13.2]
?[0m?[0;34m	at org.junit.runners.ParentRunner$3.evaluate(ParentRunner.java:306) ~[junit-4.13.2.jar:4.13.2]
?[0m?[0;34m	at org.junit.runners.BlockJUnit4ClassRunner$1.evaluate(BlockJUnit4ClassRunner.java:100) ~[junit-4.13.2.jar:4.13.2]
?[0m?[0;34m	at org.junit.runners.ParentRunner.runLeaf(ParentRunner.java:366) ~[junit-4.13.2.jar:4.13.2]
?[0m?[0;34m	at org.junit.runners.BlockJUnit4ClassRunner.runChild(BlockJUnit4ClassRunner.java:103) ~[junit-4.13.2.jar:4.13.2]
?[0m?[0;34m	at org.junit.runners.BlockJUnit4ClassRunner.runChild(BlockJUnit4ClassRunner.java:63) ~[junit-4.13.2.jar:4.13.2]
?[0m?[0;34m	at org.junit.runners.ParentRunner$4.run(ParentRunner.java:331) ~[junit-4.13.2.jar:4.13.2]
?[0m?[0;34m	at org.junit.runners.ParentRunner$1.schedule(ParentRunner.java:79) ~[junit-4.13.2.jar:4.13.2]
?[0m?[0;34m	at org.junit.runners.ParentRunner.runChildren(ParentRunner.java:329) ~[junit-4.13.2.jar:4.13.2]
?[0m?[0;34m	at org.junit.runners.ParentRunner.access$100(ParentRunner.java:66) ~[junit-4.13.2.jar:4.13.2]
?[0m?[0;34m	at org.junit.runners.ParentRunner$2.evaluate(ParentRunner.java:293) ~[junit-4.13.2.jar:4.13.2]
?[0m?[0;34m	at org.junit.runners.ParentRunner$3.evaluate(ParentRunner.java:306) ~[junit-4.13.2.jar:4.13.2]
?[0m?[0;34m	at org.junit.runners.ParentRunner.run(ParentRunner.java:413) ~[junit-4.13.2.jar:4.13.2]
?[0m?[0;34m	at org.gradle.api.internal.tasks.testing.junit.JUnitTestClassExecutor.runTestClass(JUnitTestClassExecutor.java:108) ~[na:na]
?[0m?[0;34m	at org.gradle.api.internal.tasks.testing.junit.JUnitTestClassExecutor.execute(JUnitTestClassExecutor.java:57) ~[na:na]
?[0m?[0;34m	at org.gradle.api.internal.tasks.testing.junit.JUnitTestClassExecutor.execute(JUnitTestClassExecutor.java:39) ~[na:na]
?[0m?[0;34m	at org.gradle.api.internal.tasks.testing.junit.AbstractJUnitTestClassProcessor.processTestClass(AbstractJUnitTestClassProcessor.java:62) ~[na:na]
?[0m?[0;34m	at org.gradle.api.internal.tasks.testing.SuiteTestClassProcessor.processTestClass(SuiteTestClassProcessor.java:52) ~[na:na]
?[0m?[0;34m	at java.base/jdk.internal.reflect.NativeMethodAccessorImpl.invoke0(Native Method) ~[na:na]
?[0m?[0;34m	at java.base/jdk.internal.reflect.NativeMethodAccessorImpl.invoke(NativeMethodAccessorImpl.java:77) ~[na:na]
?[0m?[0;34m	at java.base/jdk.internal.reflect.DelegatingMethodAccessorImpl.invoke(DelegatingMethodAccessorImpl.java:43) ~[na:na]
?[0m?[0;34m	at java.base/java.lang.reflect.Method.invoke(Method.java:568) ~[na:na]
?[0m?[0;34m	at org.gradle.internal.dispatch.ReflectionDispatch.dispatch(ReflectionDispatch.java:36) ~[na:na]
?[0m?[0;34m	at org.gradle.internal.dispatch.ReflectionDispatch.dispatch(ReflectionDispatch.java:24) ~[na:na]
?[0m?[0;34m	at org.gradle.internal.dispatch.ContextClassLoaderDispatch.dispatch(ContextClassLoaderDispatch.java:33) ~[na:na]
?[0m?[0;34m	at org.gradle.internal.dispatch.ProxyDispatchAdapter$DispatchingInvocationHandler.invoke(ProxyDispatchAdapter.java:94) ~[na:na]
?[0m?[0;34m	at jdk.proxy1/jdk.proxy1.$Proxy2.processTestClass(Unknown Source) ~[na:na]
?[0m?[0;34m	at org.gradle.api.internal.tasks.testing.worker.TestWorker$2.run(TestWorker.java:176) ~[na:na]
?[0m?[0;34m	at org.gradle.api.internal.tasks.testing.worker.TestWorker.executeAndMaintainThreadName(TestWorker.java:129) ~[na:na]
?[0m?[0;34m	at org.gradle.api.internal.tasks.testing.worker.TestWorker.execute(TestWorker.java:100) ~[na:na]
?[0m?[0;34m	at org.gradle.api.internal.tasks.testing.worker.TestWorker.execute(TestWorker.java:60) ~[na:na]
?[0m?[0;34m	at org.gradle.process.internal.worker.child.ActionExecutionWorker.execute(ActionExecutionWorker.java:56) ~[na:na]
?[0m?[0;34m	at org.gradle.process.internal.worker.child.SystemApplicationClassLoaderWorker.call(SystemApplicationClassLoaderWorker.java:113) ~[na:na]
?[0m?[0;34m	at org.gradle.process.internal.worker.child.SystemApplicationClassLoaderWorker.call(SystemApplicationClassLoaderWorker.java:65) ~[na:na]
?[0m?[0;34m	at worker.org.gradle.process.internal.worker.GradleWorkerMain.run(GradleWorkerMain.java:69) ~[gradle-worker.jar:na]
?[0m?[0;34m	at worker.org.gradle.process.internal.worker.GradleWorkerMain.main(GradleWorkerMain.java:74) ~[gradle-worker.jar:na]
?[0m?[0;34m
?[0m?[0;34m2023-07-16T14:07:17.549+02:00  WARN 1424 --- [    Test worker] .t.u.s.PrivilegedSetAccessControlContext : Unable to set field Thread.inheritedAccessControlContext
?[0m?[0;34m
?[0m?[0;34mjava.lang.IllegalAccessException: class org.apache.tomcat.util.security.PrivilegedSetAccessControlContext cannot access a member of class java.lang.Thread (in module java.base) with modifiers "private"
?[0m?[0;34m	at java.base/jdk.internal.reflect.Reflection.newIllegalAccessException(Reflection.java:392) ~[na:na]
?[0m?[0;34m	at java.base/java.lang.reflect.AccessibleObject.checkAccess(AccessibleObject.java:674) ~[na:na]
?[0m?[0;34m	at java.base/java.lang.reflect.Field.checkAccess(Field.java:1102) ~[na:na]
?[0m?[0;34m	at java.base/java.lang.reflect.Field.set(Field.java:797) ~[na:na]
?[0m?[0;34m	at org.apache.tomcat.util.security.PrivilegedSetAccessControlContext.run(PrivilegedSetAccessControlContext.java:60) ~[tomcat-embed-core-10.1.5.jar:10.1.5]
?[0m?[0;34m	at org.apache.tomcat.util.security.PrivilegedSetAccessControlContext.run(PrivilegedSetAccessControlContext.java:28) ~[tomcat-embed-core-10.1.5.jar:10.1.5]
?[0m?[0;34m	at java.base/java.security.AccessController.doPrivileged(AccessController.java:318) ~[na:na]
?[0m?[0;34m	at org.apache.tomcat.util.threads.TaskThreadFactory.newThread(TaskThreadFactory.java:64) ~[tomcat-embed-core-10.1.5.jar:10.1.5]
?[0m?[0;34m	at java.base/java.util.concurrent.ThreadPoolExecutor$Worker.<init>(ThreadPoolExecutor.java:630) ~[na:na]
?[0m?[0;34m	at java.base/java.util.concurrent.ThreadPoolExecutor.addWorker(ThreadPoolExecutor.java:920) ~[na:na]
?[0m?[0;34m	at java.base/java.util.concurrent.ThreadPoolExecutor.ensurePrestart(ThreadPoolExecutor.java:1593) ~[na:na]
?[0m?[0;34m	at java.base/java.util.concurrent.ScheduledThreadPoolExecutor.delayedExecute(ScheduledThreadPoolExecutor.java:346) ~[na:na]
?[0m?[0;34m	at java.base/java.util.concurrent.ScheduledThreadPoolExecutor.scheduleWithFixedDelay(ScheduledThreadPoolExecutor.java:680) ~[na:na]
?[0m?[0;34m	at org.apache.tomcat.util.threads.ScheduledThreadPoolExecutor.scheduleWithFixedDelay(ScheduledThreadPoolExecutor.java:138) ~[tomcat-embed-core-10.1.5.jar:10.1.5]
?[0m?[0;34m	at org.apache.catalina.core.StandardServer.startInternal(StandardServer.java:931) ~[tomcat-embed-core-10.1.5.jar:10.1.5]
?[0m?[0;34m	at org.apache.catalina.util.LifecycleBase.start(LifecycleBase.java:183) ~[tomcat-embed-core-10.1.5.jar:10.1.5]
?[0m?[0;34m	at org.apache.catalina.startup.Tomcat.start(Tomcat.java:485) ~[tomcat-embed-core-10.1.5.jar:10.1.5]
?[0m?[0;34m	at org.springframework.boot.web.embedded.tomcat.TomcatWebServer.initialize(TomcatWebServer.java:123) ~[spring-boot-3.0.2.jar:3.0.2]
?[0m?[0;34m	at org.springframework.boot.web.embedded.tomcat.TomcatWebServer.<init>(TomcatWebServer.java:104) ~[spring-boot-3.0.2.jar:3.0.2]
?[0m?[0;34m	at org.springframework.boot.web.embedded.tomcat.TomcatServletWebServerFactory.getTomcatWebServer(TomcatServletWebServerFactory.java:486) ~[spring-boot-3.0.2.jar:3.0.2]
?[0m?[0;34m	at org.springframework.boot.web.embedded.tomcat.TomcatServletWebServerFactory.getWebServer(TomcatServletWebServerFactory.java:210) ~[spring-boot-3.0.2.jar:3.0.2]
?[0m?[0;34m	at org.springframework.boot.web.servlet.context.ServletWebServerApplicationContext.createWebServer(ServletWebServerApplicationContext.java:183) ~[spring-boot-3.0.2.jar:3.0.2]
?[0m?[0;34m	at org.springframework.boot.web.servlet.context.ServletWebServerApplicationContext.onRefresh(ServletWebServerApplicationContext.java:161) ~[spring-boot-3.0.2.jar:3.0.2]
?[0m?[0;34m	at org.springframework.context.support.AbstractApplicationContext.refresh(AbstractApplicationContext.java:578) ~[spring-context-6.0.4.jar:6.0.4]
?[0m?[0;34m	at org.springframework.boot.web.servlet.context.ServletWebServerApplicationContext.refresh(ServletWebServerApplicationContext.java:146) ~[spring-boot-3.0.2.jar:3.0.2]
?[0m?[0;34m	at org.springframework.boot.SpringApplication.refresh(SpringApplication.java:730) ~[spring-boot-3.0.2.jar:3.0.2]
?[0m?[0;34m	at org.springframework.boot.SpringApplication.refreshContext(SpringApplication.java:432) ~[spring-boot-3.0.2.jar:3.0.2]
?[0m?[0;34m	at org.springframework.boot.SpringApplication.run(SpringApplication.java:308) ~[spring-boot-3.0.2.jar:3.0.2]
?[0m?[0;34m	at org.springframework.boot.SpringApplication.run(SpringApplication.java:1302) ~[spring-boot-3.0.2.jar:3.0.2]
?[0m?[0;34m	at org.springframework.boot.SpringApplication.run(SpringApplication.java:1291) ~[spring-boot-3.0.2.jar:3.0.2]
?[0m?[0;34m	at antifraud.AntiFraudApplication.main(AntiFraudApplication.java:10) ~[main/:na]
?[0m?[0;34m	at java.base/jdk.internal.reflect.NativeMethodAccessorImpl.invoke0(Native Method) ~[na:na]
?[0m?[0;34m	at java.base/jdk.internal.reflect.NativeMethodAccessorImpl.invoke(NativeMethodAccessorImpl.java:77) ~[na:na]
?[0m?[0;34m	at java.base/jdk.internal.reflect.DelegatingMethodAccessorImpl.invoke(DelegatingMethodAccessorImpl.java:43) ~[na:na]
?[0m?[0;34m	at java.base/java.lang.reflect.Method.invoke(Method.java:568) ~[na:na]
?[0m?[0;34m	at org.hyperskill.hstest.stage.SpringTest.startSpring(SpringTest.java:187) ~[hs-test-release-SNAPSHOT.jar:na]
?[0m?[0;34m	at org.hyperskill.hstest.stage.SpringTest.reloadSpring(SpringTest.java:239) ~[hs-test-release-SNAPSHOT.jar:na]
?[0m?[0;34m	at AntiFraudTest.restartApplication(AntiFraudTest.java:767) ~[test/:na]
?[0m?[0;34m	at AntiFraudTest.lambda$new$20(AntiFraudTest.java:1335) ~[test/:na]
?[0m?[0;34m	at org.hyperskill.hstest.dynamic.input.DynamicTesting.lambda$searchDynamicTests$3(DynamicTesting.java:289) ~[hs-test-release-SNAPSHOT.jar:na]
?[0m?[0;34m	at org.hyperskill.hstest.dynamic.input.DynamicTesting$1DynamicTestElement.lambda$getTests$0(DynamicTesting.java:252) ~[hs-test-release-SNAPSHOT.jar:na]
?[0m?[0;34m	at org.hyperskill.hstest.testing.runner.SpringApplicationRunner.test(SpringApplicationRunner.java:43) ~[hs-test-release-SNAPSHOT.jar:na]
?[0m?[0;34m	at org.hyperskill.hstest.testing.TestRun.test(TestRun.java:94) ~[hs-test-release-SNAPSHOT.jar:na]
?[0m?[0;34m	at org.hyperskill.hstest.stage.StageTest.start(StageTest.java:164) ~[hs-test-release-SNAPSHOT.jar:na]
?[0m?[0;34m	at java.base/jdk.internal.reflect.NativeMethodAccessorImpl.invoke0(Native Method) ~[na:na]
?[0m?[0;34m	at java.base/jdk.internal.reflect.NativeMethodAccessorImpl.invoke(NativeMethodAccessorImpl.java:77) ~[na:na]
?[0m?[0;34m	at java.base/jdk.internal.reflect.DelegatingMethodAccessorImpl.invoke(DelegatingMethodAccessorImpl.java:43) ~[na:na]
?[0m?[0;34m	at java.base/java.lang.reflect.Method.invoke(Method.java:568) ~[na:na]
?[0m?[0;34m	at org.junit.runners.model.FrameworkMethod$1.runReflectiveCall(FrameworkMethod.java:59) ~[junit-4.13.2.jar:4.13.2]
?[0m?[0;34m	at org.junit.internal.runners.model.ReflectiveCallable.run(ReflectiveCallable.java:12) ~[junit-4.13.2.jar:4.13.2]
?[0m?[0;34m	at org.junit.runners.model.FrameworkMethod.invokeExplosively(FrameworkMethod.java:56) ~[junit-4.13.2.jar:4.13.2]
?[0m?[0;34m	at org.junit.internal.runners.statements.InvokeMethod.evaluate(InvokeMethod.java:17) ~[junit-4.13.2.jar:4.13.2]
?[0m?[0;34m	at org.junit.internal.runners.statements.RunAfters.evaluate(RunAfters.java:27) ~[junit-4.13.2.jar:4.13.2]
?[0m?[0;34m	at org.junit.runners.ParentRunner$3.evaluate(ParentRunner.java:306) ~[junit-4.13.2.jar:4.13.2]
?[0m?[0;34m	at org.junit.runners.BlockJUnit4ClassRunner$1.evaluate(BlockJUnit4ClassRunner.java:100) ~[junit-4.13.2.jar:4.13.2]
?[0m?[0;34m	at org.junit.runners.ParentRunner.runLeaf(ParentRunner.java:366) ~[junit-4.13.2.jar:4.13.2]
?[0m?[0;34m	at org.junit.runners.BlockJUnit4ClassRunner.runChild(BlockJUnit4ClassRunner.java:103) ~[junit-4.13.2.jar:4.13.2]
?[0m?[0;34m	at org.junit.runners.BlockJUnit4ClassRunner.runChild(BlockJUnit4ClassRunner.java:63) ~[junit-4.13.2.jar:4.13.2]
?[0m?[0;34m	at org.junit.runners.ParentRunner$4.run(ParentRunner.java:331) ~[junit-4.13.2.jar:4.13.2]
?[0m?[0;34m	at org.junit.runners.ParentRunner$1.schedule(ParentRunner.java:79) ~[junit-4.13.2.jar:4.13.2]
?[0m?[0;34m	at org.junit.runners.ParentRunner.runChildren(ParentRunner.java:329) ~[junit-4.13.2.jar:4.13.2]
?[0m?[0;34m	at org.junit.runners.ParentRunner.access$100(ParentRunner.java:66) ~[junit-4.13.2.jar:4.13.2]
?[0m?[0;34m	at org.junit.runners.ParentRunner$2.evaluate(ParentRunner.java:293) ~[junit-4.13.2.jar:4.13.2]
?[0m?[0;34m	at org.junit.runners.ParentRunner$3.evaluate(ParentRunner.java:306) ~[junit-4.13.2.jar:4.13.2]
?[0m?[0;34m	at org.junit.runners.ParentRunner.run(ParentRunner.java:413) ~[junit-4.13.2.jar:4.13.2]
?[0m?[0;34m	at org.gradle.api.internal.tasks.testing.junit.JUnitTestClassExecutor.runTestClass(JUnitTestClassExecutor.java:108) ~[na:na]
?[0m?[0;34m	at org.gradle.api.internal.tasks.testing.junit.JUnitTestClassExecutor.execute(JUnitTestClassExecutor.java:57) ~[na:na]
?[0m?[0;34m	at org.gradle.api.internal.tasks.testing.junit.JUnitTestClassExecutor.execute(JUnitTestClassExecutor.java:39) ~[na:na]
?[0m?[0;34m	at org.gradle.api.internal.tasks.testing.junit.AbstractJUnitTestClassProcessor.processTestClass(AbstractJUnitTestClassProcessor.java:62) ~[na:na]
?[0m?[0;34m	at org.gradle.api.internal.tasks.testing.SuiteTestClassProcessor.processTestClass(SuiteTestClassProcessor.java:52) ~[na:na]
?[0m?[0;34m	at java.base/jdk.internal.reflect.NativeMethodAccessorImpl.invoke0(Native Method) ~[na:na]
?[0m?[0;34m	at java.base/jdk.internal.reflect.NativeMethodAccessorImpl.invoke(NativeMethodAccessorImpl.java:77) ~[na:na]
?[0m?[0;34m	at java.base/jdk.internal.reflect.DelegatingMethodAccessorImpl.invoke(DelegatingMethodAccessorImpl.java:43) ~[na:na]
?[0m?[0;34m	at java.base/java.lang.reflect.Method.invoke(Method.java:568) ~[na:na]
?[0m?[0;34m	at org.gradle.internal.dispatch.ReflectionDispatch.dispatch(ReflectionDispatch.java:36) ~[na:na]
?[0m?[0;34m	at org.gradle.internal.dispatch.ReflectionDispatch.dispatch(ReflectionDispatch.java:24) ~[na:na]
?[0m?[0;34m	at org.gradle.internal.dispatch.ContextClassLoaderDispatch.dispatch(ContextClassLoaderDispatch.java:33) ~[na:na]
?[0m?[0;34m	at org.gradle.internal.dispatch.ProxyDispatchAdapter$DispatchingInvocationHandler.invoke(ProxyDispatchAdapter.java:94) ~[na:na]
?[0m?[0;34m	at jdk.proxy1/jdk.proxy1.$Proxy2.processTestClass(Unknown Source) ~[na:na]
?[0m?[0;34m	at org.gradle.api.internal.tasks.testing.worker.TestWorker$2.run(TestWorker.java:176) ~[na:na]
?[0m?[0;34m	at org.gradle.api.internal.tasks.testing.worker.TestWorker.executeAndMaintainThreadName(TestWorker.java:129) ~[na:na]
?[0m?[0;34m	at org.gradle.api.internal.tasks.testing.worker.TestWorker.execute(TestWorker.java:100) ~[na:na]
?[0m?[0;34m	at org.gradle.api.internal.tasks.testing.worker.TestWorker.execute(TestWorker.java:60) ~[na:na]
?[0m?[0;34m	at org.gradle.process.internal.worker.child.ActionExecutionWorker.execute(ActionExecutionWorker.java:56) ~[na:na]
?[0m?[0;34m	at org.gradle.process.internal.worker.child.SystemApplicationClassLoaderWorker.call(SystemApplicationClassLoaderWorker.java:113) ~[na:na]
?[0m?[0;34m	at org.gradle.process.internal.worker.child.SystemApplicationClassLoaderWorker.call(SystemApplicationClassLoaderWorker.java:65) ~[na:na]
?[0m?[0;34m	at worker.org.gradle.process.internal.worker.GradleWorkerMain.run(GradleWorkerMain.java:69) ~[gradle-worker.jar:na]
?[0m?[0;34m	at worker.org.gradle.process.internal.worker.GradleWorkerMain.main(GradleWorkerMain.java:74) ~[gradle-worker.jar:na]
?[0m?[0;34m
?[0m?[0;34m2023-07-16T14:07:17.595+02:00  INFO 1424 --- [    Test worker] o.hibernate.jpa.internal.util.LogHelper  : HHH000204: Processing PersistenceUnitInfo [name: default]
?[0m?[0;34m2023-07-16T14:07:17.595+02:00  WARN 1424 --- [    Test worker] org.hibernate.orm.deprecation            : HHH90000021: Encountered deprecated setting [javax.persistence.sharedCache.mode], use [jakarta.persistence.sharedCache.mode] instead
?[0m?[0;34m2023-07-16T14:07:17.611+02:00  INFO 1424 --- [    Test worker] com.zaxxer.hikari.HikariDataSource       : HikariPool-2 - Starting...
?[0m?[0;34m2023-07-16T14:07:17.626+02:00  INFO 1424 --- [    Test worker] com.zaxxer.hikari.pool.HikariPool        : HikariPool-2 - Added connection conn10: url=jdbc:h2:file:../service_db user=
?[0m?[0;34m2023-07-16T14:07:17.626+02:00  INFO 1424 --- [    Test worker] com.zaxxer.hikari.HikariDataSource       : HikariPool-2 - Start completed.
?[0m?[0;34m2023-07-16T14:07:17.626+02:00  INFO 1424 --- [    Test worker] SQL dialect                              : HHH000400: Using dialect: org.hibernate.dialect.H2Dialect
?[0m?[0;34m2023-07-16T14:07:17.815+02:00  INFO 1424 --- [    Test worker] o.h.e.t.j.p.i.JtaPlatformInitiator       : HHH000490: Using JtaPlatform implementation: [org.hibernate.engine.transaction.jta.platform.internal.NoJtaPlatform]
?[0m?[0;34m2023-07-16T14:07:17.815+02:00  INFO 1424 --- [    Test worker] j.LocalContainerEntityManagerFactoryBean : Initialized JPA EntityManagerFactory for persistence unit 'default'
?[0m?[0;34m2023-07-16T14:07:17.893+02:00  WARN 1424 --- [    Test worker] JpaBaseConfiguration$JpaWebConfiguration : spring.jpa.open-in-view is enabled by default. Therefore, database queries may be performed during view rendering. Explicitly configure spring.jpa.open-in-view to disable this warning
?[0m?[0;34m2023-07-16T14:07:18.019+02:00  INFO 1424 --- [    Test worker] o.s.b.a.e.web.EndpointLinksResolver      : Exposing 14 endpoint(s) beneath base path '/actuator'
?[0m?[0;34m2023-07-16T14:07:18.033+02:00  INFO 1424 --- [    Test worker] o.s.s.web.DefaultSecurityFilterChain     : Will secure any request with [org.springframework.security.web.session.DisableEncodeUrlFilter@ba76911, org.springframework.security.web.context.request.async.WebAsyncManagerIntegrationFilter@ffb8f15, org.springframework.security.web.context.SecurityContextHolderFilter@4471f216, org.springframework.security.web.header.HeaderWriterFilter@3e9c59ed, org.springframework.security.web.authentication.logout.LogoutFilter@320bfc61, org.springframework.security.web.authentication.www.BasicAuthenticationFilter@66227940, org.springframework.security.web.savedrequest.RequestCacheAwareFilter@4528a8bf, org.springframework.security.web.servletapi.SecurityContextHolderAwareRequestFilter@1927c2c6, org.springframework.security.web.authentication.AnonymousAuthenticationFilter@1a0b51e7, org.springframework.security.web.session.SessionManagementFilter@365ad794, org.springframework.security.web.access.ExceptionTranslationFilter@6a4d72bd, org.springframework.security.web.access.intercept.AuthorizationFilter@157002b7]
?[0m?[0;34m2023-07-16T14:07:18.117+02:00  WARN 1424 --- [    Test worker] .t.u.s.PrivilegedSetAccessControlContext : Unable to set field Thread.inheritedAccessControlContext
?[0m?[0;34m
?[0m?[0;34mjava.lang.IllegalAccessException: class org.apache.tomcat.util.security.PrivilegedSetAccessControlContext cannot access a member of class java.lang.Thread (in module java.base) with modifiers "private"
?[0m?[0;34m	at java.base/jdk.internal.reflect.Reflection.newIllegalAccessException(Reflection.java:392) ~[na:na]
?[0m?[0;34m	at java.base/java.lang.reflect.AccessibleObject.checkAccess(AccessibleObject.java:674) ~[na:na]
?[0m?[0;34m	at java.base/java.lang.reflect.Field.checkAccess(Field.java:1102) ~[na:na]
?[0m?[0;34m	at java.base/java.lang.reflect.Field.set(Field.java:797) ~[na:na]
?[0m?[0;34m	at org.apache.tomcat.util.security.PrivilegedSetAccessControlContext.run(PrivilegedSetAccessControlContext.java:60) ~[tomcat-embed-core-10.1.5.jar:10.1.5]
?[0m?[0;34m	at org.apache.tomcat.util.security.PrivilegedSetAccessControlContext.run(PrivilegedSetAccessControlContext.java:28) ~[tomcat-embed-core-10.1.5.jar:10.1.5]
?[0m?[0;34m	at java.base/java.security.AccessController.doPrivileged(AccessController.java:318) ~[na:na]
?[0m?[0;34m	at org.apache.tomcat.util.threads.TaskThreadFactory.newThread(TaskThreadFactory.java:64) ~[tomcat-embed-core-10.1.5.jar:10.1.5]
?[0m?[0;34m	at org.apache.tomcat.util.threads.ThreadPoolExecutor$Worker.<init>(ThreadPoolExecutor.java:653) ~[tomcat-embed-core-10.1.5.jar:10.1.5]
?[0m?[0;34m	at org.apache.tomcat.util.threads.ThreadPoolExecutor.addWorker(ThreadPoolExecutor.java:957) ~[tomcat-embed-core-10.1.5.jar:10.1.5]
?[0m?[0;34m	at org.apache.tomcat.util.threads.ThreadPoolExecutor.prestartAllCoreThreads(ThreadPoolExecutor.java:1694) ~[tomcat-embed-core-10.1.5.jar:10.1.5]
?[0m?[0;34m	at org.apache.tomcat.util.threads.ThreadPoolExecutor.<init>(ThreadPoolExecutor.java:1370) ~[tomcat-embed-core-10.1.5.jar:10.1.5]
?[0m?[0;34m	at org.apache.tomcat.util.threads.ThreadPoolExecutor.<init>(ThreadPoolExecutor.java:1280) ~[tomcat-embed-core-10.1.5.jar:10.1.5]
?[0m?[0;34m	at org.apache.tomcat.util.net.AbstractEndpoint.createExecutor(AbstractEndpoint.java:948) ~[tomcat-embed-core-10.1.5.jar:10.1.5]
?[0m?[0;34m	at org.apache.tomcat.util.net.NioEndpoint.startInternal(NioEndpoint.java:279) ~[tomcat-embed-core-10.1.5.jar:10.1.5]
?[0m?[0;34m	at org.apache.tomcat.util.net.AbstractEndpoint.start(AbstractEndpoint.java:1261) ~[tomcat-embed-core-10.1.5.jar:10.1.5]
?[0m?[0;34m	at org.apache.coyote.AbstractProtocol.start(AbstractProtocol.java:586) ~[tomcat-embed-core-10.1.5.jar:10.1.5]
?[0m?[0;34m	at org.apache.catalina.connector.Connector.startInternal(Connector.java:1081) ~[tomcat-embed-core-10.1.5.jar:10.1.5]
?[0m?[0;34m	at org.apache.catalina.util.LifecycleBase.start(LifecycleBase.java:183) ~[tomcat-embed-core-10.1.5.jar:10.1.5]
?[0m?[0;34m	at org.apache.catalina.core.StandardService.addConnector(StandardService.java:234) ~[tomcat-embed-core-10.1.5.jar:10.1.5]
?[0m?[0;34m	at org.springframework.boot.web.embedded.tomcat.TomcatWebServer.addPreviouslyRemovedConnectors(TomcatWebServer.java:282) ~[spring-boot-3.0.2.jar:3.0.2]
?[0m?[0;34m	at org.springframework.boot.web.embedded.tomcat.TomcatWebServer.start(TomcatWebServer.java:213) ~[spring-boot-3.0.2.jar:3.0.2]
?[0m?[0;34m	at org.springframework.boot.web.servlet.context.WebServerStartStopLifecycle.start(WebServerStartStopLifecycle.java:44) ~[spring-boot-3.0.2.jar:3.0.2]
?[0m?[0;34m	at org.springframework.context.support.DefaultLifecycleProcessor.doStart(DefaultLifecycleProcessor.java:178) ~[spring-context-6.0.4.jar:6.0.4]
?[0m?[0;34m	at org.springframework.context.support.DefaultLifecycleProcessor$LifecycleGroup.start(DefaultLifecycleProcessor.java:356) ~[spring-context-6.0.4.jar:6.0.4]
?[0m?[0;34m	at java.base/java.lang.Iterable.forEach(Iterable.java:75) ~[na:na]
?[0m?[0;34m	at org.springframework.context.support.DefaultLifecycleProcessor.startBeans(DefaultLifecycleProcessor.java:155) ~[spring-context-6.0.4.jar:6.0.4]
?[0m?[0;34m	at org.springframework.context.support.DefaultLifecycleProcessor.onRefresh(DefaultLifecycleProcessor.java:123) ~[spring-context-6.0.4.jar:6.0.4]
?[0m?[0;34m	at org.springframework.context.support.AbstractApplicationContext.finishRefresh(AbstractApplicationContext.java:932) ~[spring-context-6.0.4.jar:6.0.4]
?[0m?[0;34m	at org.springframework.context.support.AbstractApplicationContext.refresh(AbstractApplicationContext.java:587) ~[spring-context-6.0.4.jar:6.0.4]
?[0m?[0;34m	at org.springframework.boot.web.servlet.context.ServletWebServerApplicationContext.refresh(ServletWebServerApplicationContext.java:146) ~[spring-boot-3.0.2.jar:3.0.2]
?[0m?[0;34m	at org.springframework.boot.SpringApplication.refresh(SpringApplication.java:730) ~[spring-boot-3.0.2.jar:3.0.2]
?[0m?[0;34m	at org.springframework.boot.SpringApplication.refreshContext(SpringApplication.java:432) ~[spring-boot-3.0.2.jar:3.0.2]
?[0m?[0;34m	at org.springframework.boot.SpringApplication.run(SpringApplication.java:308) ~[spring-boot-3.0.2.jar:3.0.2]
?[0m?[0;34m	at org.springframework.boot.SpringApplication.run(SpringApplication.java:1302) ~[spring-boot-3.0.2.jar:3.0.2]
?[0m?[0;34m	at org.springframework.boot.SpringApplication.run(SpringApplication.java:1291) ~[spring-boot-3.0.2.jar:3.0.2]
?[0m?[0;34m	at antifraud.AntiFraudApplication.main(AntiFraudApplication.java:10) ~[main/:na]
?[0m?[0;34m	at java.base/jdk.internal.reflect.NativeMethodAccessorImpl.invoke0(Native Method) ~[na:na]
?[0m?[0;34m	at java.base/jdk.internal.reflect.NativeMethodAccessorImpl.invoke(NativeMethodAccessorImpl.java:77) ~[na:na]
?[0m?[0;34m	at java.base/jdk.internal.reflect.DelegatingMethodAccessorImpl.invoke(DelegatingMethodAccessorImpl.java:43) ~[na:na]
?[0m?[0;34m	at java.base/java.lang.reflect.Method.invoke(Method.java:568) ~[na:na]
?[0m?[0;34m	at org.hyperskill.hstest.stage.SpringTest.startSpring(SpringTest.java:187) ~[hs-test-release-SNAPSHOT.jar:na]
?[0m?[0;34m	at org.hyperskill.hstest.stage.SpringTest.reloadSpring(SpringTest.java:239) ~[hs-test-release-SNAPSHOT.jar:na]
?[0m?[0;34m	at AntiFraudTest.restartApplication(AntiFraudTest.java:767) ~[test/:na]
?[0m?[0;34m	at AntiFraudTest.lambda$new$20(AntiFraudTest.java:1335) ~[test/:na]
?[0m?[0;34m	at org.hyperskill.hstest.dynamic.input.DynamicTesting.lambda$searchDynamicTests$3(DynamicTesting.java:289) ~[hs-test-release-SNAPSHOT.jar:na]
?[0m?[0;34m	at org.hyperskill.hstest.dynamic.input.DynamicTesting$1DynamicTestElement.lambda$getTests$0(DynamicTesting.java:252) ~[hs-test-release-SNAPSHOT.jar:na]
?[0m?[0;34m	at org.hyperskill.hstest.testing.runner.SpringApplicationRunner.test(SpringApplicationRunner.java:43) ~[hs-test-release-SNAPSHOT.jar:na]
?[0m?[0;34m	at org.hyperskill.hstest.testing.TestRun.test(TestRun.java:94) ~[hs-test-release-SNAPSHOT.jar:na]
?[0m?[0;34m	at org.hyperskill.hstest.stage.StageTest.start(StageTest.java:164) ~[hs-test-release-SNAPSHOT.jar:na]
?[0m?[0;34m	at java.base/jdk.internal.reflect.NativeMethodAccessorImpl.invoke0(Native Method) ~[na:na]
?[0m?[0;34m	at java.base/jdk.internal.reflect.NativeMethodAccessorImpl.invoke(NativeMethodAccessorImpl.java:77) ~[na:na]
?[0m?[0;34m	at java.base/jdk.internal.reflect.DelegatingMethodAccessorImpl.invoke(DelegatingMethodAccessorImpl.java:43) ~[na:na]
?[0m?[0;34m	at java.base/java.lang.reflect.Method.invoke(Method.java:568) ~[na:na]
?[0m?[0;34m	at org.junit.runners.model.FrameworkMethod$1.runReflectiveCall(FrameworkMethod.java:59) ~[junit-4.13.2.jar:4.13.2]
?[0m?[0;34m	at org.junit.internal.runners.model.ReflectiveCallable.run(ReflectiveCallable.java:12) ~[junit-4.13.2.jar:4.13.2]
?[0m?[0;34m	at org.junit.runners.model.FrameworkMethod.invokeExplosively(FrameworkMethod.java:56) ~[junit-4.13.2.jar:4.13.2]
?[0m?[0;34m	at org.junit.internal.runners.statements.InvokeMethod.evaluate(InvokeMethod.java:17) ~[junit-4.13.2.jar:4.13.2]
?[0m?[0;34m	at org.junit.internal.runners.statements.RunAfters.evaluate(RunAfters.java:27) ~[junit-4.13.2.jar:4.13.2]
?[0m?[0;34m	at org.junit.runners.ParentRunner$3.evaluate(ParentRunner.java:306) ~[junit-4.13.2.jar:4.13.2]
?[0m?[0;34m	at org.junit.runners.BlockJUnit4ClassRunner$1.evaluate(BlockJUnit4ClassRunner.java:100) ~[junit-4.13.2.jar:4.13.2]
?[0m?[0;34m	at org.junit.runners.ParentRunner.runLeaf(ParentRunner.java:366) ~[junit-4.13.2.jar:4.13.2]
?[0m?[0;34m	at org.junit.runners.BlockJUnit4ClassRunner.runChild(BlockJUnit4ClassRunner.java:103) ~[junit-4.13.2.jar:4.13.2]
?[0m?[0;34m	at org.junit.runners.BlockJUnit4ClassRunner.runChild(BlockJUnit4ClassRunner.java:63) ~[junit-4.13.2.jar:4.13.2]
?[0m?[0;34m	at org.junit.runners.ParentRunner$4.run(ParentRunner.java:331) ~[junit-4.13.2.jar:4.13.2]
?[0m?[0;34m	at org.junit.runners.ParentRunner$1.schedule(ParentRunner.java:79) ~[junit-4.13.2.jar:4.13.2]
?[0m?[0;34m	at org.junit.runners.ParentRunner.runChildren(ParentRunner.java:329) ~[junit-4.13.2.jar:4.13.2]
?[0m?[0;34m	at org.junit.runners.ParentRunner.access$100(ParentRunner.java:66) ~[junit-4.13.2.jar:4.13.2]
?[0m?[0;34m	at org.junit.runners.ParentRunner$2.evaluate(ParentRunner.java:293) ~[junit-4.13.2.jar:4.13.2]
?[0m?[0;34m	at org.junit.runners.ParentRunner$3.evaluate(ParentRunner.java:306) ~[junit-4.13.2.jar:4.13.2]
?[0m?[0;34m	at org.junit.runners.ParentRunner.run(ParentRunner.java:413) ~[junit-4.13.2.jar:4.13.2]
?[0m?[0;34m	at org.gradle.api.internal.tasks.testing.junit.JUnitTestClassExecutor.runTestClass(JUnitTestClassExecutor.java:108) ~[na:na]
?[0m?[0;34m	at org.gradle.api.internal.tasks.testing.junit.JUnitTestClassExecutor.execute(JUnitTestClassExecutor.java:57) ~[na:na]
?[0m?[0;34m	at org.gradle.api.internal.tasks.testing.junit.JUnitTestClassExecutor.execute(JUnitTestClassExecutor.java:39) ~[na:na]
?[0m?[0;34m	at org.gradle.api.internal.tasks.testing.junit.AbstractJUnitTestClassProcessor.processTestClass(AbstractJUnitTestClassProcessor.java:62) ~[na:na]
?[0m?[0;34m	at org.gradle.api.internal.tasks.testing.SuiteTestClassProcessor.processTestClass(SuiteTestClassProcessor.java:52) ~[na:na]
?[0m?[0;34m	at java.base/jdk.internal.reflect.NativeMethodAccessorImpl.invoke0(Native Method) ~[na:na]
?[0m?[0;34m	at java.base/jdk.internal.reflect.NativeMethodAccessorImpl.invoke(NativeMethodAccessorImpl.java:77) ~[na:na]
?[0m?[0;34m	at java.base/jdk.internal.reflect.DelegatingMethodAccessorImpl.invoke(DelegatingMethodAccessorImpl.java:43) ~[na:na]
?[0m?[0;34m	at java.base/java.lang.reflect.Method.invoke(Method.java:568) ~[na:na]
?[0m?[0;34m	at org.gradle.internal.dispatch.ReflectionDispatch.dispatch(ReflectionDispatch.java:36) ~[na:na]
?[0m?[0;34m	at org.gradle.internal.dispatch.ReflectionDispatch.dispatch(ReflectionDispatch.java:24) ~[na:na]
?[0m?[0;34m	at org.gradle.internal.dispatch.ContextClassLoaderDispatch.dispatch(ContextClassLoaderDispatch.java:33) ~[na:na]
?[0m?[0;34m	at org.gradle.internal.dispatch.ProxyDispatchAdapter$DispatchingInvocationHandler.invoke(ProxyDispatchAdapter.java:94) ~[na:na]
?[0m?[0;34m	at jdk.proxy1/jdk.proxy1.$Proxy2.processTestClass(Unknown Source) ~[na:na]
?[0m?[0;34m	at org.gradle.api.internal.tasks.testing.worker.TestWorker$2.run(TestWorker.java:176) ~[na:na]
?[0m?[0;34m	at org.gradle.api.internal.tasks.testing.worker.TestWorker.executeAndMaintainThreadName(TestWorker.java:129) ~[na:na]
?[0m?[0;34m	at org.gradle.api.internal.tasks.testing.worker.TestWorker.execute(TestWorker.java:100) ~[na:na]
?[0m?[0;34m	at org.gradle.api.internal.tasks.testing.worker.TestWorker.execute(TestWorker.java:60) ~[na:na]
?[0m?[0;34m	at org.gradle.process.internal.worker.child.ActionExecutionWorker.execute(ActionExecutionWorker.java:56) ~[na:na]
?[0m?[0;34m	at org.gradle.process.internal.worker.child.SystemApplicationClassLoaderWorker.call(SystemApplicationClassLoaderWorker.java:113) ~[na:na]
?[0m?[0;34m	at org.gradle.process.internal.worker.child.SystemApplicationClassLoaderWorker.call(SystemApplicationClassLoaderWorker.java:65) ~[na:na]
?[0m?[0;34m	at worker.org.gradle.process.internal.worker.GradleWorkerMain.run(GradleWorkerMain.java:69) ~[gradle-worker.jar:na]
?[0m?[0;34m	at worker.org.gradle.process.internal.worker.GradleWorkerMain.main(GradleWorkerMain.java:74) ~[gradle-worker.jar:na]
?[0m?[0;34m
?[0m?[0;34m2023-07-16T14:07:18.134+02:00  WARN 1424 --- [    Test worker] .t.u.s.PrivilegedSetAccessControlContext : Unable to set field Thread.inheritedAccessControlContext
?[0m?[0;34m
?[0m?[0;34mjava.lang.IllegalAccessException: class org.apache.tomcat.util.security.PrivilegedSetAccessControlContext cannot access a member of class java.lang.Thread (in module java.base) with modifiers "private"
?[0m?[0;34m	at java.base/jdk.internal.reflect.Reflection.newIllegalAccessException(Reflection.java:392) ~[na:na]
?[0m?[0;34m	at java.base/java.lang.reflect.AccessibleObject.checkAccess(AccessibleObject.java:674) ~[na:na]
?[0m?[0;34m	at java.base/java.lang.reflect.Field.checkAccess(Field.java:1102) ~[na:na]
?[0m?[0;34m	at java.base/java.lang.reflect.Field.set(Field.java:797) ~[na:na]
?[0m?[0;34m	at org.apache.tomcat.util.security.PrivilegedSetAccessControlContext.run(PrivilegedSetAccessControlContext.java:60) ~[tomcat-embed-core-10.1.5.jar:10.1.5]
?[0m?[0;34m	at org.apache.tomcat.util.security.PrivilegedSetAccessControlContext.run(PrivilegedSetAccessControlContext.java:28) ~[tomcat-embed-core-10.1.5.jar:10.1.5]
?[0m?[0;34m	at java.base/java.security.AccessController.doPrivileged(AccessController.java:318) ~[na:na]
?[0m?[0;34m	at org.apache.tomcat.util.threads.TaskThreadFactory.newThread(TaskThreadFactory.java:64) ~[tomcat-embed-core-10.1.5.jar:10.1.5]
?[0m?[0;34m	at org.apache.tomcat.util.threads.ThreadPoolExecutor$Worker.<init>(ThreadPoolExecutor.java:653) ~[tomcat-embed-core-10.1.5.jar:10.1.5]
?[0m?[0;34m	at org.apache.tomcat.util.threads.ThreadPoolExecutor.addWorker(ThreadPoolExecutor.java:957) ~[tomcat-embed-core-10.1.5.jar:10.1.5]
?[0m?[0;34m	at org.apache.tomcat.util.threads.ThreadPoolExecutor.prestartAllCoreThreads(ThreadPoolExecutor.java:1694) ~[tomcat-embed-core-10.1.5.jar:10.1.5]
?[0m?[0;34m	at org.apache.tomcat.util.threads.ThreadPoolExecutor.<init>(ThreadPoolExecutor.java:1370) ~[tomcat-embed-core-10.1.5.jar:10.1.5]
?[0m?[0;34m	at org.apache.tomcat.util.threads.ThreadPoolExecutor.<init>(ThreadPoolExecutor.java:1280) ~[tomcat-embed-core-10.1.5.jar:10.1.5]
?[0m?[0;34m	at org.apache.tomcat.util.net.AbstractEndpoint.createExecutor(AbstractEndpoint.java:948) ~[tomcat-embed-core-10.1.5.jar:10.1.5]
?[0m?[0;34m	at org.apache.tomcat.util.net.NioEndpoint.startInternal(NioEndpoint.java:279) ~[tomcat-embed-core-10.1.5.jar:10.1.5]
?[0m?[0;34m	at org.apache.tomcat.util.net.AbstractEndpoint.start(AbstractEndpoint.java:1261) ~[tomcat-embed-core-10.1.5.jar:10.1.5]
?[0m?[0;34m	at org.apache.coyote.AbstractProtocol.start(AbstractProtocol.java:586) ~[tomcat-embed-core-10.1.5.jar:10.1.5]
?[0m?[0;34m	at org.apache.catalina.connector.Connector.startInternal(Connector.java:1081) ~[tomcat-embed-core-10.1.5.jar:10.1.5]
?[0m?[0;34m	at org.apache.catalina.util.LifecycleBase.start(LifecycleBase.java:183) ~[tomcat-embed-core-10.1.5.jar:10.1.5]
?[0m?[0;34m	at org.apache.catalina.core.StandardService.addConnector(StandardService.java:234) ~[tomcat-embed-core-10.1.5.jar:10.1.5]
?[0m?[0;34m	at org.springframework.boot.web.embedded.tomcat.TomcatWebServer.addPreviouslyRemovedConnectors(TomcatWebServer.java:282) ~[spring-boot-3.0.2.jar:3.0.2]
?[0m?[0;34m	at org.springframework.boot.web.embedded.tomcat.TomcatWebServer.start(TomcatWebServer.java:213) ~[spring-boot-3.0.2.jar:3.0.2]
?[0m?[0;34m	at org.springframework.boot.web.servlet.context.WebServerStartStopLifecycle.start(WebServerStartStopLifecycle.java:44) ~[spring-boot-3.0.2.jar:3.0.2]
?[0m?[0;34m	at org.springframework.context.support.DefaultLifecycleProcessor.doStart(DefaultLifecycleProcessor.java:178) ~[spring-context-6.0.4.jar:6.0.4]
?[0m?[0;34m	at org.springframework.context.support.DefaultLifecycleProcessor$LifecycleGroup.start(DefaultLifecycleProcessor.java:356) ~[spring-context-6.0.4.jar:6.0.4]
?[0m?[0;34m	at java.base/java.lang.Iterable.forEach(Iterable.java:75) ~[na:na]
?[0m?[0;34m	at org.springframework.context.support.DefaultLifecycleProcessor.startBeans(DefaultLifecycleProcessor.java:155) ~[spring-context-6.0.4.jar:6.0.4]
?[0m?[0;34m	at org.springframework.context.support.DefaultLifecycleProcessor.onRefresh(DefaultLifecycleProcessor.java:123) ~[spring-context-6.0.4.jar:6.0.4]
?[0m?[0;34m	at org.springframework.context.support.AbstractApplicationContext.finishRefresh(AbstractApplicationContext.java:932) ~[spring-context-6.0.4.jar:6.0.4]
?[0m?[0;34m	at org.springframework.context.support.AbstractApplicationContext.refresh(AbstractApplicationContext.java:587) ~[spring-context-6.0.4.jar:6.0.4]
?[0m?[0;34m	at org.springframework.boot.web.servlet.context.ServletWebServerApplicationContext.refresh(ServletWebServerApplicationContext.java:146) ~[spring-boot-3.0.2.jar:3.0.2]
?[0m?[0;34m	at org.springframework.boot.SpringApplication.refresh(SpringApplication.java:730) ~[spring-boot-3.0.2.jar:3.0.2]
?[0m?[0;34m	at org.springframework.boot.SpringApplication.refreshContext(SpringApplication.java:432) ~[spring-boot-3.0.2.jar:3.0.2]
?[0m?[0;34m	at org.springframework.boot.SpringApplication.run(SpringApplication.java:308) ~[spring-boot-3.0.2.jar:3.0.2]
?[0m?[0;34m	at org.springframework.boot.SpringApplication.run(SpringApplication.java:1302) ~[spring-boot-3.0.2.jar:3.0.2]
?[0m?[0;34m	at org.springframework.boot.SpringApplication.run(SpringApplication.java:1291) ~[spring-boot-3.0.2.jar:3.0.2]
?[0m?[0;34m	at antifraud.AntiFraudApplication.main(AntiFraudApplication.java:10) ~[main/:na]
?[0m?[0;34m	at java.base/jdk.internal.reflect.NativeMethodAccessorImpl.invoke0(Native Method) ~[na:na]
?[0m?[0;34m	at java.base/jdk.internal.reflect.NativeMethodAccessorImpl.invoke(NativeMethodAccessorImpl.java:77) ~[na:na]
?[0m?[0;34m	at java.base/jdk.internal.reflect.DelegatingMethodAccessorImpl.invoke(DelegatingMethodAccessorImpl.java:43) ~[na:na]
?[0m?[0;34m	at java.base/java.lang.reflect.Method.invoke(Method.java:568) ~[na:na]
?[0m?[0;34m	at org.hyperskill.hstest.stage.SpringTest.startSpring(SpringTest.java:187) ~[hs-test-release-SNAPSHOT.jar:na]
?[0m?[0;34m	at org.hyperskill.hstest.stage.SpringTest.reloadSpring(SpringTest.java:239) ~[hs-test-release-SNAPSHOT.jar:na]
?[0m?[0;34m	at AntiFraudTest.restartApplication(AntiFraudTest.java:767) ~[test/:na]
?[0m?[0;34m	at AntiFraudTest.lambda$new$20(AntiFraudTest.java:1335) ~[test/:na]
?[0m?[0;34m	at org.hyperskill.hstest.dynamic.input.DynamicTesting.lambda$searchDynamicTests$3(DynamicTesting.java:289) ~[hs-test-release-SNAPSHOT.jar:na]
?[0m?[0;34m	at org.hyperskill.hstest.dynamic.input.DynamicTesting$1DynamicTestElement.lambda$getTests$0(DynamicTesting.java:252) ~[hs-test-release-SNAPSHOT.jar:na]
?[0m?[0;34m	at org.hyperskill.hstest.testing.runner.SpringApplicationRunner.test(SpringApplicationRunner.java:43) ~[hs-test-release-SNAPSHOT.jar:na]
?[0m?[0;34m	at org.hyperskill.hstest.testing.TestRun.test(TestRun.java:94) ~[hs-test-release-SNAPSHOT.jar:na]
?[0m?[0;34m	at org.hyperskill.hstest.stage.StageTest.start(StageTest.java:164) ~[hs-test-release-SNAPSHOT.jar:na]
?[0m?[0;34m	at java.base/jdk.internal.reflect.NativeMethodAccessorImpl.invoke0(Native Method) ~[na:na]
?[0m?[0;34m	at java.base/jdk.internal.reflect.NativeMethodAccessorImpl.invoke(NativeMethodAccessorImpl.java:77) ~[na:na]
?[0m?[0;34m	at java.base/jdk.internal.reflect.DelegatingMethodAccessorImpl.invoke(DelegatingMethodAccessorImpl.java:43) ~[na:na]
?[0m?[0;34m	at java.base/java.lang.reflect.Method.invoke(Method.java:568) ~[na:na]
?[0m?[0;34m	at org.junit.runners.model.FrameworkMethod$1.runReflectiveCall(FrameworkMethod.java:59) ~[junit-4.13.2.jar:4.13.2]
?[0m?[0;34m	at org.junit.internal.runners.model.ReflectiveCallable.run(ReflectiveCallable.java:12) ~[junit-4.13.2.jar:4.13.2]
?[0m?[0;34m	at org.junit.runners.model.FrameworkMethod.invokeExplosively(FrameworkMethod.java:56) ~[junit-4.13.2.jar:4.13.2]
?[0m?[0;34m	at org.junit.internal.runners.statements.InvokeMethod.evaluate(InvokeMethod.java:17) ~[junit-4.13.2.jar:4.13.2]
?[0m?[0;34m	at org.junit.internal.runners.statements.RunAfters.evaluate(RunAfters.java:27) ~[junit-4.13.2.jar:4.13.2]
?[0m?[0;34m	at org.junit.runners.ParentRunner$3.evaluate(ParentRunner.java:306) ~[junit-4.13.2.jar:4.13.2]
?[0m?[0;34m	at org.junit.runners.BlockJUnit4ClassRunner$1.evaluate(BlockJUnit4ClassRunner.java:100) ~[junit-4.13.2.jar:4.13.2]
?[0m?[0;34m	at org.junit.runners.ParentRunner.runLeaf(ParentRunner.java:366) ~[junit-4.13.2.jar:4.13.2]
?[0m?[0;34m	at org.junit.runners.BlockJUnit4ClassRunner.runChild(BlockJUnit4ClassRunner.java:103) ~[junit-4.13.2.jar:4.13.2]
?[0m?[0;34m	at org.junit.runners.BlockJUnit4ClassRunner.runChild(BlockJUnit4ClassRunner.java:63) ~[junit-4.13.2.jar:4.13.2]
?[0m?[0;34m	at org.junit.runners.ParentRunner$4.run(ParentRunner.java:331) ~[junit-4.13.2.jar:4.13.2]
?[0m?[0;34m	at org.junit.runners.ParentRunner$1.schedule(ParentRunner.java:79) ~[junit-4.13.2.jar:4.13.2]
?[0m?[0;34m	at org.junit.runners.ParentRunner.runChildren(ParentRunner.java:329) ~[junit-4.13.2.jar:4.13.2]
?[0m?[0;34m	at org.junit.runners.ParentRunner.access$100(ParentRunner.java:66) ~[junit-4.13.2.jar:4.13.2]
?[0m?[0;34m	at org.junit.runners.ParentRunner$2.evaluate(ParentRunner.java:293) ~[junit-4.13.2.jar:4.13.2]
?[0m?[0;34m	at org.junit.runners.ParentRunner$3.evaluate(ParentRunner.java:306) ~[junit-4.13.2.jar:4.13.2]
?[0m?[0;34m	at org.junit.runners.ParentRunner.run(ParentRunner.java:413) ~[junit-4.13.2.jar:4.13.2]
?[0m?[0;34m	at org.gradle.api.internal.tasks.testing.junit.JUnitTestClassExecutor.runTestClass(JUnitTestClassExecutor.java:108) ~[na:na]
?[0m?[0;34m	at org.gradle.api.internal.tasks.testing.junit.JUnitTestClassExecutor.execute(JUnitTestClassExecutor.java:57) ~[na:na]
?[0m?[0;34m	at org.gradle.api.internal.tasks.testing.junit.JUnitTestClassExecutor.execute(JUnitTestClassExecutor.java:39) ~[na:na]
?[0m?[0;34m	at org.gradle.api.internal.tasks.testing.junit.AbstractJUnitTestClassProcessor.processTestClass(AbstractJUnitTestClassProcessor.java:62) ~[na:na]
?[0m?[0;34m	at org.gradle.api.internal.tasks.testing.SuiteTestClassProcessor.processTestClass(SuiteTestClassProcessor.java:52) ~[na:na]
?[0m?[0;34m	at java.base/jdk.internal.reflect.NativeMethodAccessorImpl.invoke0(Native Method) ~[na:na]
?[0m?[0;34m	at java.base/jdk.internal.reflect.NativeMethodAccessorImpl.invoke(NativeMethodAccessorImpl.java:77) ~[na:na]
?[0m?[0;34m	at java.base/jdk.internal.reflect.DelegatingMethodAccessorImpl.invoke(DelegatingMethodAccessorImpl.java:43) ~[na:na]
?[0m?[0;34m	at java.base/java.lang.reflect.Method.invoke(Method.java:568) ~[na:na]
?[0m?[0;34m	at org.gradle.internal.dispatch.ReflectionDispatch.dispatch(ReflectionDispatch.java:36) ~[na:na]
?[0m?[0;34m	at org.gradle.internal.dispatch.ReflectionDispatch.dispatch(ReflectionDispatch.java:24) ~[na:na]
?[0m?[0;34m	at org.gradle.internal.dispatch.ContextClassLoaderDispatch.dispatch(ContextClassLoaderDispatch.java:33) ~[na:na]
?[0m?[0;34m	at org.gradle.internal.dispatch.ProxyDispatchAdapter$DispatchingInvocationHandler.invoke(ProxyDispatchAdapter.java:94) ~[na:na]
?[0m?[0;34m	at jdk.proxy1/jdk.proxy1.$Proxy2.processTestClass(Unknown Source) ~[na:na]
?[0m?[0;34m	at org.gradle.api.internal.tasks.testing.worker.TestWorker$2.run(TestWorker.java:176) ~[na:na]
?[0m?[0;34m	at org.gradle.api.internal.tasks.testing.worker.TestWorker.executeAndMaintainThreadName(TestWorker.java:129) ~[na:na]
?[0m?[0;34m	at org.gradle.api.internal.tasks.testing.worker.TestWorker.execute(TestWorker.java:100) ~[na:na]
?[0m?[0;34m	at org.gradle.api.internal.tasks.testing.worker.TestWorker.execute(TestWorker.java:60) ~[na:na]
?[0m?[0;34m	at org.gradle.process.internal.worker.child.ActionExecutionWorker.execute(ActionExecutionWorker.java:56) ~[na:na]
?[0m?[0;34m	at org.gradle.process.internal.worker.child.SystemApplicationClassLoaderWorker.call(SystemApplicationClassLoaderWorker.java:113) ~[na:na]
?[0m?[0;34m	at org.gradle.process.internal.worker.child.SystemApplicationClassLoaderWorker.call(SystemApplicationClassLoaderWorker.java:65) ~[na:na]
?[0m?[0;34m	at worker.org.gradle.process.internal.worker.GradleWorkerMain.run(GradleWorkerMain.java:69) ~[gradle-worker.jar:na]
?[0m?[0;34m	at worker.org.gradle.process.internal.worker.GradleWorkerMain.main(GradleWorkerMain.java:74) ~[gradle-worker.jar:na]
?[0m?[0;34m
?[0m?[0;34m2023-07-16T14:07:18.147+02:00  WARN 1424 --- [    Test worker] .t.u.s.PrivilegedSetAccessControlContext : Unable to set field Thread.inheritedAccessControlContext
?[0m?[0;34m
?[0m?[0;34mjava.lang.IllegalAccessException: class org.apache.tomcat.util.security.PrivilegedSetAccessControlContext cannot access a member of class java.lang.Thread (in module java.base) with modifiers "private"
?[0m?[0;34m	at java.base/jdk.internal.reflect.Reflection.newIllegalAccessException(Reflection.java:392) ~[na:na]
?[0m?[0;34m	at java.base/java.lang.reflect.AccessibleObject.checkAccess(AccessibleObject.java:674) ~[na:na]
?[0m?[0;34m	at java.base/java.lang.reflect.Field.checkAccess(Field.java:1102) ~[na:na]
?[0m?[0;34m	at java.base/java.lang.reflect.Field.set(Field.java:797) ~[na:na]
?[0m?[0;34m	at org.apache.tomcat.util.security.PrivilegedSetAccessControlContext.run(PrivilegedSetAccessControlContext.java:60) ~[tomcat-embed-core-10.1.5.jar:10.1.5]
?[0m?[0;34m	at org.apache.tomcat.util.security.PrivilegedSetAccessControlContext.run(PrivilegedSetAccessControlContext.java:28) ~[tomcat-embed-core-10.1.5.jar:10.1.5]
?[0m?[0;34m	at java.base/java.security.AccessController.doPrivileged(AccessController.java:318) ~[na:na]
?[0m?[0;34m	at org.apache.tomcat.util.threads.TaskThreadFactory.newThread(TaskThreadFactory.java:64) ~[tomcat-embed-core-10.1.5.jar:10.1.5]
?[0m?[0;34m	at org.apache.tomcat.util.threads.ThreadPoolExecutor$Worker.<init>(ThreadPoolExecutor.java:653) ~[tomcat-embed-core-10.1.5.jar:10.1.5]
?[0m?[0;34m	at org.apache.tomcat.util.threads.ThreadPoolExecutor.addWorker(ThreadPoolExecutor.java:957) ~[tomcat-embed-core-10.1.5.jar:10.1.5]
?[0m?[0;34m	at org.apache.tomcat.util.threads.ThreadPoolExecutor.prestartAllCoreThreads(ThreadPoolExecutor.java:1694) ~[tomcat-embed-core-10.1.5.jar:10.1.5]
?[0m?[0;34m	at org.apache.tomcat.util.threads.ThreadPoolExecutor.<init>(ThreadPoolExecutor.java:1370) ~[tomcat-embed-core-10.1.5.jar:10.1.5]
?[0m?[0;34m	at org.apache.tomcat.util.threads.ThreadPoolExecutor.<init>(ThreadPoolExecutor.java:1280) ~[tomcat-embed-core-10.1.5.jar:10.1.5]
?[0m?[0;34m	at org.apache.tomcat.util.net.AbstractEndpoint.createExecutor(AbstractEndpoint.java:948) ~[tomcat-embed-core-10.1.5.jar:10.1.5]
?[0m?[0;34m	at org.apache.tomcat.util.net.NioEndpoint.startInternal(NioEndpoint.java:279) ~[tomcat-embed-core-10.1.5.jar:10.1.5]
?[0m?[0;34m	at org.apache.tomcat.util.net.AbstractEndpoint.start(AbstractEndpoint.java:1261) ~[tomcat-embed-core-10.1.5.jar:10.1.5]
?[0m?[0;34m	at org.apache.coyote.AbstractProtocol.start(AbstractProtocol.java:586) ~[tomcat-embed-core-10.1.5.jar:10.1.5]
?[0m?[0;34m	at org.apache.catalina.connector.Connector.startInternal(Connector.java:1081) ~[tomcat-embed-core-10.1.5.jar:10.1.5]
?[0m?[0;34m	at org.apache.catalina.util.LifecycleBase.start(LifecycleBase.java:183) ~[tomcat-embed-core-10.1.5.jar:10.1.5]
?[0m?[0;34m	at org.apache.catalina.core.StandardService.addConnector(StandardService.java:234) ~[tomcat-embed-core-10.1.5.jar:10.1.5]
?[0m?[0;34m	at org.springframework.boot.web.embedded.tomcat.TomcatWebServer.addPreviouslyRemovedConnectors(TomcatWebServer.java:282) ~[spring-boot-3.0.2.jar:3.0.2]
?[0m?[0;34m	at org.springframework.boot.web.embedded.tomcat.TomcatWebServer.start(TomcatWebServer.java:213) ~[spring-boot-3.0.2.jar:3.0.2]
?[0m?[0;34m	at org.springframework.boot.web.servlet.context.WebServerStartStopLifecycle.start(WebServerStartStopLifecycle.java:44) ~[spring-boot-3.0.2.jar:3.0.2]
?[0m?[0;34m	at org.springframework.context.support.DefaultLifecycleProcessor.doStart(DefaultLifecycleProcessor.java:178) ~[spring-context-6.0.4.jar:6.0.4]
?[0m?[0;34m	at org.springframework.context.support.DefaultLifecycleProcessor$LifecycleGroup.start(DefaultLifecycleProcessor.java:356) ~[spring-context-6.0.4.jar:6.0.4]
?[0m?[0;34m	at java.base/java.lang.Iterable.forEach(Iterable.java:75) ~[na:na]
?[0m?[0;34m	at org.springframework.context.support.DefaultLifecycleProcessor.startBeans(DefaultLifecycleProcessor.java:155) ~[spring-context-6.0.4.jar:6.0.4]
?[0m?[0;34m	at org.springframework.context.support.DefaultLifecycleProcessor.onRefresh(DefaultLifecycleProcessor.java:123) ~[spring-context-6.0.4.jar:6.0.4]
?[0m?[0;34m	at org.springframework.context.support.AbstractApplicationContext.finishRefresh(AbstractApplicationContext.java:932) ~[spring-context-6.0.4.jar:6.0.4]
?[0m?[0;34m	at org.springframework.context.support.AbstractApplicationContext.refresh(AbstractApplicationContext.java:587) ~[spring-context-6.0.4.jar:6.0.4]
?[0m?[0;34m	at org.springframework.boot.web.servlet.context.ServletWebServerApplicationContext.refresh(ServletWebServerApplicationContext.java:146) ~[spring-boot-3.0.2.jar:3.0.2]
?[0m?[0;34m	at org.springframework.boot.SpringApplication.refresh(SpringApplication.java:730) ~[spring-boot-3.0.2.jar:3.0.2]
?[0m?[0;34m	at org.springframework.boot.SpringApplication.refreshContext(SpringApplication.java:432) ~[spring-boot-3.0.2.jar:3.0.2]
?[0m?[0;34m	at org.springframework.boot.SpringApplication.run(SpringApplication.java:308) ~[spring-boot-3.0.2.jar:3.0.2]
?[0m?[0;34m	at org.springframework.boot.SpringApplication.run(SpringApplication.java:1302) ~[spring-boot-3.0.2.jar:3.0.2]
?[0m?[0;34m	at org.springframework.boot.SpringApplication.run(SpringApplication.java:1291) ~[spring-boot-3.0.2.jar:3.0.2]
?[0m?[0;34m	at antifraud.AntiFraudApplication.main(AntiFraudApplication.java:10) ~[main/:na]
?[0m?[0;34m	at java.base/jdk.internal.reflect.NativeMethodAccessorImpl.invoke0(Native Method) ~[na:na]
?[0m?[0;34m	at java.base/jdk.internal.reflect.NativeMethodAccessorImpl.invoke(NativeMethodAccessorImpl.java:77) ~[na:na]
?[0m?[0;34m	at java.base/jdk.internal.reflect.DelegatingMethodAccessorImpl.invoke(DelegatingMethodAccessorImpl.java:43) ~[na:na]
?[0m?[0;34m	at java.base/java.lang.reflect.Method.invoke(Method.java:568) ~[na:na]
?[0m?[0;34m	at org.hyperskill.hstest.stage.SpringTest.startSpring(SpringTest.java:187) ~[hs-test-release-SNAPSHOT.jar:na]
?[0m?[0;34m	at org.hyperskill.hstest.stage.SpringTest.reloadSpring(SpringTest.java:239) ~[hs-test-release-SNAPSHOT.jar:na]
?[0m?[0;34m	at AntiFraudTest.restartApplication(AntiFraudTest.java:767) ~[test/:na]
?[0m?[0;34m	at AntiFraudTest.lambda$new$20(AntiFraudTest.java:1335) ~[test/:na]
?[0m?[0;34m	at org.hyperskill.hstest.dynamic.input.DynamicTesting.lambda$searchDynamicTests$3(DynamicTesting.java:289) ~[hs-test-release-SNAPSHOT.jar:na]
?[0m?[0;34m	at org.hyperskill.hstest.dynamic.input.DynamicTesting$1DynamicTestElement.lambda$getTests$0(DynamicTesting.java:252) ~[hs-test-release-SNAPSHOT.jar:na]
?[0m?[0;34m	at org.hyperskill.hstest.testing.runner.SpringApplicationRunner.test(SpringApplicationRunner.java:43) ~[hs-test-release-SNAPSHOT.jar:na]
?[0m?[0;34m	at org.hyperskill.hstest.testing.TestRun.test(TestRun.java:94) ~[hs-test-release-SNAPSHOT.jar:na]
?[0m?[0;34m	at org.hyperskill.hstest.stage.StageTest.start(StageTest.java:164) ~[hs-test-release-SNAPSHOT.jar:na]
?[0m?[0;34m	at java.base/jdk.internal.reflect.NativeMethodAccessorImpl.invoke0(Native Method) ~[na:na]
?[0m?[0;34m	at java.base/jdk.internal.reflect.NativeMethodAccessorImpl.invoke(NativeMethodAccessorImpl.java:77) ~[na:na]
?[0m?[0;34m	at java.base/jdk.internal.reflect.DelegatingMethodAccessorImpl.invoke(DelegatingMethodAccessorImpl.java:43) ~[na:na]
?[0m?[0;34m	at java.base/java.lang.reflect.Method.invoke(Method.java:568) ~[na:na]
?[0m?[0;34m	at org.junit.runners.model.FrameworkMethod$1.runReflectiveCall(FrameworkMethod.java:59) ~[junit-4.13.2.jar:4.13.2]
?[0m?[0;34m	at org.junit.internal.runners.model.ReflectiveCallable.run(ReflectiveCallable.java:12) ~[junit-4.13.2.jar:4.13.2]
?[0m?[0;34m	at org.junit.runners.model.FrameworkMethod.invokeExplosively(FrameworkMethod.java:56) ~[junit-4.13.2.jar:4.13.2]
?[0m?[0;34m	at org.junit.internal.runners.statements.InvokeMethod.evaluate(InvokeMethod.java:17) ~[junit-4.13.2.jar:4.13.2]
?[0m?[0;34m	at org.junit.internal.runners.statements.RunAfters.evaluate(RunAfters.java:27) ~[junit-4.13.2.jar:4.13.2]
?[0m?[0;34m	at org.junit.runners.ParentRunner$3.evaluate(ParentRunner.java:306) ~[junit-4.13.2.jar:4.13.2]
?[0m?[0;34m	at org.junit.runners.BlockJUnit4ClassRunner$1.evaluate(BlockJUnit4ClassRunner.java:100) ~[junit-4.13.2.jar:4.13.2]
?[0m?[0;34m	at org.junit.runners.ParentRunner.runLeaf(ParentRunner.java:366) ~[junit-4.13.2.jar:4.13.2]
?[0m?[0;34m	at org.junit.runners.BlockJUnit4ClassRunner.runChild(BlockJUnit4ClassRunner.java:103) ~[junit-4.13.2.jar:4.13.2]
?[0m?[0;34m	at org.junit.runners.BlockJUnit4ClassRunner.runChild(BlockJUnit4ClassRunner.java:63) ~[junit-4.13.2.jar:4.13.2]
?[0m?[0;34m	at org.junit.runners.ParentRunner$4.run(ParentRunner.java:331) ~[junit-4.13.2.jar:4.13.2]
?[0m?[0;34m	at org.junit.runners.ParentRunner$1.schedule(ParentRunner.java:79) ~[junit-4.13.2.jar:4.13.2]
?[0m?[0;34m	at org.junit.runners.ParentRunner.runChildren(ParentRunner.java:329) ~[junit-4.13.2.jar:4.13.2]
?[0m?[0;34m	at org.junit.runners.ParentRunner.access$100(ParentRunner.java:66) ~[junit-4.13.2.jar:4.13.2]
?[0m?[0;34m	at org.junit.runners.ParentRunner$2.evaluate(ParentRunner.java:293) ~[junit-4.13.2.jar:4.13.2]
?[0m?[0;34m	at org.junit.runners.ParentRunner$3.evaluate(ParentRunner.java:306) ~[junit-4.13.2.jar:4.13.2]
?[0m?[0;34m	at org.junit.runners.ParentRunner.run(ParentRunner.java:413) ~[junit-4.13.2.jar:4.13.2]
?[0m?[0;34m	at org.gradle.api.internal.tasks.testing.junit.JUnitTestClassExecutor.runTestClass(JUnitTestClassExecutor.java:108) ~[na:na]
?[0m?[0;34m	at org.gradle.api.internal.tasks.testing.junit.JUnitTestClassExecutor.execute(JUnitTestClassExecutor.java:57) ~[na:na]
?[0m?[0;34m	at org.gradle.api.internal.tasks.testing.junit.JUnitTestClassExecutor.execute(JUnitTestClassExecutor.java:39) ~[na:na]
?[0m?[0;34m	at org.gradle.api.internal.tasks.testing.junit.AbstractJUnitTestClassProcessor.processTestClass(AbstractJUnitTestClassProcessor.java:62) ~[na:na]
?[0m?[0;34m	at org.gradle.api.internal.tasks.testing.SuiteTestClassProcessor.processTestClass(SuiteTestClassProcessor.java:52) ~[na:na]
?[0m?[0;34m	at java.base/jdk.internal.reflect.NativeMethodAccessorImpl.invoke0(Native Method) ~[na:na]
?[0m?[0;34m	at java.base/jdk.internal.reflect.NativeMethodAccessorImpl.invoke(NativeMethodAccessorImpl.java:77) ~[na:na]
?[0m?[0;34m	at java.base/jdk.internal.reflect.DelegatingMethodAccessorImpl.invoke(DelegatingMethodAccessorImpl.java:43) ~[na:na]
?[0m?[0;34m	at java.base/java.lang.reflect.Method.invoke(Method.java:568) ~[na:na]
?[0m?[0;34m	at org.gradle.internal.dispatch.ReflectionDispatch.dispatch(ReflectionDispatch.java:36) ~[na:na]
?[0m?[0;34m	at org.gradle.internal.dispatch.ReflectionDispatch.dispatch(ReflectionDispatch.java:24) ~[na:na]
?[0m?[0;34m	at org.gradle.internal.dispatch.ContextClassLoaderDispatch.dispatch(ContextClassLoaderDispatch.java:33) ~[na:na]
?[0m?[0;34m	at org.gradle.internal.dispatch.ProxyDispatchAdapter$DispatchingInvocationHandler.invoke(ProxyDispatchAdapter.java:94) ~[na:na]
?[0m?[0;34m	at jdk.proxy1/jdk.proxy1.$Proxy2.processTestClass(Unknown Source) ~[na:na]
?[0m?[0;34m	at org.gradle.api.internal.tasks.testing.worker.TestWorker$2.run(TestWorker.java:176) ~[na:na]
?[0m?[0;34m	at org.gradle.api.internal.tasks.testing.worker.TestWorker.executeAndMaintainThreadName(TestWorker.java:129) ~[na:na]
?[0m?[0;34m	at org.gradle.api.internal.tasks.testing.worker.TestWorker.execute(TestWorker.java:100) ~[na:na]
?[0m?[0;34m	at org.gradle.api.internal.tasks.testing.worker.TestWorker.execute(TestWorker.java:60) ~[na:na]
?[0m?[0;34m	at org.gradle.process.internal.worker.child.ActionExecutionWorker.execute(ActionExecutionWorker.java:56) ~[na:na]
?[0m?[0;34m	at org.gradle.process.internal.worker.child.SystemApplicationClassLoaderWorker.call(SystemApplicationClassLoaderWorker.java:113) ~[na:na]
?[0m?[0;34m	at org.gradle.process.internal.worker.child.SystemApplicationClassLoaderWorker.call(SystemApplicationClassLoaderWorker.java:65) ~[na:na]
?[0m?[0;34m	at worker.org.gradle.process.internal.worker.GradleWorkerMain.run(GradleWorkerMain.java:69) ~[gradle-worker.jar:na]
?[0m?[0;34m	at worker.org.gradle.process.internal.worker.GradleWorkerMain.main(GradleWorkerMain.java:74) ~[gradle-worker.jar:na]
?[0m?[0;34m
?[0m?[0;34m2023-07-16T14:07:18.150+02:00  WARN 1424 --- [    Test worker] .t.u.s.PrivilegedSetAccessControlContext : Unable to set field Thread.inheritedAccessControlContext
?[0m?[0;34m
?[0m?[0;34mjava.lang.IllegalAccessException: class org.apache.tomcat.util.security.PrivilegedSetAccessControlContext cannot access a member of class java.lang.Thread (in module java.base) with modifiers "private"
?[0m?[0;34m	at java.base/jdk.internal.reflect.Reflection.newIllegalAccessException(Reflection.java:392) ~[na:na]
?[0m?[0;34m	at java.base/java.lang.reflect.AccessibleObject.checkAccess(AccessibleObject.java:674) ~[na:na]
?[0m?[0;34m	at java.base/java.lang.reflect.Field.checkAccess(Field.java:1102) ~[na:na]
?[0m?[0;34m	at java.base/java.lang.reflect.Field.set(Field.java:797) ~[na:na]
?[0m?[0;34m	at org.apache.tomcat.util.security.PrivilegedSetAccessControlContext.run(PrivilegedSetAccessControlContext.java:60) ~[tomcat-embed-core-10.1.5.jar:10.1.5]
?[0m?[0;34m	at org.apache.tomcat.util.security.PrivilegedSetAccessControlContext.run(PrivilegedSetAccessControlContext.java:28) ~[tomcat-embed-core-10.1.5.jar:10.1.5]
?[0m?[0;34m	at java.base/java.security.AccessController.doPrivileged(AccessController.java:318) ~[na:na]
?[0m?[0;34m	at org.apache.tomcat.util.threads.TaskThreadFactory.newThread(TaskThreadFactory.java:64) ~[tomcat-embed-core-10.1.5.jar:10.1.5]
?[0m?[0;34m	at org.apache.tomcat.util.threads.ThreadPoolExecutor$Worker.<init>(ThreadPoolExecutor.java:653) ~[tomcat-embed-core-10.1.5.jar:10.1.5]
?[0m?[0;34m	at org.apache.tomcat.util.threads.ThreadPoolExecutor.addWorker(ThreadPoolExecutor.java:957) ~[tomcat-embed-core-10.1.5.jar:10.1.5]
?[0m?[0;34m	at org.apache.tomcat.util.threads.ThreadPoolExecutor.prestartAllCoreThreads(ThreadPoolExecutor.java:1694) ~[tomcat-embed-core-10.1.5.jar:10.1.5]
?[0m?[0;34m	at org.apache.tomcat.util.threads.ThreadPoolExecutor.<init>(ThreadPoolExecutor.java:1370) ~[tomcat-embed-core-10.1.5.jar:10.1.5]
?[0m?[0;34m	at org.apache.tomcat.util.threads.ThreadPoolExecutor.<init>(ThreadPoolExecutor.java:1280) ~[tomcat-embed-core-10.1.5.jar:10.1.5]
?[0m?[0;34m	at org.apache.tomcat.util.net.AbstractEndpoint.createExecutor(AbstractEndpoint.java:948) ~[tomcat-embed-core-10.1.5.jar:10.1.5]
?[0m?[0;34m	at org.apache.tomcat.util.net.NioEndpoint.startInternal(NioEndpoint.java:279) ~[tomcat-embed-core-10.1.5.jar:10.1.5]
?[0m?[0;34m	at org.apache.tomcat.util.net.AbstractEndpoint.start(AbstractEndpoint.java:1261) ~[tomcat-embed-core-10.1.5.jar:10.1.5]
?[0m?[0;34m	at org.apache.coyote.AbstractProtocol.start(AbstractProtocol.java:586) ~[tomcat-embed-core-10.1.5.jar:10.1.5]
?[0m?[0;34m	at org.apache.catalina.connector.Connector.startInternal(Connector.java:1081) ~[tomcat-embed-core-10.1.5.jar:10.1.5]
?[0m?[0;34m	at org.apache.catalina.util.LifecycleBase.start(LifecycleBase.java:183) ~[tomcat-embed-core-10.1.5.jar:10.1.5]
?[0m?[0;34m	at org.apache.catalina.core.StandardService.addConnector(StandardService.java:234) ~[tomcat-embed-core-10.1.5.jar:10.1.5]
?[0m?[0;34m	at org.springframework.boot.web.embedded.tomcat.TomcatWebServer.addPreviouslyRemovedConnectors(TomcatWebServer.java:282) ~[spring-boot-3.0.2.jar:3.0.2]
?[0m?[0;34m	at org.springframework.boot.web.embedded.tomcat.TomcatWebServer.start(TomcatWebServer.java:213) ~[spring-boot-3.0.2.jar:3.0.2]
?[0m?[0;34m	at org.springframework.boot.web.servlet.context.WebServerStartStopLifecycle.start(WebServerStartStopLifecycle.java:44) ~[spring-boot-3.0.2.jar:3.0.2]
?[0m?[0;34m	at org.springframework.context.support.DefaultLifecycleProcessor.doStart(DefaultLifecycleProcessor.java:178) ~[spring-context-6.0.4.jar:6.0.4]
?[0m?[0;34m	at org.springframework.context.support.DefaultLifecycleProcessor$LifecycleGroup.start(DefaultLifecycleProcessor.java:356) ~[spring-context-6.0.4.jar:6.0.4]
?[0m?[0;34m	at java.base/java.lang.Iterable.forEach(Iterable.java:75) ~[na:na]
?[0m?[0;34m	at org.springframework.context.support.DefaultLifecycleProcessor.startBeans(DefaultLifecycleProcessor.java:155) ~[spring-context-6.0.4.jar:6.0.4]
?[0m?[0;34m	at org.springframework.context.support.DefaultLifecycleProcessor.onRefresh(DefaultLifecycleProcessor.java:123) ~[spring-context-6.0.4.jar:6.0.4]
?[0m?[0;34m	at org.springframework.context.support.AbstractApplicationContext.finishRefresh(AbstractApplicationContext.java:932) ~[spring-context-6.0.4.jar:6.0.4]
?[0m?[0;34m	at org.springframework.context.support.AbstractApplicationContext.refresh(AbstractApplicationContext.java:587) ~[spring-context-6.0.4.jar:6.0.4]
?[0m?[0;34m	at org.springframework.boot.web.servlet.context.ServletWebServerApplicationContext.refresh(ServletWebServerApplicationContext.java:146) ~[spring-boot-3.0.2.jar:3.0.2]
?[0m?[0;34m	at org.springframework.boot.SpringApplication.refresh(SpringApplication.java:730) ~[spring-boot-3.0.2.jar:3.0.2]
?[0m?[0;34m	at org.springframework.boot.SpringApplication.refreshContext(SpringApplication.java:432) ~[spring-boot-3.0.2.jar:3.0.2]
?[0m?[0;34m	at org.springframework.boot.SpringApplication.run(SpringApplication.java:308) ~[spring-boot-3.0.2.jar:3.0.2]
?[0m?[0;34m	at org.springframework.boot.SpringApplication.run(SpringApplication.java:1302) ~[spring-boot-3.0.2.jar:3.0.2]
?[0m?[0;34m	at org.springframework.boot.SpringApplication.run(SpringApplication.java:1291) ~[spring-boot-3.0.2.jar:3.0.2]
?[0m?[0;34m	at antifraud.AntiFraudApplication.main(AntiFraudApplication.java:10) ~[main/:na]
?[0m?[0;34m	at java.base/jdk.internal.reflect.NativeMethodAccessorImpl.invoke0(Native Method) ~[na:na]
?[0m?[0;34m	at java.base/jdk.internal.reflect.NativeMethodAccessorImpl.invoke(NativeMethodAccessorImpl.java:77) ~[na:na]
?[0m?[0;34m	at java.base/jdk.internal.reflect.DelegatingMethodAccessorImpl.invoke(DelegatingMethodAccessorImpl.java:43) ~[na:na]
?[0m?[0;34m	at java.base/java.lang.reflect.Method.invoke(Method.java:568) ~[na:na]
?[0m?[0;34m	at org.hyperskill.hstest.stage.SpringTest.startSpring(SpringTest.java:187) ~[hs-test-release-SNAPSHOT.jar:na]
?[0m?[0;34m	at org.hyperskill.hstest.stage.SpringTest.reloadSpring(SpringTest.java:239) ~[hs-test-release-SNAPSHOT.jar:na]
?[0m?[0;34m	at AntiFraudTest.restartApplication(AntiFraudTest.java:767) ~[test/:na]
?[0m?[0;34m	at AntiFraudTest.lambda$new$20(AntiFraudTest.java:1335) ~[test/:na]
?[0m?[0;34m	at org.hyperskill.hstest.dynamic.input.DynamicTesting.lambda$searchDynamicTests$3(DynamicTesting.java:289) ~[hs-test-release-SNAPSHOT.jar:na]
?[0m?[0;34m	at org.hyperskill.hstest.dynamic.input.DynamicTesting$1DynamicTestElement.lambda$getTests$0(DynamicTesting.java:252) ~[hs-test-release-SNAPSHOT.jar:na]
?[0m?[0;34m	at org.hyperskill.hstest.testing.runner.SpringApplicationRunner.test(SpringApplicationRunner.java:43) ~[hs-test-release-SNAPSHOT.jar:na]
?[0m?[0;34m	at org.hyperskill.hstest.testing.TestRun.test(TestRun.java:94) ~[hs-test-release-SNAPSHOT.jar:na]
?[0m?[0;34m	at org.hyperskill.hstest.stage.StageTest.start(StageTest.java:164) ~[hs-test-release-SNAPSHOT.jar:na]
?[0m?[0;34m	at java.base/jdk.internal.reflect.NativeMethodAccessorImpl.invoke0(Native Method) ~[na:na]
?[0m?[0;34m	at java.base/jdk.internal.reflect.NativeMethodAccessorImpl.invoke(NativeMethodAccessorImpl.java:77) ~[na:na]
?[0m?[0;34m	at java.base/jdk.internal.reflect.DelegatingMethodAccessorImpl.invoke(DelegatingMethodAccessorImpl.java:43) ~[na:na]
?[0m?[0;34m	at java.base/java.lang.reflect.Method.invoke(Method.java:568) ~[na:na]
?[0m?[0;34m	at org.junit.runners.model.FrameworkMethod$1.runReflectiveCall(FrameworkMethod.java:59) ~[junit-4.13.2.jar:4.13.2]
?[0m?[0;34m	at org.junit.internal.runners.model.ReflectiveCallable.run(ReflectiveCallable.java:12) ~[junit-4.13.2.jar:4.13.2]
?[0m?[0;34m	at org.junit.runners.model.FrameworkMethod.invokeExplosively(FrameworkMethod.java:56) ~[junit-4.13.2.jar:4.13.2]
?[0m?[0;34m	at org.junit.internal.runners.statements.InvokeMethod.evaluate(InvokeMethod.java:17) ~[junit-4.13.2.jar:4.13.2]
?[0m?[0;34m	at org.junit.internal.runners.statements.RunAfters.evaluate(RunAfters.java:27) ~[junit-4.13.2.jar:4.13.2]
?[0m?[0;34m	at org.junit.runners.ParentRunner$3.evaluate(ParentRunner.java:306) ~[junit-4.13.2.jar:4.13.2]
?[0m?[0;34m	at org.junit.runners.BlockJUnit4ClassRunner$1.evaluate(BlockJUnit4ClassRunner.java:100) ~[junit-4.13.2.jar:4.13.2]
?[0m?[0;34m	at org.junit.runners.ParentRunner.runLeaf(ParentRunner.java:366) ~[junit-4.13.2.jar:4.13.2]
?[0m?[0;34m	at org.junit.runners.BlockJUnit4ClassRunner.runChild(BlockJUnit4ClassRunner.java:103) ~[junit-4.13.2.jar:4.13.2]
?[0m?[0;34m	at org.junit.runners.BlockJUnit4ClassRunner.runChild(BlockJUnit4ClassRunner.java:63) ~[junit-4.13.2.jar:4.13.2]
?[0m?[0;34m	at org.junit.runners.ParentRunner$4.run(ParentRunner.java:331) ~[junit-4.13.2.jar:4.13.2]
?[0m?[0;34m	at org.junit.runners.ParentRunner$1.schedule(ParentRunner.java:79) ~[junit-4.13.2.jar:4.13.2]
?[0m?[0;34m	at org.junit.runners.ParentRunner.runChildren(ParentRunner.java:329) ~[junit-4.13.2.jar:4.13.2]
?[0m?[0;34m	at org.junit.runners.ParentRunner.access$100(ParentRunner.java:66) ~[junit-4.13.2.jar:4.13.2]
?[0m?[0;34m	at org.junit.runners.ParentRunner$2.evaluate(ParentRunner.java:293) ~[junit-4.13.2.jar:4.13.2]
?[0m?[0;34m	at org.junit.runners.ParentRunner$3.evaluate(ParentRunner.java:306) ~[junit-4.13.2.jar:4.13.2]
?[0m?[0;34m	at org.junit.runners.ParentRunner.run(ParentRunner.java:413) ~[junit-4.13.2.jar:4.13.2]
?[0m?[0;34m	at org.gradle.api.internal.tasks.testing.junit.JUnitTestClassExecutor.runTestClass(JUnitTestClassExecutor.java:108) ~[na:na]
?[0m?[0;34m	at org.gradle.api.internal.tasks.testing.junit.JUnitTestClassExecutor.execute(JUnitTestClassExecutor.java:57) ~[na:na]
?[0m?[0;34m	at org.gradle.api.internal.tasks.testing.junit.JUnitTestClassExecutor.execute(JUnitTestClassExecutor.java:39) ~[na:na]
?[0m?[0;34m	at org.gradle.api.internal.tasks.testing.junit.AbstractJUnitTestClassProcessor.processTestClass(AbstractJUnitTestClassProcessor.java:62) ~[na:na]
?[0m?[0;34m	at org.gradle.api.internal.tasks.testing.SuiteTestClassProcessor.processTestClass(SuiteTestClassProcessor.java:52) ~[na:na]
?[0m?[0;34m	at java.base/jdk.internal.reflect.NativeMethodAccessorImpl.invoke0(Native Method) ~[na:na]
?[0m?[0;34m	at java.base/jdk.internal.reflect.NativeMethodAccessorImpl.invoke(NativeMethodAccessorImpl.java:77) ~[na:na]
?[0m?[0;34m	at java.base/jdk.internal.reflect.DelegatingMethodAccessorImpl.invoke(DelegatingMethodAccessorImpl.java:43) ~[na:na]
?[0m?[0;34m	at java.base/java.lang.reflect.Method.invoke(Method.java:568) ~[na:na]
?[0m?[0;34m	at org.gradle.internal.dispatch.ReflectionDispatch.dispatch(ReflectionDispatch.java:36) ~[na:na]
?[0m?[0;34m	at org.gradle.internal.dispatch.ReflectionDispatch.dispatch(ReflectionDispatch.java:24) ~[na:na]
?[0m?[0;34m	at org.gradle.internal.dispatch.ContextClassLoaderDispatch.dispatch(ContextClassLoaderDispatch.java:33) ~[na:na]
?[0m?[0;34m	at org.gradle.internal.dispatch.ProxyDispatchAdapter$DispatchingInvocationHandler.invoke(ProxyDispatchAdapter.java:94) ~[na:na]
?[0m?[0;34m	at jdk.proxy1/jdk.proxy1.$Proxy2.processTestClass(Unknown Source) ~[na:na]
?[0m?[0;34m	at org.gradle.api.internal.tasks.testing.worker.TestWorker$2.run(TestWorker.java:176) ~[na:na]
?[0m?[0;34m	at org.gradle.api.internal.tasks.testing.worker.TestWorker.executeAndMaintainThreadName(TestWorker.java:129) ~[na:na]
?[0m?[0;34m	at org.gradle.api.internal.tasks.testing.worker.TestWorker.execute(TestWorker.java:100) ~[na:na]
?[0m?[0;34m	at org.gradle.api.internal.tasks.testing.worker.TestWorker.execute(TestWorker.java:60) ~[na:na]
?[0m?[0;34m	at org.gradle.process.internal.worker.child.ActionExecutionWorker.execute(ActionExecutionWorker.java:56) ~[na:na]
?[0m?[0;34m	at org.gradle.process.internal.worker.child.SystemApplicationClassLoaderWorker.call(SystemApplicationClassLoaderWorker.java:113) ~[na:na]
?[0m?[0;34m	at org.gradle.process.internal.worker.child.SystemApplicationClassLoaderWorker.call(SystemApplicationClassLoaderWorker.java:65) ~[na:na]
?[0m?[0;34m	at worker.org.gradle.process.internal.worker.GradleWorkerMain.run(GradleWorkerMain.java:69) ~[gradle-worker.jar:na]
?[0m?[0;34m	at worker.org.gradle.process.internal.worker.GradleWorkerMain.main(GradleWorkerMain.java:74) ~[gradle-worker.jar:na]
?[0m?[0;34m
?[0m?[0;34m2023-07-16T14:07:18.150+02:00  WARN 1424 --- [    Test worker] .t.u.s.PrivilegedSetAccessControlContext : Unable to set field Thread.inheritedAccessControlContext
?[0m?[0;34m
?[0m?[0;34mjava.lang.IllegalAccessException: class org.apache.tomcat.util.security.PrivilegedSetAccessControlContext cannot access a member of class java.lang.Thread (in module java.base) with modifiers "private"
?[0m?[0;34m	at java.base/jdk.internal.reflect.Reflection.newIllegalAccessException(Reflection.java:392) ~[na:na]
?[0m?[0;34m	at java.base/java.lang.reflect.AccessibleObject.checkAccess(AccessibleObject.java:674) ~[na:na]
?[0m?[0;34m	at java.base/java.lang.reflect.Field.checkAccess(Field.java:1102) ~[na:na]
?[0m?[0;34m	at java.base/java.lang.reflect.Field.set(Field.java:797) ~[na:na]
?[0m?[0;34m	at org.apache.tomcat.util.security.PrivilegedSetAccessControlContext.run(PrivilegedSetAccessControlContext.java:60) ~[tomcat-embed-core-10.1.5.jar:10.1.5]
?[0m?[0;34m	at org.apache.tomcat.util.security.PrivilegedSetAccessControlContext.run(PrivilegedSetAccessControlContext.java:28) ~[tomcat-embed-core-10.1.5.jar:10.1.5]
?[0m?[0;34m	at java.base/java.security.AccessController.doPrivileged(AccessController.java:318) ~[na:na]
?[0m?[0;34m	at org.apache.tomcat.util.threads.TaskThreadFactory.newThread(TaskThreadFactory.java:64) ~[tomcat-embed-core-10.1.5.jar:10.1.5]
?[0m?[0;34m	at org.apache.tomcat.util.threads.ThreadPoolExecutor$Worker.<init>(ThreadPoolExecutor.java:653) ~[tomcat-embed-core-10.1.5.jar:10.1.5]
?[0m?[0;34m	at org.apache.tomcat.util.threads.ThreadPoolExecutor.addWorker(ThreadPoolExecutor.java:957) ~[tomcat-embed-core-10.1.5.jar:10.1.5]
?[0m?[0;34m	at org.apache.tomcat.util.threads.ThreadPoolExecutor.prestartAllCoreThreads(ThreadPoolExecutor.java:1694) ~[tomcat-embed-core-10.1.5.jar:10.1.5]
?[0m?[0;34m	at org.apache.tomcat.util.threads.ThreadPoolExecutor.<init>(ThreadPoolExecutor.java:1370) ~[tomcat-embed-core-10.1.5.jar:10.1.5]
?[0m?[0;34m	at org.apache.tomcat.util.threads.ThreadPoolExecutor.<init>(ThreadPoolExecutor.java:1280) ~[tomcat-embed-core-10.1.5.jar:10.1.5]
?[0m?[0;34m	at org.apache.tomcat.util.net.AbstractEndpoint.createExecutor(AbstractEndpoint.java:948) ~[tomcat-embed-core-10.1.5.jar:10.1.5]
?[0m?[0;34m	at org.apache.tomcat.util.net.NioEndpoint.startInternal(NioEndpoint.java:279) ~[tomcat-embed-core-10.1.5.jar:10.1.5]
?[0m?[0;34m	at org.apache.tomcat.util.net.AbstractEndpoint.start(AbstractEndpoint.java:1261) ~[tomcat-embed-core-10.1.5.jar:10.1.5]
?[0m?[0;34m	at org.apache.coyote.AbstractProtocol.start(AbstractProtocol.java:586) ~[tomcat-embed-core-10.1.5.jar:10.1.5]
?[0m?[0;34m	at org.apache.catalina.connector.Connector.startInternal(Connector.java:1081) ~[tomcat-embed-core-10.1.5.jar:10.1.5]
?[0m?[0;34m	at org.apache.catalina.util.LifecycleBase.start(LifecycleBase.java:183) ~[tomcat-embed-core-10.1.5.jar:10.1.5]
?[0m?[0;34m	at org.apache.catalina.core.StandardService.addConnector(StandardService.java:234) ~[tomcat-embed-core-10.1.5.jar:10.1.5]
?[0m?[0;34m	at org.springframework.boot.web.embedded.tomcat.TomcatWebServer.addPreviouslyRemovedConnectors(TomcatWebServer.java:282) ~[spring-boot-3.0.2.jar:3.0.2]
?[0m?[0;34m	at org.springframework.boot.web.embedded.tomcat.TomcatWebServer.start(TomcatWebServer.java:213) ~[spring-boot-3.0.2.jar:3.0.2]
?[0m?[0;34m	at org.springframework.boot.web.servlet.context.WebServerStartStopLifecycle.start(WebServerStartStopLifecycle.java:44) ~[spring-boot-3.0.2.jar:3.0.2]
?[0m?[0;34m	at org.springframework.context.support.DefaultLifecycleProcessor.doStart(DefaultLifecycleProcessor.java:178) ~[spring-context-6.0.4.jar:6.0.4]
?[0m?[0;34m	at org.springframework.context.support.DefaultLifecycleProcessor$LifecycleGroup.start(DefaultLifecycleProcessor.java:356) ~[spring-context-6.0.4.jar:6.0.4]
?[0m?[0;34m	at java.base/java.lang.Iterable.forEach(Iterable.java:75) ~[na:na]
?[0m?[0;34m	at org.springframework.context.support.DefaultLifecycleProcessor.startBeans(DefaultLifecycleProcessor.java:155) ~[spring-context-6.0.4.jar:6.0.4]
?[0m?[0;34m	at org.springframework.context.support.DefaultLifecycleProcessor.onRefresh(DefaultLifecycleProcessor.java:123) ~[spring-context-6.0.4.jar:6.0.4]
?[0m?[0;34m	at org.springframework.context.support.AbstractApplicationContext.finishRefresh(AbstractApplicationContext.java:932) ~[spring-context-6.0.4.jar:6.0.4]
?[0m?[0;34m	at org.springframework.context.support.AbstractApplicationContext.refresh(AbstractApplicationContext.java:587) ~[spring-context-6.0.4.jar:6.0.4]
?[0m?[0;34m	at org.springframework.boot.web.servlet.context.ServletWebServerApplicationContext.refresh(ServletWebServerApplicationContext.java:146) ~[spring-boot-3.0.2.jar:3.0.2]
?[0m?[0;34m	at org.springframework.boot.SpringApplication.refresh(SpringApplication.java:730) ~[spring-boot-3.0.2.jar:3.0.2]
?[0m?[0;34m	at org.springframework.boot.SpringApplication.refreshContext(SpringApplication.java:432) ~[spring-boot-3.0.2.jar:3.0.2]
?[0m?[0;34m	at org.springframework.boot.SpringApplication.run(SpringApplication.java:308) ~[spring-boot-3.0.2.jar:3.0.2]
?[0m?[0;34m	at org.springframework.boot.SpringApplication.run(SpringApplication.java:1302) ~[spring-boot-3.0.2.jar:3.0.2]
?[0m?[0;34m	at org.springframework.boot.SpringApplication.run(SpringApplication.java:1291) ~[spring-boot-3.0.2.jar:3.0.2]
?[0m?[0;34m	at antifraud.AntiFraudApplication.main(AntiFraudApplication.java:10) ~[main/:na]
?[0m?[0;34m	at java.base/jdk.internal.reflect.NativeMethodAccessorImpl.invoke0(Native Method) ~[na:na]
?[0m?[0;34m	at java.base/jdk.internal.reflect.NativeMethodAccessorImpl.invoke(NativeMethodAccessorImpl.java:77) ~[na:na]
?[0m?[0;34m	at java.base/jdk.internal.reflect.DelegatingMethodAccessorImpl.invoke(DelegatingMethodAccessorImpl.java:43) ~[na:na]
?[0m?[0;34m	at java.base/java.lang.reflect.Method.invoke(Method.java:568) ~[na:na]
?[0m?[0;34m	at org.hyperskill.hstest.stage.SpringTest.startSpring(SpringTest.java:187) ~[hs-test-release-SNAPSHOT.jar:na]
?[0m?[0;34m	at org.hyperskill.hstest.stage.SpringTest.reloadSpring(SpringTest.java:239) ~[hs-test-release-SNAPSHOT.jar:na]
?[0m?[0;34m	at AntiFraudTest.restartApplication(AntiFraudTest.java:767) ~[test/:na]
?[0m?[0;34m	at AntiFraudTest.lambda$new$20(AntiFraudTest.java:1335) ~[test/:na]
?[0m?[0;34m	at org.hyperskill.hstest.dynamic.input.DynamicTesting.lambda$searchDynamicTests$3(DynamicTesting.java:289) ~[hs-test-release-SNAPSHOT.jar:na]
?[0m?[0;34m	at org.hyperskill.hstest.dynamic.input.DynamicTesting$1DynamicTestElement.lambda$getTests$0(DynamicTesting.java:252) ~[hs-test-release-SNAPSHOT.jar:na]
?[0m?[0;34m	at org.hyperskill.hstest.testing.runner.SpringApplicationRunner.test(SpringApplicationRunner.java:43) ~[hs-test-release-SNAPSHOT.jar:na]
?[0m?[0;34m	at org.hyperskill.hstest.testing.TestRun.test(TestRun.java:94) ~[hs-test-release-SNAPSHOT.jar:na]
?[0m?[0;34m	at org.hyperskill.hstest.stage.StageTest.start(StageTest.java:164) ~[hs-test-release-SNAPSHOT.jar:na]
?[0m?[0;34m	at java.base/jdk.internal.reflect.NativeMethodAccessorImpl.invoke0(Native Method) ~[na:na]
?[0m?[0;34m	at java.base/jdk.internal.reflect.NativeMethodAccessorImpl.invoke(NativeMethodAccessorImpl.java:77) ~[na:na]
?[0m?[0;34m	at java.base/jdk.internal.reflect.DelegatingMethodAccessorImpl.invoke(DelegatingMethodAccessorImpl.java:43) ~[na:na]
?[0m?[0;34m	at java.base/java.lang.reflect.Method.invoke(Method.java:568) ~[na:na]
?[0m?[0;34m	at org.junit.runners.model.FrameworkMethod$1.runReflectiveCall(FrameworkMethod.java:59) ~[junit-4.13.2.jar:4.13.2]
?[0m?[0;34m	at org.junit.internal.runners.model.ReflectiveCallable.run(ReflectiveCallable.java:12) ~[junit-4.13.2.jar:4.13.2]
?[0m?[0;34m	at org.junit.runners.model.FrameworkMethod.invokeExplosively(FrameworkMethod.java:56) ~[junit-4.13.2.jar:4.13.2]
?[0m?[0;34m	at org.junit.internal.runners.statements.InvokeMethod.evaluate(InvokeMethod.java:17) ~[junit-4.13.2.jar:4.13.2]
?[0m?[0;34m	at org.junit.internal.runners.statements.RunAfters.evaluate(RunAfters.java:27) ~[junit-4.13.2.jar:4.13.2]
?[0m?[0;34m	at org.junit.runners.ParentRunner$3.evaluate(ParentRunner.java:306) ~[junit-4.13.2.jar:4.13.2]
?[0m?[0;34m	at org.junit.runners.BlockJUnit4ClassRunner$1.evaluate(BlockJUnit4ClassRunner.java:100) ~[junit-4.13.2.jar:4.13.2]
?[0m?[0;34m	at org.junit.runners.ParentRunner.runLeaf(ParentRunner.java:366) ~[junit-4.13.2.jar:4.13.2]
?[0m?[0;34m	at org.junit.runners.BlockJUnit4ClassRunner.runChild(BlockJUnit4ClassRunner.java:103) ~[junit-4.13.2.jar:4.13.2]
?[0m?[0;34m	at org.junit.runners.BlockJUnit4ClassRunner.runChild(BlockJUnit4ClassRunner.java:63) ~[junit-4.13.2.jar:4.13.2]
?[0m?[0;34m	at org.junit.runners.ParentRunner$4.run(ParentRunner.java:331) ~[junit-4.13.2.jar:4.13.2]
?[0m?[0;34m	at org.junit.runners.ParentRunner$1.schedule(ParentRunner.java:79) ~[junit-4.13.2.jar:4.13.2]
?[0m?[0;34m	at org.junit.runners.ParentRunner.runChildren(ParentRunner.java:329) ~[junit-4.13.2.jar:4.13.2]
?[0m?[0;34m	at org.junit.runners.ParentRunner.access$100(ParentRunner.java:66) ~[junit-4.13.2.jar:4.13.2]
?[0m?[0;34m	at org.junit.runners.ParentRunner$2.evaluate(ParentRunner.java:293) ~[junit-4.13.2.jar:4.13.2]
?[0m?[0;34m	at org.junit.runners.ParentRunner$3.evaluate(ParentRunner.java:306) ~[junit-4.13.2.jar:4.13.2]
?[0m?[0;34m	at org.junit.runners.ParentRunner.run(ParentRunner.java:413) ~[junit-4.13.2.jar:4.13.2]
?[0m?[0;34m	at org.gradle.api.internal.tasks.testing.junit.JUnitTestClassExecutor.runTestClass(JUnitTestClassExecutor.java:108) ~[na:na]
?[0m?[0;34m	at org.gradle.api.internal.tasks.testing.junit.JUnitTestClassExecutor.execute(JUnitTestClassExecutor.java:57) ~[na:na]
?[0m?[0;34m	at org.gradle.api.internal.tasks.testing.junit.JUnitTestClassExecutor.execute(JUnitTestClassExecutor.java:39) ~[na:na]
?[0m?[0;34m	at org.gradle.api.internal.tasks.testing.junit.AbstractJUnitTestClassProcessor.processTestClass(AbstractJUnitTestClassProcessor.java:62) ~[na:na]
?[0m?[0;34m	at org.gradle.api.internal.tasks.testing.SuiteTestClassProcessor.processTestClass(SuiteTestClassProcessor.java:52) ~[na:na]
?[0m?[0;34m	at java.base/jdk.internal.reflect.NativeMethodAccessorImpl.invoke0(Native Method) ~[na:na]
?[0m?[0;34m	at java.base/jdk.internal.reflect.NativeMethodAccessorImpl.invoke(NativeMethodAccessorImpl.java:77) ~[na:na]
?[0m?[0;34m	at java.base/jdk.internal.reflect.DelegatingMethodAccessorImpl.invoke(DelegatingMethodAccessorImpl.java:43) ~[na:na]
?[0m?[0;34m	at java.base/java.lang.reflect.Method.invoke(Method.java:568) ~[na:na]
?[0m?[0;34m	at org.gradle.internal.dispatch.ReflectionDispatch.dispatch(ReflectionDispatch.java:36) ~[na:na]
?[0m?[0;34m	at org.gradle.internal.dispatch.ReflectionDispatch.dispatch(ReflectionDispatch.java:24) ~[na:na]
?[0m?[0;34m	at org.gradle.internal.dispatch.ContextClassLoaderDispatch.dispatch(ContextClassLoaderDispatch.java:33) ~[na:na]
?[0m?[0;34m	at org.gradle.internal.dispatch.ProxyDispatchAdapter$DispatchingInvocationHandler.invoke(ProxyDispatchAdapter.java:94) ~[na:na]
?[0m?[0;34m	at jdk.proxy1/jdk.proxy1.$Proxy2.processTestClass(Unknown Source) ~[na:na]
?[0m?[0;34m	at org.gradle.api.internal.tasks.testing.worker.TestWorker$2.run(TestWorker.java:176) ~[na:na]
?[0m?[0;34m	at org.gradle.api.internal.tasks.testing.worker.TestWorker.executeAndMaintainThreadName(TestWorker.java:129) ~[na:na]
?[0m?[0;34m	at org.gradle.api.internal.tasks.testing.worker.TestWorker.execute(TestWorker.java:100) ~[na:na]
?[0m?[0;34m	at org.gradle.api.internal.tasks.testing.worker.TestWorker.execute(TestWorker.java:60) ~[na:na]
?[0m?[0;34m	at org.gradle.process.internal.worker.child.ActionExecutionWorker.execute(ActionExecutionWorker.java:56) ~[na:na]
?[0m?[0;34m	at org.gradle.process.internal.worker.child.SystemApplicationClassLoaderWorker.call(SystemApplicationClassLoaderWorker.java:113) ~[na:na]
?[0m?[0;34m	at org.gradle.process.internal.worker.child.SystemApplicationClassLoaderWorker.call(SystemApplicationClassLoaderWorker.java:65) ~[na:na]
?[0m?[0;34m	at worker.org.gradle.process.internal.worker.GradleWorkerMain.run(GradleWorkerMain.java:69) ~[gradle-worker.jar:na]
?[0m?[0;34m	at worker.org.gradle.process.internal.worker.GradleWorkerMain.main(GradleWorkerMain.java:74) ~[gradle-worker.jar:na]
?[0m?[0;34m
?[0m?[0;34m2023-07-16T14:07:18.167+02:00  WARN 1424 --- [    Test worker] .t.u.s.PrivilegedSetAccessControlContext : Unable to set field Thread.inheritedAccessControlContext
?[0m?[0;34m
?[0m?[0;34mjava.lang.IllegalAccessException: class org.apache.tomcat.util.security.PrivilegedSetAccessControlContext cannot access a member of class java.lang.Thread (in module java.base) with modifiers "private"
?[0m?[0;34m	at java.base/jdk.internal.reflect.Reflection.newIllegalAccessException(Reflection.java:392) ~[na:na]
?[0m?[0;34m	at java.base/java.lang.reflect.AccessibleObject.checkAccess(AccessibleObject.java:674) ~[na:na]
?[0m?[0;34m	at java.base/java.lang.reflect.Field.checkAccess(Field.java:1102) ~[na:na]
?[0m?[0;34m	at java.base/java.lang.reflect.Field.set(Field.java:797) ~[na:na]
?[0m?[0;34m	at org.apache.tomcat.util.security.PrivilegedSetAccessControlContext.run(PrivilegedSetAccessControlContext.java:60) ~[tomcat-embed-core-10.1.5.jar:10.1.5]
?[0m?[0;34m	at org.apache.tomcat.util.security.PrivilegedSetAccessControlContext.run(PrivilegedSetAccessControlContext.java:28) ~[tomcat-embed-core-10.1.5.jar:10.1.5]
?[0m?[0;34m	at java.base/java.security.AccessController.doPrivileged(AccessController.java:318) ~[na:na]
?[0m?[0;34m	at org.apache.tomcat.util.threads.TaskThreadFactory.newThread(TaskThreadFactory.java:64) ~[tomcat-embed-core-10.1.5.jar:10.1.5]
?[0m?[0;34m	at org.apache.tomcat.util.threads.ThreadPoolExecutor$Worker.<init>(ThreadPoolExecutor.java:653) ~[tomcat-embed-core-10.1.5.jar:10.1.5]
?[0m?[0;34m	at org.apache.tomcat.util.threads.ThreadPoolExecutor.addWorker(ThreadPoolExecutor.java:957) ~[tomcat-embed-core-10.1.5.jar:10.1.5]
?[0m?[0;34m	at org.apache.tomcat.util.threads.ThreadPoolExecutor.prestartAllCoreThreads(ThreadPoolExecutor.java:1694) ~[tomcat-embed-core-10.1.5.jar:10.1.5]
?[0m?[0;34m	at org.apache.tomcat.util.threads.ThreadPoolExecutor.<init>(ThreadPoolExecutor.java:1370) ~[tomcat-embed-core-10.1.5.jar:10.1.5]
?[0m?[0;34m	at org.apache.tomcat.util.threads.ThreadPoolExecutor.<init>(ThreadPoolExecutor.java:1280) ~[tomcat-embed-core-10.1.5.jar:10.1.5]
?[0m?[0;34m	at org.apache.tomcat.util.net.AbstractEndpoint.createExecutor(AbstractEndpoint.java:948) ~[tomcat-embed-core-10.1.5.jar:10.1.5]
?[0m?[0;34m	at org.apache.tomcat.util.net.NioEndpoint.startInternal(NioEndpoint.java:279) ~[tomcat-embed-core-10.1.5.jar:10.1.5]
?[0m?[0;34m	at org.apache.tomcat.util.net.AbstractEndpoint.start(AbstractEndpoint.java:1261) ~[tomcat-embed-core-10.1.5.jar:10.1.5]
?[0m?[0;34m	at org.apache.coyote.AbstractProtocol.start(AbstractProtocol.java:586) ~[tomcat-embed-core-10.1.5.jar:10.1.5]
?[0m?[0;34m	at org.apache.catalina.connector.Connector.startInternal(Connector.java:1081) ~[tomcat-embed-core-10.1.5.jar:10.1.5]
?[0m?[0;34m	at org.apache.catalina.util.LifecycleBase.start(LifecycleBase.java:183) ~[tomcat-embed-core-10.1.5.jar:10.1.5]
?[0m?[0;34m	at org.apache.catalina.core.StandardService.addConnector(StandardService.java:234) ~[tomcat-embed-core-10.1.5.jar:10.1.5]
?[0m?[0;34m	at org.springframework.boot.web.embedded.tomcat.TomcatWebServer.addPreviouslyRemovedConnectors(TomcatWebServer.java:282) ~[spring-boot-3.0.2.jar:3.0.2]
?[0m?[0;34m	at org.springframework.boot.web.embedded.tomcat.TomcatWebServer.start(TomcatWebServer.java:213) ~[spring-boot-3.0.2.jar:3.0.2]
?[0m?[0;34m	at org.springframework.boot.web.servlet.context.WebServerStartStopLifecycle.start(WebServerStartStopLifecycle.java:44) ~[spring-boot-3.0.2.jar:3.0.2]
?[0m?[0;34m	at org.springframework.context.support.DefaultLifecycleProcessor.doStart(DefaultLifecycleProcessor.java:178) ~[spring-context-6.0.4.jar:6.0.4]
?[0m?[0;34m	at org.springframework.context.support.DefaultLifecycleProcessor$LifecycleGroup.start(DefaultLifecycleProcessor.java:356) ~[spring-context-6.0.4.jar:6.0.4]
?[0m?[0;34m	at java.base/java.lang.Iterable.forEach(Iterable.java:75) ~[na:na]
?[0m?[0;34m	at org.springframework.context.support.DefaultLifecycleProcessor.startBeans(DefaultLifecycleProcessor.java:155) ~[spring-context-6.0.4.jar:6.0.4]
?[0m?[0;34m	at org.springframework.context.support.DefaultLifecycleProcessor.onRefresh(DefaultLifecycleProcessor.java:123) ~[spring-context-6.0.4.jar:6.0.4]
?[0m?[0;34m	at org.springframework.context.support.AbstractApplicationContext.finishRefresh(AbstractApplicationContext.java:932) ~[spring-context-6.0.4.jar:6.0.4]
?[0m?[0;34m	at org.springframework.context.support.AbstractApplicationContext.refresh(AbstractApplicationContext.java:587) ~[spring-context-6.0.4.jar:6.0.4]
?[0m?[0;34m	at org.springframework.boot.web.servlet.context.ServletWebServerApplicationContext.refresh(ServletWebServerApplicationContext.java:146) ~[spring-boot-3.0.2.jar:3.0.2]
?[0m?[0;34m	at org.springframework.boot.SpringApplication.refresh(SpringApplication.java:730) ~[spring-boot-3.0.2.jar:3.0.2]
?[0m?[0;34m	at org.springframework.boot.SpringApplication.refreshContext(SpringApplication.java:432) ~[spring-boot-3.0.2.jar:3.0.2]
?[0m?[0;34m	at org.springframework.boot.SpringApplication.run(SpringApplication.java:308) ~[spring-boot-3.0.2.jar:3.0.2]
?[0m?[0;34m	at org.springframework.boot.SpringApplication.run(SpringApplication.java:1302) ~[spring-boot-3.0.2.jar:3.0.2]
?[0m?[0;34m	at org.springframework.boot.SpringApplication.run(SpringApplication.java:1291) ~[spring-boot-3.0.2.jar:3.0.2]
?[0m?[0;34m	at antifraud.AntiFraudApplication.main(AntiFraudApplication.java:10) ~[main/:na]
?[0m?[0;34m	at java.base/jdk.internal.reflect.NativeMethodAccessorImpl.invoke0(Native Method) ~[na:na]
?[0m?[0;34m	at java.base/jdk.internal.reflect.NativeMethodAccessorImpl.invoke(NativeMethodAccessorImpl.java:77) ~[na:na]
?[0m?[0;34m	at java.base/jdk.internal.reflect.DelegatingMethodAccessorImpl.invoke(DelegatingMethodAccessorImpl.java:43) ~[na:na]
?[0m?[0;34m	at java.base/java.lang.reflect.Method.invoke(Method.java:568) ~[na:na]
?[0m?[0;34m	at org.hyperskill.hstest.stage.SpringTest.startSpring(SpringTest.java:187) ~[hs-test-release-SNAPSHOT.jar:na]
?[0m?[0;34m	at org.hyperskill.hstest.stage.SpringTest.reloadSpring(SpringTest.java:239) ~[hs-test-release-SNAPSHOT.jar:na]
?[0m?[0;34m	at AntiFraudTest.restartApplication(AntiFraudTest.java:767) ~[test/:na]
?[0m?[0;34m	at AntiFraudTest.lambda$new$20(AntiFraudTest.java:1335) ~[test/:na]
?[0m?[0;34m	at org.hyperskill.hstest.dynamic.input.DynamicTesting.lambda$searchDynamicTests$3(DynamicTesting.java:289) ~[hs-test-release-SNAPSHOT.jar:na]
?[0m?[0;34m	at org.hyperskill.hstest.dynamic.input.DynamicTesting$1DynamicTestElement.lambda$getTests$0(DynamicTesting.java:252) ~[hs-test-release-SNAPSHOT.jar:na]
?[0m?[0;34m	at org.hyperskill.hstest.testing.runner.SpringApplicationRunner.test(SpringApplicationRunner.java:43) ~[hs-test-release-SNAPSHOT.jar:na]
?[0m?[0;34m	at org.hyperskill.hstest.testing.TestRun.test(TestRun.java:94) ~[hs-test-release-SNAPSHOT.jar:na]
?[0m?[0;34m	at org.hyperskill.hstest.stage.StageTest.start(StageTest.java:164) ~[hs-test-release-SNAPSHOT.jar:na]
?[0m?[0;34m	at java.base/jdk.internal.reflect.NativeMethodAccessorImpl.invoke0(Native Method) ~[na:na]
?[0m?[0;34m	at java.base/jdk.internal.reflect.NativeMethodAccessorImpl.invoke(NativeMethodAccessorImpl.java:77) ~[na:na]
?[0m?[0;34m	at java.base/jdk.internal.reflect.DelegatingMethodAccessorImpl.invoke(DelegatingMethodAccessorImpl.java:43) ~[na:na]
?[0m?[0;34m	at java.base/java.lang.reflect.Method.invoke(Method.java:568) ~[na:na]
?[0m?[0;34m	at org.junit.runners.model.FrameworkMethod$1.runReflectiveCall(FrameworkMethod.java:59) ~[junit-4.13.2.jar:4.13.2]
?[0m?[0;34m	at org.junit.internal.runners.model.ReflectiveCallable.run(ReflectiveCallable.java:12) ~[junit-4.13.2.jar:4.13.2]
?[0m?[0;34m	at org.junit.runners.model.FrameworkMethod.invokeExplosively(FrameworkMethod.java:56) ~[junit-4.13.2.jar:4.13.2]
?[0m?[0;34m	at org.junit.internal.runners.statements.InvokeMethod.evaluate(InvokeMethod.java:17) ~[junit-4.13.2.jar:4.13.2]
?[0m?[0;34m	at org.junit.internal.runners.statements.RunAfters.evaluate(RunAfters.java:27) ~[junit-4.13.2.jar:4.13.2]
?[0m?[0;34m	at org.junit.runners.ParentRunner$3.evaluate(ParentRunner.java:306) ~[junit-4.13.2.jar:4.13.2]
?[0m?[0;34m	at org.junit.runners.BlockJUnit4ClassRunner$1.evaluate(BlockJUnit4ClassRunner.java:100) ~[junit-4.13.2.jar:4.13.2]
?[0m?[0;34m	at org.junit.runners.ParentRunner.runLeaf(ParentRunner.java:366) ~[junit-4.13.2.jar:4.13.2]
?[0m?[0;34m	at org.junit.runners.BlockJUnit4ClassRunner.runChild(BlockJUnit4ClassRunner.java:103) ~[junit-4.13.2.jar:4.13.2]
?[0m?[0;34m	at org.junit.runners.BlockJUnit4ClassRunner.runChild(BlockJUnit4ClassRunner.java:63) ~[junit-4.13.2.jar:4.13.2]
?[0m?[0;34m	at org.junit.runners.ParentRunner$4.run(ParentRunner.java:331) ~[junit-4.13.2.jar:4.13.2]
?[0m?[0;34m	at org.junit.runners.ParentRunner$1.schedule(ParentRunner.java:79) ~[junit-4.13.2.jar:4.13.2]
?[0m?[0;34m	at org.junit.runners.ParentRunner.runChildren(ParentRunner.java:329) ~[junit-4.13.2.jar:4.13.2]
?[0m?[0;34m	at org.junit.runners.ParentRunner.access$100(ParentRunner.java:66) ~[junit-4.13.2.jar:4.13.2]
?[0m?[0;34m	at org.junit.runners.ParentRunner$2.evaluate(ParentRunner.java:293) ~[junit-4.13.2.jar:4.13.2]
?[0m?[0;34m	at org.junit.runners.ParentRunner$3.evaluate(ParentRunner.java:306) ~[junit-4.13.2.jar:4.13.2]
?[0m?[0;34m	at org.junit.runners.ParentRunner.run(ParentRunner.java:413) ~[junit-4.13.2.jar:4.13.2]
?[0m?[0;34m	at org.gradle.api.internal.tasks.testing.junit.JUnitTestClassExecutor.runTestClass(JUnitTestClassExecutor.java:108) ~[na:na]
?[0m?[0;34m	at org.gradle.api.internal.tasks.testing.junit.JUnitTestClassExecutor.execute(JUnitTestClassExecutor.java:57) ~[na:na]
?[0m?[0;34m	at org.gradle.api.internal.tasks.testing.junit.JUnitTestClassExecutor.execute(JUnitTestClassExecutor.java:39) ~[na:na]
?[0m?[0;34m	at org.gradle.api.internal.tasks.testing.junit.AbstractJUnitTestClassProcessor.processTestClass(AbstractJUnitTestClassProcessor.java:62) ~[na:na]
?[0m?[0;34m	at org.gradle.api.internal.tasks.testing.SuiteTestClassProcessor.processTestClass(SuiteTestClassProcessor.java:52) ~[na:na]
?[0m?[0;34m	at java.base/jdk.internal.reflect.NativeMethodAccessorImpl.invoke0(Native Method) ~[na:na]
?[0m?[0;34m	at java.base/jdk.internal.reflect.NativeMethodAccessorImpl.invoke(NativeMethodAccessorImpl.java:77) ~[na:na]
?[0m?[0;34m	at java.base/jdk.internal.reflect.DelegatingMethodAccessorImpl.invoke(DelegatingMethodAccessorImpl.java:43) ~[na:na]
?[0m?[0;34m	at java.base/java.lang.reflect.Method.invoke(Method.java:568) ~[na:na]
?[0m?[0;34m	at org.gradle.internal.dispatch.ReflectionDispatch.dispatch(ReflectionDispatch.java:36) ~[na:na]
?[0m?[0;34m	at org.gradle.internal.dispatch.ReflectionDispatch.dispatch(ReflectionDispatch.java:24) ~[na:na]
?[0m?[0;34m	at org.gradle.internal.dispatch.ContextClassLoaderDispatch.dispatch(ContextClassLoaderDispatch.java:33) ~[na:na]
?[0m?[0;34m	at org.gradle.internal.dispatch.ProxyDispatchAdapter$DispatchingInvocationHandler.invoke(ProxyDispatchAdapter.java:94) ~[na:na]
?[0m?[0;34m	at jdk.proxy1/jdk.proxy1.$Proxy2.processTestClass(Unknown Source) ~[na:na]
?[0m?[0;34m	at org.gradle.api.internal.tasks.testing.worker.TestWorker$2.run(TestWorker.java:176) ~[na:na]
?[0m?[0;34m	at org.gradle.api.internal.tasks.testing.worker.TestWorker.executeAndMaintainThreadName(TestWorker.java:129) ~[na:na]
?[0m?[0;34m	at org.gradle.api.internal.tasks.testing.worker.TestWorker.execute(TestWorker.java:100) ~[na:na]
?[0m?[0;34m	at org.gradle.api.internal.tasks.testing.worker.TestWorker.execute(TestWorker.java:60) ~[na:na]
?[0m?[0;34m	at org.gradle.process.internal.worker.child.ActionExecutionWorker.execute(ActionExecutionWorker.java:56) ~[na:na]
?[0m?[0;34m	at org.gradle.process.internal.worker.child.SystemApplicationClassLoaderWorker.call(SystemApplicationClassLoaderWorker.java:113) ~[na:na]
?[0m?[0;34m	at org.gradle.process.internal.worker.child.SystemApplicationClassLoaderWorker.call(SystemApplicationClassLoaderWorker.java:65) ~[na:na]
?[0m?[0;34m	at worker.org.gradle.process.internal.worker.GradleWorkerMain.run(GradleWorkerMain.java:69) ~[gradle-worker.jar:na]
?[0m?[0;34m	at worker.org.gradle.process.internal.worker.GradleWorkerMain.main(GradleWorkerMain.java:74) ~[gradle-worker.jar:na]
?[0m?[0;34m
?[0m?[0;34m2023-07-16T14:07:18.167+02:00  WARN 1424 --- [    Test worker] .t.u.s.PrivilegedSetAccessControlContext : Unable to set field Thread.inheritedAccessControlContext
?[0m?[0;34m
?[0m?[0;34mjava.lang.IllegalAccessException: class org.apache.tomcat.util.security.PrivilegedSetAccessControlContext cannot access a member of class java.lang.Thread (in module java.base) with modifiers "private"
?[0m?[0;34m	at java.base/jdk.internal.reflect.Reflection.newIllegalAccessException(Reflection.java:392) ~[na:na]
?[0m?[0;34m	at java.base/java.lang.reflect.AccessibleObject.checkAccess(AccessibleObject.java:674) ~[na:na]
?[0m?[0;34m	at java.base/java.lang.reflect.Field.checkAccess(Field.java:1102) ~[na:na]
?[0m?[0;34m	at java.base/java.lang.reflect.Field.set(Field.java:797) ~[na:na]
?[0m?[0;34m	at org.apache.tomcat.util.security.PrivilegedSetAccessControlContext.run(PrivilegedSetAccessControlContext.java:60) ~[tomcat-embed-core-10.1.5.jar:10.1.5]
?[0m?[0;34m	at org.apache.tomcat.util.security.PrivilegedSetAccessControlContext.run(PrivilegedSetAccessControlContext.java:28) ~[tomcat-embed-core-10.1.5.jar:10.1.5]
?[0m?[0;34m	at java.base/java.security.AccessController.doPrivileged(AccessController.java:318) ~[na:na]
?[0m?[0;34m	at org.apache.tomcat.util.threads.TaskThreadFactory.newThread(TaskThreadFactory.java:64) ~[tomcat-embed-core-10.1.5.jar:10.1.5]
?[0m?[0;34m	at org.apache.tomcat.util.threads.ThreadPoolExecutor$Worker.<init>(ThreadPoolExecutor.java:653) ~[tomcat-embed-core-10.1.5.jar:10.1.5]
?[0m?[0;34m	at org.apache.tomcat.util.threads.ThreadPoolExecutor.addWorker(ThreadPoolExecutor.java:957) ~[tomcat-embed-core-10.1.5.jar:10.1.5]
?[0m?[0;34m	at org.apache.tomcat.util.threads.ThreadPoolExecutor.prestartAllCoreThreads(ThreadPoolExecutor.java:1694) ~[tomcat-embed-core-10.1.5.jar:10.1.5]
?[0m?[0;34m	at org.apache.tomcat.util.threads.ThreadPoolExecutor.<init>(ThreadPoolExecutor.java:1370) ~[tomcat-embed-core-10.1.5.jar:10.1.5]
?[0m?[0;34m	at org.apache.tomcat.util.threads.ThreadPoolExecutor.<init>(ThreadPoolExecutor.java:1280) ~[tomcat-embed-core-10.1.5.jar:10.1.5]
?[0m?[0;34m	at org.apache.tomcat.util.net.AbstractEndpoint.createExecutor(AbstractEndpoint.java:948) ~[tomcat-embed-core-10.1.5.jar:10.1.5]
?[0m?[0;34m	at org.apache.tomcat.util.net.NioEndpoint.startInternal(NioEndpoint.java:279) ~[tomcat-embed-core-10.1.5.jar:10.1.5]
?[0m?[0;34m	at org.apache.tomcat.util.net.AbstractEndpoint.start(AbstractEndpoint.java:1261) ~[tomcat-embed-core-10.1.5.jar:10.1.5]
?[0m?[0;34m	at org.apache.coyote.AbstractProtocol.start(AbstractProtocol.java:586) ~[tomcat-embed-core-10.1.5.jar:10.1.5]
?[0m?[0;34m	at org.apache.catalina.connector.Connector.startInternal(Connector.java:1081) ~[tomcat-embed-core-10.1.5.jar:10.1.5]
?[0m?[0;34m	at org.apache.catalina.util.LifecycleBase.start(LifecycleBase.java:183) ~[tomcat-embed-core-10.1.5.jar:10.1.5]
?[0m?[0;34m	at org.apache.catalina.core.StandardService.addConnector(StandardService.java:234) ~[tomcat-embed-core-10.1.5.jar:10.1.5]
?[0m?[0;34m	at org.springframework.boot.web.embedded.tomcat.TomcatWebServer.addPreviouslyRemovedConnectors(TomcatWebServer.java:282) ~[spring-boot-3.0.2.jar:3.0.2]
?[0m?[0;34m	at org.springframework.boot.web.embedded.tomcat.TomcatWebServer.start(TomcatWebServer.java:213) ~[spring-boot-3.0.2.jar:3.0.2]
?[0m?[0;34m	at org.springframework.boot.web.servlet.context.WebServerStartStopLifecycle.start(WebServerStartStopLifecycle.java:44) ~[spring-boot-3.0.2.jar:3.0.2]
?[0m?[0;34m	at org.springframework.context.support.DefaultLifecycleProcessor.doStart(DefaultLifecycleProcessor.java:178) ~[spring-context-6.0.4.jar:6.0.4]
?[0m?[0;34m	at org.springframework.context.support.DefaultLifecycleProcessor$LifecycleGroup.start(DefaultLifecycleProcessor.java:356) ~[spring-context-6.0.4.jar:6.0.4]
?[0m?[0;34m	at java.base/java.lang.Iterable.forEach(Iterable.java:75) ~[na:na]
?[0m?[0;34m	at org.springframework.context.support.DefaultLifecycleProcessor.startBeans(DefaultLifecycleProcessor.java:155) ~[spring-context-6.0.4.jar:6.0.4]
?[0m?[0;34m	at org.springframework.context.support.DefaultLifecycleProcessor.onRefresh(DefaultLifecycleProcessor.java:123) ~[spring-context-6.0.4.jar:6.0.4]
?[0m?[0;34m	at org.springframework.context.support.AbstractApplicationContext.finishRefresh(AbstractApplicationContext.java:932) ~[spring-context-6.0.4.jar:6.0.4]
?[0m?[0;34m	at org.springframework.context.support.AbstractApplicationContext.refresh(AbstractApplicationContext.java:587) ~[spring-context-6.0.4.jar:6.0.4]
?[0m?[0;34m	at org.springframework.boot.web.servlet.context.ServletWebServerApplicationContext.refresh(ServletWebServerApplicationContext.java:146) ~[spring-boot-3.0.2.jar:3.0.2]
?[0m?[0;34m	at org.springframework.boot.SpringApplication.refresh(SpringApplication.java:730) ~[spring-boot-3.0.2.jar:3.0.2]
?[0m?[0;34m	at org.springframework.boot.SpringApplication.refreshContext(SpringApplication.java:432) ~[spring-boot-3.0.2.jar:3.0.2]
?[0m?[0;34m	at org.springframework.boot.SpringApplication.run(SpringApplication.java:308) ~[spring-boot-3.0.2.jar:3.0.2]
?[0m?[0;34m	at org.springframework.boot.SpringApplication.run(SpringApplication.java:1302) ~[spring-boot-3.0.2.jar:3.0.2]
?[0m?[0;34m	at org.springframework.boot.SpringApplication.run(SpringApplication.java:1291) ~[spring-boot-3.0.2.jar:3.0.2]
?[0m?[0;34m	at antifraud.AntiFraudApplication.main(AntiFraudApplication.java:10) ~[main/:na]
?[0m?[0;34m	at java.base/jdk.internal.reflect.NativeMethodAccessorImpl.invoke0(Native Method) ~[na:na]
?[0m?[0;34m	at java.base/jdk.internal.reflect.NativeMethodAccessorImpl.invoke(NativeMethodAccessorImpl.java:77) ~[na:na]
?[0m?[0;34m	at java.base/jdk.internal.reflect.DelegatingMethodAccessorImpl.invoke(DelegatingMethodAccessorImpl.java:43) ~[na:na]
?[0m?[0;34m	at java.base/java.lang.reflect.Method.invoke(Method.java:568) ~[na:na]
?[0m?[0;34m	at org.hyperskill.hstest.stage.SpringTest.startSpring(SpringTest.java:187) ~[hs-test-release-SNAPSHOT.jar:na]
?[0m?[0;34m	at org.hyperskill.hstest.stage.SpringTest.reloadSpring(SpringTest.java:239) ~[hs-test-release-SNAPSHOT.jar:na]
?[0m?[0;34m	at AntiFraudTest.restartApplication(AntiFraudTest.java:767) ~[test/:na]
?[0m?[0;34m	at AntiFraudTest.lambda$new$20(AntiFraudTest.java:1335) ~[test/:na]
?[0m?[0;34m	at org.hyperskill.hstest.dynamic.input.DynamicTesting.lambda$searchDynamicTests$3(DynamicTesting.java:289) ~[hs-test-release-SNAPSHOT.jar:na]
?[0m?[0;34m	at org.hyperskill.hstest.dynamic.input.DynamicTesting$1DynamicTestElement.lambda$getTests$0(DynamicTesting.java:252) ~[hs-test-release-SNAPSHOT.jar:na]
?[0m?[0;34m	at org.hyperskill.hstest.testing.runner.SpringApplicationRunner.test(SpringApplicationRunner.java:43) ~[hs-test-release-SNAPSHOT.jar:na]
?[0m?[0;34m	at org.hyperskill.hstest.testing.TestRun.test(TestRun.java:94) ~[hs-test-release-SNAPSHOT.jar:na]
?[0m?[0;34m	at org.hyperskill.hstest.stage.StageTest.start(StageTest.java:164) ~[hs-test-release-SNAPSHOT.jar:na]
?[0m?[0;34m	at java.base/jdk.internal.reflect.NativeMethodAccessorImpl.invoke0(Native Method) ~[na:na]
?[0m?[0;34m	at java.base/jdk.internal.reflect.NativeMethodAccessorImpl.invoke(NativeMethodAccessorImpl.java:77) ~[na:na]
?[0m?[0;34m	at java.base/jdk.internal.reflect.DelegatingMethodAccessorImpl.invoke(DelegatingMethodAccessorImpl.java:43) ~[na:na]
?[0m?[0;34m	at java.base/java.lang.reflect.Method.invoke(Method.java:568) ~[na:na]
?[0m?[0;34m	at org.junit.runners.model.FrameworkMethod$1.runReflectiveCall(FrameworkMethod.java:59) ~[junit-4.13.2.jar:4.13.2]
?[0m?[0;34m	at org.junit.internal.runners.model.ReflectiveCallable.run(ReflectiveCallable.java:12) ~[junit-4.13.2.jar:4.13.2]
?[0m?[0;34m	at org.junit.runners.model.FrameworkMethod.invokeExplosively(FrameworkMethod.java:56) ~[junit-4.13.2.jar:4.13.2]
?[0m?[0;34m	at org.junit.internal.runners.statements.InvokeMethod.evaluate(InvokeMethod.java:17) ~[junit-4.13.2.jar:4.13.2]
?[0m?[0;34m	at org.junit.internal.runners.statements.RunAfters.evaluate(RunAfters.java:27) ~[junit-4.13.2.jar:4.13.2]
?[0m?[0;34m	at org.junit.runners.ParentRunner$3.evaluate(ParentRunner.java:306) ~[junit-4.13.2.jar:4.13.2]
?[0m?[0;34m	at org.junit.runners.BlockJUnit4ClassRunner$1.evaluate(BlockJUnit4ClassRunner.java:100) ~[junit-4.13.2.jar:4.13.2]
?[0m?[0;34m	at org.junit.runners.ParentRunner.runLeaf(ParentRunner.java:366) ~[junit-4.13.2.jar:4.13.2]
?[0m?[0;34m	at org.junit.runners.BlockJUnit4ClassRunner.runChild(BlockJUnit4ClassRunner.java:103) ~[junit-4.13.2.jar:4.13.2]
?[0m?[0;34m	at org.junit.runners.BlockJUnit4ClassRunner.runChild(BlockJUnit4ClassRunner.java:63) ~[junit-4.13.2.jar:4.13.2]
?[0m?[0;34m	at org.junit.runners.ParentRunner$4.run(ParentRunner.java:331) ~[junit-4.13.2.jar:4.13.2]
?[0m?[0;34m	at org.junit.runners.ParentRunner$1.schedule(ParentRunner.java:79) ~[junit-4.13.2.jar:4.13.2]
?[0m?[0;34m	at org.junit.runners.ParentRunner.runChildren(ParentRunner.java:329) ~[junit-4.13.2.jar:4.13.2]
?[0m?[0;34m	at org.junit.runners.ParentRunner.access$100(ParentRunner.java:66) ~[junit-4.13.2.jar:4.13.2]
?[0m?[0;34m	at org.junit.runners.ParentRunner$2.evaluate(ParentRunner.java:293) ~[junit-4.13.2.jar:4.13.2]
?[0m?[0;34m	at org.junit.runners.ParentRunner$3.evaluate(ParentRunner.java:306) ~[junit-4.13.2.jar:4.13.2]
?[0m?[0;34m	at org.junit.runners.ParentRunner.run(ParentRunner.java:413) ~[junit-4.13.2.jar:4.13.2]
?[0m?[0;34m	at org.gradle.api.internal.tasks.testing.junit.JUnitTestClassExecutor.runTestClass(JUnitTestClassExecutor.java:108) ~[na:na]
?[0m?[0;34m	at org.gradle.api.internal.tasks.testing.junit.JUnitTestClassExecutor.execute(JUnitTestClassExecutor.java:57) ~[na:na]
?[0m?[0;34m	at org.gradle.api.internal.tasks.testing.junit.JUnitTestClassExecutor.execute(JUnitTestClassExecutor.java:39) ~[na:na]
?[0m?[0;34m	at org.gradle.api.internal.tasks.testing.junit.AbstractJUnitTestClassProcessor.processTestClass(AbstractJUnitTestClassProcessor.java:62) ~[na:na]
?[0m?[0;34m	at org.gradle.api.internal.tasks.testing.SuiteTestClassProcessor.processTestClass(SuiteTestClassProcessor.java:52) ~[na:na]
?[0m?[0;34m	at java.base/jdk.internal.reflect.NativeMethodAccessorImpl.invoke0(Native Method) ~[na:na]
?[0m?[0;34m	at java.base/jdk.internal.reflect.NativeMethodAccessorImpl.invoke(NativeMethodAccessorImpl.java:77) ~[na:na]
?[0m?[0;34m	at java.base/jdk.internal.reflect.DelegatingMethodAccessorImpl.invoke(DelegatingMethodAccessorImpl.java:43) ~[na:na]
?[0m?[0;34m	at java.base/java.lang.reflect.Method.invoke(Method.java:568) ~[na:na]
?[0m?[0;34m	at org.gradle.internal.dispatch.ReflectionDispatch.dispatch(ReflectionDispatch.java:36) ~[na:na]
?[0m?[0;34m	at org.gradle.internal.dispatch.ReflectionDispatch.dispatch(ReflectionDispatch.java:24) ~[na:na]
?[0m?[0;34m	at org.gradle.internal.dispatch.ContextClassLoaderDispatch.dispatch(ContextClassLoaderDispatch.java:33) ~[na:na]
?[0m?[0;34m	at org.gradle.internal.dispatch.ProxyDispatchAdapter$DispatchingInvocationHandler.invoke(ProxyDispatchAdapter.java:94) ~[na:na]
?[0m?[0;34m	at jdk.proxy1/jdk.proxy1.$Proxy2.processTestClass(Unknown Source) ~[na:na]
?[0m?[0;34m	at org.gradle.api.internal.tasks.testing.worker.TestWorker$2.run(TestWorker.java:176) ~[na:na]
?[0m?[0;34m	at org.gradle.api.internal.tasks.testing.worker.TestWorker.executeAndMaintainThreadName(TestWorker.java:129) ~[na:na]
?[0m?[0;34m	at org.gradle.api.internal.tasks.testing.worker.TestWorker.execute(TestWorker.java:100) ~[na:na]
?[0m?[0;34m	at org.gradle.api.internal.tasks.testing.worker.TestWorker.execute(TestWorker.java:60) ~[na:na]
?[0m?[0;34m	at org.gradle.process.internal.worker.child.ActionExecutionWorker.execute(ActionExecutionWorker.java:56) ~[na:na]
?[0m?[0;34m	at org.gradle.process.internal.worker.child.SystemApplicationClassLoaderWorker.call(SystemApplicationClassLoaderWorker.java:113) ~[na:na]
?[0m?[0;34m	at org.gradle.process.internal.worker.child.SystemApplicationClassLoaderWorker.call(SystemApplicationClassLoaderWorker.java:65) ~[na:na]
?[0m?[0;34m	at worker.org.gradle.process.internal.worker.GradleWorkerMain.run(GradleWorkerMain.java:69) ~[gradle-worker.jar:na]
?[0m?[0;34m	at worker.org.gradle.process.internal.worker.GradleWorkerMain.main(GradleWorkerMain.java:74) ~[gradle-worker.jar:na]
?[0m?[0;34m
?[0m?[0;34m2023-07-16T14:07:18.184+02:00  WARN 1424 --- [    Test worker] .t.u.s.PrivilegedSetAccessControlContext : Unable to set field Thread.inheritedAccessControlContext
?[0m?[0;34m
?[0m?[0;34mjava.lang.IllegalAccessException: class org.apache.tomcat.util.security.PrivilegedSetAccessControlContext cannot access a member of class java.lang.Thread (in module java.base) with modifiers "private"
?[0m?[0;34m	at java.base/jdk.internal.reflect.Reflection.newIllegalAccessException(Reflection.java:392) ~[na:na]
?[0m?[0;34m	at java.base/java.lang.reflect.AccessibleObject.checkAccess(AccessibleObject.java:674) ~[na:na]
?[0m?[0;34m	at java.base/java.lang.reflect.Field.checkAccess(Field.java:1102) ~[na:na]
?[0m?[0;34m	at java.base/java.lang.reflect.Field.set(Field.java:797) ~[na:na]
?[0m?[0;34m	at org.apache.tomcat.util.security.PrivilegedSetAccessControlContext.run(PrivilegedSetAccessControlContext.java:60) ~[tomcat-embed-core-10.1.5.jar:10.1.5]
?[0m?[0;34m	at org.apache.tomcat.util.security.PrivilegedSetAccessControlContext.run(PrivilegedSetAccessControlContext.java:28) ~[tomcat-embed-core-10.1.5.jar:10.1.5]
?[0m?[0;34m	at java.base/java.security.AccessController.doPrivileged(AccessController.java:318) ~[na:na]
?[0m?[0;34m	at org.apache.tomcat.util.threads.TaskThreadFactory.newThread(TaskThreadFactory.java:64) ~[tomcat-embed-core-10.1.5.jar:10.1.5]
?[0m?[0;34m	at org.apache.tomcat.util.threads.ThreadPoolExecutor$Worker.<init>(ThreadPoolExecutor.java:653) ~[tomcat-embed-core-10.1.5.jar:10.1.5]
?[0m?[0;34m	at org.apache.tomcat.util.threads.ThreadPoolExecutor.addWorker(ThreadPoolExecutor.java:957) ~[tomcat-embed-core-10.1.5.jar:10.1.5]
?[0m?[0;34m	at org.apache.tomcat.util.threads.ThreadPoolExecutor.prestartAllCoreThreads(ThreadPoolExecutor.java:1694) ~[tomcat-embed-core-10.1.5.jar:10.1.5]
?[0m?[0;34m	at org.apache.tomcat.util.threads.ThreadPoolExecutor.<init>(ThreadPoolExecutor.java:1370) ~[tomcat-embed-core-10.1.5.jar:10.1.5]
?[0m?[0;34m	at org.apache.tomcat.util.threads.ThreadPoolExecutor.<init>(ThreadPoolExecutor.java:1280) ~[tomcat-embed-core-10.1.5.jar:10.1.5]
?[0m?[0;34m	at org.apache.tomcat.util.net.AbstractEndpoint.createExecutor(AbstractEndpoint.java:948) ~[tomcat-embed-core-10.1.5.jar:10.1.5]
?[0m?[0;34m	at org.apache.tomcat.util.net.NioEndpoint.startInternal(NioEndpoint.java:279) ~[tomcat-embed-core-10.1.5.jar:10.1.5]
?[0m?[0;34m	at org.apache.tomcat.util.net.AbstractEndpoint.start(AbstractEndpoint.java:1261) ~[tomcat-embed-core-10.1.5.jar:10.1.5]
?[0m?[0;34m	at org.apache.coyote.AbstractProtocol.start(AbstractProtocol.java:586) ~[tomcat-embed-core-10.1.5.jar:10.1.5]
?[0m?[0;34m	at org.apache.catalina.connector.Connector.startInternal(Connector.java:1081) ~[tomcat-embed-core-10.1.5.jar:10.1.5]
?[0m?[0;34m	at org.apache.catalina.util.LifecycleBase.start(LifecycleBase.java:183) ~[tomcat-embed-core-10.1.5.jar:10.1.5]
?[0m?[0;34m	at org.apache.catalina.core.StandardService.addConnector(StandardService.java:234) ~[tomcat-embed-core-10.1.5.jar:10.1.5]
?[0m?[0;34m	at org.springframework.boot.web.embedded.tomcat.TomcatWebServer.addPreviouslyRemovedConnectors(TomcatWebServer.java:282) ~[spring-boot-3.0.2.jar:3.0.2]
?[0m?[0;34m	at org.springframework.boot.web.embedded.tomcat.TomcatWebServer.start(TomcatWebServer.java:213) ~[spring-boot-3.0.2.jar:3.0.2]
?[0m?[0;34m	at org.springframework.boot.web.servlet.context.WebServerStartStopLifecycle.start(WebServerStartStopLifecycle.java:44) ~[spring-boot-3.0.2.jar:3.0.2]
?[0m?[0;34m	at org.springframework.context.support.DefaultLifecycleProcessor.doStart(DefaultLifecycleProcessor.java:178) ~[spring-context-6.0.4.jar:6.0.4]
?[0m?[0;34m	at org.springframework.context.support.DefaultLifecycleProcessor$LifecycleGroup.start(DefaultLifecycleProcessor.java:356) ~[spring-context-6.0.4.jar:6.0.4]
?[0m?[0;34m	at java.base/java.lang.Iterable.forEach(Iterable.java:75) ~[na:na]
?[0m?[0;34m	at org.springframework.context.support.DefaultLifecycleProcessor.startBeans(DefaultLifecycleProcessor.java:155) ~[spring-context-6.0.4.jar:6.0.4]
?[0m?[0;34m	at org.springframework.context.support.DefaultLifecycleProcessor.onRefresh(DefaultLifecycleProcessor.java:123) ~[spring-context-6.0.4.jar:6.0.4]
?[0m?[0;34m	at org.springframework.context.support.AbstractApplicationContext.finishRefresh(AbstractApplicationContext.java:932) ~[spring-context-6.0.4.jar:6.0.4]
?[0m?[0;34m	at org.springframework.context.support.AbstractApplicationContext.refresh(AbstractApplicationContext.java:587) ~[spring-context-6.0.4.jar:6.0.4]
?[0m?[0;34m	at org.springframework.boot.web.servlet.context.ServletWebServerApplicationContext.refresh(ServletWebServerApplicationContext.java:146) ~[spring-boot-3.0.2.jar:3.0.2]
?[0m?[0;34m	at org.springframework.boot.SpringApplication.refresh(SpringApplication.java:730) ~[spring-boot-3.0.2.jar:3.0.2]
?[0m?[0;34m	at org.springframework.boot.SpringApplication.refreshContext(SpringApplication.java:432) ~[spring-boot-3.0.2.jar:3.0.2]
?[0m?[0;34m	at org.springframework.boot.SpringApplication.run(SpringApplication.java:308) ~[spring-boot-3.0.2.jar:3.0.2]
?[0m?[0;34m	at org.springframework.boot.SpringApplication.run(SpringApplication.java:1302) ~[spring-boot-3.0.2.jar:3.0.2]
?[0m?[0;34m	at org.springframework.boot.SpringApplication.run(SpringApplication.java:1291) ~[spring-boot-3.0.2.jar:3.0.2]
?[0m?[0;34m	at antifraud.AntiFraudApplication.main(AntiFraudApplication.java:10) ~[main/:na]
?[0m?[0;34m	at java.base/jdk.internal.reflect.NativeMethodAccessorImpl.invoke0(Native Method) ~[na:na]
?[0m?[0;34m	at java.base/jdk.internal.reflect.NativeMethodAccessorImpl.invoke(NativeMethodAccessorImpl.java:77) ~[na:na]
?[0m?[0;34m	at java.base/jdk.internal.reflect.DelegatingMethodAccessorImpl.invoke(DelegatingMethodAccessorImpl.java:43) ~[na:na]
?[0m?[0;34m	at java.base/java.lang.reflect.Method.invoke(Method.java:568) ~[na:na]
?[0m?[0;34m	at org.hyperskill.hstest.stage.SpringTest.startSpring(SpringTest.java:187) ~[hs-test-release-SNAPSHOT.jar:na]
?[0m?[0;34m	at org.hyperskill.hstest.stage.SpringTest.reloadSpring(SpringTest.java:239) ~[hs-test-release-SNAPSHOT.jar:na]
?[0m?[0;34m	at AntiFraudTest.restartApplication(AntiFraudTest.java:767) ~[test/:na]
?[0m?[0;34m	at AntiFraudTest.lambda$new$20(AntiFraudTest.java:1335) ~[test/:na]
?[0m?[0;34m	at org.hyperskill.hstest.dynamic.input.DynamicTesting.lambda$searchDynamicTests$3(DynamicTesting.java:289) ~[hs-test-release-SNAPSHOT.jar:na]
?[0m?[0;34m	at org.hyperskill.hstest.dynamic.input.DynamicTesting$1DynamicTestElement.lambda$getTests$0(DynamicTesting.java:252) ~[hs-test-release-SNAPSHOT.jar:na]
?[0m?[0;34m	at org.hyperskill.hstest.testing.runner.SpringApplicationRunner.test(SpringApplicationRunner.java:43) ~[hs-test-release-SNAPSHOT.jar:na]
?[0m?[0;34m	at org.hyperskill.hstest.testing.TestRun.test(TestRun.java:94) ~[hs-test-release-SNAPSHOT.jar:na]
?[0m?[0;34m	at org.hyperskill.hstest.stage.StageTest.start(StageTest.java:164) ~[hs-test-release-SNAPSHOT.jar:na]
?[0m?[0;34m	at java.base/jdk.internal.reflect.NativeMethodAccessorImpl.invoke0(Native Method) ~[na:na]
?[0m?[0;34m	at java.base/jdk.internal.reflect.NativeMethodAccessorImpl.invoke(NativeMethodAccessorImpl.java:77) ~[na:na]
?[0m?[0;34m	at java.base/jdk.internal.reflect.DelegatingMethodAccessorImpl.invoke(DelegatingMethodAccessorImpl.java:43) ~[na:na]
?[0m?[0;34m	at java.base/java.lang.reflect.Method.invoke(Method.java:568) ~[na:na]
?[0m?[0;34m	at org.junit.runners.model.FrameworkMethod$1.runReflectiveCall(FrameworkMethod.java:59) ~[junit-4.13.2.jar:4.13.2]
?[0m?[0;34m	at org.junit.internal.runners.model.ReflectiveCallable.run(ReflectiveCallable.java:12) ~[junit-4.13.2.jar:4.13.2]
?[0m?[0;34m	at org.junit.runners.model.FrameworkMethod.invokeExplosively(FrameworkMethod.java:56) ~[junit-4.13.2.jar:4.13.2]
?[0m?[0;34m	at org.junit.internal.runners.statements.InvokeMethod.evaluate(InvokeMethod.java:17) ~[junit-4.13.2.jar:4.13.2]
?[0m?[0;34m	at org.junit.internal.runners.statements.RunAfters.evaluate(RunAfters.java:27) ~[junit-4.13.2.jar:4.13.2]
?[0m?[0;34m	at org.junit.runners.ParentRunner$3.evaluate(ParentRunner.java:306) ~[junit-4.13.2.jar:4.13.2]
?[0m?[0;34m	at org.junit.runners.BlockJUnit4ClassRunner$1.evaluate(BlockJUnit4ClassRunner.java:100) ~[junit-4.13.2.jar:4.13.2]
?[0m?[0;34m	at org.junit.runners.ParentRunner.runLeaf(ParentRunner.java:366) ~[junit-4.13.2.jar:4.13.2]
?[0m?[0;34m	at org.junit.runners.BlockJUnit4ClassRunner.runChild(BlockJUnit4ClassRunner.java:103) ~[junit-4.13.2.jar:4.13.2]
?[0m?[0;34m	at org.junit.runners.BlockJUnit4ClassRunner.runChild(BlockJUnit4ClassRunner.java:63) ~[junit-4.13.2.jar:4.13.2]
?[0m?[0;34m	at org.junit.runners.ParentRunner$4.run(ParentRunner.java:331) ~[junit-4.13.2.jar:4.13.2]
?[0m?[0;34m	at org.junit.runners.ParentRunner$1.schedule(ParentRunner.java:79) ~[junit-4.13.2.jar:4.13.2]
?[0m?[0;34m	at org.junit.runners.ParentRunner.runChildren(ParentRunner.java:329) ~[junit-4.13.2.jar:4.13.2]
?[0m?[0;34m	at org.junit.runners.ParentRunner.access$100(ParentRunner.java:66) ~[junit-4.13.2.jar:4.13.2]
?[0m?[0;34m	at org.junit.runners.ParentRunner$2.evaluate(ParentRunner.java:293) ~[junit-4.13.2.jar:4.13.2]
?[0m?[0;34m	at org.junit.runners.ParentRunner$3.evaluate(ParentRunner.java:306) ~[junit-4.13.2.jar:4.13.2]
?[0m?[0;34m	at org.junit.runners.ParentRunner.run(ParentRunner.java:413) ~[junit-4.13.2.jar:4.13.2]
?[0m?[0;34m	at org.gradle.api.internal.tasks.testing.junit.JUnitTestClassExecutor.runTestClass(JUnitTestClassExecutor.java:108) ~[na:na]
?[0m?[0;34m	at org.gradle.api.internal.tasks.testing.junit.JUnitTestClassExecutor.execute(JUnitTestClassExecutor.java:57) ~[na:na]
?[0m?[0;34m	at org.gradle.api.internal.tasks.testing.junit.JUnitTestClassExecutor.execute(JUnitTestClassExecutor.java:39) ~[na:na]
?[0m?[0;34m	at org.gradle.api.internal.tasks.testing.junit.AbstractJUnitTestClassProcessor.processTestClass(AbstractJUnitTestClassProcessor.java:62) ~[na:na]
?[0m?[0;34m	at org.gradle.api.internal.tasks.testing.SuiteTestClassProcessor.processTestClass(SuiteTestClassProcessor.java:52) ~[na:na]
?[0m?[0;34m	at java.base/jdk.internal.reflect.NativeMethodAccessorImpl.invoke0(Native Method) ~[na:na]
?[0m?[0;34m	at java.base/jdk.internal.reflect.NativeMethodAccessorImpl.invoke(NativeMethodAccessorImpl.java:77) ~[na:na]
?[0m?[0;34m	at java.base/jdk.internal.reflect.DelegatingMethodAccessorImpl.invoke(DelegatingMethodAccessorImpl.java:43) ~[na:na]
?[0m?[0;34m	at java.base/java.lang.reflect.Method.invoke(Method.java:568) ~[na:na]
?[0m?[0;34m	at org.gradle.internal.dispatch.ReflectionDispatch.dispatch(ReflectionDispatch.java:36) ~[na:na]
?[0m?[0;34m	at org.gradle.internal.dispatch.ReflectionDispatch.dispatch(ReflectionDispatch.java:24) ~[na:na]
?[0m?[0;34m	at org.gradle.internal.dispatch.ContextClassLoaderDispatch.dispatch(ContextClassLoaderDispatch.java:33) ~[na:na]
?[0m?[0;34m	at org.gradle.internal.dispatch.ProxyDispatchAdapter$DispatchingInvocationHandler.invoke(ProxyDispatchAdapter.java:94) ~[na:na]
?[0m?[0;34m	at jdk.proxy1/jdk.proxy1.$Proxy2.processTestClass(Unknown Source) ~[na:na]
?[0m?[0;34m	at org.gradle.api.internal.tasks.testing.worker.TestWorker$2.run(TestWorker.java:176) ~[na:na]
?[0m?[0;34m	at org.gradle.api.internal.tasks.testing.worker.TestWorker.executeAndMaintainThreadName(TestWorker.java:129) ~[na:na]
?[0m?[0;34m	at org.gradle.api.internal.tasks.testing.worker.TestWorker.execute(TestWorker.java:100) ~[na:na]
?[0m?[0;34m	at org.gradle.api.internal.tasks.testing.worker.TestWorker.execute(TestWorker.java:60) ~[na:na]
?[0m?[0;34m	at org.gradle.process.internal.worker.child.ActionExecutionWorker.execute(ActionExecutionWorker.java:56) ~[na:na]
?[0m?[0;34m	at org.gradle.process.internal.worker.child.SystemApplicationClassLoaderWorker.call(SystemApplicationClassLoaderWorker.java:113) ~[na:na]
?[0m?[0;34m	at org.gradle.process.internal.worker.child.SystemApplicationClassLoaderWorker.call(SystemApplicationClassLoaderWorker.java:65) ~[na:na]
?[0m?[0;34m	at worker.org.gradle.process.internal.worker.GradleWorkerMain.run(GradleWorkerMain.java:69) ~[gradle-worker.jar:na]
?[0m?[0;34m	at worker.org.gradle.process.internal.worker.GradleWorkerMain.main(GradleWorkerMain.java:74) ~[gradle-worker.jar:na]
?[0m?[0;34m
?[0m?[0;34m2023-07-16T14:07:18.184+02:00  WARN 1424 --- [    Test worker] .t.u.s.PrivilegedSetAccessControlContext : Unable to set field Thread.inheritedAccessControlContext
?[0m?[0;34m
?[0m?[0;34mjava.lang.IllegalAccessException: class org.apache.tomcat.util.security.PrivilegedSetAccessControlContext cannot access a member of class java.lang.Thread (in module java.base) with modifiers "private"
?[0m?[0;34m	at java.base/jdk.internal.reflect.Reflection.newIllegalAccessException(Reflection.java:392) ~[na:na]
?[0m?[0;34m	at java.base/java.lang.reflect.AccessibleObject.checkAccess(AccessibleObject.java:674) ~[na:na]
?[0m?[0;34m	at java.base/java.lang.reflect.Field.checkAccess(Field.java:1102) ~[na:na]
?[0m?[0;34m	at java.base/java.lang.reflect.Field.set(Field.java:797) ~[na:na]
?[0m?[0;34m	at org.apache.tomcat.util.security.PrivilegedSetAccessControlContext.run(PrivilegedSetAccessControlContext.java:60) ~[tomcat-embed-core-10.1.5.jar:10.1.5]
?[0m?[0;34m	at org.apache.tomcat.util.security.PrivilegedSetAccessControlContext.run(PrivilegedSetAccessControlContext.java:28) ~[tomcat-embed-core-10.1.5.jar:10.1.5]
?[0m?[0;34m	at java.base/java.security.AccessController.doPrivileged(AccessController.java:318) ~[na:na]
?[0m?[0;34m	at org.apache.tomcat.util.threads.TaskThreadFactory.newThread(TaskThreadFactory.java:64) ~[tomcat-embed-core-10.1.5.jar:10.1.5]
?[0m?[0;34m	at org.apache.tomcat.util.threads.ThreadPoolExecutor$Worker.<init>(ThreadPoolExecutor.java:653) ~[tomcat-embed-core-10.1.5.jar:10.1.5]
?[0m?[0;34m	at org.apache.tomcat.util.threads.ThreadPoolExecutor.addWorker(ThreadPoolExecutor.java:957) ~[tomcat-embed-core-10.1.5.jar:10.1.5]
?[0m?[0;34m	at org.apache.tomcat.util.threads.ThreadPoolExecutor.prestartAllCoreThreads(ThreadPoolExecutor.java:1694) ~[tomcat-embed-core-10.1.5.jar:10.1.5]
?[0m?[0;34m	at org.apache.tomcat.util.threads.ThreadPoolExecutor.<init>(ThreadPoolExecutor.java:1370) ~[tomcat-embed-core-10.1.5.jar:10.1.5]
?[0m?[0;34m	at org.apache.tomcat.util.threads.ThreadPoolExecutor.<init>(ThreadPoolExecutor.java:1280) ~[tomcat-embed-core-10.1.5.jar:10.1.5]
?[0m?[0;34m	at org.apache.tomcat.util.net.AbstractEndpoint.createExecutor(AbstractEndpoint.java:948) ~[tomcat-embed-core-10.1.5.jar:10.1.5]
?[0m?[0;34m	at org.apache.tomcat.util.net.NioEndpoint.startInternal(NioEndpoint.java:279) ~[tomcat-embed-core-10.1.5.jar:10.1.5]
?[0m?[0;34m	at org.apache.tomcat.util.net.AbstractEndpoint.start(AbstractEndpoint.java:1261) ~[tomcat-embed-core-10.1.5.jar:10.1.5]
?[0m?[0;34m	at org.apache.coyote.AbstractProtocol.start(AbstractProtocol.java:586) ~[tomcat-embed-core-10.1.5.jar:10.1.5]
?[0m?[0;34m	at org.apache.catalina.connector.Connector.startInternal(Connector.java:1081) ~[tomcat-embed-core-10.1.5.jar:10.1.5]
?[0m?[0;34m	at org.apache.catalina.util.LifecycleBase.start(LifecycleBase.java:183) ~[tomcat-embed-core-10.1.5.jar:10.1.5]
?[0m?[0;34m	at org.apache.catalina.core.StandardService.addConnector(StandardService.java:234) ~[tomcat-embed-core-10.1.5.jar:10.1.5]
?[0m?[0;34m	at org.springframework.boot.web.embedded.tomcat.TomcatWebServer.addPreviouslyRemovedConnectors(TomcatWebServer.java:282) ~[spring-boot-3.0.2.jar:3.0.2]
?[0m?[0;34m	at org.springframework.boot.web.embedded.tomcat.TomcatWebServer.start(TomcatWebServer.java:213) ~[spring-boot-3.0.2.jar:3.0.2]
?[0m?[0;34m	at org.springframework.boot.web.servlet.context.WebServerStartStopLifecycle.start(WebServerStartStopLifecycle.java:44) ~[spring-boot-3.0.2.jar:3.0.2]
?[0m?[0;34m	at org.springframework.context.support.DefaultLifecycleProcessor.doStart(DefaultLifecycleProcessor.java:178) ~[spring-context-6.0.4.jar:6.0.4]
?[0m?[0;34m	at org.springframework.context.support.DefaultLifecycleProcessor$LifecycleGroup.start(DefaultLifecycleProcessor.java:356) ~[spring-context-6.0.4.jar:6.0.4]
?[0m?[0;34m	at java.base/java.lang.Iterable.forEach(Iterable.java:75) ~[na:na]
?[0m?[0;34m	at org.springframework.context.support.DefaultLifecycleProcessor.startBeans(DefaultLifecycleProcessor.java:155) ~[spring-context-6.0.4.jar:6.0.4]
?[0m?[0;34m	at org.springframework.context.support.DefaultLifecycleProcessor.onRefresh(DefaultLifecycleProcessor.java:123) ~[spring-context-6.0.4.jar:6.0.4]
?[0m?[0;34m	at org.springframework.context.support.AbstractApplicationContext.finishRefresh(AbstractApplicationContext.java:932) ~[spring-context-6.0.4.jar:6.0.4]
?[0m?[0;34m	at org.springframework.context.support.AbstractApplicationContext.refresh(AbstractApplicationContext.java:587) ~[spring-context-6.0.4.jar:6.0.4]
?[0m?[0;34m	at org.springframework.boot.web.servlet.context.ServletWebServerApplicationContext.refresh(ServletWebServerApplicationContext.java:146) ~[spring-boot-3.0.2.jar:3.0.2]
?[0m?[0;34m	at org.springframework.boot.SpringApplication.refresh(SpringApplication.java:730) ~[spring-boot-3.0.2.jar:3.0.2]
?[0m?[0;34m	at org.springframework.boot.SpringApplication.refreshContext(SpringApplication.java:432) ~[spring-boot-3.0.2.jar:3.0.2]
?[0m?[0;34m	at org.springframework.boot.SpringApplication.run(SpringApplication.java:308) ~[spring-boot-3.0.2.jar:3.0.2]
?[0m?[0;34m	at org.springframework.boot.SpringApplication.run(SpringApplication.java:1302) ~[spring-boot-3.0.2.jar:3.0.2]
?[0m?[0;34m	at org.springframework.boot.SpringApplication.run(SpringApplication.java:1291) ~[spring-boot-3.0.2.jar:3.0.2]
?[0m?[0;34m	at antifraud.AntiFraudApplication.main(AntiFraudApplication.java:10) ~[main/:na]
?[0m?[0;34m	at java.base/jdk.internal.reflect.NativeMethodAccessorImpl.invoke0(Native Method) ~[na:na]
?[0m?[0;34m	at java.base/jdk.internal.reflect.NativeMethodAccessorImpl.invoke(NativeMethodAccessorImpl.java:77) ~[na:na]
?[0m?[0;34m	at java.base/jdk.internal.reflect.DelegatingMethodAccessorImpl.invoke(DelegatingMethodAccessorImpl.java:43) ~[na:na]
?[0m?[0;34m	at java.base/java.lang.reflect.Method.invoke(Method.java:568) ~[na:na]
?[0m?[0;34m	at org.hyperskill.hstest.stage.SpringTest.startSpring(SpringTest.java:187) ~[hs-test-release-SNAPSHOT.jar:na]
?[0m?[0;34m	at org.hyperskill.hstest.stage.SpringTest.reloadSpring(SpringTest.java:239) ~[hs-test-release-SNAPSHOT.jar:na]
?[0m?[0;34m	at AntiFraudTest.restartApplication(AntiFraudTest.java:767) ~[test/:na]
?[0m?[0;34m	at AntiFraudTest.lambda$new$20(AntiFraudTest.java:1335) ~[test/:na]
?[0m?[0;34m	at org.hyperskill.hstest.dynamic.input.DynamicTesting.lambda$searchDynamicTests$3(DynamicTesting.java:289) ~[hs-test-release-SNAPSHOT.jar:na]
?[0m?[0;34m	at org.hyperskill.hstest.dynamic.input.DynamicTesting$1DynamicTestElement.lambda$getTests$0(DynamicTesting.java:252) ~[hs-test-release-SNAPSHOT.jar:na]
?[0m?[0;34m	at org.hyperskill.hstest.testing.runner.SpringApplicationRunner.test(SpringApplicationRunner.java:43) ~[hs-test-release-SNAPSHOT.jar:na]
?[0m?[0;34m	at org.hyperskill.hstest.testing.TestRun.test(TestRun.java:94) ~[hs-test-release-SNAPSHOT.jar:na]
?[0m?[0;34m	at org.hyperskill.hstest.stage.StageTest.start(StageTest.java:164) ~[hs-test-release-SNAPSHOT.jar:na]
?[0m?[0;34m	at java.base/jdk.internal.reflect.NativeMethodAccessorImpl.invoke0(Native Method) ~[na:na]
?[0m?[0;34m	at java.base/jdk.internal.reflect.NativeMethodAccessorImpl.invoke(NativeMethodAccessorImpl.java:77) ~[na:na]
?[0m?[0;34m	at java.base/jdk.internal.reflect.DelegatingMethodAccessorImpl.invoke(DelegatingMethodAccessorImpl.java:43) ~[na:na]
?[0m?[0;34m	at java.base/java.lang.reflect.Method.invoke(Method.java:568) ~[na:na]
?[0m?[0;34m	at org.junit.runners.model.FrameworkMethod$1.runReflectiveCall(FrameworkMethod.java:59) ~[junit-4.13.2.jar:4.13.2]
?[0m?[0;34m	at org.junit.internal.runners.model.ReflectiveCallable.run(ReflectiveCallable.java:12) ~[junit-4.13.2.jar:4.13.2]
?[0m?[0;34m	at org.junit.runners.model.FrameworkMethod.invokeExplosively(FrameworkMethod.java:56) ~[junit-4.13.2.jar:4.13.2]
?[0m?[0;34m	at org.junit.internal.runners.statements.InvokeMethod.evaluate(InvokeMethod.java:17) ~[junit-4.13.2.jar:4.13.2]
?[0m?[0;34m	at org.junit.internal.runners.statements.RunAfters.evaluate(RunAfters.java:27) ~[junit-4.13.2.jar:4.13.2]
?[0m?[0;34m	at org.junit.runners.ParentRunner$3.evaluate(ParentRunner.java:306) ~[junit-4.13.2.jar:4.13.2]
?[0m?[0;34m	at org.junit.runners.BlockJUnit4ClassRunner$1.evaluate(BlockJUnit4ClassRunner.java:100) ~[junit-4.13.2.jar:4.13.2]
?[0m?[0;34m	at org.junit.runners.ParentRunner.runLeaf(ParentRunner.java:366) ~[junit-4.13.2.jar:4.13.2]
?[0m?[0;34m	at org.junit.runners.BlockJUnit4ClassRunner.runChild(BlockJUnit4ClassRunner.java:103) ~[junit-4.13.2.jar:4.13.2]
?[0m?[0;34m	at org.junit.runners.BlockJUnit4ClassRunner.runChild(BlockJUnit4ClassRunner.java:63) ~[junit-4.13.2.jar:4.13.2]
?[0m?[0;34m	at org.junit.runners.ParentRunner$4.run(ParentRunner.java:331) ~[junit-4.13.2.jar:4.13.2]
?[0m?[0;34m	at org.junit.runners.ParentRunner$1.schedule(ParentRunner.java:79) ~[junit-4.13.2.jar:4.13.2]
?[0m?[0;34m	at org.junit.runners.ParentRunner.runChildren(ParentRunner.java:329) ~[junit-4.13.2.jar:4.13.2]
?[0m?[0;34m	at org.junit.runners.ParentRunner.access$100(ParentRunner.java:66) ~[junit-4.13.2.jar:4.13.2]
?[0m?[0;34m	at org.junit.runners.ParentRunner$2.evaluate(ParentRunner.java:293) ~[junit-4.13.2.jar:4.13.2]
?[0m?[0;34m	at org.junit.runners.ParentRunner$3.evaluate(ParentRunner.java:306) ~[junit-4.13.2.jar:4.13.2]
?[0m?[0;34m	at org.junit.runners.ParentRunner.run(ParentRunner.java:413) ~[junit-4.13.2.jar:4.13.2]
?[0m?[0;34m	at org.gradle.api.internal.tasks.testing.junit.JUnitTestClassExecutor.runTestClass(JUnitTestClassExecutor.java:108) ~[na:na]
?[0m?[0;34m	at org.gradle.api.internal.tasks.testing.junit.JUnitTestClassExecutor.execute(JUnitTestClassExecutor.java:57) ~[na:na]
?[0m?[0;34m	at org.gradle.api.internal.tasks.testing.junit.JUnitTestClassExecutor.execute(JUnitTestClassExecutor.java:39) ~[na:na]
?[0m?[0;34m	at org.gradle.api.internal.tasks.testing.junit.AbstractJUnitTestClassProcessor.processTestClass(AbstractJUnitTestClassProcessor.java:62) ~[na:na]
?[0m?[0;34m	at org.gradle.api.internal.tasks.testing.SuiteTestClassProcessor.processTestClass(SuiteTestClassProcessor.java:52) ~[na:na]
?[0m?[0;34m	at java.base/jdk.internal.reflect.NativeMethodAccessorImpl.invoke0(Native Method) ~[na:na]
?[0m?[0;34m	at java.base/jdk.internal.reflect.NativeMethodAccessorImpl.invoke(NativeMethodAccessorImpl.java:77) ~[na:na]
?[0m?[0;34m	at java.base/jdk.internal.reflect.DelegatingMethodAccessorImpl.invoke(DelegatingMethodAccessorImpl.java:43) ~[na:na]
?[0m?[0;34m	at java.base/java.lang.reflect.Method.invoke(Method.java:568) ~[na:na]
?[0m?[0;34m	at org.gradle.internal.dispatch.ReflectionDispatch.dispatch(ReflectionDispatch.java:36) ~[na:na]
?[0m?[0;34m	at org.gradle.internal.dispatch.ReflectionDispatch.dispatch(ReflectionDispatch.java:24) ~[na:na]
?[0m?[0;34m	at org.gradle.internal.dispatch.ContextClassLoaderDispatch.dispatch(ContextClassLoaderDispatch.java:33) ~[na:na]
?[0m?[0;34m	at org.gradle.internal.dispatch.ProxyDispatchAdapter$DispatchingInvocationHandler.invoke(ProxyDispatchAdapter.java:94) ~[na:na]
?[0m?[0;34m	at jdk.proxy1/jdk.proxy1.$Proxy2.processTestClass(Unknown Source) ~[na:na]
?[0m?[0;34m	at org.gradle.api.internal.tasks.testing.worker.TestWorker$2.run(TestWorker.java:176) ~[na:na]
?[0m?[0;34m	at org.gradle.api.internal.tasks.testing.worker.TestWorker.executeAndMaintainThreadName(TestWorker.java:129) ~[na:na]
?[0m?[0;34m	at org.gradle.api.internal.tasks.testing.worker.TestWorker.execute(TestWorker.java:100) ~[na:na]
?[0m?[0;34m	at org.gradle.api.internal.tasks.testing.worker.TestWorker.execute(TestWorker.java:60) ~[na:na]
?[0m?[0;34m	at org.gradle.process.internal.worker.child.ActionExecutionWorker.execute(ActionExecutionWorker.java:56) ~[na:na]
?[0m?[0;34m	at org.gradle.process.internal.worker.child.SystemApplicationClassLoaderWorker.call(SystemApplicationClassLoaderWorker.java:113) ~[na:na]
?[0m?[0;34m	at org.gradle.process.internal.worker.child.SystemApplicationClassLoaderWorker.call(SystemApplicationClassLoaderWorker.java:65) ~[na:na]
?[0m?[0;34m	at worker.org.gradle.process.internal.worker.GradleWorkerMain.run(GradleWorkerMain.java:69) ~[gradle-worker.jar:na]
?[0m?[0;34m	at worker.org.gradle.process.internal.worker.GradleWorkerMain.main(GradleWorkerMain.java:74) ~[gradle-worker.jar:na]
?[0m?[0;34m
?[0m?[0;34m2023-07-16T14:07:18.206+02:00  WARN 1424 --- [    Test worker] .t.u.s.PrivilegedSetAccessControlContext : Unable to set field Thread.inheritedAccessControlContext
?[0m?[0;34m
?[0m?[0;34mjava.lang.IllegalAccessException: class org.apache.tomcat.util.security.PrivilegedSetAccessControlContext cannot access a member of class java.lang.Thread (in module java.base) with modifiers "private"
?[0m?[0;34m	at java.base/jdk.internal.reflect.Reflection.newIllegalAccessException(Reflection.java:392) ~[na:na]
?[0m?[0;34m	at java.base/java.lang.reflect.AccessibleObject.checkAccess(AccessibleObject.java:674) ~[na:na]
?[0m?[0;34m	at java.base/java.lang.reflect.Field.checkAccess(Field.java:1102) ~[na:na]
?[0m?[0;34m	at java.base/java.lang.reflect.Field.set(Field.java:797) ~[na:na]
?[0m?[0;34m	at org.apache.tomcat.util.security.PrivilegedSetAccessControlContext.run(PrivilegedSetAccessControlContext.java:60) ~[tomcat-embed-core-10.1.5.jar:10.1.5]
?[0m?[0;34m	at org.apache.tomcat.util.security.PrivilegedSetAccessControlContext.run(PrivilegedSetAccessControlContext.java:28) ~[tomcat-embed-core-10.1.5.jar:10.1.5]
?[0m?[0;34m	at java.base/java.security.AccessController.doPrivileged(AccessController.java:318) ~[na:na]
?[0m?[0;34m	at org.apache.tomcat.util.threads.TaskThreadFactory.newThread(TaskThreadFactory.java:64) ~[tomcat-embed-core-10.1.5.jar:10.1.5]
?[0m?[0;34m	at org.apache.tomcat.util.threads.ThreadPoolExecutor$Worker.<init>(ThreadPoolExecutor.java:653) ~[tomcat-embed-core-10.1.5.jar:10.1.5]
?[0m?[0;34m	at org.apache.tomcat.util.threads.ThreadPoolExecutor.addWorker(ThreadPoolExecutor.java:957) ~[tomcat-embed-core-10.1.5.jar:10.1.5]
?[0m?[0;34m	at org.apache.tomcat.util.threads.ThreadPoolExecutor.prestartAllCoreThreads(ThreadPoolExecutor.java:1694) ~[tomcat-embed-core-10.1.5.jar:10.1.5]
?[0m?[0;34m	at org.apache.tomcat.util.threads.ThreadPoolExecutor.<init>(ThreadPoolExecutor.java:1370) ~[tomcat-embed-core-10.1.5.jar:10.1.5]
?[0m?[0;34m	at org.apache.tomcat.util.threads.ThreadPoolExecutor.<init>(ThreadPoolExecutor.java:1280) ~[tomcat-embed-core-10.1.5.jar:10.1.5]
?[0m?[0;34m	at org.apache.tomcat.util.net.AbstractEndpoint.createExecutor(AbstractEndpoint.java:948) ~[tomcat-embed-core-10.1.5.jar:10.1.5]
?[0m?[0;34m	at org.apache.tomcat.util.net.NioEndpoint.startInternal(NioEndpoint.java:279) ~[tomcat-embed-core-10.1.5.jar:10.1.5]
?[0m?[0;34m	at org.apache.tomcat.util.net.AbstractEndpoint.start(AbstractEndpoint.java:1261) ~[tomcat-embed-core-10.1.5.jar:10.1.5]
?[0m?[0;34m	at org.apache.coyote.AbstractProtocol.start(AbstractProtocol.java:586) ~[tomcat-embed-core-10.1.5.jar:10.1.5]
?[0m?[0;34m	at org.apache.catalina.connector.Connector.startInternal(Connector.java:1081) ~[tomcat-embed-core-10.1.5.jar:10.1.5]
?[0m?[0;34m	at org.apache.catalina.util.LifecycleBase.start(LifecycleBase.java:183) ~[tomcat-embed-core-10.1.5.jar:10.1.5]
?[0m?[0;34m	at org.apache.catalina.core.StandardService.addConnector(StandardService.java:234) ~[tomcat-embed-core-10.1.5.jar:10.1.5]
?[0m?[0;34m	at org.springframework.boot.web.embedded.tomcat.TomcatWebServer.addPreviouslyRemovedConnectors(TomcatWebServer.java:282) ~[spring-boot-3.0.2.jar:3.0.2]
?[0m?[0;34m	at org.springframework.boot.web.embedded.tomcat.TomcatWebServer.start(TomcatWebServer.java:213) ~[spring-boot-3.0.2.jar:3.0.2]
?[0m?[0;34m	at org.springframework.boot.web.servlet.context.WebServerStartStopLifecycle.start(WebServerStartStopLifecycle.java:44) ~[spring-boot-3.0.2.jar:3.0.2]
?[0m?[0;34m	at org.springframework.context.support.DefaultLifecycleProcessor.doStart(DefaultLifecycleProcessor.java:178) ~[spring-context-6.0.4.jar:6.0.4]
?[0m?[0;34m	at org.springframework.context.support.DefaultLifecycleProcessor$LifecycleGroup.start(DefaultLifecycleProcessor.java:356) ~[spring-context-6.0.4.jar:6.0.4]
?[0m?[0;34m	at java.base/java.lang.Iterable.forEach(Iterable.java:75) ~[na:na]
?[0m?[0;34m	at org.springframework.context.support.DefaultLifecycleProcessor.startBeans(DefaultLifecycleProcessor.java:155) ~[spring-context-6.0.4.jar:6.0.4]
?[0m?[0;34m	at org.springframework.context.support.DefaultLifecycleProcessor.onRefresh(DefaultLifecycleProcessor.java:123) ~[spring-context-6.0.4.jar:6.0.4]
?[0m?[0;34m	at org.springframework.context.support.AbstractApplicationContext.finishRefresh(AbstractApplicationContext.java:932) ~[spring-context-6.0.4.jar:6.0.4]
?[0m?[0;34m	at org.springframework.context.support.AbstractApplicationContext.refresh(AbstractApplicationContext.java:587) ~[spring-context-6.0.4.jar:6.0.4]
?[0m?[0;34m	at org.springframework.boot.web.servlet.context.ServletWebServerApplicationContext.refresh(ServletWebServerApplicationContext.java:146) ~[spring-boot-3.0.2.jar:3.0.2]
?[0m?[0;34m	at org.springframework.boot.SpringApplication.refresh(SpringApplication.java:730) ~[spring-boot-3.0.2.jar:3.0.2]
?[0m?[0;34m	at org.springframework.boot.SpringApplication.refreshContext(SpringApplication.java:432) ~[spring-boot-3.0.2.jar:3.0.2]
?[0m?[0;34m	at org.springframework.boot.SpringApplication.run(SpringApplication.java:308) ~[spring-boot-3.0.2.jar:3.0.2]
?[0m?[0;34m	at org.springframework.boot.SpringApplication.run(SpringApplication.java:1302) ~[spring-boot-3.0.2.jar:3.0.2]
?[0m?[0;34m	at org.springframework.boot.SpringApplication.run(SpringApplication.java:1291) ~[spring-boot-3.0.2.jar:3.0.2]
?[0m?[0;34m	at antifraud.AntiFraudApplication.main(AntiFraudApplication.java:10) ~[main/:na]
?[0m?[0;34m	at java.base/jdk.internal.reflect.NativeMethodAccessorImpl.invoke0(Native Method) ~[na:na]
?[0m?[0;34m	at java.base/jdk.internal.reflect.NativeMethodAccessorImpl.invoke(NativeMethodAccessorImpl.java:77) ~[na:na]
?[0m?[0;34m	at java.base/jdk.internal.reflect.DelegatingMethodAccessorImpl.invoke(DelegatingMethodAccessorImpl.java:43) ~[na:na]
?[0m?[0;34m	at java.base/java.lang.reflect.Method.invoke(Method.java:568) ~[na:na]
?[0m?[0;34m	at org.hyperskill.hstest.stage.SpringTest.startSpring(SpringTest.java:187) ~[hs-test-release-SNAPSHOT.jar:na]
?[0m?[0;34m	at org.hyperskill.hstest.stage.SpringTest.reloadSpring(SpringTest.java:239) ~[hs-test-release-SNAPSHOT.jar:na]
?[0m?[0;34m	at AntiFraudTest.restartApplication(AntiFraudTest.java:767) ~[test/:na]
?[0m?[0;34m	at AntiFraudTest.lambda$new$20(AntiFraudTest.java:1335) ~[test/:na]
?[0m?[0;34m	at org.hyperskill.hstest.dynamic.input.DynamicTesting.lambda$searchDynamicTests$3(DynamicTesting.java:289) ~[hs-test-release-SNAPSHOT.jar:na]
?[0m?[0;34m	at org.hyperskill.hstest.dynamic.input.DynamicTesting$1DynamicTestElement.lambda$getTests$0(DynamicTesting.java:252) ~[hs-test-release-SNAPSHOT.jar:na]
?[0m?[0;34m	at org.hyperskill.hstest.testing.runner.SpringApplicationRunner.test(SpringApplicationRunner.java:43) ~[hs-test-release-SNAPSHOT.jar:na]
?[0m?[0;34m	at org.hyperskill.hstest.testing.TestRun.test(TestRun.java:94) ~[hs-test-release-SNAPSHOT.jar:na]
?[0m?[0;34m	at org.hyperskill.hstest.stage.StageTest.start(StageTest.java:164) ~[hs-test-release-SNAPSHOT.jar:na]
?[0m?[0;34m	at java.base/jdk.internal.reflect.NativeMethodAccessorImpl.invoke0(Native Method) ~[na:na]
?[0m?[0;34m	at java.base/jdk.internal.reflect.NativeMethodAccessorImpl.invoke(NativeMethodAccessorImpl.java:77) ~[na:na]
?[0m?[0;34m	at java.base/jdk.internal.reflect.DelegatingMethodAccessorImpl.invoke(DelegatingMethodAccessorImpl.java:43) ~[na:na]
?[0m?[0;34m	at java.base/java.lang.reflect.Method.invoke(Method.java:568) ~[na:na]
?[0m?[0;34m	at org.junit.runners.model.FrameworkMethod$1.runReflectiveCall(FrameworkMethod.java:59) ~[junit-4.13.2.jar:4.13.2]
?[0m?[0;34m	at org.junit.internal.runners.model.ReflectiveCallable.run(ReflectiveCallable.java:12) ~[junit-4.13.2.jar:4.13.2]
?[0m?[0;34m	at org.junit.runners.model.FrameworkMethod.invokeExplosively(FrameworkMethod.java:56) ~[junit-4.13.2.jar:4.13.2]
?[0m?[0;34m	at org.junit.internal.runners.statements.InvokeMethod.evaluate(InvokeMethod.java:17) ~[junit-4.13.2.jar:4.13.2]
?[0m?[0;34m	at org.junit.internal.runners.statements.RunAfters.evaluate(RunAfters.java:27) ~[junit-4.13.2.jar:4.13.2]
?[0m?[0;34m	at org.junit.runners.ParentRunner$3.evaluate(ParentRunner.java:306) ~[junit-4.13.2.jar:4.13.2]
?[0m?[0;34m	at org.junit.runners.BlockJUnit4ClassRunner$1.evaluate(BlockJUnit4ClassRunner.java:100) ~[junit-4.13.2.jar:4.13.2]
?[0m?[0;34m	at org.junit.runners.ParentRunner.runLeaf(ParentRunner.java:366) ~[junit-4.13.2.jar:4.13.2]
?[0m?[0;34m	at org.junit.runners.BlockJUnit4ClassRunner.runChild(BlockJUnit4ClassRunner.java:103) ~[junit-4.13.2.jar:4.13.2]
?[0m?[0;34m	at org.junit.runners.BlockJUnit4ClassRunner.runChild(BlockJUnit4ClassRunner.java:63) ~[junit-4.13.2.jar:4.13.2]
?[0m?[0;34m	at org.junit.runners.ParentRunner$4.run(ParentRunner.java:331) ~[junit-4.13.2.jar:4.13.2]
?[0m?[0;34m	at org.junit.runners.ParentRunner$1.schedule(ParentRunner.java:79) ~[junit-4.13.2.jar:4.13.2]
?[0m?[0;34m	at org.junit.runners.ParentRunner.runChildren(ParentRunner.java:329) ~[junit-4.13.2.jar:4.13.2]
?[0m?[0;34m	at org.junit.runners.ParentRunner.access$100(ParentRunner.java:66) ~[junit-4.13.2.jar:4.13.2]
?[0m?[0;34m	at org.junit.runners.ParentRunner$2.evaluate(ParentRunner.java:293) ~[junit-4.13.2.jar:4.13.2]
?[0m?[0;34m	at org.junit.runners.ParentRunner$3.evaluate(ParentRunner.java:306) ~[junit-4.13.2.jar:4.13.2]
?[0m?[0;34m	at org.junit.runners.ParentRunner.run(ParentRunner.java:413) ~[junit-4.13.2.jar:4.13.2]
?[0m?[0;34m	at org.gradle.api.internal.tasks.testing.junit.JUnitTestClassExecutor.runTestClass(JUnitTestClassExecutor.java:108) ~[na:na]
?[0m?[0;34m	at org.gradle.api.internal.tasks.testing.junit.JUnitTestClassExecutor.execute(JUnitTestClassExecutor.java:57) ~[na:na]
?[0m?[0;34m	at org.gradle.api.internal.tasks.testing.junit.JUnitTestClassExecutor.execute(JUnitTestClassExecutor.java:39) ~[na:na]
?[0m?[0;34m	at org.gradle.api.internal.tasks.testing.junit.AbstractJUnitTestClassProcessor.processTestClass(AbstractJUnitTestClassProcessor.java:62) ~[na:na]
?[0m?[0;34m	at org.gradle.api.internal.tasks.testing.SuiteTestClassProcessor.processTestClass(SuiteTestClassProcessor.java:52) ~[na:na]
?[0m?[0;34m	at java.base/jdk.internal.reflect.NativeMethodAccessorImpl.invoke0(Native Method) ~[na:na]
?[0m?[0;34m	at java.base/jdk.internal.reflect.NativeMethodAccessorImpl.invoke(NativeMethodAccessorImpl.java:77) ~[na:na]
?[0m?[0;34m	at java.base/jdk.internal.reflect.DelegatingMethodAccessorImpl.invoke(DelegatingMethodAccessorImpl.java:43) ~[na:na]
?[0m?[0;34m	at java.base/java.lang.reflect.Method.invoke(Method.java:568) ~[na:na]
?[0m?[0;34m	at org.gradle.internal.dispatch.ReflectionDispatch.dispatch(ReflectionDispatch.java:36) ~[na:na]
?[0m?[0;34m	at org.gradle.internal.dispatch.ReflectionDispatch.dispatch(ReflectionDispatch.java:24) ~[na:na]
?[0m?[0;34m	at org.gradle.internal.dispatch.ContextClassLoaderDispatch.dispatch(ContextClassLoaderDispatch.java:33) ~[na:na]
?[0m?[0;34m	at org.gradle.internal.dispatch.ProxyDispatchAdapter$DispatchingInvocationHandler.invoke(ProxyDispatchAdapter.java:94) ~[na:na]
?[0m?[0;34m	at jdk.proxy1/jdk.proxy1.$Proxy2.processTestClass(Unknown Source) ~[na:na]
?[0m?[0;34m	at org.gradle.api.internal.tasks.testing.worker.TestWorker$2.run(TestWorker.java:176) ~[na:na]
?[0m?[0;34m	at org.gradle.api.internal.tasks.testing.worker.TestWorker.executeAndMaintainThreadName(TestWorker.java:129) ~[na:na]
?[0m?[0;34m	at org.gradle.api.internal.tasks.testing.worker.TestWorker.execute(TestWorker.java:100) ~[na:na]
?[0m?[0;34m	at org.gradle.api.internal.tasks.testing.worker.TestWorker.execute(TestWorker.java:60) ~[na:na]
?[0m?[0;34m	at org.gradle.process.internal.worker.child.ActionExecutionWorker.execute(ActionExecutionWorker.java:56) ~[na:na]
?[0m?[0;34m	at org.gradle.process.internal.worker.child.SystemApplicationClassLoaderWorker.call(SystemApplicationClassLoaderWorker.java:113) ~[na:na]
?[0m?[0;34m	at org.gradle.process.internal.worker.child.SystemApplicationClassLoaderWorker.call(SystemApplicationClassLoaderWorker.java:65) ~[na:na]
?[0m?[0;34m	at worker.org.gradle.process.internal.worker.GradleWorkerMain.run(GradleWorkerMain.java:69) ~[gradle-worker.jar:na]
?[0m?[0;34m	at worker.org.gradle.process.internal.worker.GradleWorkerMain.main(GradleWorkerMain.java:74) ~[gradle-worker.jar:na]
?[0m?[0;34m
?[0m?[0;34m2023-07-16T14:07:18.214+02:00  INFO 1424 --- [    Test worker] o.s.b.w.embedded.tomcat.TomcatWebServer  : Tomcat started on port(s): 8080 (http) with context path ''
?[0m?[0;34m2023-07-16T14:07:18.226+02:00  INFO 1424 --- [    Test worker] antifraud.AntiFraudApplication           : Started AntiFraudApplication in 1.347 seconds (process running for 26.197)
?[0m?[1;31m
Start test 17?[0m
?[0;34mTest case
?[0m?[0;34mTesting api: '/api/auth/list'
?[0m?[0;34mExpectations: 'After restart user must exist'
?[0m?[0;34m-----
?[0;34m2023-07-16T14:07:18.232+02:00  INFO 1424 --- [nio-8080-exec-1] o.a.c.c.C.[Tomcat].[localhost].[/]       : Initializing Spring DispatcherServlet 'dispatcherServlet'
?[0m?[0;34m2023-07-16T14:07:18.232+02:00  INFO 1424 --- [nio-8080-exec-1] o.s.web.servlet.DispatcherServlet        : Initializing Servlet 'dispatcherServlet'
?[0m?[0;34m2023-07-16T14:07:18.232+02:00  INFO 1424 --- [nio-8080-exec-1] o.s.web.servlet.DispatcherServlet        : Completed initialization in 0 ms
?[0m?[0;34mHibernate: select u1_0.id,u1_0.locked,u1_0.name,u1_0.password,u1_0.role,u1_0.username from users u1_0 where upper(u1_0.username)=upper(?)
?[0m?[0;34mHibernate: select u1_0.id,u1_0.locked,u1_0.name,u1_0.password,u1_0.role,u1_0.username from users u1_0
?[0m?[1;31m
Start test 18?[0m
?[0;34mTest case
?[0m?[0;34mTesting api: '/api/auth/user'
?[0m?[0;34mrequest: '{
?[0m?[0;34m   "name": "John Doe 1",
?[0m?[0;34m   "username": "johndoe1",
?[0m?[0;34m   "password": "oMoa3VvqnLxW"
?[0m?[0;34m}'
?[0m?[0;34mExpectations: 'In case of an attempt to register an existing user, endpoint must respond with HTTP CONFLICT status (409).'
?[0m?[0;34m-----
?[0;34mHibernate: select u1_0.id from users u1_0 where upper(u1_0.username)=upper(?) fetch first ? rows only
?[0m?[1;31m
Start test 19?[0m
?[0;34mTest case
?[0m?[0;34mTesting api: '/api/auth/user'
?[0m?[0;34mrequest: '{
?[0m?[0;34m   "name": "John Doe 2",
?[0m?[0;34m   "username": "johndoe2",
?[0m?[0;34m   "password": "oMoa5VvqnLxW"
?[0m?[0;34m}'
?[0m?[0;34mExpectations: 'If user successfully added, endpoint must respond with HTTP CREATED status (201) '
?[0m?[0;34m-----
?[0;34mHibernate: select u1_0.id from users u1_0 where upper(u1_0.username)=upper(?) fetch first ? rows only
?[0m?[0;34mHibernate: select u1_0.id,u1_0.locked,u1_0.name,u1_0.password,u1_0.role,u1_0.username from users u1_0
?[0m?[0;34mHibernate: select next value for users_SEQ
?[0m?[0;34mHibernate: insert into users (locked, name, password, role, username, id) values (?, ?, ?, ?, ?, ?)
?[0m?[1;31m
Start test 20?[0m
?[0;34mTest case
?[0m?[0;34mTesting api: '/api/auth/list'
?[0m?[0;34mExpectations: 'Endpoint must respond with HTTP OK status (200) and body with array of objects representing the users sorted by ID in ascending order.'
?[0m?[0;34m-----
?[0;34mHibernate: select u1_0.id,u1_0.locked,u1_0.name,u1_0.password,u1_0.role,u1_0.username from users u1_0 where upper(u1_0.username)=upper(?)
?[0m?[0;34mHibernate: select u1_0.id,u1_0.locked,u1_0.name,u1_0.password,u1_0.role,u1_0.username from users u1_0
?[0m?[1;31m
Start test 21?[0m
?[0;34mTest case
?[0m?[0;34mTesting api: '/api/antifraud/transaction'
?[0m?[0;34mrequest: 'amount = 199'
?[0m?[0;34mExpectations: 'Result validating of Transaction must be 'ALLOWED''
?[0m?[0;34m-----
?[0;34mHibernate: select u1_0.id,u1_0.locked,u1_0.name,u1_0.password,u1_0.role,u1_0.username from users u1_0 where upper(u1_0.username)=upper(?)
?[0m?[0;34mHibernate: select t1_0.id from limits t1_0 where t1_0.type=? fetch first ? rows only
?[0m?[0;34mHibernate: select t1_0.id from limits t1_0 where t1_0.type=? fetch first ? rows only
?[0m?[0;34mHibernate: select s1_0.id from stolen_cards s1_0 where s1_0.number=? fetch first ? rows only
?[0m?[0;34mHibernate: select s1_0.id from suspicious_IPs s1_0 where s1_0.ip=? fetch first ? rows only
?[0m?[0;34mHibernate: select t1_0.id,t1_0.amount,t1_0.date,t1_0.feedback,t1_0.ip,t1_0.number,t1_0.region,t1_0.result from transactions t1_0 where t1_0.number=? and t1_0.date between ? and ?
?[0m?[0;34mHibernate: select t1_0.id,t1_0.amount,t1_0.date,t1_0.feedback,t1_0.ip,t1_0.number,t1_0.region,t1_0.result from transactions t1_0 where t1_0.number=? and t1_0.date between ? and ?
?[0m?[0;34mHibernate: select t1_0.id from limits t1_0 where t1_0.type=? fetch first ? rows only
?[0m?[0;34mHibernate: select t1_0.id from limits t1_0 where t1_0.type=? fetch first ? rows only
?[0m?[0;34mHibernate: select s1_0.id from stolen_cards s1_0 where s1_0.number=? fetch first ? rows only
?[0m?[0;34mHibernate: select s1_0.id from suspicious_IPs s1_0 where s1_0.ip=? fetch first ? rows only
?[0m?[0;34mHibernate: select t1_0.id,t1_0.amount,t1_0.date,t1_0.feedback,t1_0.ip,t1_0.number,t1_0.region,t1_0.result from transactions t1_0 where t1_0.number=? and t1_0.date between ? and ?
?[0m?[0;34mHibernate: select t1_0.id,t1_0.amount,t1_0.date,t1_0.feedback,t1_0.ip,t1_0.number,t1_0.region,t1_0.result from transactions t1_0 where t1_0.number=? and t1_0.date between ? and ?
?[0m?[0;34mHibernate: select t1_0.id from limits t1_0 where t1_0.type=? fetch first ? rows only
?[0m?[0;34mHibernate: select t1_0.id from limits t1_0 where t1_0.type=? fetch first ? rows only
?[0m?[0;34mHibernate: select s1_0.id from stolen_cards s1_0 where s1_0.number=? fetch first ? rows only
?[0m?[0;34mHibernate: select s1_0.id from suspicious_IPs s1_0 where s1_0.ip=? fetch first ? rows only
?[0m?[0;34mHibernate: select t1_0.id,t1_0.amount,t1_0.date,t1_0.feedback,t1_0.ip,t1_0.number,t1_0.region,t1_0.result from transactions t1_0 where t1_0.number=? and t1_0.date between ? and ?
?[0m?[0;34mHibernate: select t1_0.id,t1_0.amount,t1_0.date,t1_0.feedback,t1_0.ip,t1_0.number,t1_0.region,t1_0.result from transactions t1_0 where t1_0.number=? and t1_0.date between ? and ?
?[0m?[0;34mHibernate: select t1_0.id from limits t1_0 where t1_0.type=? fetch first ? rows only
?[0m?[0;34mHibernate: select t1_0.id from limits t1_0 where t1_0.type=? fetch first ? rows only
?[0m?[0;34mHibernate: select s1_0.id from stolen_cards s1_0 where s1_0.number=? fetch first ? rows only
?[0m?[0;34mHibernate: select s1_0.id from suspicious_IPs s1_0 where s1_0.ip=? fetch first ? rows only
?[0m?[0;34mHibernate: select t1_0.id,t1_0.amount,t1_0.date,t1_0.feedback,t1_0.ip,t1_0.number,t1_0.region,t1_0.result from transactions t1_0 where t1_0.number=? and t1_0.date between ? and ?
?[0m?[0;34mHibernate: select t1_0.id,t1_0.amount,t1_0.date,t1_0.feedback,t1_0.ip,t1_0.number,t1_0.region,t1_0.result from transactions t1_0 where t1_0.number=? and t1_0.date between ? and ?
?[0m?[0;34mHibernate: select t1_0.id from limits t1_0 where t1_0.type=? fetch first ? rows only
?[0m?[0;34mHibernate: select t1_0.id from limits t1_0 where t1_0.type=? fetch first ? rows only
?[0m?[0;34mHibernate: select s1_0.id from stolen_cards s1_0 where s1_0.number=? fetch first ? rows only
?[0m?[0;34mHibernate: select s1_0.id from suspicious_IPs s1_0 where s1_0.ip=? fetch first ? rows only
?[0m?[0;34mHibernate: select t1_0.id,t1_0.amount,t1_0.date,t1_0.feedback,t1_0.ip,t1_0.number,t1_0.region,t1_0.result from transactions t1_0 where t1_0.number=? and t1_0.date between ? and ?
?[0m?[0;34mHibernate: select t1_0.id,t1_0.amount,t1_0.date,t1_0.feedback,t1_0.ip,t1_0.number,t1_0.region,t1_0.result from transactions t1_0 where t1_0.number=? and t1_0.date between ? and ?
?[0m?[0;34mHibernate: select t1_0.id from limits t1_0 where t1_0.type=? fetch first ? rows only
?[0m?[0;34mHibernate: select t1_0.id from limits t1_0 where t1_0.type=? fetch first ? rows only
?[0m?[0;34mHibernate: select s1_0.id from stolen_cards s1_0 where s1_0.number=? fetch first ? rows only
?[0m?[0;34mHibernate: select s1_0.id from suspicious_IPs s1_0 where s1_0.ip=? fetch first ? rows only
?[0m?[0;34mHibernate: select t1_0.id,t1_0.amount,t1_0.date,t1_0.feedback,t1_0.ip,t1_0.number,t1_0.region,t1_0.result from transactions t1_0 where t1_0.number=? and t1_0.date between ? and ?
?[0m?[0;34mHibernate: select t1_0.id,t1_0.amount,t1_0.date,t1_0.feedback,t1_0.ip,t1_0.number,t1_0.region,t1_0.result from transactions t1_0 where t1_0.number=? and t1_0.date between ? and ?
?[0m?[0;34mHibernate: select t1_0.id from limits t1_0 where t1_0.type=? fetch first ? rows only
?[0m?[0;34mHibernate: select t1_0.id from limits t1_0 where t1_0.type=? fetch first ? rows only
?[0m?[0;34mHibernate: select s1_0.id from stolen_cards s1_0 where s1_0.number=? fetch first ? rows only
?[0m?[0;34mHibernate: select s1_0.id from suspicious_IPs s1_0 where s1_0.ip=? fetch first ? rows only
?[0m?[0;34mHibernate: select t1_0.id,t1_0.amount,t1_0.date,t1_0.feedback,t1_0.ip,t1_0.number,t1_0.region,t1_0.result from transactions t1_0 where t1_0.number=? and t1_0.date between ? and ?
?[0m?[0;34mHibernate: select t1_0.id,t1_0.amount,t1_0.date,t1_0.feedback,t1_0.ip,t1_0.number,t1_0.region,t1_0.result from transactions t1_0 where t1_0.number=? and t1_0.date between ? and ?
?[0m?[0;34mHibernate: select t1_0.id from limits t1_0 where t1_0.type=? fetch first ? rows only
?[0m?[0;34mHibernate: select t1_0.id from limits t1_0 where t1_0.type=? fetch first ? rows only
?[0m?[0;34mHibernate: select s1_0.id from stolen_cards s1_0 where s1_0.number=? fetch first ? rows only
?[0m?[0;34mHibernate: select s1_0.id from suspicious_IPs s1_0 where s1_0.ip=? fetch first ? rows only
?[0m?[0;34mHibernate: select t1_0.id,t1_0.amount,t1_0.date,t1_0.feedback,t1_0.ip,t1_0.number,t1_0.region,t1_0.result from transactions t1_0 where t1_0.number=? and t1_0.date between ? and ?
?[0m?[0;34mHibernate: select t1_0.id,t1_0.amount,t1_0.date,t1_0.feedback,t1_0.ip,t1_0.number,t1_0.region,t1_0.result from transactions t1_0 where t1_0.number=? and t1_0.date between ? and ?
?[0m?[0;34mHibernate: select t1_0.id from limits t1_0 where t1_0.type=? fetch first ? rows only
?[0m?[0;34mHibernate: select t1_0.id from limits t1_0 where t1_0.type=? fetch first ? rows only
?[0m?[0;34mHibernate: select s1_0.id from stolen_cards s1_0 where s1_0.number=? fetch first ? rows only
?[0m?[0;34mHibernate: select s1_0.id from suspicious_IPs s1_0 where s1_0.ip=? fetch first ? rows only
?[0m?[0;34mHibernate: select t1_0.id,t1_0.amount,t1_0.date,t1_0.feedback,t1_0.ip,t1_0.number,t1_0.region,t1_0.result from transactions t1_0 where t1_0.number=? and t1_0.date between ? and ?
?[0m?[0;34mHibernate: select t1_0.id,t1_0.amount,t1_0.date,t1_0.feedback,t1_0.ip,t1_0.number,t1_0.region,t1_0.result from transactions t1_0 where t1_0.number=? and t1_0.date between ? and ?
?[0m?[0;34mHibernate: select t1_0.id from limits t1_0 where t1_0.type=? fetch first ? rows only
?[0m?[0;34mHibernate: select t1_0.id from limits t1_0 where t1_0.type=? fetch first ? rows only
?[0m?[0;34mHibernate: select s1_0.id from stolen_cards s1_0 where s1_0.number=? fetch first ? rows only
?[0m?[0;34mHibernate: select s1_0.id from suspicious_IPs s1_0 where s1_0.ip=? fetch first ? rows only
?[0m?[0;34mHibernate: select t1_0.id,t1_0.amount,t1_0.date,t1_0.feedback,t1_0.ip,t1_0.number,t1_0.region,t1_0.result from transactions t1_0 where t1_0.number=? and t1_0.date between ? and ?
?[0m?[0;34mHibernate: select t1_0.id,t1_0.amount,t1_0.date,t1_0.feedback,t1_0.ip,t1_0.number,t1_0.region,t1_0.result from transactions t1_0 where t1_0.number=? and t1_0.date between ? and ?
?[0m?[0;34mHibernate: select t1_0.id from limits t1_0 where t1_0.type=? fetch first ? rows only
?[0m?[0;34mHibernate: select t1_0.id from limits t1_0 where t1_0.type=? fetch first ? rows only
?[0m?[0;34mHibernate: select s1_0.id from stolen_cards s1_0 where s1_0.number=? fetch first ? rows only
?[0m?[0;34mHibernate: select s1_0.id from suspicious_IPs s1_0 where s1_0.ip=? fetch first ? rows only
?[0m?[0;34mHibernate: select t1_0.id,t1_0.amount,t1_0.date,t1_0.feedback,t1_0.ip,t1_0.number,t1_0.region,t1_0.result from transactions t1_0 where t1_0.number=? and t1_0.date between ? and ?
?[0m?[0;34mHibernate: select t1_0.id,t1_0.amount,t1_0.date,t1_0.feedback,t1_0.ip,t1_0.number,t1_0.region,t1_0.result from transactions t1_0 where t1_0.number=? and t1_0.date between ? and ?
?[0m?[0;34mHibernate: select next value for transactions_SEQ
?[0m?[0;34mHibernate: insert into transactions (amount, date, feedback, ip, number, region, result, id) values (?, ?, ?, ?, ?, ?, ?, ?)
?[0m?[1;31m
Start test 22?[0m
?[0;34mTest case
?[0m?[0;34mTesting api: '/api/antifraud/transaction'
?[0m?[0;34mrequest: 'amount = 200'
?[0m?[0;34mExpectations: 'Result validating of Transaction must be 'ALLOWED''
?[0m?[0;34m-----
?[0;34mHibernate: select u1_0.id,u1_0.locked,u1_0.name,u1_0.password,u1_0.role,u1_0.username from users u1_0 where upper(u1_0.username)=upper(?)
?[0m?[0;34mHibernate: select t1_0.id from limits t1_0 where t1_0.type=? fetch first ? rows only
?[0m?[0;34mHibernate: select t1_0.id from limits t1_0 where t1_0.type=? fetch first ? rows only
?[0m?[0;34mHibernate: select s1_0.id from stolen_cards s1_0 where s1_0.number=? fetch first ? rows only
?[0m?[0;34mHibernate: select s1_0.id from suspicious_IPs s1_0 where s1_0.ip=? fetch first ? rows only
?[0m?[0;34mHibernate: select t1_0.id,t1_0.amount,t1_0.date,t1_0.feedback,t1_0.ip,t1_0.number,t1_0.region,t1_0.result from transactions t1_0 where t1_0.number=? and t1_0.date between ? and ?
?[0m?[0;34mHibernate: select t1_0.id,t1_0.amount,t1_0.date,t1_0.feedback,t1_0.ip,t1_0.number,t1_0.region,t1_0.result from transactions t1_0 where t1_0.number=? and t1_0.date between ? and ?
?[0m?[0;34mHibernate: select t1_0.id from limits t1_0 where t1_0.type=? fetch first ? rows only
?[0m?[0;34mHibernate: select t1_0.id from limits t1_0 where t1_0.type=? fetch first ? rows only
?[0m?[0;34mHibernate: select s1_0.id from stolen_cards s1_0 where s1_0.number=? fetch first ? rows only
?[0m?[0;34mHibernate: select s1_0.id from suspicious_IPs s1_0 where s1_0.ip=? fetch first ? rows only
?[0m?[0;34mHibernate: select t1_0.id,t1_0.amount,t1_0.date,t1_0.feedback,t1_0.ip,t1_0.number,t1_0.region,t1_0.result from transactions t1_0 where t1_0.number=? and t1_0.date between ? and ?
?[0m?[0;34mHibernate: select t1_0.id,t1_0.amount,t1_0.date,t1_0.feedback,t1_0.ip,t1_0.number,t1_0.region,t1_0.result from transactions t1_0 where t1_0.number=? and t1_0.date between ? and ?
?[0m?[0;34mHibernate: select t1_0.id from limits t1_0 where t1_0.type=? fetch first ? rows only
?[0m?[0;34mHibernate: select t1_0.id from limits t1_0 where t1_0.type=? fetch first ? rows only
?[0m?[0;34mHibernate: select s1_0.id from stolen_cards s1_0 where s1_0.number=? fetch first ? rows only
?[0m?[0;34mHibernate: select s1_0.id from suspicious_IPs s1_0 where s1_0.ip=? fetch first ? rows only
?[0m?[0;34mHibernate: select t1_0.id,t1_0.amount,t1_0.date,t1_0.feedback,t1_0.ip,t1_0.number,t1_0.region,t1_0.result from transactions t1_0 where t1_0.number=? and t1_0.date between ? and ?
?[0m?[0;34mHibernate: select t1_0.id,t1_0.amount,t1_0.date,t1_0.feedback,t1_0.ip,t1_0.number,t1_0.region,t1_0.result from transactions t1_0 where t1_0.number=? and t1_0.date between ? and ?
?[0m?[0;34mHibernate: select t1_0.id from limits t1_0 where t1_0.type=? fetch first ? rows only
?[0m?[0;34mHibernate: select t1_0.id from limits t1_0 where t1_0.type=? fetch first ? rows only
?[0m?[0;34mHibernate: select s1_0.id from stolen_cards s1_0 where s1_0.number=? fetch first ? rows only
?[0m?[0;34mHibernate: select s1_0.id from suspicious_IPs s1_0 where s1_0.ip=? fetch first ? rows only
?[0m?[0;34mHibernate: select t1_0.id,t1_0.amount,t1_0.date,t1_0.feedback,t1_0.ip,t1_0.number,t1_0.region,t1_0.result from transactions t1_0 where t1_0.number=? and t1_0.date between ? and ?
?[0m?[0;34mHibernate: select t1_0.id,t1_0.amount,t1_0.date,t1_0.feedback,t1_0.ip,t1_0.number,t1_0.region,t1_0.result from transactions t1_0 where t1_0.number=? and t1_0.date between ? and ?
?[0m?[0;34mHibernate: select t1_0.id from limits t1_0 where t1_0.type=? fetch first ? rows only
?[0m?[0;34mHibernate: select t1_0.id from limits t1_0 where t1_0.type=? fetch first ? rows only
?[0m?[0;34mHibernate: select s1_0.id from stolen_cards s1_0 where s1_0.number=? fetch first ? rows only
?[0m?[0;34mHibernate: select s1_0.id from suspicious_IPs s1_0 where s1_0.ip=? fetch first ? rows only
?[0m?[0;34mHibernate: select t1_0.id,t1_0.amount,t1_0.date,t1_0.feedback,t1_0.ip,t1_0.number,t1_0.region,t1_0.result from transactions t1_0 where t1_0.number=? and t1_0.date between ? and ?
?[0m?[0;34mHibernate: select t1_0.id,t1_0.amount,t1_0.date,t1_0.feedback,t1_0.ip,t1_0.number,t1_0.region,t1_0.result from transactions t1_0 where t1_0.number=? and t1_0.date between ? and ?
?[0m?[0;34mHibernate: select t1_0.id from limits t1_0 where t1_0.type=? fetch first ? rows only
?[0m?[0;34mHibernate: select t1_0.id from limits t1_0 where t1_0.type=? fetch first ? rows only
?[0m?[0;34mHibernate: select s1_0.id from stolen_cards s1_0 where s1_0.number=? fetch first ? rows only
?[0m?[0;34mHibernate: select s1_0.id from suspicious_IPs s1_0 where s1_0.ip=? fetch first ? rows only
?[0m?[0;34mHibernate: select t1_0.id,t1_0.amount,t1_0.date,t1_0.feedback,t1_0.ip,t1_0.number,t1_0.region,t1_0.result from transactions t1_0 where t1_0.number=? and t1_0.date between ? and ?
?[0m?[0;34mHibernate: select t1_0.id,t1_0.amount,t1_0.date,t1_0.feedback,t1_0.ip,t1_0.number,t1_0.region,t1_0.result from transactions t1_0 where t1_0.number=? and t1_0.date between ? and ?
?[0m?[0;34mHibernate: select t1_0.id from limits t1_0 where t1_0.type=? fetch first ? rows only
?[0m?[0;34mHibernate: select t1_0.id from limits t1_0 where t1_0.type=? fetch first ? rows only
?[0m?[0;34mHibernate: select s1_0.id from stolen_cards s1_0 where s1_0.number=? fetch first ? rows only
?[0m?[0;34mHibernate: select s1_0.id from suspicious_IPs s1_0 where s1_0.ip=? fetch first ? rows only
?[0m?[0;34mHibernate: select t1_0.id,t1_0.amount,t1_0.date,t1_0.feedback,t1_0.ip,t1_0.number,t1_0.region,t1_0.result from transactions t1_0 where t1_0.number=? and t1_0.date between ? and ?
?[0m?[0;34mHibernate: select t1_0.id,t1_0.amount,t1_0.date,t1_0.feedback,t1_0.ip,t1_0.number,t1_0.region,t1_0.result from transactions t1_0 where t1_0.number=? and t1_0.date between ? and ?
?[0m?[0;34mHibernate: select t1_0.id from limits t1_0 where t1_0.type=? fetch first ? rows only
?[0m?[0;34mHibernate: select t1_0.id from limits t1_0 where t1_0.type=? fetch first ? rows only
?[0m?[0;34mHibernate: select s1_0.id from stolen_cards s1_0 where s1_0.number=? fetch first ? rows only
?[0m?[0;34mHibernate: select s1_0.id from suspicious_IPs s1_0 where s1_0.ip=? fetch first ? rows only
?[0m?[0;34mHibernate: select t1_0.id,t1_0.amount,t1_0.date,t1_0.feedback,t1_0.ip,t1_0.number,t1_0.region,t1_0.result from transactions t1_0 where t1_0.number=? and t1_0.date between ? and ?
?[0m?[0;34mHibernate: select t1_0.id,t1_0.amount,t1_0.date,t1_0.feedback,t1_0.ip,t1_0.number,t1_0.region,t1_0.result from transactions t1_0 where t1_0.number=? and t1_0.date between ? and ?
?[0m?[0;34mHibernate: select t1_0.id from limits t1_0 where t1_0.type=? fetch first ? rows only
?[0m?[0;34mHibernate: select t1_0.id from limits t1_0 where t1_0.type=? fetch first ? rows only
?[0m?[0;34mHibernate: select s1_0.id from stolen_cards s1_0 where s1_0.number=? fetch first ? rows only
?[0m?[0;34mHibernate: select s1_0.id from suspicious_IPs s1_0 where s1_0.ip=? fetch first ? rows only
?[0m?[0;34mHibernate: select t1_0.id,t1_0.amount,t1_0.date,t1_0.feedback,t1_0.ip,t1_0.number,t1_0.region,t1_0.result from transactions t1_0 where t1_0.number=? and t1_0.date between ? and ?
?[0m?[0;34mHibernate: select t1_0.id,t1_0.amount,t1_0.date,t1_0.feedback,t1_0.ip,t1_0.number,t1_0.region,t1_0.result from transactions t1_0 where t1_0.number=? and t1_0.date between ? and ?
?[0m?[0;34mHibernate: select t1_0.id from limits t1_0 where t1_0.type=? fetch first ? rows only
?[0m?[0;34mHibernate: select t1_0.id from limits t1_0 where t1_0.type=? fetch first ? rows only
?[0m?[0;34mHibernate: select s1_0.id from stolen_cards s1_0 where s1_0.number=? fetch first ? rows only
?[0m?[0;34mHibernate: select s1_0.id from suspicious_IPs s1_0 where s1_0.ip=? fetch first ? rows only
?[0m?[0;34mHibernate: select t1_0.id,t1_0.amount,t1_0.date,t1_0.feedback,t1_0.ip,t1_0.number,t1_0.region,t1_0.result from transactions t1_0 where t1_0.number=? and t1_0.date between ? and ?
?[0m?[0;34mHibernate: select t1_0.id,t1_0.amount,t1_0.date,t1_0.feedback,t1_0.ip,t1_0.number,t1_0.region,t1_0.result from transactions t1_0 where t1_0.number=? and t1_0.date between ? and ?
?[0m?[0;34mHibernate: select t1_0.id from limits t1_0 where t1_0.type=? fetch first ? rows only
?[0m?[0;34mHibernate: select t1_0.id from limits t1_0 where t1_0.type=? fetch first ? rows only
?[0m?[0;34mHibernate: select s1_0.id from stolen_cards s1_0 where s1_0.number=? fetch first ? rows only
?[0m?[0;34mHibernate: select s1_0.id from suspicious_IPs s1_0 where s1_0.ip=? fetch first ? rows only
?[0m?[0;34mHibernate: select t1_0.id,t1_0.amount,t1_0.date,t1_0.feedback,t1_0.ip,t1_0.number,t1_0.region,t1_0.result from transactions t1_0 where t1_0.number=? and t1_0.date between ? and ?
?[0m?[0;34mHibernate: select t1_0.id,t1_0.amount,t1_0.date,t1_0.feedback,t1_0.ip,t1_0.number,t1_0.region,t1_0.result from transactions t1_0 where t1_0.number=? and t1_0.date between ? and ?
?[0m?[0;34mHibernate: insert into transactions (amount, date, feedback, ip, number, region, result, id) values (?, ?, ?, ?, ?, ?, ?, ?)
?[0m?[1;31m
Start test 23?[0m
?[0;34mTest case
?[0m?[0;34mTesting api: '/api/antifraud/transaction'
?[0m?[0;34mrequest: 'amount = 201'
?[0m?[0;34mExpectations: 'Result validating of Transaction must be 'MANUAL_PROCESSING''
?[0m?[0;34m-----
?[0;34mHibernate: select u1_0.id,u1_0.locked,u1_0.name,u1_0.password,u1_0.role,u1_0.username from users u1_0 where upper(u1_0.username)=upper(?)
?[0m?[0;34mHibernate: select t1_0.id from limits t1_0 where t1_0.type=? fetch first ? rows only
?[0m?[0;34mHibernate: select t1_0.id from limits t1_0 where t1_0.type=? fetch first ? rows only
?[0m?[0;34mHibernate: select s1_0.id from stolen_cards s1_0 where s1_0.number=? fetch first ? rows only
?[0m?[0;34mHibernate: select s1_0.id from suspicious_IPs s1_0 where s1_0.ip=? fetch first ? rows only
?[0m?[0;34mHibernate: select t1_0.id,t1_0.amount,t1_0.date,t1_0.feedback,t1_0.ip,t1_0.number,t1_0.region,t1_0.result from transactions t1_0 where t1_0.number=? and t1_0.date between ? and ?
?[0m?[0;34mHibernate: select t1_0.id,t1_0.amount,t1_0.date,t1_0.feedback,t1_0.ip,t1_0.number,t1_0.region,t1_0.result from transactions t1_0 where t1_0.number=? and t1_0.date between ? and ?
?[0m?[0;34mHibernate: select t1_0.id from limits t1_0 where t1_0.type=? fetch first ? rows only
?[0m?[0;34mHibernate: select t1_0.id from limits t1_0 where t1_0.type=? fetch first ? rows only
?[0m?[0;34mHibernate: select s1_0.id from stolen_cards s1_0 where s1_0.number=? fetch first ? rows only
?[0m?[0;34mHibernate: select s1_0.id from suspicious_IPs s1_0 where s1_0.ip=? fetch first ? rows only
?[0m?[0;34mHibernate: select t1_0.id,t1_0.amount,t1_0.date,t1_0.feedback,t1_0.ip,t1_0.number,t1_0.region,t1_0.result from transactions t1_0 where t1_0.number=? and t1_0.date between ? and ?
?[0m?[0;34mHibernate: select t1_0.id,t1_0.amount,t1_0.date,t1_0.feedback,t1_0.ip,t1_0.number,t1_0.region,t1_0.result from transactions t1_0 where t1_0.number=? and t1_0.date between ? and ?
?[0m?[0;34mHibernate: select t1_0.id from limits t1_0 where t1_0.type=? fetch first ? rows only
?[0m?[0;34mHibernate: select t1_0.id from limits t1_0 where t1_0.type=? fetch first ? rows only
?[0m?[0;34mHibernate: select s1_0.id from stolen_cards s1_0 where s1_0.number=? fetch first ? rows only
?[0m?[0;34mHibernate: select s1_0.id from suspicious_IPs s1_0 where s1_0.ip=? fetch first ? rows only
?[0m?[0;34mHibernate: select t1_0.id,t1_0.amount,t1_0.date,t1_0.feedback,t1_0.ip,t1_0.number,t1_0.region,t1_0.result from transactions t1_0 where t1_0.number=? and t1_0.date between ? and ?
?[0m?[0;34mHibernate: select t1_0.id,t1_0.amount,t1_0.date,t1_0.feedback,t1_0.ip,t1_0.number,t1_0.region,t1_0.result from transactions t1_0 where t1_0.number=? and t1_0.date between ? and ?
?[0m?[0;34mHibernate: select t1_0.id from limits t1_0 where t1_0.type=? fetch first ? rows only
?[0m?[0;34mHibernate: select t1_0.id from limits t1_0 where t1_0.type=? fetch first ? rows only
?[0m?[0;34mHibernate: select s1_0.id from stolen_cards s1_0 where s1_0.number=? fetch first ? rows only
?[0m?[0;34mHibernate: select s1_0.id from suspicious_IPs s1_0 where s1_0.ip=? fetch first ? rows only
?[0m?[0;34mHibernate: select t1_0.id,t1_0.amount,t1_0.date,t1_0.feedback,t1_0.ip,t1_0.number,t1_0.region,t1_0.result from transactions t1_0 where t1_0.number=? and t1_0.date between ? and ?
?[0m?[0;34mHibernate: select t1_0.id,t1_0.amount,t1_0.date,t1_0.feedback,t1_0.ip,t1_0.number,t1_0.region,t1_0.result from transactions t1_0 where t1_0.number=? and t1_0.date between ? and ?
?[0m?[0;34mHibernate: select t1_0.id from limits t1_0 where t1_0.type=? fetch first ? rows only
?[0m?[0;34mHibernate: select t1_0.id from limits t1_0 where t1_0.type=? fetch first ? rows only
?[0m?[0;34mHibernate: select s1_0.id from stolen_cards s1_0 where s1_0.number=? fetch first ? rows only
?[0m?[0;34mHibernate: select s1_0.id from suspicious_IPs s1_0 where s1_0.ip=? fetch first ? rows only
?[0m?[0;34mHibernate: select t1_0.id,t1_0.amount,t1_0.date,t1_0.feedback,t1_0.ip,t1_0.number,t1_0.region,t1_0.result from transactions t1_0 where t1_0.number=? and t1_0.date between ? and ?
?[0m?[0;34mHibernate: select t1_0.id,t1_0.amount,t1_0.date,t1_0.feedback,t1_0.ip,t1_0.number,t1_0.region,t1_0.result from transactions t1_0 where t1_0.number=? and t1_0.date between ? and ?
?[0m?[0;34mHibernate: select t1_0.id from limits t1_0 where t1_0.type=? fetch first ? rows only
?[0m?[0;34mHibernate: select t1_0.id from limits t1_0 where t1_0.type=? fetch first ? rows only
?[0m?[0;34mHibernate: select s1_0.id from stolen_cards s1_0 where s1_0.number=? fetch first ? rows only
?[0m?[0;34mHibernate: select s1_0.id from suspicious_IPs s1_0 where s1_0.ip=? fetch first ? rows only
?[0m?[0;34mHibernate: select t1_0.id,t1_0.amount,t1_0.date,t1_0.feedback,t1_0.ip,t1_0.number,t1_0.region,t1_0.result from transactions t1_0 where t1_0.number=? and t1_0.date between ? and ?
?[0m?[0;34mHibernate: select t1_0.id,t1_0.amount,t1_0.date,t1_0.feedback,t1_0.ip,t1_0.number,t1_0.region,t1_0.result from transactions t1_0 where t1_0.number=? and t1_0.date between ? and ?
?[0m?[0;34mHibernate: select t1_0.id from limits t1_0 where t1_0.type=? fetch first ? rows only
?[0m?[0;34mHibernate: select t1_0.id from limits t1_0 where t1_0.type=? fetch first ? rows only
?[0m?[0;34mHibernate: select s1_0.id from stolen_cards s1_0 where s1_0.number=? fetch first ? rows only
?[0m?[0;34mHibernate: select s1_0.id from suspicious_IPs s1_0 where s1_0.ip=? fetch first ? rows only
?[0m?[0;34mHibernate: select t1_0.id,t1_0.amount,t1_0.date,t1_0.feedback,t1_0.ip,t1_0.number,t1_0.region,t1_0.result from transactions t1_0 where t1_0.number=? and t1_0.date between ? and ?
?[0m?[0;34mHibernate: select t1_0.id,t1_0.amount,t1_0.date,t1_0.feedback,t1_0.ip,t1_0.number,t1_0.region,t1_0.result from transactions t1_0 where t1_0.number=? and t1_0.date between ? and ?
?[0m?[0;34mHibernate: select t1_0.id from limits t1_0 where t1_0.type=? fetch first ? rows only
?[0m?[0;34mHibernate: select t1_0.id from limits t1_0 where t1_0.type=? fetch first ? rows only
?[0m?[0;34mHibernate: select s1_0.id from stolen_cards s1_0 where s1_0.number=? fetch first ? rows only
?[0m?[0;34mHibernate: select s1_0.id from suspicious_IPs s1_0 where s1_0.ip=? fetch first ? rows only
?[0m?[0;34mHibernate: select t1_0.id,t1_0.amount,t1_0.date,t1_0.feedback,t1_0.ip,t1_0.number,t1_0.region,t1_0.result from transactions t1_0 where t1_0.number=? and t1_0.date between ? and ?
?[0m?[0;34mHibernate: select t1_0.id,t1_0.amount,t1_0.date,t1_0.feedback,t1_0.ip,t1_0.number,t1_0.region,t1_0.result from transactions t1_0 where t1_0.number=? and t1_0.date between ? and ?
?[0m?[0;34mHibernate: select t1_0.id from limits t1_0 where t1_0.type=? fetch first ? rows only
?[0m?[0;34mHibernate: select t1_0.id from limits t1_0 where t1_0.type=? fetch first ? rows only
?[0m?[0;34mHibernate: select s1_0.id from stolen_cards s1_0 where s1_0.number=? fetch first ? rows only
?[0m?[0;34mHibernate: select s1_0.id from suspicious_IPs s1_0 where s1_0.ip=? fetch first ? rows only
?[0m?[0;34mHibernate: select t1_0.id,t1_0.amount,t1_0.date,t1_0.feedback,t1_0.ip,t1_0.number,t1_0.region,t1_0.result from transactions t1_0 where t1_0.number=? and t1_0.date between ? and ?
?[0m?[0;34mHibernate: select t1_0.id,t1_0.amount,t1_0.date,t1_0.feedback,t1_0.ip,t1_0.number,t1_0.region,t1_0.result from transactions t1_0 where t1_0.number=? and t1_0.date between ? and ?
?[0m?[0;34mHibernate: select t1_0.id from limits t1_0 where t1_0.type=? fetch first ? rows only
?[0m?[0;34mHibernate: select t1_0.id from limits t1_0 where t1_0.type=? fetch first ? rows only
?[0m?[0;34mHibernate: select s1_0.id from stolen_cards s1_0 where s1_0.number=? fetch first ? rows only
?[0m?[0;34mHibernate: select s1_0.id from suspicious_IPs s1_0 where s1_0.ip=? fetch first ? rows only
?[0m?[0;34mHibernate: select t1_0.id,t1_0.amount,t1_0.date,t1_0.feedback,t1_0.ip,t1_0.number,t1_0.region,t1_0.result from transactions t1_0 where t1_0.number=? and t1_0.date between ? and ?
?[0m?[0;34mHibernate: select t1_0.id,t1_0.amount,t1_0.date,t1_0.feedback,t1_0.ip,t1_0.number,t1_0.region,t1_0.result from transactions t1_0 where t1_0.number=? and t1_0.date between ? and ?
?[0m?[0;34mHibernate: select t1_0.id from limits t1_0 where t1_0.type=? fetch first ? rows only
?[0m?[0;34mHibernate: select t1_0.id from limits t1_0 where t1_0.type=? fetch first ? rows only
?[0m?[0;34mHibernate: select s1_0.id from stolen_cards s1_0 where s1_0.number=? fetch first ? rows only
?[0m?[0;34mHibernate: select s1_0.id from suspicious_IPs s1_0 where s1_0.ip=? fetch first ? rows only
?[0m?[0;34mHibernate: select t1_0.id,t1_0.amount,t1_0.date,t1_0.feedback,t1_0.ip,t1_0.number,t1_0.region,t1_0.result from transactions t1_0 where t1_0.number=? and t1_0.date between ? and ?
?[0m?[0;34mHibernate: select t1_0.id,t1_0.amount,t1_0.date,t1_0.feedback,t1_0.ip,t1_0.number,t1_0.region,t1_0.result from transactions t1_0 where t1_0.number=? and t1_0.date between ? and ?
?[0m?[0;34mHibernate: select t1_0.id from limits t1_0 where t1_0.type=? fetch first ? rows only
?[0m?[0;34mHibernate: select t1_0.id from limits t1_0 where t1_0.type=? fetch first ? rows only
?[0m?[0;34mHibernate: select s1_0.id from stolen_cards s1_0 where s1_0.number=? fetch first ? rows only
?[0m?[0;34mHibernate: select s1_0.id from suspicious_IPs s1_0 where s1_0.ip=? fetch first ? rows only
?[0m?[0;34mHibernate: select t1_0.id,t1_0.amount,t1_0.date,t1_0.feedback,t1_0.ip,t1_0.number,t1_0.region,t1_0.result from transactions t1_0 where t1_0.number=? and t1_0.date between ? and ?
?[0m?[0;34mHibernate: select t1_0.id,t1_0.amount,t1_0.date,t1_0.feedback,t1_0.ip,t1_0.number,t1_0.region,t1_0.result from transactions t1_0 where t1_0.number=? and t1_0.date between ? and ?
?[0m?[0;34mHibernate: select t1_0.id from limits t1_0 where t1_0.type=? fetch first ? rows only
?[0m?[0;34mHibernate: select t1_0.id from limits t1_0 where t1_0.type=? fetch first ? rows only
?[0m?[0;34mHibernate: select s1_0.id from stolen_cards s1_0 where s1_0.number=? fetch first ? rows only
?[0m?[0;34mHibernate: select s1_0.id from suspicious_IPs s1_0 where s1_0.ip=? fetch first ? rows only
?[0m?[0;34mHibernate: select t1_0.id,t1_0.amount,t1_0.date,t1_0.feedback,t1_0.ip,t1_0.number,t1_0.region,t1_0.result from transactions t1_0 where t1_0.number=? and t1_0.date between ? and ?
?[0m?[0;34mHibernate: select t1_0.id,t1_0.amount,t1_0.date,t1_0.feedback,t1_0.ip,t1_0.number,t1_0.region,t1_0.result from transactions t1_0 where t1_0.number=? and t1_0.date between ? and ?
?[0m?[0;34mHibernate: insert into transactions (amount, date, feedback, ip, number, region, result, id) values (?, ?, ?, ?, ?, ?, ?, ?)
?[0m?[1;31m
Start test 24?[0m
?[0;34mTest case
?[0m?[0;34mTesting api: '/api/antifraud/transaction'
?[0m?[0;34mrequest: 'amount = 1499'
?[0m?[0;34mExpectations: 'Result validating of Transaction must be 'MANUAL_PROCESSING''
?[0m?[0;34m-----
?[0;34mHibernate: select u1_0.id,u1_0.locked,u1_0.name,u1_0.password,u1_0.role,u1_0.username from users u1_0 where upper(u1_0.username)=upper(?)
?[0m?[0;34mHibernate: select t1_0.id from limits t1_0 where t1_0.type=? fetch first ? rows only
?[0m?[0;34mHibernate: select t1_0.id from limits t1_0 where t1_0.type=? fetch first ? rows only
?[0m?[0;34mHibernate: select s1_0.id from stolen_cards s1_0 where s1_0.number=? fetch first ? rows only
?[0m?[0;34mHibernate: select s1_0.id from suspicious_IPs s1_0 where s1_0.ip=? fetch first ? rows only
?[0m?[0;34mHibernate: select t1_0.id,t1_0.amount,t1_0.date,t1_0.feedback,t1_0.ip,t1_0.number,t1_0.region,t1_0.result from transactions t1_0 where t1_0.number=? and t1_0.date between ? and ?
?[0m?[0;34mHibernate: select t1_0.id,t1_0.amount,t1_0.date,t1_0.feedback,t1_0.ip,t1_0.number,t1_0.region,t1_0.result from transactions t1_0 where t1_0.number=? and t1_0.date between ? and ?
?[0m?[0;34mHibernate: select t1_0.id from limits t1_0 where t1_0.type=? fetch first ? rows only
?[0m?[0;34mHibernate: select t1_0.id from limits t1_0 where t1_0.type=? fetch first ? rows only
?[0m?[0;34mHibernate: select s1_0.id from stolen_cards s1_0 where s1_0.number=? fetch first ? rows only
?[0m?[0;34mHibernate: select s1_0.id from suspicious_IPs s1_0 where s1_0.ip=? fetch first ? rows only
?[0m?[0;34mHibernate: select t1_0.id,t1_0.amount,t1_0.date,t1_0.feedback,t1_0.ip,t1_0.number,t1_0.region,t1_0.result from transactions t1_0 where t1_0.number=? and t1_0.date between ? and ?
?[0m?[0;34mHibernate: select t1_0.id,t1_0.amount,t1_0.date,t1_0.feedback,t1_0.ip,t1_0.number,t1_0.region,t1_0.result from transactions t1_0 where t1_0.number=? and t1_0.date between ? and ?
?[0m?[0;34mHibernate: select t1_0.id from limits t1_0 where t1_0.type=? fetch first ? rows only
?[0m?[0;34mHibernate: select t1_0.id from limits t1_0 where t1_0.type=? fetch first ? rows only
?[0m?[0;34mHibernate: select s1_0.id from stolen_cards s1_0 where s1_0.number=? fetch first ? rows only
?[0m?[0;34mHibernate: select s1_0.id from suspicious_IPs s1_0 where s1_0.ip=? fetch first ? rows only
?[0m?[0;34mHibernate: select t1_0.id,t1_0.amount,t1_0.date,t1_0.feedback,t1_0.ip,t1_0.number,t1_0.region,t1_0.result from transactions t1_0 where t1_0.number=? and t1_0.date between ? and ?
?[0m?[0;34mHibernate: select t1_0.id,t1_0.amount,t1_0.date,t1_0.feedback,t1_0.ip,t1_0.number,t1_0.region,t1_0.result from transactions t1_0 where t1_0.number=? and t1_0.date between ? and ?
?[0m?[0;34mHibernate: select t1_0.id from limits t1_0 where t1_0.type=? fetch first ? rows only
?[0m?[0;34mHibernate: select t1_0.id from limits t1_0 where t1_0.type=? fetch first ? rows only
?[0m?[0;34mHibernate: select s1_0.id from stolen_cards s1_0 where s1_0.number=? fetch first ? rows only
?[0m?[0;34mHibernate: select s1_0.id from suspicious_IPs s1_0 where s1_0.ip=? fetch first ? rows only
?[0m?[0;34mHibernate: select t1_0.id,t1_0.amount,t1_0.date,t1_0.feedback,t1_0.ip,t1_0.number,t1_0.region,t1_0.result from transactions t1_0 where t1_0.number=? and t1_0.date between ? and ?
?[0m?[0;34mHibernate: select t1_0.id,t1_0.amount,t1_0.date,t1_0.feedback,t1_0.ip,t1_0.number,t1_0.region,t1_0.result from transactions t1_0 where t1_0.number=? and t1_0.date between ? and ?
?[0m?[0;34mHibernate: select t1_0.id from limits t1_0 where t1_0.type=? fetch first ? rows only
?[0m?[0;34mHibernate: select t1_0.id from limits t1_0 where t1_0.type=? fetch first ? rows only
?[0m?[0;34mHibernate: select s1_0.id from stolen_cards s1_0 where s1_0.number=? fetch first ? rows only
?[0m?[0;34mHibernate: select s1_0.id from suspicious_IPs s1_0 where s1_0.ip=? fetch first ? rows only
?[0m?[0;34mHibernate: select t1_0.id,t1_0.amount,t1_0.date,t1_0.feedback,t1_0.ip,t1_0.number,t1_0.region,t1_0.result from transactions t1_0 where t1_0.number=? and t1_0.date between ? and ?
?[0m?[0;34mHibernate: select t1_0.id,t1_0.amount,t1_0.date,t1_0.feedback,t1_0.ip,t1_0.number,t1_0.region,t1_0.result from transactions t1_0 where t1_0.number=? and t1_0.date between ? and ?
?[0m?[0;34mHibernate: select t1_0.id from limits t1_0 where t1_0.type=? fetch first ? rows only
?[0m?[0;34mHibernate: select t1_0.id from limits t1_0 where t1_0.type=? fetch first ? rows only
?[0m?[0;34mHibernate: select s1_0.id from stolen_cards s1_0 where s1_0.number=? fetch first ? rows only
?[0m?[0;34mHibernate: select s1_0.id from suspicious_IPs s1_0 where s1_0.ip=? fetch first ? rows only
?[0m?[0;34mHibernate: select t1_0.id,t1_0.amount,t1_0.date,t1_0.feedback,t1_0.ip,t1_0.number,t1_0.region,t1_0.result from transactions t1_0 where t1_0.number=? and t1_0.date between ? and ?
?[0m?[0;34mHibernate: select t1_0.id,t1_0.amount,t1_0.date,t1_0.feedback,t1_0.ip,t1_0.number,t1_0.region,t1_0.result from transactions t1_0 where t1_0.number=? and t1_0.date between ? and ?
?[0m?[0;34mHibernate: select t1_0.id from limits t1_0 where t1_0.type=? fetch first ? rows only
?[0m?[0;34mHibernate: select t1_0.id from limits t1_0 where t1_0.type=? fetch first ? rows only
?[0m?[0;34mHibernate: select s1_0.id from stolen_cards s1_0 where s1_0.number=? fetch first ? rows only
?[0m?[0;34mHibernate: select s1_0.id from suspicious_IPs s1_0 where s1_0.ip=? fetch first ? rows only
?[0m?[0;34mHibernate: select t1_0.id,t1_0.amount,t1_0.date,t1_0.feedback,t1_0.ip,t1_0.number,t1_0.region,t1_0.result from transactions t1_0 where t1_0.number=? and t1_0.date between ? and ?
?[0m?[0;34mHibernate: select t1_0.id,t1_0.amount,t1_0.date,t1_0.feedback,t1_0.ip,t1_0.number,t1_0.region,t1_0.result from transactions t1_0 where t1_0.number=? and t1_0.date between ? and ?
?[0m?[0;34mHibernate: select t1_0.id from limits t1_0 where t1_0.type=? fetch first ? rows only
?[0m?[0;34mHibernate: select t1_0.id from limits t1_0 where t1_0.type=? fetch first ? rows only
?[0m?[0;34mHibernate: select s1_0.id from stolen_cards s1_0 where s1_0.number=? fetch first ? rows only
?[0m?[0;34mHibernate: select s1_0.id from suspicious_IPs s1_0 where s1_0.ip=? fetch first ? rows only
?[0m?[0;34mHibernate: select t1_0.id,t1_0.amount,t1_0.date,t1_0.feedback,t1_0.ip,t1_0.number,t1_0.region,t1_0.result from transactions t1_0 where t1_0.number=? and t1_0.date between ? and ?
?[0m?[0;34mHibernate: select t1_0.id,t1_0.amount,t1_0.date,t1_0.feedback,t1_0.ip,t1_0.number,t1_0.region,t1_0.result from transactions t1_0 where t1_0.number=? and t1_0.date between ? and ?
?[0m?[0;34mHibernate: select t1_0.id from limits t1_0 where t1_0.type=? fetch first ? rows only
?[0m?[0;34mHibernate: select t1_0.id from limits t1_0 where t1_0.type=? fetch first ? rows only
?[0m?[0;34mHibernate: select s1_0.id from stolen_cards s1_0 where s1_0.number=? fetch first ? rows only
?[0m?[0;34mHibernate: select s1_0.id from suspicious_IPs s1_0 where s1_0.ip=? fetch first ? rows only
?[0m?[0;34mHibernate: select t1_0.id,t1_0.amount,t1_0.date,t1_0.feedback,t1_0.ip,t1_0.number,t1_0.region,t1_0.result from transactions t1_0 where t1_0.number=? and t1_0.date between ? and ?
?[0m?[0;34mHibernate: select t1_0.id,t1_0.amount,t1_0.date,t1_0.feedback,t1_0.ip,t1_0.number,t1_0.region,t1_0.result from transactions t1_0 where t1_0.number=? and t1_0.date between ? and ?
?[0m?[0;34mHibernate: select t1_0.id from limits t1_0 where t1_0.type=? fetch first ? rows only
?[0m?[0;34mHibernate: select t1_0.id from limits t1_0 where t1_0.type=? fetch first ? rows only
?[0m?[0;34mHibernate: select s1_0.id from stolen_cards s1_0 where s1_0.number=? fetch first ? rows only
?[0m?[0;34mHibernate: select s1_0.id from suspicious_IPs s1_0 where s1_0.ip=? fetch first ? rows only
?[0m?[0;34mHibernate: select t1_0.id,t1_0.amount,t1_0.date,t1_0.feedback,t1_0.ip,t1_0.number,t1_0.region,t1_0.result from transactions t1_0 where t1_0.number=? and t1_0.date between ? and ?
?[0m?[0;34mHibernate: select t1_0.id,t1_0.amount,t1_0.date,t1_0.feedback,t1_0.ip,t1_0.number,t1_0.region,t1_0.result from transactions t1_0 where t1_0.number=? and t1_0.date between ? and ?
?[0m?[0;34mHibernate: select t1_0.id from limits t1_0 where t1_0.type=? fetch first ? rows only
?[0m?[0;34mHibernate: select t1_0.id from limits t1_0 where t1_0.type=? fetch first ? rows only
?[0m?[0;34mHibernate: select s1_0.id from stolen_cards s1_0 where s1_0.number=? fetch first ? rows only
?[0m?[0;34mHibernate: select s1_0.id from suspicious_IPs s1_0 where s1_0.ip=? fetch first ? rows only
?[0m?[0;34mHibernate: select t1_0.id,t1_0.amount,t1_0.date,t1_0.feedback,t1_0.ip,t1_0.number,t1_0.region,t1_0.result from transactions t1_0 where t1_0.number=? and t1_0.date between ? and ?
?[0m?[0;34mHibernate: select t1_0.id,t1_0.amount,t1_0.date,t1_0.feedback,t1_0.ip,t1_0.number,t1_0.region,t1_0.result from transactions t1_0 where t1_0.number=? and t1_0.date between ? and ?
?[0m?[0;34mHibernate: select t1_0.id from limits t1_0 where t1_0.type=? fetch first ? rows only
?[0m?[0;34mHibernate: select t1_0.id from limits t1_0 where t1_0.type=? fetch first ? rows only
?[0m?[0;34mHibernate: select s1_0.id from stolen_cards s1_0 where s1_0.number=? fetch first ? rows only
?[0m?[0;34mHibernate: select s1_0.id from suspicious_IPs s1_0 where s1_0.ip=? fetch first ? rows only
?[0m?[0;34mHibernate: select t1_0.id,t1_0.amount,t1_0.date,t1_0.feedback,t1_0.ip,t1_0.number,t1_0.region,t1_0.result from transactions t1_0 where t1_0.number=? and t1_0.date between ? and ?
?[0m?[0;34mHibernate: select t1_0.id,t1_0.amount,t1_0.date,t1_0.feedback,t1_0.ip,t1_0.number,t1_0.region,t1_0.result from transactions t1_0 where t1_0.number=? and t1_0.date between ? and ?
?[0m?[0;34mHibernate: select t1_0.id from limits t1_0 where t1_0.type=? fetch first ? rows only
?[0m?[0;34mHibernate: select t1_0.id from limits t1_0 where t1_0.type=? fetch first ? rows only
?[0m?[0;34mHibernate: select s1_0.id from stolen_cards s1_0 where s1_0.number=? fetch first ? rows only
?[0m?[0;34mHibernate: select s1_0.id from suspicious_IPs s1_0 where s1_0.ip=? fetch first ? rows only
?[0m?[0;34mHibernate: select t1_0.id,t1_0.amount,t1_0.date,t1_0.feedback,t1_0.ip,t1_0.number,t1_0.region,t1_0.result from transactions t1_0 where t1_0.number=? and t1_0.date between ? and ?
?[0m?[0;34mHibernate: select t1_0.id,t1_0.amount,t1_0.date,t1_0.feedback,t1_0.ip,t1_0.number,t1_0.region,t1_0.result from transactions t1_0 where t1_0.number=? and t1_0.date between ? and ?
?[0m?[0;34mHibernate: insert into transactions (amount, date, feedback, ip, number, region, result, id) values (?, ?, ?, ?, ?, ?, ?, ?)
?[0m?[1;31m
Start test 25?[0m
?[0;34mTest case
?[0m?[0;34mTesting api: '/api/antifraud/transaction'
?[0m?[0;34mrequest: 'amount = 1500'
?[0m?[0;34mExpectations: 'Result validating of Transaction must be 'MANUAL_PROCESSING''
?[0m?[0;34m-----
?[0m?[0;34mHibernate: select u1_0.id,u1_0.locked,u1_0.name,u1_0.password,u1_0.role,u1_0.username from users u1_0 where upper(u1_0.username)=upper(?)
?[0m?[0;34mHibernate: select t1_0.id from limits t1_0 where t1_0.type=? fetch first ? rows only
?[0m?[0;34mHibernate: select t1_0.id from limits t1_0 where t1_0.type=? fetch first ? rows only
?[0m?[0;34mHibernate: select s1_0.id from stolen_cards s1_0 where s1_0.number=? fetch first ? rows only
?[0m?[0;34mHibernate: select s1_0.id from suspicious_IPs s1_0 where s1_0.ip=? fetch first ? rows only
?[0m?[0;34mHibernate: select t1_0.id,t1_0.amount,t1_0.date,t1_0.feedback,t1_0.ip,t1_0.number,t1_0.region,t1_0.result from transactions t1_0 where t1_0.number=? and t1_0.date between ? and ?
?[0m?[0;34mHibernate: select t1_0.id,t1_0.amount,t1_0.date,t1_0.feedback,t1_0.ip,t1_0.number,t1_0.region,t1_0.result from transactions t1_0 where t1_0.number=? and t1_0.date between ? and ?
?[0m?[0;34mHibernate: select t1_0.id from limits t1_0 where t1_0.type=? fetch first ? rows only
?[0m?[0;34mHibernate: select t1_0.id from limits t1_0 where t1_0.type=? fetch first ? rows only
?[0m?[0;34mHibernate: select s1_0.id from stolen_cards s1_0 where s1_0.number=? fetch first ? rows only
?[0m?[0;34mHibernate: select s1_0.id from suspicious_IPs s1_0 where s1_0.ip=? fetch first ? rows only
?[0m?[0;34mHibernate: select t1_0.id,t1_0.amount,t1_0.date,t1_0.feedback,t1_0.ip,t1_0.number,t1_0.region,t1_0.result from transactions t1_0 where t1_0.number=? and t1_0.date between ? and ?
?[0m?[0;34mHibernate: select t1_0.id,t1_0.amount,t1_0.date,t1_0.feedback,t1_0.ip,t1_0.number,t1_0.region,t1_0.result from transactions t1_0 where t1_0.number=? and t1_0.date between ? and ?
?[0m?[0;34mHibernate: select t1_0.id from limits t1_0 where t1_0.type=? fetch first ? rows only
?[0m?[0;34mHibernate: select t1_0.id from limits t1_0 where t1_0.type=? fetch first ? rows only
?[0m?[0;34mHibernate: select s1_0.id from stolen_cards s1_0 where s1_0.number=? fetch first ? rows only
?[0m?[0;34mHibernate: select s1_0.id from suspicious_IPs s1_0 where s1_0.ip=? fetch first ? rows only
?[0m?[0;34mHibernate: select t1_0.id,t1_0.amount,t1_0.date,t1_0.feedback,t1_0.ip,t1_0.number,t1_0.region,t1_0.result from transactions t1_0 where t1_0.number=? and t1_0.date between ? and ?
?[0m?[0;34mHibernate: select t1_0.id,t1_0.amount,t1_0.date,t1_0.feedback,t1_0.ip,t1_0.number,t1_0.region,t1_0.result from transactions t1_0 where t1_0.number=? and t1_0.date between ? and ?
?[0m?[0;34mHibernate: select t1_0.id from limits t1_0 where t1_0.type=? fetch first ? rows only
?[0m?[0;34mHibernate: select t1_0.id from limits t1_0 where t1_0.type=? fetch first ? rows only
?[0m?[0;34mHibernate: select s1_0.id from stolen_cards s1_0 where s1_0.number=? fetch first ? rows only
?[0m?[0;34mHibernate: select s1_0.id from suspicious_IPs s1_0 where s1_0.ip=? fetch first ? rows only
?[0m?[0;34mHibernate: select t1_0.id,t1_0.amount,t1_0.date,t1_0.feedback,t1_0.ip,t1_0.number,t1_0.region,t1_0.result from transactions t1_0 where t1_0.number=? and t1_0.date between ? and ?
?[0m?[0;34mHibernate: select t1_0.id,t1_0.amount,t1_0.date,t1_0.feedback,t1_0.ip,t1_0.number,t1_0.region,t1_0.result from transactions t1_0 where t1_0.number=? and t1_0.date between ? and ?
?[0m?[0;34mHibernate: select t1_0.id from limits t1_0 where t1_0.type=? fetch first ? rows only
?[0m?[0;34mHibernate: select t1_0.id from limits t1_0 where t1_0.type=? fetch first ? rows only
?[0m?[0;34mHibernate: select s1_0.id from stolen_cards s1_0 where s1_0.number=? fetch first ? rows only
?[0m?[0;34mHibernate: select s1_0.id from suspicious_IPs s1_0 where s1_0.ip=? fetch first ? rows only
?[0m?[0;34mHibernate: select t1_0.id,t1_0.amount,t1_0.date,t1_0.feedback,t1_0.ip,t1_0.number,t1_0.region,t1_0.result from transactions t1_0 where t1_0.number=? and t1_0.date between ? and ?
?[0m?[0;34mHibernate: select t1_0.id,t1_0.amount,t1_0.date,t1_0.feedback,t1_0.ip,t1_0.number,t1_0.region,t1_0.result from transactions t1_0 where t1_0.number=? and t1_0.date between ? and ?
?[0m?[0;34mHibernate: select t1_0.id from limits t1_0 where t1_0.type=? fetch first ? rows only
?[0m?[0;34mHibernate: select t1_0.id from limits t1_0 where t1_0.type=? fetch first ? rows only
?[0m?[0;34mHibernate: select s1_0.id from stolen_cards s1_0 where s1_0.number=? fetch first ? rows only
?[0m?[0;34mHibernate: select s1_0.id from suspicious_IPs s1_0 where s1_0.ip=? fetch first ? rows only
?[0m?[0;34mHibernate: select t1_0.id,t1_0.amount,t1_0.date,t1_0.feedback,t1_0.ip,t1_0.number,t1_0.region,t1_0.result from transactions t1_0 where t1_0.number=? and t1_0.date between ? and ?
?[0m?[0;34mHibernate: select t1_0.id,t1_0.amount,t1_0.date,t1_0.feedback,t1_0.ip,t1_0.number,t1_0.region,t1_0.result from transactions t1_0 where t1_0.number=? and t1_0.date between ? and ?
?[0m?[0;34mHibernate: select t1_0.id from limits t1_0 where t1_0.type=? fetch first ? rows only
?[0m?[0;34mHibernate: select t1_0.id from limits t1_0 where t1_0.type=? fetch first ? rows only
?[0m?[0;34mHibernate: select s1_0.id from stolen_cards s1_0 where s1_0.number=? fetch first ? rows only
?[0m?[0;34mHibernate: select s1_0.id from suspicious_IPs s1_0 where s1_0.ip=? fetch first ? rows only
?[0m?[0;34mHibernate: select t1_0.id,t1_0.amount,t1_0.date,t1_0.feedback,t1_0.ip,t1_0.number,t1_0.region,t1_0.result from transactions t1_0 where t1_0.number=? and t1_0.date between ? and ?
?[0m?[0;34mHibernate: select t1_0.id,t1_0.amount,t1_0.date,t1_0.feedback,t1_0.ip,t1_0.number,t1_0.region,t1_0.result from transactions t1_0 where t1_0.number=? and t1_0.date between ? and ?
?[0m?[0;34mHibernate: select t1_0.id from limits t1_0 where t1_0.type=? fetch first ? rows only
?[0m?[0;34mHibernate: select t1_0.id from limits t1_0 where t1_0.type=? fetch first ? rows only
?[0m?[0;34mHibernate: select s1_0.id from stolen_cards s1_0 where s1_0.number=? fetch first ? rows only
?[0m?[0;34mHibernate: select s1_0.id from suspicious_IPs s1_0 where s1_0.ip=? fetch first ? rows only
?[0m?[0;34mHibernate: select t1_0.id,t1_0.amount,t1_0.date,t1_0.feedback,t1_0.ip,t1_0.number,t1_0.region,t1_0.result from transactions t1_0 where t1_0.number=? and t1_0.date between ? and ?
?[0m?[0;34mHibernate: select t1_0.id,t1_0.amount,t1_0.date,t1_0.feedback,t1_0.ip,t1_0.number,t1_0.region,t1_0.result from transactions t1_0 where t1_0.number=? and t1_0.date between ? and ?
?[0m?[0;34mHibernate: select t1_0.id from limits t1_0 where t1_0.type=? fetch first ? rows only
?[0m?[0;34mHibernate: select t1_0.id from limits t1_0 where t1_0.type=? fetch first ? rows only
?[0m?[0;34mHibernate: select s1_0.id from stolen_cards s1_0 where s1_0.number=? fetch first ? rows only
?[0m?[0;34mHibernate: select s1_0.id from suspicious_IPs s1_0 where s1_0.ip=? fetch first ? rows only
?[0m?[0;34mHibernate: select t1_0.id,t1_0.amount,t1_0.date,t1_0.feedback,t1_0.ip,t1_0.number,t1_0.region,t1_0.result from transactions t1_0 where t1_0.number=? and t1_0.date between ? and ?
?[0m?[0;34mHibernate: select t1_0.id,t1_0.amount,t1_0.date,t1_0.feedback,t1_0.ip,t1_0.number,t1_0.region,t1_0.result from transactions t1_0 where t1_0.number=? and t1_0.date between ? and ?
?[0m?[0;34mHibernate: select t1_0.id from limits t1_0 where t1_0.type=? fetch first ? rows only
?[0m?[0;34mHibernate: select t1_0.id from limits t1_0 where t1_0.type=? fetch first ? rows only
?[0m?[0;34mHibernate: select s1_0.id from stolen_cards s1_0 where s1_0.number=? fetch first ? rows only
?[0m?[0;34mHibernate: select s1_0.id from suspicious_IPs s1_0 where s1_0.ip=? fetch first ? rows only
?[0m?[0;34mHibernate: select t1_0.id,t1_0.amount,t1_0.date,t1_0.feedback,t1_0.ip,t1_0.number,t1_0.region,t1_0.result from transactions t1_0 where t1_0.number=? and t1_0.date between ? and ?
?[0m?[0;34mHibernate: select t1_0.id,t1_0.amount,t1_0.date,t1_0.feedback,t1_0.ip,t1_0.number,t1_0.region,t1_0.result from transactions t1_0 where t1_0.number=? and t1_0.date between ? and ?
?[0m?[0;34mHibernate: select t1_0.id from limits t1_0 where t1_0.type=? fetch first ? rows only
?[0m?[0;34mHibernate: select t1_0.id from limits t1_0 where t1_0.type=? fetch first ? rows only
?[0m?[0;34mHibernate: select s1_0.id from stolen_cards s1_0 where s1_0.number=? fetch first ? rows only
?[0m?[0;34mHibernate: select s1_0.id from suspicious_IPs s1_0 where s1_0.ip=? fetch first ? rows only
?[0m?[0;34mHibernate: select t1_0.id,t1_0.amount,t1_0.date,t1_0.feedback,t1_0.ip,t1_0.number,t1_0.region,t1_0.result from transactions t1_0 where t1_0.number=? and t1_0.date between ? and ?
?[0m?[0;34mHibernate: select t1_0.id,t1_0.amount,t1_0.date,t1_0.feedback,t1_0.ip,t1_0.number,t1_0.region,t1_0.result from transactions t1_0 where t1_0.number=? and t1_0.date between ? and ?
?[0m?[0;34mHibernate: select t1_0.id from limits t1_0 where t1_0.type=? fetch first ? rows only
?[0m?[0;34mHibernate: select t1_0.id from limits t1_0 where t1_0.type=? fetch first ? rows only
?[0m?[0;34mHibernate: select s1_0.id from stolen_cards s1_0 where s1_0.number=? fetch first ? rows only
?[0m?[0;34mHibernate: select s1_0.id from suspicious_IPs s1_0 where s1_0.ip=? fetch first ? rows only
?[0m?[0;34mHibernate: select t1_0.id,t1_0.amount,t1_0.date,t1_0.feedback,t1_0.ip,t1_0.number,t1_0.region,t1_0.result from transactions t1_0 where t1_0.number=? and t1_0.date between ? and ?
?[0m?[0;34mHibernate: select t1_0.id,t1_0.amount,t1_0.date,t1_0.feedback,t1_0.ip,t1_0.number,t1_0.region,t1_0.result from transactions t1_0 where t1_0.number=? and t1_0.date between ? and ?
?[0m?[0;34mHibernate: select t1_0.id from limits t1_0 where t1_0.type=? fetch first ? rows only
?[0m?[0;34mHibernate: select t1_0.id from limits t1_0 where t1_0.type=? fetch first ? rows only
?[0m?[0;34mHibernate: select s1_0.id from stolen_cards s1_0 where s1_0.number=? fetch first ? rows only
?[0m?[0;34mHibernate: select s1_0.id from suspicious_IPs s1_0 where s1_0.ip=? fetch first ? rows only
?[0m?[0;34mHibernate: select t1_0.id,t1_0.amount,t1_0.date,t1_0.feedback,t1_0.ip,t1_0.number,t1_0.region,t1_0.result from transactions t1_0 where t1_0.number=? and t1_0.date between ? and ?
?[0m?[0;34mHibernate: select t1_0.id,t1_0.amount,t1_0.date,t1_0.feedback,t1_0.ip,t1_0.number,t1_0.region,t1_0.result from transactions t1_0 where t1_0.number=? and t1_0.date between ? and ?
?[0m?[0;34mHibernate: insert into transactions (amount, date, feedback, ip, number, region, result, id) values (?, ?, ?, ?, ?, ?, ?, ?)
?[0m?[1;31m
Start test 26?[0m
?[0;34mTest case
?[0m?[0;34mTesting api: '/api/antifraud/transaction'
?[0m?[0;34mrequest: 'amount = 1501'
?[0m?[0;34mExpectations: 'Result validating of Transaction must be 'PROHIBITED''
?[0m?[0;34m-----
?[0m?[0;34mHibernate: select u1_0.id,u1_0.locked,u1_0.name,u1_0.password,u1_0.role,u1_0.username from users u1_0 where upper(u1_0.username)=upper(?)
?[0m?[0;34mHibernate: select t1_0.id from limits t1_0 where t1_0.type=? fetch first ? rows only
?[0m?[0;34mHibernate: select t1_0.id from limits t1_0 where t1_0.type=? fetch first ? rows only
?[0m?[0;34mHibernate: select s1_0.id from stolen_cards s1_0 where s1_0.number=? fetch first ? rows only
?[0m?[0;34mHibernate: select s1_0.id from suspicious_IPs s1_0 where s1_0.ip=? fetch first ? rows only
?[0m?[0;34mHibernate: select t1_0.id,t1_0.amount,t1_0.date,t1_0.feedback,t1_0.ip,t1_0.number,t1_0.region,t1_0.result from transactions t1_0 where t1_0.number=? and t1_0.date between ? and ?
?[0m?[0;34mHibernate: select t1_0.id,t1_0.amount,t1_0.date,t1_0.feedback,t1_0.ip,t1_0.number,t1_0.region,t1_0.result from transactions t1_0 where t1_0.number=? and t1_0.date between ? and ?
?[0m?[0;34mHibernate: select t1_0.id from limits t1_0 where t1_0.type=? fetch first ? rows only
?[0m?[0;34mHibernate: select t1_0.id from limits t1_0 where t1_0.type=? fetch first ? rows only
?[0m?[0;34mHibernate: select s1_0.id from stolen_cards s1_0 where s1_0.number=? fetch first ? rows only
?[0m?[0;34mHibernate: select s1_0.id from suspicious_IPs s1_0 where s1_0.ip=? fetch first ? rows only
?[0m?[0;34mHibernate: select t1_0.id,t1_0.amount,t1_0.date,t1_0.feedback,t1_0.ip,t1_0.number,t1_0.region,t1_0.result from transactions t1_0 where t1_0.number=? and t1_0.date between ? and ?
?[0m?[0;34mHibernate: select t1_0.id,t1_0.amount,t1_0.date,t1_0.feedback,t1_0.ip,t1_0.number,t1_0.region,t1_0.result from transactions t1_0 where t1_0.number=? and t1_0.date between ? and ?
?[0m?[0;34mHibernate: select t1_0.id from limits t1_0 where t1_0.type=? fetch first ? rows only
?[0m?[0;34mHibernate: select t1_0.id from limits t1_0 where t1_0.type=? fetch first ? rows only
?[0m?[0;34mHibernate: select s1_0.id from stolen_cards s1_0 where s1_0.number=? fetch first ? rows only
?[0m?[0;34mHibernate: select s1_0.id from suspicious_IPs s1_0 where s1_0.ip=? fetch first ? rows only
?[0m?[0;34mHibernate: select t1_0.id,t1_0.amount,t1_0.date,t1_0.feedback,t1_0.ip,t1_0.number,t1_0.region,t1_0.result from transactions t1_0 where t1_0.number=? and t1_0.date between ? and ?
?[0m?[0;34mHibernate: select t1_0.id,t1_0.amount,t1_0.date,t1_0.feedback,t1_0.ip,t1_0.number,t1_0.region,t1_0.result from transactions t1_0 where t1_0.number=? and t1_0.date between ? and ?
?[0m?[0;34mHibernate: select t1_0.id from limits t1_0 where t1_0.type=? fetch first ? rows only
?[0m?[0;34mHibernate: select t1_0.id from limits t1_0 where t1_0.type=? fetch first ? rows only
?[0m?[0;34mHibernate: select s1_0.id from stolen_cards s1_0 where s1_0.number=? fetch first ? rows only
?[0m?[0;34mHibernate: select s1_0.id from suspicious_IPs s1_0 where s1_0.ip=? fetch first ? rows only
?[0m?[0;34mHibernate: select t1_0.id,t1_0.amount,t1_0.date,t1_0.feedback,t1_0.ip,t1_0.number,t1_0.region,t1_0.result from transactions t1_0 where t1_0.number=? and t1_0.date between ? and ?
?[0m?[0;34mHibernate: select t1_0.id,t1_0.amount,t1_0.date,t1_0.feedback,t1_0.ip,t1_0.number,t1_0.region,t1_0.result from transactions t1_0 where t1_0.number=? and t1_0.date between ? and ?
?[0m?[0;34mHibernate: select t1_0.id from limits t1_0 where t1_0.type=? fetch first ? rows only
?[0m?[0;34mHibernate: select t1_0.id from limits t1_0 where t1_0.type=? fetch first ? rows only
?[0m?[0;34mHibernate: select s1_0.id from stolen_cards s1_0 where s1_0.number=? fetch first ? rows only
?[0m?[0;34mHibernate: select s1_0.id from suspicious_IPs s1_0 where s1_0.ip=? fetch first ? rows only
?[0m?[0;34mHibernate: select t1_0.id,t1_0.amount,t1_0.date,t1_0.feedback,t1_0.ip,t1_0.number,t1_0.region,t1_0.result from transactions t1_0 where t1_0.number=? and t1_0.date between ? and ?
?[0m?[0;34mHibernate: select t1_0.id,t1_0.amount,t1_0.date,t1_0.feedback,t1_0.ip,t1_0.number,t1_0.region,t1_0.result from transactions t1_0 where t1_0.number=? and t1_0.date between ? and ?
?[0m?[0;34mHibernate: select t1_0.id from limits t1_0 where t1_0.type=? fetch first ? rows only
?[0m?[0;34mHibernate: select t1_0.id from limits t1_0 where t1_0.type=? fetch first ? rows only
?[0m?[0;34mHibernate: select s1_0.id from stolen_cards s1_0 where s1_0.number=? fetch first ? rows only
?[0m?[0;34mHibernate: select s1_0.id from suspicious_IPs s1_0 where s1_0.ip=? fetch first ? rows only
?[0m?[0;34mHibernate: select t1_0.id,t1_0.amount,t1_0.date,t1_0.feedback,t1_0.ip,t1_0.number,t1_0.region,t1_0.result from transactions t1_0 where t1_0.number=? and t1_0.date between ? and ?
?[0m?[0;34mHibernate: select t1_0.id,t1_0.amount,t1_0.date,t1_0.feedback,t1_0.ip,t1_0.number,t1_0.region,t1_0.result from transactions t1_0 where t1_0.number=? and t1_0.date between ? and ?
?[0m?[0;34mHibernate: select t1_0.id from limits t1_0 where t1_0.type=? fetch first ? rows only
?[0m?[0;34mHibernate: select t1_0.id from limits t1_0 where t1_0.type=? fetch first ? rows only
?[0m?[0;34mHibernate: select s1_0.id from stolen_cards s1_0 where s1_0.number=? fetch first ? rows only
?[0m?[0;34mHibernate: select s1_0.id from suspicious_IPs s1_0 where s1_0.ip=? fetch first ? rows only
?[0m?[0;34mHibernate: select t1_0.id,t1_0.amount,t1_0.date,t1_0.feedback,t1_0.ip,t1_0.number,t1_0.region,t1_0.result from transactions t1_0 where t1_0.number=? and t1_0.date between ? and ?
?[0m?[0;34mHibernate: select t1_0.id,t1_0.amount,t1_0.date,t1_0.feedback,t1_0.ip,t1_0.number,t1_0.region,t1_0.result from transactions t1_0 where t1_0.number=? and t1_0.date between ? and ?
?[0m?[0;34mHibernate: select t1_0.id from limits t1_0 where t1_0.type=? fetch first ? rows only
?[0m?[0;34mHibernate: select t1_0.id from limits t1_0 where t1_0.type=? fetch first ? rows only
?[0m?[0;34mHibernate: select s1_0.id from stolen_cards s1_0 where s1_0.number=? fetch first ? rows only
?[0m?[0;34mHibernate: select s1_0.id from suspicious_IPs s1_0 where s1_0.ip=? fetch first ? rows only
?[0m?[0;34mHibernate: select t1_0.id,t1_0.amount,t1_0.date,t1_0.feedback,t1_0.ip,t1_0.number,t1_0.region,t1_0.result from transactions t1_0 where t1_0.number=? and t1_0.date between ? and ?
?[0m?[0;34mHibernate: select t1_0.id,t1_0.amount,t1_0.date,t1_0.feedback,t1_0.ip,t1_0.number,t1_0.region,t1_0.result from transactions t1_0 where t1_0.number=? and t1_0.date between ? and ?
?[0m?[0;34mHibernate: select t1_0.id from limits t1_0 where t1_0.type=? fetch first ? rows only
?[0m?[0;34mHibernate: select t1_0.id from limits t1_0 where t1_0.type=? fetch first ? rows only
?[0m?[0;34mHibernate: select s1_0.id from stolen_cards s1_0 where s1_0.number=? fetch first ? rows only
?[0m?[0;34mHibernate: select s1_0.id from suspicious_IPs s1_0 where s1_0.ip=? fetch first ? rows only
?[0m?[0;34mHibernate: select t1_0.id,t1_0.amount,t1_0.date,t1_0.feedback,t1_0.ip,t1_0.number,t1_0.region,t1_0.result from transactions t1_0 where t1_0.number=? and t1_0.date between ? and ?
?[0m?[0;34mHibernate: select t1_0.id,t1_0.amount,t1_0.date,t1_0.feedback,t1_0.ip,t1_0.number,t1_0.region,t1_0.result from transactions t1_0 where t1_0.number=? and t1_0.date between ? and ?
?[0m?[0;34mHibernate: select t1_0.id from limits t1_0 where t1_0.type=? fetch first ? rows only
?[0m?[0;34mHibernate: select t1_0.id from limits t1_0 where t1_0.type=? fetch first ? rows only
?[0m?[0;34mHibernate: select s1_0.id from stolen_cards s1_0 where s1_0.number=? fetch first ? rows only
?[0m?[0;34mHibernate: select s1_0.id from suspicious_IPs s1_0 where s1_0.ip=? fetch first ? rows only
?[0m?[0;34mHibernate: select t1_0.id,t1_0.amount,t1_0.date,t1_0.feedback,t1_0.ip,t1_0.number,t1_0.region,t1_0.result from transactions t1_0 where t1_0.number=? and t1_0.date between ? and ?
?[0m?[0;34mHibernate: select t1_0.id,t1_0.amount,t1_0.date,t1_0.feedback,t1_0.ip,t1_0.number,t1_0.region,t1_0.result from transactions t1_0 where t1_0.number=? and t1_0.date between ? and ?
?[0m?[0;34mHibernate: select t1_0.id from limits t1_0 where t1_0.type=? fetch first ? rows only
?[0m?[0;34mHibernate: select t1_0.id from limits t1_0 where t1_0.type=? fetch first ? rows only
?[0m?[0;34mHibernate: select s1_0.id from stolen_cards s1_0 where s1_0.number=? fetch first ? rows only
?[0m?[0;34mHibernate: select s1_0.id from suspicious_IPs s1_0 where s1_0.ip=? fetch first ? rows only
?[0m?[0;34mHibernate: select t1_0.id,t1_0.amount,t1_0.date,t1_0.feedback,t1_0.ip,t1_0.number,t1_0.region,t1_0.result from transactions t1_0 where t1_0.number=? and t1_0.date between ? and ?
?[0m?[0;34mHibernate: select t1_0.id,t1_0.amount,t1_0.date,t1_0.feedback,t1_0.ip,t1_0.number,t1_0.region,t1_0.result from transactions t1_0 where t1_0.number=? and t1_0.date between ? and ?
?[0m?[0;34mHibernate: select t1_0.id from limits t1_0 where t1_0.type=? fetch first ? rows only
?[0m?[0;34mHibernate: select t1_0.id from limits t1_0 where t1_0.type=? fetch first ? rows only
?[0m?[0;34mHibernate: select s1_0.id from stolen_cards s1_0 where s1_0.number=? fetch first ? rows only
?[0m?[0;34mHibernate: select s1_0.id from suspicious_IPs s1_0 where s1_0.ip=? fetch first ? rows only
?[0m?[0;34mHibernate: select t1_0.id,t1_0.amount,t1_0.date,t1_0.feedback,t1_0.ip,t1_0.number,t1_0.region,t1_0.result from transactions t1_0 where t1_0.number=? and t1_0.date between ? and ?
?[0m?[0;34mHibernate: select t1_0.id,t1_0.amount,t1_0.date,t1_0.feedback,t1_0.ip,t1_0.number,t1_0.region,t1_0.result from transactions t1_0 where t1_0.number=? and t1_0.date between ? and ?
?[0m?[0;34mHibernate: select t1_0.id from limits t1_0 where t1_0.type=? fetch first ? rows only
?[0m?[0;34mHibernate: select t1_0.id from limits t1_0 where t1_0.type=? fetch first ? rows only
?[0m?[0;34mHibernate: select s1_0.id from stolen_cards s1_0 where s1_0.number=? fetch first ? rows only
?[0m?[0;34mHibernate: select s1_0.id from suspicious_IPs s1_0 where s1_0.ip=? fetch first ? rows only
?[0m?[0;34mHibernate: select t1_0.id,t1_0.amount,t1_0.date,t1_0.feedback,t1_0.ip,t1_0.number,t1_0.region,t1_0.result from transactions t1_0 where t1_0.number=? and t1_0.date between ? and ?
?[0m?[0;34mHibernate: select t1_0.id,t1_0.amount,t1_0.date,t1_0.feedback,t1_0.ip,t1_0.number,t1_0.region,t1_0.result from transactions t1_0 where t1_0.number=? and t1_0.date between ? and ?
?[0m?[0;34mHibernate: insert into transactions (amount, date, feedback, ip, number, region, result, id) values (?, ?, ?, ?, ?, ?, ?, ?)
?[0m?[1;31m
Start test 27?[0m
?[0;34mTest case
?[0m?[0;34mTesting api: '/api/antifraud/transaction'
?[0m?[0;34mrequest: 'amount = 2000'
?[0m?[0;34mExpectations: 'Result validating of Transaction must be 'PROHIBITED''
?[0m?[0;34m-----
?[0;34mHibernate: select u1_0.id,u1_0.locked,u1_0.name,u1_0.password,u1_0.role,u1_0.username from users u1_0 where upper(u1_0.username)=upper(?)
?[0m?[0;34mHibernate: select t1_0.id from limits t1_0 where t1_0.type=? fetch first ? rows only
?[0m?[0;34mHibernate: select t1_0.id from limits t1_0 where t1_0.type=? fetch first ? rows only
?[0m?[0;34mHibernate: select s1_0.id from stolen_cards s1_0 where s1_0.number=? fetch first ? rows only
?[0m?[0;34mHibernate: select s1_0.id from suspicious_IPs s1_0 where s1_0.ip=? fetch first ? rows only
?[0m?[0;34mHibernate: select t1_0.id,t1_0.amount,t1_0.date,t1_0.feedback,t1_0.ip,t1_0.number,t1_0.region,t1_0.result from transactions t1_0 where t1_0.number=? and t1_0.date between ? and ?
?[0m?[0;34mHibernate: select t1_0.id,t1_0.amount,t1_0.date,t1_0.feedback,t1_0.ip,t1_0.number,t1_0.region,t1_0.result from transactions t1_0 where t1_0.number=? and t1_0.date between ? and ?
?[0m?[0;34mHibernate: select t1_0.id from limits t1_0 where t1_0.type=? fetch first ? rows only
?[0m?[0;34mHibernate: select t1_0.id from limits t1_0 where t1_0.type=? fetch first ? rows only
?[0m?[0;34mHibernate: select s1_0.id from stolen_cards s1_0 where s1_0.number=? fetch first ? rows only
?[0m?[0;34mHibernate: select s1_0.id from suspicious_IPs s1_0 where s1_0.ip=? fetch first ? rows only
?[0m?[0;34mHibernate: select t1_0.id,t1_0.amount,t1_0.date,t1_0.feedback,t1_0.ip,t1_0.number,t1_0.region,t1_0.result from transactions t1_0 where t1_0.number=? and t1_0.date between ? and ?
?[0m?[0;34mHibernate: select t1_0.id,t1_0.amount,t1_0.date,t1_0.feedback,t1_0.ip,t1_0.number,t1_0.region,t1_0.result from transactions t1_0 where t1_0.number=? and t1_0.date between ? and ?
?[0m?[0;34mHibernate: select t1_0.id from limits t1_0 where t1_0.type=? fetch first ? rows only
?[0m?[0;34mHibernate: select t1_0.id from limits t1_0 where t1_0.type=? fetch first ? rows only
?[0m?[0;34mHibernate: select s1_0.id from stolen_cards s1_0 where s1_0.number=? fetch first ? rows only
?[0m?[0;34mHibernate: select s1_0.id from suspicious_IPs s1_0 where s1_0.ip=? fetch first ? rows only
?[0m?[0;34mHibernate: select t1_0.id,t1_0.amount,t1_0.date,t1_0.feedback,t1_0.ip,t1_0.number,t1_0.region,t1_0.result from transactions t1_0 where t1_0.number=? and t1_0.date between ? and ?
?[0m?[0;34mHibernate: select t1_0.id,t1_0.amount,t1_0.date,t1_0.feedback,t1_0.ip,t1_0.number,t1_0.region,t1_0.result from transactions t1_0 where t1_0.number=? and t1_0.date between ? and ?
?[0m?[0;34mHibernate: select t1_0.id from limits t1_0 where t1_0.type=? fetch first ? rows only
?[0m?[0;34mHibernate: select t1_0.id from limits t1_0 where t1_0.type=? fetch first ? rows only
?[0m?[0;34mHibernate: select s1_0.id from stolen_cards s1_0 where s1_0.number=? fetch first ? rows only
?[0m?[0;34mHibernate: select s1_0.id from suspicious_IPs s1_0 where s1_0.ip=? fetch first ? rows only
?[0m?[0;34mHibernate: select t1_0.id,t1_0.amount,t1_0.date,t1_0.feedback,t1_0.ip,t1_0.number,t1_0.region,t1_0.result from transactions t1_0 where t1_0.number=? and t1_0.date between ? and ?
?[0m?[0;34mHibernate: select t1_0.id,t1_0.amount,t1_0.date,t1_0.feedback,t1_0.ip,t1_0.number,t1_0.region,t1_0.result from transactions t1_0 where t1_0.number=? and t1_0.date between ? and ?
?[0m?[0;34mHibernate: select t1_0.id from limits t1_0 where t1_0.type=? fetch first ? rows only
?[0m?[0;34mHibernate: select t1_0.id from limits t1_0 where t1_0.type=? fetch first ? rows only
?[0m?[0;34mHibernate: select s1_0.id from stolen_cards s1_0 where s1_0.number=? fetch first ? rows only
?[0m?[0;34mHibernate: select s1_0.id from suspicious_IPs s1_0 where s1_0.ip=? fetch first ? rows only
?[0m?[0;34mHibernate: select t1_0.id,t1_0.amount,t1_0.date,t1_0.feedback,t1_0.ip,t1_0.number,t1_0.region,t1_0.result from transactions t1_0 where t1_0.number=? and t1_0.date between ? and ?
?[0m?[0;34mHibernate: select t1_0.id,t1_0.amount,t1_0.date,t1_0.feedback,t1_0.ip,t1_0.number,t1_0.region,t1_0.result from transactions t1_0 where t1_0.number=? and t1_0.date between ? and ?
?[0m?[0;34mHibernate: select t1_0.id from limits t1_0 where t1_0.type=? fetch first ? rows only
?[0m?[0;34mHibernate: select t1_0.id from limits t1_0 where t1_0.type=? fetch first ? rows only
?[0m?[0;34mHibernate: select s1_0.id from stolen_cards s1_0 where s1_0.number=? fetch first ? rows only
?[0m?[0;34mHibernate: select s1_0.id from suspicious_IPs s1_0 where s1_0.ip=? fetch first ? rows only
?[0m?[0;34mHibernate: select t1_0.id,t1_0.amount,t1_0.date,t1_0.feedback,t1_0.ip,t1_0.number,t1_0.region,t1_0.result from transactions t1_0 where t1_0.number=? and t1_0.date between ? and ?
?[0m?[0;34mHibernate: select t1_0.id,t1_0.amount,t1_0.date,t1_0.feedback,t1_0.ip,t1_0.number,t1_0.region,t1_0.result from transactions t1_0 where t1_0.number=? and t1_0.date between ? and ?
?[0m?[0;34mHibernate: select t1_0.id from limits t1_0 where t1_0.type=? fetch first ? rows only
?[0m?[0;34mHibernate: select t1_0.id from limits t1_0 where t1_0.type=? fetch first ? rows only
?[0m?[0;34mHibernate: select s1_0.id from stolen_cards s1_0 where s1_0.number=? fetch first ? rows only
?[0m?[0;34mHibernate: select s1_0.id from suspicious_IPs s1_0 where s1_0.ip=? fetch first ? rows only
?[0m?[0;34mHibernate: select t1_0.id,t1_0.amount,t1_0.date,t1_0.feedback,t1_0.ip,t1_0.number,t1_0.region,t1_0.result from transactions t1_0 where t1_0.number=? and t1_0.date between ? and ?
?[0m?[0;34mHibernate: select t1_0.id,t1_0.amount,t1_0.date,t1_0.feedback,t1_0.ip,t1_0.number,t1_0.region,t1_0.result from transactions t1_0 where t1_0.number=? and t1_0.date between ? and ?
?[0m?[0;34mHibernate: select t1_0.id from limits t1_0 where t1_0.type=? fetch first ? rows only
?[0m?[0;34mHibernate: select t1_0.id from limits t1_0 where t1_0.type=? fetch first ? rows only
?[0m?[0;34mHibernate: select s1_0.id from stolen_cards s1_0 where s1_0.number=? fetch first ? rows only
?[0m?[0;34mHibernate: select s1_0.id from suspicious_IPs s1_0 where s1_0.ip=? fetch first ? rows only
?[0m?[0;34mHibernate: select t1_0.id,t1_0.amount,t1_0.date,t1_0.feedback,t1_0.ip,t1_0.number,t1_0.region,t1_0.result from transactions t1_0 where t1_0.number=? and t1_0.date between ? and ?
?[0m?[0;34mHibernate: select t1_0.id,t1_0.amount,t1_0.date,t1_0.feedback,t1_0.ip,t1_0.number,t1_0.region,t1_0.result from transactions t1_0 where t1_0.number=? and t1_0.date between ? and ?
?[0m?[0;34mHibernate: select t1_0.id from limits t1_0 where t1_0.type=? fetch first ? rows only
?[0m?[0;34mHibernate: select t1_0.id from limits t1_0 where t1_0.type=? fetch first ? rows only
?[0m?[0;34mHibernate: select s1_0.id from stolen_cards s1_0 where s1_0.number=? fetch first ? rows only
?[0m?[0;34mHibernate: select s1_0.id from suspicious_IPs s1_0 where s1_0.ip=? fetch first ? rows only
?[0m?[0;34mHibernate: select t1_0.id,t1_0.amount,t1_0.date,t1_0.feedback,t1_0.ip,t1_0.number,t1_0.region,t1_0.result from transactions t1_0 where t1_0.number=? and t1_0.date between ? and ?
?[0m?[0;34mHibernate: select t1_0.id,t1_0.amount,t1_0.date,t1_0.feedback,t1_0.ip,t1_0.number,t1_0.region,t1_0.result from transactions t1_0 where t1_0.number=? and t1_0.date between ? and ?
?[0m?[0;34mHibernate: select t1_0.id from limits t1_0 where t1_0.type=? fetch first ? rows only
?[0m?[0;34mHibernate: select t1_0.id from limits t1_0 where t1_0.type=? fetch first ? rows only
?[0m?[0;34mHibernate: select s1_0.id from stolen_cards s1_0 where s1_0.number=? fetch first ? rows only
?[0m?[0;34mHibernate: select s1_0.id from suspicious_IPs s1_0 where s1_0.ip=? fetch first ? rows only
?[0m?[0;34mHibernate: select t1_0.id,t1_0.amount,t1_0.date,t1_0.feedback,t1_0.ip,t1_0.number,t1_0.region,t1_0.result from transactions t1_0 where t1_0.number=? and t1_0.date between ? and ?
?[0m?[0;34mHibernate: select t1_0.id,t1_0.amount,t1_0.date,t1_0.feedback,t1_0.ip,t1_0.number,t1_0.region,t1_0.result from transactions t1_0 where t1_0.number=? and t1_0.date between ? and ?
?[0m?[0;34mHibernate: select t1_0.id from limits t1_0 where t1_0.type=? fetch first ? rows only
?[0m?[0;34mHibernate: select t1_0.id from limits t1_0 where t1_0.type=? fetch first ? rows only
?[0m?[0;34mHibernate: select s1_0.id from stolen_cards s1_0 where s1_0.number=? fetch first ? rows only
?[0m?[0;34mHibernate: select s1_0.id from suspicious_IPs s1_0 where s1_0.ip=? fetch first ? rows only
?[0m?[0;34mHibernate: select t1_0.id,t1_0.amount,t1_0.date,t1_0.feedback,t1_0.ip,t1_0.number,t1_0.region,t1_0.result from transactions t1_0 where t1_0.number=? and t1_0.date between ? and ?
?[0m?[0;34mHibernate: select t1_0.id,t1_0.amount,t1_0.date,t1_0.feedback,t1_0.ip,t1_0.number,t1_0.region,t1_0.result from transactions t1_0 where t1_0.number=? and t1_0.date between ? and ?
?[0m?[0;34mHibernate: select t1_0.id from limits t1_0 where t1_0.type=? fetch first ? rows only
?[0m?[0;34mHibernate: select t1_0.id from limits t1_0 where t1_0.type=? fetch first ? rows only
?[0m?[0;34mHibernate: select s1_0.id from stolen_cards s1_0 where s1_0.number=? fetch first ? rows only
?[0m?[0;34mHibernate: select s1_0.id from suspicious_IPs s1_0 where s1_0.ip=? fetch first ? rows only
?[0m?[0;34mHibernate: select t1_0.id,t1_0.amount,t1_0.date,t1_0.feedback,t1_0.ip,t1_0.number,t1_0.region,t1_0.result from transactions t1_0 where t1_0.number=? and t1_0.date between ? and ?
?[0m?[0;34mHibernate: select t1_0.id,t1_0.amount,t1_0.date,t1_0.feedback,t1_0.ip,t1_0.number,t1_0.region,t1_0.result from transactions t1_0 where t1_0.number=? and t1_0.date between ? and ?
?[0m?[0;34mHibernate: select t1_0.id from limits t1_0 where t1_0.type=? fetch first ? rows only
?[0m?[0;34mHibernate: select t1_0.id from limits t1_0 where t1_0.type=? fetch first ? rows only
?[0m?[0;34mHibernate: select s1_0.id from stolen_cards s1_0 where s1_0.number=? fetch first ? rows only
?[0m?[0;34mHibernate: select s1_0.id from suspicious_IPs s1_0 where s1_0.ip=? fetch first ? rows only
?[0m?[0;34mHibernate: select t1_0.id,t1_0.amount,t1_0.date,t1_0.feedback,t1_0.ip,t1_0.number,t1_0.region,t1_0.result from transactions t1_0 where t1_0.number=? and t1_0.date between ? and ?
?[0m?[0;34mHibernate: select t1_0.id,t1_0.amount,t1_0.date,t1_0.feedback,t1_0.ip,t1_0.number,t1_0.region,t1_0.result from transactions t1_0 where t1_0.number=? and t1_0.date between ? and ?
?[0m?[0;34mHibernate: insert into transactions (amount, date, feedback, ip, number, region, result, id) values (?, ?, ?, ?, ?, ?, ?, ?)
?[0m?[1;31m
Start test 28?[0m
?[0;34mTest case
?[0m?[0;34mTesting api: '/api/antifraud/transaction'
?[0m?[0;34mrequest: 'amount = -1'
?[0m?[0;34mExpectations: 'Response status must be 'Bad request''
?[0m?[0;34m-----
?[0m?[0;34mHibernate: select u1_0.id,u1_0.locked,u1_0.name,u1_0.password,u1_0.role,u1_0.username from users u1_0 where upper(u1_0.username)=upper(?)
?[0m?[1;31m
Start test 29?[0m
?[0;34mTest case
?[0m?[0;34mTesting api: '/api/antifraud/transaction'
?[0m?[0;34mrequest: 'amount = 0'
?[0m?[0;34mExpectations: 'Response status must be 'Bad request''
?[0m?[0;34m-----
?[0m?[0;34mHibernate: select u1_0.id,u1_0.locked,u1_0.name,u1_0.password,u1_0.role,u1_0.username from users u1_0 where upper(u1_0.username)=upper(?)
?[0m?[1;31m
Start test 30?[0m
?[0;34mTest case
?[0m?[0;34mTesting api: '/api/antifraud/transaction'
?[0m?[0;34mrequest: 'amount = null'
?[0m?[0;34mExpectations: 'Response status must be 'Bad request''
?[0m?[0;34m-----
?[0;34mHibernate: select u1_0.id,u1_0.locked,u1_0.name,u1_0.password,u1_0.role,u1_0.username from users u1_0 where upper(u1_0.username)=upper(?)
?[0m?[1;31m
Start test 31?[0m
?[0;34mTest case
?[0m?[0;34mTesting api: '/api/antifraud/transaction'
?[0m?[0;34mrequest: 'amount = ""'
?[0m?[0;34mExpectations: 'Response status must be 'Bad request''
?[0m?[0;34m-----
?[0m?[0;34mHibernate: select u1_0.id,u1_0.locked,u1_0.name,u1_0.password,u1_0.role,u1_0.username from users u1_0 where upper(u1_0.username)=upper(?)
?[0m?[1;31m
Start test 32?[0m
?[0;34mTest case
?[0m?[0;34mTesting api: '/api/antifraud/transaction'
?[0m?[0;34mrequest: 'amount = " "'
?[0m?[0;34mExpectations: 'Response status must be 'Bad request''
?[0m?[0;34m-----
?[0m?[0;34mHibernate: select u1_0.id,u1_0.locked,u1_0.name,u1_0.password,u1_0.role,u1_0.username from users u1_0 where upper(u1_0.username)=upper(?)
?[0m?[1;31m
Start test 33?[0m
?[0;34mTest case
?[0m?[0;34mTesting api: '/api/antifraud/transaction'
?[0m?[0;34mrequest: 'empty body'
?[0m?[0;34mExpectations: 'Response status must be 'Bad request''
?[0m?[0;34m-----
?[0m?[0;34mHibernate: select u1_0.id,u1_0.locked,u1_0.name,u1_0.password,u1_0.role,u1_0.username from users u1_0 where upper(u1_0.username)=upper(?)
?[0m?[1;31m
Start test 34?[0m
?[0;34mTest case
?[0m?[0;34mTesting api: '/api/auth/user'
?[0m?[0;34mrequest: '/api/auth/user/somebody'
?[0m?[0;34mExpectations: 'If a user is not found, respond with HTTP Not Found status (404).'
?[0m?[0;34m-----
?[0m?[0;34mHibernate: select u1_0.id,u1_0.locked,u1_0.name,u1_0.password,u1_0.role,u1_0.username from users u1_0 where upper(u1_0.username)=upper(?)
?[0m?[0;34mHibernate: select u1_0.id from users u1_0 where upper(u1_0.username)=upper(?) fetch first ? rows only
?[0m?[1;31m
Start test 35?[0m
?[0;34mTest case
?[0m?[0;34mTesting api: '/api/auth/user'
?[0m?[0;34mrequest: '/api/auth/user/johndoe1'
?[0m?[0;34mExpectations: 'The endpoint must delete the user and respond with HTTP OK status (200)'
?[0m?[0;34m-----
?[0m?[0;34mHibernate: select u1_0.id,u1_0.locked,u1_0.name,u1_0.password,u1_0.role,u1_0.username from users u1_0 where upper(u1_0.username)=upper(?)
?[0m?[0;34mHibernate: select u1_0.id from users u1_0 where upper(u1_0.username)=upper(?) fetch first ? rows only
?[0m?[0;34mHibernate: select u1_0.id,u1_0.locked,u1_0.name,u1_0.password,u1_0.role,u1_0.username from users u1_0 where upper(u1_0.username)=upper(?)
?[0m?[0;34mHibernate: delete from users where id=?
?[0m?[1;31m
Start test 36?[0m
?[0;34mTest case
?[0m?[0;34mTesting api: '/api/auth/list'
?[0m?[0;34mExpectations: 'User 'johndoe1' must be delete'
?[0m?[0;34m-----
?[0m?[0;34mHibernate: select u1_0.id,u1_0.locked,u1_0.name,u1_0.password,u1_0.role,u1_0.username from users u1_0 where upper(u1_0.username)=upper(?)
?[0m?[0;34mHibernate: select u1_0.id,u1_0.locked,u1_0.name,u1_0.password,u1_0.role,u1_0.username from users u1_0
?[0m?[1;31m
Start test 37?[0m
?[0;34mTest case
?[0m?[0;34mTesting api: '/api/auth/role'
?[0m?[0;34mExpectations: 'If a user is not found, endpoint must respond with the HTTP Not Found status (404).'
?[0m?[0;34m-----
?[0m?[0;34mHibernate: select u1_0.id,u1_0.locked,u1_0.name,u1_0.password,u1_0.role,u1_0.username from users u1_0 where upper(u1_0.username)=upper(?)
?[0m?[0;34mHibernate: select u1_0.id,u1_0.locked,u1_0.name,u1_0.password,u1_0.role,u1_0.username from users u1_0 where upper(u1_0.username)=upper(?)
?[0m?[1;31m
Start test 38?[0m
?[0;34mTest case
?[0m?[0;34mTesting api: '/api/auth/role'
?[0m?[0;34mExpectations: 'If a role is not found, endpoint must respond with the HTTP Bad Request status (400).'
?[0m?[0;34m-----
?[0m?[0;34mHibernate: select u1_0.id,u1_0.locked,u1_0.name,u1_0.password,u1_0.role,u1_0.username from users u1_0 where upper(u1_0.username)=upper(?)
?[0m?[1;31m
Start test 39?[0m
?[0;34mTest case
?[0m?[0;34mTesting api: '/api/auth/role'
?[0m?[0;34mExpectations: 'If a role is ADMINISTRATOR, endpoint must respond with the HTTP Bad Request status (400).'
?[0m?[0;34m-----
?[0m?[0;34mHibernate: select u1_0.id,u1_0.locked,u1_0.name,u1_0.password,u1_0.role,u1_0.username from users u1_0 where upper(u1_0.username)=upper(?)
?[0m?[1;31m
Start test 40?[0m
?[0;34mTest case
?[0m?[0;34mTesting api: '/api/auth/role'
?[0m?[0;34mExpectations: 'If a role successfully changed, respond with the HTTP OK status (200)'
?[0m?[0;34m-----
?[0m?[0;34mHibernate: select u1_0.id,u1_0.locked,u1_0.name,u1_0.password,u1_0.role,u1_0.username from users u1_0 where upper(u1_0.username)=upper(?)
?[0m?[0;34mHibernate: select u1_0.id,u1_0.locked,u1_0.name,u1_0.password,u1_0.role,u1_0.username from users u1_0 where upper(u1_0.username)=upper(?)
?[0m?[0;34mHibernate: update users set locked=?, name=?, password=?, role=?, username=? where id=?
?[0m?[1;31m
Start test 41?[0m
?[0;34mTest case
?[0m?[0;34mTesting api: '/api/auth/role'
?[0m?[0;34mExpectations: 'If a role already assigned to a user, endpoint must respond with the HTTP Conflict status (409).'
?[0m?[0;34m-----
?[0m?[0;34mHibernate: select u1_0.id,u1_0.locked,u1_0.name,u1_0.password,u1_0.role,u1_0.username from users u1_0 where upper(u1_0.username)=upper(?)
?[0m?[0;34mHibernate: select u1_0.id,u1_0.locked,u1_0.name,u1_0.password,u1_0.role,u1_0.username from users u1_0 where upper(u1_0.username)=upper(?)
?[0m?[1;31m
Start test 42?[0m
?[0;34mTest case
?[0m?[0;34mTesting api: '/api/auth/access'
?[0m?[0;34mExpectations: 'A user johndoe2 must be UNLOCKED'
?[0m?[0;34m-----
?[0m?[0;34mHibernate: select u1_0.id,u1_0.locked,u1_0.name,u1_0.password,u1_0.role,u1_0.username from users u1_0 where upper(u1_0.username)=upper(?)
?[0m?[0;34mHibernate: select u1_0.id,u1_0.locked,u1_0.name,u1_0.password,u1_0.role,u1_0.username from users u1_0 where upper(u1_0.username)=upper(?)
?[0m?[0;34mHibernate: update users set locked=?, name=?, password=?, role=?, username=? where id=?
?[0m?[1;31m
Start test 43?[0m
?[0;34mTest case
?[0m?[0;34mTesting api: '/api/auth/list'
?[0m?[0;34mExpectations: 'Role for user 'johndoe2' must be changed to SUPPORT'
?[0m?[0;34m-----
?[0m?[0;34mHibernate: select u1_0.id,u1_0.locked,u1_0.name,u1_0.password,u1_0.role,u1_0.username from users u1_0 where upper(u1_0.username)=upper(?)
?[0m?[0;34mHibernate: select u1_0.id,u1_0.locked,u1_0.name,u1_0.password,u1_0.role,u1_0.username from users u1_0
?[0m?[1;31m
Start test 44?[0m
?[0;34mTest case
?[0m?[0;34mTesting api: '/api/antifraud/transaction'
?[0m?[0;34mExpectations: 'Role MERCHANT must be removed from user johndoe2!'
?[0m?[0;34m-----
?[0m?[0;34mHibernate: select u1_0.id,u1_0.locked,u1_0.name,u1_0.password,u1_0.role,u1_0.username from users u1_0 where upper(u1_0.username)=upper(?)
?[0m?[1;31m
Start test 45?[0m
?[0;34mTest case
?[0m?[0;34mTesting api: '/api/auth/user'
?[0m?[0;34mrequest: '{
?[0m?[0;34m   "name": "John Doe 3",
?[0m?[0;34m   "username": "johndoe3",
?[0m?[0;34m   "password": "oMoa6VvqnLxW"
?[0m?[0;34m}'
?[0m?[0;34mExpectations: 'If user successfully added, endpoint must respond with HTTP CREATED status (201) '
?[0m?[0;34m-----
?[0m?[0;34mHibernate: select u1_0.id from users u1_0 where upper(u1_0.username)=upper(?) fetch first ? rows only
?[0m?[0;34mHibernate: select u1_0.id,u1_0.locked,u1_0.name,u1_0.password,u1_0.role,u1_0.username from users u1_0
?[0m?[0;34mHibernate: insert into users (locked, name, password, role, username, id) values (?, ?, ?, ?, ?, ?)
?[0m?[1;31m
Start test 46?[0m
?[0;34mTest case
?[0m?[0;34mTesting api: '/api/antifraud/transaction'
?[0m?[0;34mExpectations: 'MERCHANT user after registration must be LOCKED'
?[0m?[0;34m-----
?[0m?[0;34mHibernate: select u1_0.id,u1_0.locked,u1_0.name,u1_0.password,u1_0.role,u1_0.username from users u1_0 where upper(u1_0.username)=upper(?)
?[0m?[1;31m
Start test 47?[0m
?[0;34mTest case
?[0m?[0;34mTesting api: '/api/auth/access'
?[0m?[0;34mExpectations: 'A user johndoe3 must be UNLOCKED'
?[0m?[0;34m-----
?[0m?[0;34mHibernate: select u1_0.id,u1_0.locked,u1_0.name,u1_0.password,u1_0.role,u1_0.username from users u1_0 where upper(u1_0.username)=upper(?)
?[0m?[0;34mHibernate: select u1_0.id,u1_0.locked,u1_0.name,u1_0.password,u1_0.role,u1_0.username from users u1_0 where upper(u1_0.username)=upper(?)
?[0m?[0;34mHibernate: update users set locked=?, name=?, password=?, role=?, username=? where id=?
?[0m?[1;31m
Start test 48?[0m
?[0;34mTest case
?[0m?[0;34mTesting api: '/api/antifraud/transaction'
?[0m?[0;34mExpectations: 'A user johndoe3 must be UNLOCKED'
?[0m?[0;34m-----
?[0m?[0;34mHibernate: select u1_0.id,u1_0.locked,u1_0.name,u1_0.password,u1_0.role,u1_0.username from users u1_0 where upper(u1_0.username)=upper(?)
?[0m?[0;34mHibernate: select t1_0.id from limits t1_0 where t1_0.type=? fetch first ? rows only
?[0m?[0;34mHibernate: select t1_0.id from limits t1_0 where t1_0.type=? fetch first ? rows only
?[0m?[0;34mHibernate: select s1_0.id from stolen_cards s1_0 where s1_0.number=? fetch first ? rows only
?[0m?[0;34mHibernate: select s1_0.id from suspicious_IPs s1_0 where s1_0.ip=? fetch first ? rows only
?[0m?[0;34mHibernate: select t1_0.id,t1_0.amount,t1_0.date,t1_0.feedback,t1_0.ip,t1_0.number,t1_0.region,t1_0.result from transactions t1_0 where t1_0.number=? and t1_0.date between ? and ?
?[0m?[0;34mHibernate: select t1_0.id,t1_0.amount,t1_0.date,t1_0.feedback,t1_0.ip,t1_0.number,t1_0.region,t1_0.result from transactions t1_0 where t1_0.number=? and t1_0.date between ? and ?
?[0m?[0;34mHibernate: select t1_0.id from limits t1_0 where t1_0.type=? fetch first ? rows only
?[0m?[0;34mHibernate: select t1_0.id from limits t1_0 where t1_0.type=? fetch first ? rows only
?[0m?[0;34mHibernate: select s1_0.id from stolen_cards s1_0 where s1_0.number=? fetch first ? rows only
?[0m?[0;34mHibernate: select s1_0.id from suspicious_IPs s1_0 where s1_0.ip=? fetch first ? rows only
?[0m?[0;34mHibernate: select t1_0.id,t1_0.amount,t1_0.date,t1_0.feedback,t1_0.ip,t1_0.number,t1_0.region,t1_0.result from transactions t1_0 where t1_0.number=? and t1_0.date between ? and ?
?[0m?[0;34mHibernate: select t1_0.id,t1_0.amount,t1_0.date,t1_0.feedback,t1_0.ip,t1_0.number,t1_0.region,t1_0.result from transactions t1_0 where t1_0.number=? and t1_0.date between ? and ?
?[0m?[0;34mHibernate: select t1_0.id from limits t1_0 where t1_0.type=? fetch first ? rows only
?[0m?[0;34mHibernate: select t1_0.id from limits t1_0 where t1_0.type=? fetch first ? rows only
?[0m?[0;34mHibernate: select s1_0.id from stolen_cards s1_0 where s1_0.number=? fetch first ? rows only
?[0m?[0;34mHibernate: select s1_0.id from suspicious_IPs s1_0 where s1_0.ip=? fetch first ? rows only
?[0m?[0;34mHibernate: select t1_0.id,t1_0.amount,t1_0.date,t1_0.feedback,t1_0.ip,t1_0.number,t1_0.region,t1_0.result from transactions t1_0 where t1_0.number=? and t1_0.date between ? and ?
?[0m?[0;34mHibernate: select t1_0.id,t1_0.amount,t1_0.date,t1_0.feedback,t1_0.ip,t1_0.number,t1_0.region,t1_0.result from transactions t1_0 where t1_0.number=? and t1_0.date between ? and ?
?[0m?[0;34mHibernate: select t1_0.id from limits t1_0 where t1_0.type=? fetch first ? rows only
?[0m?[0;34mHibernate: select t1_0.id from limits t1_0 where t1_0.type=? fetch first ? rows only
?[0m?[0;34mHibernate: select s1_0.id from stolen_cards s1_0 where s1_0.number=? fetch first ? rows only
?[0m?[0;34mHibernate: select s1_0.id from suspicious_IPs s1_0 where s1_0.ip=? fetch first ? rows only
?[0m?[0;34mHibernate: select t1_0.id,t1_0.amount,t1_0.date,t1_0.feedback,t1_0.ip,t1_0.number,t1_0.region,t1_0.result from transactions t1_0 where t1_0.number=? and t1_0.date between ? and ?
?[0m?[0;34mHibernate: select t1_0.id,t1_0.amount,t1_0.date,t1_0.feedback,t1_0.ip,t1_0.number,t1_0.region,t1_0.result from transactions t1_0 where t1_0.number=? and t1_0.date between ? and ?
?[0m?[0;34mHibernate: select t1_0.id from limits t1_0 where t1_0.type=? fetch first ? rows only
?[0m?[0;34mHibernate: select t1_0.id from limits t1_0 where t1_0.type=? fetch first ? rows only
?[0m?[0;34mHibernate: select s1_0.id from stolen_cards s1_0 where s1_0.number=? fetch first ? rows only
?[0m?[0;34mHibernate: select s1_0.id from suspicious_IPs s1_0 where s1_0.ip=? fetch first ? rows only
?[0m?[0;34mHibernate: select t1_0.id,t1_0.amount,t1_0.date,t1_0.feedback,t1_0.ip,t1_0.number,t1_0.region,t1_0.result from transactions t1_0 where t1_0.number=? and t1_0.date between ? and ?
?[0m?[0;34mHibernate: select t1_0.id,t1_0.amount,t1_0.date,t1_0.feedback,t1_0.ip,t1_0.number,t1_0.region,t1_0.result from transactions t1_0 where t1_0.number=? and t1_0.date between ? and ?
?[0m?[0;34mHibernate: select t1_0.id from limits t1_0 where t1_0.type=? fetch first ? rows only
?[0m?[0;34mHibernate: select t1_0.id from limits t1_0 where t1_0.type=? fetch first ? rows only
?[0m?[0;34mHibernate: select s1_0.id from stolen_cards s1_0 where s1_0.number=? fetch first ? rows only
?[0m?[0;34mHibernate: select s1_0.id from suspicious_IPs s1_0 where s1_0.ip=? fetch first ? rows only
?[0m?[0;34mHibernate: select t1_0.id,t1_0.amount,t1_0.date,t1_0.feedback,t1_0.ip,t1_0.number,t1_0.region,t1_0.result from transactions t1_0 where t1_0.number=? and t1_0.date between ? and ?
?[0m?[0;34mHibernate: select t1_0.id,t1_0.amount,t1_0.date,t1_0.feedback,t1_0.ip,t1_0.number,t1_0.region,t1_0.result from transactions t1_0 where t1_0.number=? and t1_0.date between ? and ?
?[0m?[0;34mHibernate: select t1_0.id from limits t1_0 where t1_0.type=? fetch first ? rows only
?[0m?[0;34mHibernate: select t1_0.id from limits t1_0 where t1_0.type=? fetch first ? rows only
?[0m?[0;34mHibernate: select s1_0.id from stolen_cards s1_0 where s1_0.number=? fetch first ? rows only
?[0m?[0;34mHibernate: select s1_0.id from suspicious_IPs s1_0 where s1_0.ip=? fetch first ? rows only
?[0m?[0;34mHibernate: select t1_0.id,t1_0.amount,t1_0.date,t1_0.feedback,t1_0.ip,t1_0.number,t1_0.region,t1_0.result from transactions t1_0 where t1_0.number=? and t1_0.date between ? and ?
?[0m?[0;34mHibernate: select t1_0.id,t1_0.amount,t1_0.date,t1_0.feedback,t1_0.ip,t1_0.number,t1_0.region,t1_0.result from transactions t1_0 where t1_0.number=? and t1_0.date between ? and ?
?[0m?[0;34mHibernate: select t1_0.id from limits t1_0 where t1_0.type=? fetch first ? rows only
?[0m?[0;34mHibernate: select t1_0.id from limits t1_0 where t1_0.type=? fetch first ? rows only
?[0m?[0;34mHibernate: select s1_0.id from stolen_cards s1_0 where s1_0.number=? fetch first ? rows only
?[0m?[0;34mHibernate: select s1_0.id from suspicious_IPs s1_0 where s1_0.ip=? fetch first ? rows only
?[0m?[0;34mHibernate: select t1_0.id,t1_0.amount,t1_0.date,t1_0.feedback,t1_0.ip,t1_0.number,t1_0.region,t1_0.result from transactions t1_0 where t1_0.number=? and t1_0.date between ? and ?
?[0m?[0;34mHibernate: select t1_0.id,t1_0.amount,t1_0.date,t1_0.feedback,t1_0.ip,t1_0.number,t1_0.region,t1_0.result from transactions t1_0 where t1_0.number=? and t1_0.date between ? and ?
?[0m?[0;34mHibernate: select t1_0.id from limits t1_0 where t1_0.type=? fetch first ? rows only
?[0m?[0;34mHibernate: select t1_0.id from limits t1_0 where t1_0.type=? fetch first ? rows only
?[0m?[0;34mHibernate: select s1_0.id from stolen_cards s1_0 where s1_0.number=? fetch first ? rows only
?[0m?[0;34mHibernate: select s1_0.id from suspicious_IPs s1_0 where s1_0.ip=? fetch first ? rows only
?[0m?[0;34mHibernate: select t1_0.id,t1_0.amount,t1_0.date,t1_0.feedback,t1_0.ip,t1_0.number,t1_0.region,t1_0.result from transactions t1_0 where t1_0.number=? and t1_0.date between ? and ?
?[0m?[0;34mHibernate: select t1_0.id,t1_0.amount,t1_0.date,t1_0.feedback,t1_0.ip,t1_0.number,t1_0.region,t1_0.result from transactions t1_0 where t1_0.number=? and t1_0.date between ? and ?
?[0m?[0;34mHibernate: select t1_0.id from limits t1_0 where t1_0.type=? fetch first ? rows only
?[0m?[0;34mHibernate: select t1_0.id from limits t1_0 where t1_0.type=? fetch first ? rows only
?[0m?[0;34mHibernate: select s1_0.id from stolen_cards s1_0 where s1_0.number=? fetch first ? rows only
?[0m?[0;34mHibernate: select s1_0.id from suspicious_IPs s1_0 where s1_0.ip=? fetch first ? rows only
?[0m?[0;34mHibernate: select t1_0.id,t1_0.amount,t1_0.date,t1_0.feedback,t1_0.ip,t1_0.number,t1_0.region,t1_0.result from transactions t1_0 where t1_0.number=? and t1_0.date between ? and ?
?[0m?[0;34mHibernate: select t1_0.id,t1_0.amount,t1_0.date,t1_0.feedback,t1_0.ip,t1_0.number,t1_0.region,t1_0.result from transactions t1_0 where t1_0.number=? and t1_0.date between ? and ?
?[0m?[0;34mHibernate: select t1_0.id from limits t1_0 where t1_0.type=? fetch first ? rows only
?[0m?[0;34mHibernate: select t1_0.id from limits t1_0 where t1_0.type=? fetch first ? rows only
?[0m?[0;34mHibernate: select s1_0.id from stolen_cards s1_0 where s1_0.number=? fetch first ? rows only
?[0m?[0;34mHibernate: select s1_0.id from suspicious_IPs s1_0 where s1_0.ip=? fetch first ? rows only
?[0m?[0;34mHibernate: select t1_0.id,t1_0.amount,t1_0.date,t1_0.feedback,t1_0.ip,t1_0.number,t1_0.region,t1_0.result from transactions t1_0 where t1_0.number=? and t1_0.date between ? and ?
?[0m?[0;34mHibernate: select t1_0.id,t1_0.amount,t1_0.date,t1_0.feedback,t1_0.ip,t1_0.number,t1_0.region,t1_0.result from transactions t1_0 where t1_0.number=? and t1_0.date between ? and ?
?[0m?[0;34mHibernate: insert into transactions (amount, date, feedback, ip, number, region, result, id) values (?, ?, ?, ?, ?, ?, ?, ?)
?[0m?[1;31m
Start test 49?[0m
?[0;34mTest case
?[0m?[0;34mTesting api: '/api/auth/access'
?[0m?[0;34mExpectations: 'A user johndoe3 must be LOCKED'
?[0m?[0;34m-----
?[0m?[0;34mHibernate: select u1_0.id,u1_0.locked,u1_0.name,u1_0.password,u1_0.role,u1_0.username from users u1_0 where upper(u1_0.username)=upper(?)
?[0m?[0;34mHibernate: select u1_0.id,u1_0.locked,u1_0.name,u1_0.password,u1_0.role,u1_0.username from users u1_0 where upper(u1_0.username)=upper(?)
?[0m?[0;34mHibernate: update users set locked=?, name=?, password=?, role=?, username=? where id=?
?[0m?[1;31m
Start test 50?[0m
?[0;34mTest case
?[0m?[0;34mTesting api: '/api/antifraud/transaction'
?[0m?[0;34mExpectations: 'A user johndoe3 must be LOCKED'
?[0m?[0;34m-----
?[0m?[0;34mHibernate: select u1_0.id,u1_0.locked,u1_0.name,u1_0.password,u1_0.role,u1_0.username from users u1_0 where upper(u1_0.username)=upper(?)
?[0m?[1;31m
Start test 51?[0m
?[0;34mTest case
?[0m?[0;34mTesting api: '/api/auth/access'
?[0m?[0;34mExpectations: 'A user johndoe3 must be UNLOCKED'
?[0m?[0;34m-----
?[0m?[0;34mHibernate: select u1_0.id,u1_0.locked,u1_0.name,u1_0.password,u1_0.role,u1_0.username from users u1_0 where upper(u1_0.username)=upper(?)
?[0m?[0;34mHibernate: select u1_0.id,u1_0.locked,u1_0.name,u1_0.password,u1_0.role,u1_0.username from users u1_0 where upper(u1_0.username)=upper(?)
?[0m?[0;34mHibernate: update users set locked=?, name=?, password=?, role=?, username=? where id=?
?[0m?[1;31m
Start test 52?[0m
?[0;34mTest case
?[0m?[0;34mTesting api: '/api/antifraud/transaction'
?[0m?[0;34mExpectations: 'A user with role ADMINISTRATOR must not have access to /api/antifraud/transaction'
?[0m?[0;34m-----
?[0m?[0;34mHibernate: select u1_0.id,u1_0.locked,u1_0.name,u1_0.password,u1_0.role,u1_0.username from users u1_0 where upper(u1_0.username)=upper(?)
?[0m?[1;31m
Start test 53?[0m
?[0;34mTest case
?[0m?[0;34mTesting api: '/api/antifraud/transaction'
?[0m?[0;34mExpectations: 'A user with role SUPPORT must not have access to /api/antifraud/transaction'
?[0m?[0;34m-----
?[0m?[0;34mHibernate: select u1_0.id,u1_0.locked,u1_0.name,u1_0.password,u1_0.role,u1_0.username from users u1_0 where upper(u1_0.username)=upper(?)
?[0m?[1;31m
Start test 54?[0m
?[0;34mTest case
?[0m?[0;34mTesting api: '/api/antifraud/transaction'
?[0m?[0;34mExpectations: 'A user with role ANONYMOUS must not have access to /api/antifraud/transaction'
?[0m?[0;34m-----
?[0m?[1;31m
Start test 55?[0m
?[0;34mTest case
?[0m?[0;34mTesting api: '/api/auth/user'
?[0m?[0;34mExpectations: 'A user with role ANONYMOUS must not have access to DELETE /api/auth/user'
?[0m?[0;34m-----
?[0m?[1;31m
Start test 56?[0m
?[0;34mTest case
?[0m?[0;34mTesting api: '/api/auth/user'
?[0m?[0;34mExpectations: 'A user with role SUPPORT must not have access to DELETE /api/auth/user'
?[0m?[0;34m-----
?[0m?[0;34mHibernate: select u1_0.id,u1_0.locked,u1_0.name,u1_0.password,u1_0.role,u1_0.username from users u1_0 where upper(u1_0.username)=upper(?)
?[0m?[1;31m
Start test 57?[0m
?[0;34mTest case
?[0m?[0;34mTesting api: '/api/auth/user'
?[0m?[0;34mExpectations: 'A user with role MERCHANT must not have access to DELETE /api/auth/user'
?[0m?[0;34m-----
?[0m?[0;34mHibernate: select u1_0.id,u1_0.locked,u1_0.name,u1_0.password,u1_0.role,u1_0.username from users u1_0 where upper(u1_0.username)=upper(?)
?[0m?[1;31m
Start test 58?[0m
?[0;34mTest case
?[0m?[0;34mTesting api: '/api/auth/list'
?[0m?[0;34mExpectations: 'A user with role ANONYMOUS must not have access to /api/auth/list'
?[0m?[0;34m-----
?[0m?[1;31m
Start test 59?[0m
?[0;34mTest case
?[0m?[0;34mTesting api: '/api/auth/list'
?[0m?[0;34mExpectations: 'A user with role MERCHANT must not have access to /api/auth/list'
?[0m?[0;34m-----
?[0m?[0;34mHibernate: select u1_0.id,u1_0.locked,u1_0.name,u1_0.password,u1_0.role,u1_0.username from users u1_0 where upper(u1_0.username)=upper(?)
?[0m?[1;31m
Start test 60?[0m
?[0;34mTest case
?[0m?[0;34mTesting api: '/api/antifraud/suspicious-ip'
?[0m?[0;34mExpectations: 'A user with role ADMINISTRATOR must not have access to GET /api/antifraud/suspicious-ip'
?[0m?[0;34m-----
?[0m?[0;34mHibernate: select u1_0.id,u1_0.locked,u1_0.name,u1_0.password,u1_0.role,u1_0.username from users u1_0 where upper(u1_0.username)=upper(?)
?[0m?[1;31m
Start test 61?[0m
?[0;34mTest case
?[0m?[0;34mTesting api: '/api/antifraud/suspicious-ip'
?[0m?[0;34mExpectations: 'A user with role MERCHANT must not have access to GET /api/antifraud/suspicious-ip'
?[0m?[0;34m-----
?[0m?[0;34mHibernate: select u1_0.id,u1_0.locked,u1_0.name,u1_0.password,u1_0.role,u1_0.username from users u1_0 where upper(u1_0.username)=upper(?)
?[0m?[1;31m
Start test 62?[0m
?[0;34mTest case
?[0m?[0;34mTesting api: '/api/antifraud/suspicious-ip'
?[0m?[0;34mExpectations: 'A user with role ADMINISTRATOR must not have access to POST /api/antifraud/suspicious-ip'
?[0m?[0;34m-----
?[0m?[0;34mHibernate: select u1_0.id,u1_0.locked,u1_0.name,u1_0.password,u1_0.role,u1_0.username from users u1_0 where upper(u1_0.username)=upper(?)
?[0m?[1;31m
Start test 63?[0m
?[0;34mTest case
?[0m?[0;34mTesting api: '/api/antifraud/suspicious-ip'
?[0m?[0;34mExpectations: 'A user with role MERCHANT must not have access to POST /api/antifraud/suspicious-ip'
?[0m?[0;34m-----
?[0m?[0;34mHibernate: select u1_0.id,u1_0.locked,u1_0.name,u1_0.password,u1_0.role,u1_0.username from users u1_0 where upper(u1_0.username)=upper(?)
?[0m?[1;31m
Start test 64?[0m
?[0;34mTest case
?[0m?[0;34mTesting api: '/api/antifraud/suspicious-ip'
?[0m?[0;34mExpectations: 'A user with role ADMINISTRATOR must not have access to DELETE /api/antifraud/suspicious-ip'
?[0m?[0;34m-----
?[0m?[0;34mHibernate: select u1_0.id,u1_0.locked,u1_0.name,u1_0.password,u1_0.role,u1_0.username from users u1_0 where upper(u1_0.username)=upper(?)
?[0m?[1;31m
Start test 65?[0m
?[0;34mTest case
?[0m?[0;34mTesting api: '/api/antifraud/suspicious-ip'
?[0m?[0;34mExpectations: 'A user with role MERCHANT must not have access to DELETE /api/antifraud/suspicious-ip'
?[0m?[0;34m-----
?[0m?[0;34mHibernate: select u1_0.id,u1_0.locked,u1_0.name,u1_0.password,u1_0.role,u1_0.username from users u1_0 where upper(u1_0.username)=upper(?)
?[0m?[1;31m
Start test 66?[0m
?[0;34mTest case
?[0m?[0;34mTesting api: '/api/antifraud/stolencard'
?[0m?[0;34mExpectations: 'A user with role ADMINISTRATOR must not have access to GET /api/antifraud/stolencard'
?[0m?[0;34m-----
?[0m?[0;34mHibernate: select u1_0.id,u1_0.locked,u1_0.name,u1_0.password,u1_0.role,u1_0.username from users u1_0 where upper(u1_0.username)=upper(?)
?[0m?[1;31m
Start test 67?[0m
?[0;34mTest case
?[0m?[0;34mTesting api: '/api/antifraud/stolencard'
?[0m?[0;34mExpectations: 'A user with role MERCHANT must not have access to GET /api/antifraud/stolencard'
?[0m?[0;34m-----
?[0m?[0;34mHibernate: select u1_0.id,u1_0.locked,u1_0.name,u1_0.password,u1_0.role,u1_0.username from users u1_0 where upper(u1_0.username)=upper(?)
?[0m?[1;31m
Start test 68?[0m
?[0;34mTest case
?[0m?[0;34mTesting api: '/api/antifraud/stolencard'
?[0m?[0;34mExpectations: 'A user with role ADMINISTRATOR must not have access to POST /api/antifraud/stolencard'
?[0m?[0;34m-----
?[0m?[0;34mHibernate: select u1_0.id,u1_0.locked,u1_0.name,u1_0.password,u1_0.role,u1_0.username from users u1_0 where upper(u1_0.username)=upper(?)
?[0m?[1;31m
Start test 69?[0m
?[0;34mTest case
?[0m?[0;34mTesting api: '/api/antifraud/stolencard'
?[0m?[0;34mExpectations: 'A user with role MERCHANT must not have access to POST /api/antifraud/stolencard'
?[0m?[0;34m-----
?[0m?[0;34mHibernate: select u1_0.id,u1_0.locked,u1_0.name,u1_0.password,u1_0.role,u1_0.username from users u1_0 where upper(u1_0.username)=upper(?)
?[0m?[1;31m
Start test 70?[0m
?[0;34mTest case
?[0m?[0;34mTesting api: '/api/antifraud/stolencard'
?[0m?[0;34mExpectations: 'A user with role ADMINISTRATOR must not have access to DELETE /api/antifraud/stolencard'
?[0m?[0;34m-----
?[0m?[0;34mHibernate: select u1_0.id,u1_0.locked,u1_0.name,u1_0.password,u1_0.role,u1_0.username from users u1_0 where upper(u1_0.username)=upper(?)
?[0m?[1;31m
Start test 71?[0m
?[0;34mTest case
?[0m?[0;34mTesting api: '/api/antifraud/stolencard'
?[0m?[0;34mExpectations: 'A user with role MERCHANT must not have access to DELETE /api/antifraud/stolencard'
?[0m?[0;34m-----
?[0m?[0;34mHibernate: select u1_0.id,u1_0.locked,u1_0.name,u1_0.password,u1_0.role,u1_0.username from users u1_0 where upper(u1_0.username)=upper(?)
?[0m?[1;31m
Start test 72?[0m
?[0;34mTest case
?[0m?[0;34mTesting api: '/api/antifraud/suspicious-ip'
?[0m?[0;34mExpectations: 'Endpoint must respond with empty array'
?[0m?[0;34m-----
?[0m?[0;34mHibernate: select u1_0.id,u1_0.locked,u1_0.name,u1_0.password,u1_0.role,u1_0.username from users u1_0 where upper(u1_0.username)=upper(?)
?[0m?[0;34mHibernate: select s1_0.id,s1_0.ip from suspicious_IPs s1_0
?[0m?[1;31m
Start test 73?[0m
?[0;34mTest case
?[0m?[0;34mTesting api: '/api/antifraud/suspicious-ip'
?[0m?[0;34mExpectations: 'IP must be added to Black List'
?[0m?[0;34m-----
?[0m?[0;34mHibernate: select u1_0.id,u1_0.locked,u1_0.name,u1_0.password,u1_0.role,u1_0.username from users u1_0 where upper(u1_0.username)=upper(?)
?[0m?[0;34mHibernate: select s1_0.id from suspicious_IPs s1_0 where s1_0.ip=? fetch first ? rows only
?[0m?[0;34mHibernate: select next value for suspicious_IPs_SEQ
?[0m?[0;34mHibernate: insert into suspicious_IPs (ip, id) values (?, ?)
?[0m?[1;31m
Start test 74?[0m
?[0;34mTest case
?[0m?[0;34mTesting api: '/api/antifraud/suspicious-ip'
?[0m?[0;34mExpectations: 'If IP already in database,  endpoint must respond with the HTTP Conflict status (409).'
?[0m?[0;34m-----
?[0m?[0;34mHibernate: select u1_0.id,u1_0.locked,u1_0.name,u1_0.password,u1_0.role,u1_0.username from users u1_0 where upper(u1_0.username)=upper(?)
?[0m?[0;34mHibernate: select s1_0.id from suspicious_IPs s1_0 where s1_0.ip=? fetch first ? rows only
?[0m?[1;31m
Start test 75?[0m
?[0;34mTest case
?[0m?[0;34mTesting api: '/api/antifraud/suspicious-ip'
?[0m?[0;34mExpectations: 'If IP doesn't have right format, respond with HTTP Bad Request status (400)'
?[0m?[0;34m-----
?[0m?[0;34mHibernate: select u1_0.id,u1_0.locked,u1_0.name,u1_0.password,u1_0.role,u1_0.username from users u1_0 where upper(u1_0.username)=upper(?)
?[0m?[1;31m
Start test 76?[0m
?[0;34mTest case
?[0m?[0;34mTesting api: '/api/antifraud/suspicious-ip'
?[0m?[0;34mExpectations: 'If IP doesn't have right format, respond with HTTP Bad Request status (400)'
?[0m?[0;34m-----
?[0m?[0;34mHibernate: select u1_0.id,u1_0.locked,u1_0.name,u1_0.password,u1_0.role,u1_0.username from users u1_0 where upper(u1_0.username)=upper(?)
?[0m?[1;31m
Start test 77?[0m
?[0;34mTest case
?[0m?[0;34mTesting api: '/api/antifraud/suspicious-ip'
?[0m?[0;34mExpectations: 'IP must be added to Black List'
?[0m?[0;34m-----
?[0m?[0;34mHibernate: select u1_0.id,u1_0.locked,u1_0.name,u1_0.password,u1_0.role,u1_0.username from users u1_0 where upper(u1_0.username)=upper(?)
?[0m?[0;34mHibernate: select s1_0.id from suspicious_IPs s1_0 where s1_0.ip=? fetch first ? rows only
?[0m?[0;34mHibernate: select next value for suspicious_IPs_SEQ
?[0m?[0;34mHibernate: insert into suspicious_IPs (ip, id) values (?, ?)
?[0m?[1;31m
Start test 78?[0m
?[0;34mTest case
?[0m?[0;34mTesting api: '/api/antifraud/suspicious-ip'
?[0m?[0;34mExpectations: 'Endpoint must responds with Black List'
?[0m?[0;34m-----
?[0m?[0;34mHibernate: select u1_0.id,u1_0.locked,u1_0.name,u1_0.password,u1_0.role,u1_0.username from users u1_0 where upper(u1_0.username)=upper(?)
?[0m?[0;34mHibernate: select s1_0.id,s1_0.ip from suspicious_IPs s1_0
?[0m?[1;31m
Start test 79?[0m
?[0;34mTest case
?[0m?[0;34mTesting api: '/api/antifraud/suspicious-ip'
?[0m?[0;34mExpectations: 'IP must be removed from Black List'
?[0m?[0;34m-----
?[0m?[0;34mHibernate: select u1_0.id,u1_0.locked,u1_0.name,u1_0.password,u1_0.role,u1_0.username from users u1_0 where upper(u1_0.username)=upper(?)
?[0m?[0;34mHibernate: select s1_0.id from suspicious_IPs s1_0 where s1_0.ip=? fetch first ? rows only
?[0m?[0;34mHibernate: select s1_0.id,s1_0.ip from suspicious_IPs s1_0 where s1_0.ip=?
?[0m?[0;34mHibernate: delete from suspicious_IPs where id=?
?[0m?[1;31m
Start test 80?[0m
?[0;34mTest case
?[0m?[0;34mTesting api: '/api/antifraud/suspicious-ip'
?[0m?[0;34mExpectations: 'If IP not found in database, respond with the HTTP Not Found status (404).'
?[0m?[0;34m-----
?[0m?[0;34mHibernate: select u1_0.id,u1_0.locked,u1_0.name,u1_0.password,u1_0.role,u1_0.username from users u1_0 where upper(u1_0.username)=upper(?)
?[0m?[0;34mHibernate: select s1_0.id from suspicious_IPs s1_0 where s1_0.ip=? fetch first ? rows only
?[0m?[1;31m
Start test 81?[0m
?[0;34mTest case
?[0m?[0;34mTesting api: '/api/antifraud/suspicious-ip'
?[0m?[0;34mExpectations: 'If IP doesn't have right format, respond with HTTP Bad Request status (400)'
?[0m?[0;34m-----
?[0m?[0;34mHibernate: select u1_0.id,u1_0.locked,u1_0.name,u1_0.password,u1_0.role,u1_0.username from users u1_0 where upper(u1_0.username)=upper(?)
?[0m?[1;31m
Start test 82?[0m
?[0;34mTest case
?[0m?[0;34mTesting api: '/api/antifraud/suspicious-ip'
?[0m?[0;34mExpectations: 'IP must be removed from Black List'
?[0m?[0;34m-----
?[0m?[0;34mHibernate: select u1_0.id,u1_0.locked,u1_0.name,u1_0.password,u1_0.role,u1_0.username from users u1_0 where upper(u1_0.username)=upper(?)
?[0m?[0;34mHibernate: select s1_0.id,s1_0.ip from suspicious_IPs s1_0
?[0m?[1;31m
Start test 83?[0m
?[0;34mTest case
?[0m?[0;34mTesting api: '/api/antifraud/stolencard'
?[0m?[0;34mExpectations: 'Endpoint must respond with empty array'
?[0m?[0;34m-----
?[0m?[0;34mHibernate: select u1_0.id,u1_0.locked,u1_0.name,u1_0.password,u1_0.role,u1_0.username from users u1_0 where upper(u1_0.username)=upper(?)
?[0m?[0;34mHibernate: select s1_0.id,s1_0.number from stolen_cards s1_0
?[0m?[1;31m
Start test 84?[0m
?[0;34mTest case
?[0m?[0;34mTesting api: '/api/antifraud/stolencard'
?[0m?[0;34mExpectations: 'A card must be added to Black List'
?[0m?[0;34m-----
?[0m?[0;34mHibernate: select u1_0.id,u1_0.locked,u1_0.name,u1_0.password,u1_0.role,u1_0.username from users u1_0 where upper(u1_0.username)=upper(?)
?[0m?[0;34mHibernate: select s1_0.id from stolen_cards s1_0 where s1_0.number=? fetch first ? rows only
?[0m?[0;34mHibernate: select next value for stolen_cards_SEQ
?[0m?[0;34mHibernate: insert into stolen_cards (number, id) values (?, ?)
?[0m?[1;31m
Start test 85?[0m
?[0;34mTest case
?[0m?[0;34mTesting api: '/api/antifraud/stolencard'
?[0m?[0;34mExpectations: 'If card-number already in database, endpoint must respond with the HTTP Conflict status (409).'
?[0m?[0;34m-----
?[0m?[0;34mHibernate: select u1_0.id,u1_0.locked,u1_0.name,u1_0.password,u1_0.role,u1_0.username from users u1_0 where upper(u1_0.username)=upper(?)
?[0m?[0;34mHibernate: select s1_0.id from stolen_cards s1_0 where s1_0.number=? fetch first ? rows only
?[0m?[1;31m
Start test 86?[0m
?[0;34mTest case
?[0m?[0;34mTesting api: '/api/antifraud/stolencard'
?[0m?[0;34mExpectations: 'If card-number doesn't have right format, endpoint must respond with HTTP Bad Request status (400).'
?[0m?[0;34m-----
?[0m?[0;34mHibernate: select u1_0.id,u1_0.locked,u1_0.name,u1_0.password,u1_0.role,u1_0.username from users u1_0 where upper(u1_0.username)=upper(?)
?[0m?[1;31m
Start test 87?[0m
?[0;34mTest case
?[0m?[0;34mTesting api: '/api/antifraud/stolencard'
?[0m?[0;34mExpectations: 'If checksum of card-number is wrong, endpoint must respond with HTTP Bad Request status (400).'
?[0m?[0;34m-----
?[0m?[0;34mHibernate: select u1_0.id,u1_0.locked,u1_0.name,u1_0.password,u1_0.role,u1_0.username from users u1_0 where upper(u1_0.username)=upper(?)
?[0m?[1;31m
Start test 88?[0m
?[0;34mTest case
?[0m?[0;34mTesting api: '/api/antifraud/stolencard'
?[0m?[0;34mExpectations: 'A card must be added to Black List'
?[0m?[0;34m-----
?[0m?[0;34mHibernate: select u1_0.id,u1_0.locked,u1_0.name,u1_0.password,u1_0.role,u1_0.username from users u1_0 where upper(u1_0.username)=upper(?)
?[0m?[0;34mHibernate: select s1_0.id from stolen_cards s1_0 where s1_0.number=? fetch first ? rows only
?[0m?[0;34mHibernate: select next value for stolen_cards_SEQ
?[0m?[0;34mHibernate: insert into stolen_cards (number, id) values (?, ?)
?[0m?[1;31m
Start test 89?[0m
?[0;34mTest case
?[0m?[0;34mTesting api: '/api/antifraud/stolencard'
?[0m?[0;34mExpectations: 'Endpoint must responds with Black List'
?[0m?[0;34m-----
?[0m?[0;34mHibernate: select u1_0.id,u1_0.locked,u1_0.name,u1_0.password,u1_0.role,u1_0.username from users u1_0 where upper(u1_0.username)=upper(?)
?[0m?[0;34mHibernate: select s1_0.id,s1_0.number from stolen_cards s1_0
?[0m?[1;31m
Start test 90?[0m
?[0;34mTest case
?[0m?[0;34mTesting api: '/api/antifraud/stolencard'
?[0m?[0;34mExpectations: 'Card must be removed from Black List'
?[0m?[0;34m-----
?[0m?[0;34mHibernate: select u1_0.id,u1_0.locked,u1_0.name,u1_0.password,u1_0.role,u1_0.username from users u1_0 where upper(u1_0.username)=upper(?)
?[0m?[0;34mHibernate: select s1_0.id from stolen_cards s1_0 where s1_0.number=? fetch first ? rows only
?[0m?[0;34mHibernate: select s1_0.id,s1_0.number from stolen_cards s1_0 where s1_0.number=?
?[0m?[0;34mHibernate: delete from stolen_cards where id=?
?[0m?[1;31m
Start test 91?[0m
?[0;34mTest case
?[0m?[0;34mTesting api: '/api/antifraud/stolencard'
?[0m?[0;34mExpectations: 'If card-number not found in database, respond with the HTTP Not Found status (404).'
?[0m?[0;34m-----
?[0m?[0;34mHibernate: select u1_0.id,u1_0.locked,u1_0.name,u1_0.password,u1_0.role,u1_0.username from users u1_0 where upper(u1_0.username)=upper(?)
?[0m?[0;34mHibernate: select s1_0.id from stolen_cards s1_0 where s1_0.number=? fetch first ? rows only
?[0m?[1;31m
Start test 92?[0m
?[0;34mTest case
?[0m?[0;34mTesting api: '/api/antifraud/stolencard'
?[0m?[0;34mExpectations: 'If card-number doesn't have right format, endpoint must respond with HTTP Bad Request status (400).'
?[0m?[0;34m-----
?[0m?[0;34mHibernate: select u1_0.id,u1_0.locked,u1_0.name,u1_0.password,u1_0.role,u1_0.username from users u1_0 where upper(u1_0.username)=upper(?)
?[0m?[1;31m
Start test 93?[0m
?[0;34mTest case
?[0m?[0;34mTesting api: '/api/antifraud/stolencard'
?[0m?[0;34mExpectations: 'Card must be removed from Black List'
?[0m?[0;34m-----
?[0m?[0;34mHibernate: select u1_0.id,u1_0.locked,u1_0.name,u1_0.password,u1_0.role,u1_0.username from users u1_0 where upper(u1_0.username)=upper(?)
?[0m?[0;34mHibernate: select s1_0.id,s1_0.number from stolen_cards s1_0
?[0m?[1;31m
Start test 94?[0m
?[0;34mTest case
?[0m?[0;34mTesting api: '/api/antifraud/transaction'
?[0m?[0;34mExpectations: 'Transaction must be PROHIBITED due to - suspicious ip reason'
?[0m?[0;34m-----
?[0m?[0;34mHibernate: select u1_0.id,u1_0.locked,u1_0.name,u1_0.password,u1_0.role,u1_0.username from users u1_0 where upper(u1_0.username)=upper(?)
?[0m?[0;34mHibernate: select t1_0.id from limits t1_0 where t1_0.type=? fetch first ? rows only
?[0m?[0;34mHibernate: select t1_0.id from limits t1_0 where t1_0.type=? fetch first ? rows only
?[0m?[0;34mHibernate: select s1_0.id from stolen_cards s1_0 where s1_0.number=? fetch first ? rows only
?[0m?[0;34mHibernate: select s1_0.id from suspicious_IPs s1_0 where s1_0.ip=? fetch first ? rows only
?[0m?[0;34mHibernate: select t1_0.id,t1_0.amount,t1_0.date,t1_0.feedback,t1_0.ip,t1_0.number,t1_0.region,t1_0.result from transactions t1_0 where t1_0.number=? and t1_0.date between ? and ?
?[0m?[0;34mHibernate: select t1_0.id,t1_0.amount,t1_0.date,t1_0.feedback,t1_0.ip,t1_0.number,t1_0.region,t1_0.result from transactions t1_0 where t1_0.number=? and t1_0.date between ? and ?
?[0m?[0;34mHibernate: select t1_0.id from limits t1_0 where t1_0.type=? fetch first ? rows only
?[0m?[0;34mHibernate: select t1_0.id from limits t1_0 where t1_0.type=? fetch first ? rows only
?[0m?[0;34mHibernate: select s1_0.id from stolen_cards s1_0 where s1_0.number=? fetch first ? rows only
?[0m?[0;34mHibernate: select s1_0.id from suspicious_IPs s1_0 where s1_0.ip=? fetch first ? rows only
?[0m?[0;34mHibernate: select t1_0.id,t1_0.amount,t1_0.date,t1_0.feedback,t1_0.ip,t1_0.number,t1_0.region,t1_0.result from transactions t1_0 where t1_0.number=? and t1_0.date between ? and ?
?[0m?[0;34mHibernate: select t1_0.id,t1_0.amount,t1_0.date,t1_0.feedback,t1_0.ip,t1_0.number,t1_0.region,t1_0.result from transactions t1_0 where t1_0.number=? and t1_0.date between ? and ?
?[0m?[0;34mHibernate: select t1_0.id from limits t1_0 where t1_0.type=? fetch first ? rows only
?[0m?[0;34mHibernate: select t1_0.id from limits t1_0 where t1_0.type=? fetch first ? rows only
?[0m?[0;34mHibernate: select s1_0.id from stolen_cards s1_0 where s1_0.number=? fetch first ? rows only
?[0m?[0;34mHibernate: select s1_0.id from suspicious_IPs s1_0 where s1_0.ip=? fetch first ? rows only
?[0m?[0;34mHibernate: select t1_0.id,t1_0.amount,t1_0.date,t1_0.feedback,t1_0.ip,t1_0.number,t1_0.region,t1_0.result from transactions t1_0 where t1_0.number=? and t1_0.date between ? and ?
?[0m?[0;34mHibernate: select t1_0.id,t1_0.amount,t1_0.date,t1_0.feedback,t1_0.ip,t1_0.number,t1_0.region,t1_0.result from transactions t1_0 where t1_0.number=? and t1_0.date between ? and ?
?[0m?[0;34mHibernate: select t1_0.id from limits t1_0 where t1_0.type=? fetch first ? rows only
?[0m?[0;34mHibernate: select t1_0.id from limits t1_0 where t1_0.type=? fetch first ? rows only
?[0m?[0;34mHibernate: select s1_0.id from stolen_cards s1_0 where s1_0.number=? fetch first ? rows only
?[0m?[0;34mHibernate: select s1_0.id from suspicious_IPs s1_0 where s1_0.ip=? fetch first ? rows only
?[0m?[0;34mHibernate: select t1_0.id,t1_0.amount,t1_0.date,t1_0.feedback,t1_0.ip,t1_0.number,t1_0.region,t1_0.result from transactions t1_0 where t1_0.number=? and t1_0.date between ? and ?
?[0m?[0;34mHibernate: select t1_0.id,t1_0.amount,t1_0.date,t1_0.feedback,t1_0.ip,t1_0.number,t1_0.region,t1_0.result from transactions t1_0 where t1_0.number=? and t1_0.date between ? and ?
?[0m?[0;34mHibernate: select t1_0.id from limits t1_0 where t1_0.type=? fetch first ? rows only
?[0m?[0;34mHibernate: select t1_0.id from limits t1_0 where t1_0.type=? fetch first ? rows only
?[0m?[0;34mHibernate: select s1_0.id from stolen_cards s1_0 where s1_0.number=? fetch first ? rows only
?[0m?[0;34mHibernate: select s1_0.id from suspicious_IPs s1_0 where s1_0.ip=? fetch first ? rows only
?[0m?[0;34mHibernate: select t1_0.id,t1_0.amount,t1_0.date,t1_0.feedback,t1_0.ip,t1_0.number,t1_0.region,t1_0.result from transactions t1_0 where t1_0.number=? and t1_0.date between ? and ?
?[0m?[0;34mHibernate: select t1_0.id,t1_0.amount,t1_0.date,t1_0.feedback,t1_0.ip,t1_0.number,t1_0.region,t1_0.result from transactions t1_0 where t1_0.number=? and t1_0.date between ? and ?
?[0m?[0;34mHibernate: select t1_0.id from limits t1_0 where t1_0.type=? fetch first ? rows only
?[0m?[0;34mHibernate: select t1_0.id from limits t1_0 where t1_0.type=? fetch first ? rows only
?[0m?[0;34mHibernate: select s1_0.id from stolen_cards s1_0 where s1_0.number=? fetch first ? rows only
?[0m?[0;34mHibernate: select s1_0.id from suspicious_IPs s1_0 where s1_0.ip=? fetch first ? rows only
?[0m?[0;34mHibernate: select t1_0.id,t1_0.amount,t1_0.date,t1_0.feedback,t1_0.ip,t1_0.number,t1_0.region,t1_0.result from transactions t1_0 where t1_0.number=? and t1_0.date between ? and ?
?[0m?[0;34mHibernate: select t1_0.id,t1_0.amount,t1_0.date,t1_0.feedback,t1_0.ip,t1_0.number,t1_0.region,t1_0.result from transactions t1_0 where t1_0.number=? and t1_0.date between ? and ?
?[0m?[0;34mHibernate: select t1_0.id from limits t1_0 where t1_0.type=? fetch first ? rows only
?[0m?[0;34mHibernate: select t1_0.id from limits t1_0 where t1_0.type=? fetch first ? rows only
?[0m?[0;34mHibernate: select s1_0.id from stolen_cards s1_0 where s1_0.number=? fetch first ? rows only
?[0m?[0;34mHibernate: select s1_0.id from suspicious_IPs s1_0 where s1_0.ip=? fetch first ? rows only
?[0m?[0;34mHibernate: select t1_0.id,t1_0.amount,t1_0.date,t1_0.feedback,t1_0.ip,t1_0.number,t1_0.region,t1_0.result from transactions t1_0 where t1_0.number=? and t1_0.date between ? and ?
?[0m?[0;34mHibernate: select t1_0.id,t1_0.amount,t1_0.date,t1_0.feedback,t1_0.ip,t1_0.number,t1_0.region,t1_0.result from transactions t1_0 where t1_0.number=? and t1_0.date between ? and ?
?[0m?[0;34mHibernate: select t1_0.id from limits t1_0 where t1_0.type=? fetch first ? rows only
?[0m?[0;34mHibernate: select t1_0.id from limits t1_0 where t1_0.type=? fetch first ? rows only
?[0m?[0;34mHibernate: select s1_0.id from stolen_cards s1_0 where s1_0.number=? fetch first ? rows only
?[0m?[0;34mHibernate: select s1_0.id from suspicious_IPs s1_0 where s1_0.ip=? fetch first ? rows only
?[0m?[0;34mHibernate: select t1_0.id,t1_0.amount,t1_0.date,t1_0.feedback,t1_0.ip,t1_0.number,t1_0.region,t1_0.result from transactions t1_0 where t1_0.number=? and t1_0.date between ? and ?
?[0m?[0;34mHibernate: select t1_0.id,t1_0.amount,t1_0.date,t1_0.feedback,t1_0.ip,t1_0.number,t1_0.region,t1_0.result from transactions t1_0 where t1_0.number=? and t1_0.date between ? and ?
?[0m?[0;34mHibernate: select t1_0.id from limits t1_0 where t1_0.type=? fetch first ? rows only
?[0m?[0;34mHibernate: select t1_0.id from limits t1_0 where t1_0.type=? fetch first ? rows only
?[0m?[0;34mHibernate: select s1_0.id from stolen_cards s1_0 where s1_0.number=? fetch first ? rows only
?[0m?[0;34mHibernate: select s1_0.id from suspicious_IPs s1_0 where s1_0.ip=? fetch first ? rows only
?[0m?[0;34mHibernate: select t1_0.id,t1_0.amount,t1_0.date,t1_0.feedback,t1_0.ip,t1_0.number,t1_0.region,t1_0.result from transactions t1_0 where t1_0.number=? and t1_0.date between ? and ?
?[0m?[0;34mHibernate: select t1_0.id,t1_0.amount,t1_0.date,t1_0.feedback,t1_0.ip,t1_0.number,t1_0.region,t1_0.result from transactions t1_0 where t1_0.number=? and t1_0.date between ? and ?
?[0m?[0;34mHibernate: select t1_0.id from limits t1_0 where t1_0.type=? fetch first ? rows only
?[0m?[0;34mHibernate: select t1_0.id from limits t1_0 where t1_0.type=? fetch first ? rows only
?[0m?[0;34mHibernate: select s1_0.id from stolen_cards s1_0 where s1_0.number=? fetch first ? rows only
?[0m?[0;34mHibernate: select s1_0.id from suspicious_IPs s1_0 where s1_0.ip=? fetch first ? rows only
?[0m?[0;34mHibernate: select t1_0.id,t1_0.amount,t1_0.date,t1_0.feedback,t1_0.ip,t1_0.number,t1_0.region,t1_0.result from transactions t1_0 where t1_0.number=? and t1_0.date between ? and ?
?[0m?[0;34mHibernate: select t1_0.id,t1_0.amount,t1_0.date,t1_0.feedback,t1_0.ip,t1_0.number,t1_0.region,t1_0.result from transactions t1_0 where t1_0.number=? and t1_0.date between ? and ?
?[0m?[0;34mHibernate: select t1_0.id from limits t1_0 where t1_0.type=? fetch first ? rows only
?[0m?[0;34mHibernate: select t1_0.id from limits t1_0 where t1_0.type=? fetch first ? rows only
?[0m?[0;34mHibernate: select s1_0.id from stolen_cards s1_0 where s1_0.number=? fetch first ? rows only
?[0m?[0;34mHibernate: select s1_0.id from suspicious_IPs s1_0 where s1_0.ip=? fetch first ? rows only
?[0m?[0;34mHibernate: select t1_0.id,t1_0.amount,t1_0.date,t1_0.feedback,t1_0.ip,t1_0.number,t1_0.region,t1_0.result from transactions t1_0 where t1_0.number=? and t1_0.date between ? and ?
?[0m?[0;34mHibernate: select t1_0.id,t1_0.amount,t1_0.date,t1_0.feedback,t1_0.ip,t1_0.number,t1_0.region,t1_0.result from transactions t1_0 where t1_0.number=? and t1_0.date between ? and ?
?[0m?[0;34mHibernate: select t1_0.id from limits t1_0 where t1_0.type=? fetch first ? rows only
?[0m?[0;34mHibernate: select t1_0.id from limits t1_0 where t1_0.type=? fetch first ? rows only
?[0m?[0;34mHibernate: select s1_0.id from stolen_cards s1_0 where s1_0.number=? fetch first ? rows only
?[0m?[0;34mHibernate: select s1_0.id from suspicious_IPs s1_0 where s1_0.ip=? fetch first ? rows only
?[0m?[0;34mHibernate: select t1_0.id,t1_0.amount,t1_0.date,t1_0.feedback,t1_0.ip,t1_0.number,t1_0.region,t1_0.result from transactions t1_0 where t1_0.number=? and t1_0.date between ? and ?
?[0m?[0;34mHibernate: select t1_0.id,t1_0.amount,t1_0.date,t1_0.feedback,t1_0.ip,t1_0.number,t1_0.region,t1_0.result from transactions t1_0 where t1_0.number=? and t1_0.date between ? and ?
?[0m?[0;34mHibernate: select t1_0.id from limits t1_0 where t1_0.type=? fetch first ? rows only
?[0m?[0;34mHibernate: select t1_0.id from limits t1_0 where t1_0.type=? fetch first ? rows only
?[0m?[0;34mHibernate: select s1_0.id from stolen_cards s1_0 where s1_0.number=? fetch first ? rows only
?[0m?[0;34mHibernate: select s1_0.id from suspicious_IPs s1_0 where s1_0.ip=? fetch first ? rows only
?[0m?[0;34mHibernate: select t1_0.id,t1_0.amount,t1_0.date,t1_0.feedback,t1_0.ip,t1_0.number,t1_0.region,t1_0.result from transactions t1_0 where t1_0.number=? and t1_0.date between ? and ?
?[0m?[0;34mHibernate: select t1_0.id,t1_0.amount,t1_0.date,t1_0.feedback,t1_0.ip,t1_0.number,t1_0.region,t1_0.result from transactions t1_0 where t1_0.number=? and t1_0.date between ? and ?
?[0m?[0;34mHibernate: select t1_0.id from limits t1_0 where t1_0.type=? fetch first ? rows only
?[0m?[0;34mHibernate: select t1_0.id from limits t1_0 where t1_0.type=? fetch first ? rows only
?[0m?[0;34mHibernate: select s1_0.id from stolen_cards s1_0 where s1_0.number=? fetch first ? rows only
?[0m?[0;34mHibernate: select s1_0.id from suspicious_IPs s1_0 where s1_0.ip=? fetch first ? rows only
?[0m?[0;34mHibernate: select t1_0.id,t1_0.amount,t1_0.date,t1_0.feedback,t1_0.ip,t1_0.number,t1_0.region,t1_0.result from transactions t1_0 where t1_0.number=? and t1_0.date between ? and ?
?[0m?[0;34mHibernate: select t1_0.id,t1_0.amount,t1_0.date,t1_0.feedback,t1_0.ip,t1_0.number,t1_0.region,t1_0.result from transactions t1_0 where t1_0.number=? and t1_0.date between ? and ?
?[0m?[0;34mHibernate: select t1_0.id from limits t1_0 where t1_0.type=? fetch first ? rows only
?[0m?[0;34mHibernate: select t1_0.id from limits t1_0 where t1_0.type=? fetch first ? rows only
?[0m?[0;34mHibernate: select s1_0.id from stolen_cards s1_0 where s1_0.number=? fetch first ? rows only
?[0m?[0;34mHibernate: select s1_0.id from suspicious_IPs s1_0 where s1_0.ip=? fetch first ? rows only
?[0m?[0;34mHibernate: select t1_0.id,t1_0.amount,t1_0.date,t1_0.feedback,t1_0.ip,t1_0.number,t1_0.region,t1_0.result from transactions t1_0 where t1_0.number=? and t1_0.date between ? and ?
?[0m?[0;34mHibernate: select t1_0.id,t1_0.amount,t1_0.date,t1_0.feedback,t1_0.ip,t1_0.number,t1_0.region,t1_0.result from transactions t1_0 where t1_0.number=? and t1_0.date between ? and ?
?[0m?[0;34mHibernate: insert into transactions (amount, date, feedback, ip, number, region, result, id) values (?, ?, ?, ?, ?, ?, ?, ?)
?[0m?[1;31m
Start test 95?[0m
?[0;34mTest case
?[0m?[0;34mTesting api: '/api/antifraud/transaction'
?[0m?[0;34mExpectations: 'Transaction must be PROHIBITED due to - stolen card reason'
?[0m?[0;34m-----
?[0m?[0;34mHibernate: select u1_0.id,u1_0.locked,u1_0.name,u1_0.password,u1_0.role,u1_0.username from users u1_0 where upper(u1_0.username)=upper(?)
?[0m?[0;34mHibernate: select t1_0.id from limits t1_0 where t1_0.type=? fetch first ? rows only
?[0m?[0;34mHibernate: select t1_0.id from limits t1_0 where t1_0.type=? fetch first ? rows only
?[0m?[0;34mHibernate: select s1_0.id from stolen_cards s1_0 where s1_0.number=? fetch first ? rows only
?[0m?[0;34mHibernate: select s1_0.id from suspicious_IPs s1_0 where s1_0.ip=? fetch first ? rows only
?[0m?[0;34mHibernate: select t1_0.id,t1_0.amount,t1_0.date,t1_0.feedback,t1_0.ip,t1_0.number,t1_0.region,t1_0.result from transactions t1_0 where t1_0.number=? and t1_0.date between ? and ?
?[0m?[0;34mHibernate: select t1_0.id,t1_0.amount,t1_0.date,t1_0.feedback,t1_0.ip,t1_0.number,t1_0.region,t1_0.result from transactions t1_0 where t1_0.number=? and t1_0.date between ? and ?
?[0m?[0;34mHibernate: select t1_0.id from limits t1_0 where t1_0.type=? fetch first ? rows only
?[0m?[0;34mHibernate: select t1_0.id from limits t1_0 where t1_0.type=? fetch first ? rows only
?[0m?[0;34mHibernate: select s1_0.id from stolen_cards s1_0 where s1_0.number=? fetch first ? rows only
?[0m?[0;34mHibernate: select s1_0.id from suspicious_IPs s1_0 where s1_0.ip=? fetch first ? rows only
?[0m?[0;34mHibernate: select t1_0.id,t1_0.amount,t1_0.date,t1_0.feedback,t1_0.ip,t1_0.number,t1_0.region,t1_0.result from transactions t1_0 where t1_0.number=? and t1_0.date between ? and ?
?[0m?[0;34mHibernate: select t1_0.id,t1_0.amount,t1_0.date,t1_0.feedback,t1_0.ip,t1_0.number,t1_0.region,t1_0.result from transactions t1_0 where t1_0.number=? and t1_0.date between ? and ?
?[0m?[0;34mHibernate: select t1_0.id from limits t1_0 where t1_0.type=? fetch first ? rows only
?[0m?[0;34mHibernate: select t1_0.id from limits t1_0 where t1_0.type=? fetch first ? rows only
?[0m?[0;34mHibernate: select s1_0.id from stolen_cards s1_0 where s1_0.number=? fetch first ? rows only
?[0m?[0;34mHibernate: select s1_0.id from suspicious_IPs s1_0 where s1_0.ip=? fetch first ? rows only
?[0m?[0;34mHibernate: select t1_0.id,t1_0.amount,t1_0.date,t1_0.feedback,t1_0.ip,t1_0.number,t1_0.region,t1_0.result from transactions t1_0 where t1_0.number=? and t1_0.date between ? and ?
?[0m?[0;34mHibernate: select t1_0.id,t1_0.amount,t1_0.date,t1_0.feedback,t1_0.ip,t1_0.number,t1_0.region,t1_0.result from transactions t1_0 where t1_0.number=? and t1_0.date between ? and ?
?[0m?[0;34mHibernate: select t1_0.id from limits t1_0 where t1_0.type=? fetch first ? rows only
?[0m?[0;34mHibernate: select t1_0.id from limits t1_0 where t1_0.type=? fetch first ? rows only
?[0m?[0;34mHibernate: select s1_0.id from stolen_cards s1_0 where s1_0.number=? fetch first ? rows only
?[0m?[0;34mHibernate: select s1_0.id from suspicious_IPs s1_0 where s1_0.ip=? fetch first ? rows only
?[0m?[0;34mHibernate: select t1_0.id,t1_0.amount,t1_0.date,t1_0.feedback,t1_0.ip,t1_0.number,t1_0.region,t1_0.result from transactions t1_0 where t1_0.number=? and t1_0.date between ? and ?
?[0m?[0;34mHibernate: select t1_0.id,t1_0.amount,t1_0.date,t1_0.feedback,t1_0.ip,t1_0.number,t1_0.region,t1_0.result from transactions t1_0 where t1_0.number=? and t1_0.date between ? and ?
?[0m?[0;34mHibernate: select t1_0.id from limits t1_0 where t1_0.type=? fetch first ? rows only
?[0m?[0;34mHibernate: select t1_0.id from limits t1_0 where t1_0.type=? fetch first ? rows only
?[0m?[0;34mHibernate: select s1_0.id from stolen_cards s1_0 where s1_0.number=? fetch first ? rows only
?[0m?[0;34mHibernate: select s1_0.id from suspicious_IPs s1_0 where s1_0.ip=? fetch first ? rows only
?[0m?[0;34mHibernate: select t1_0.id,t1_0.amount,t1_0.date,t1_0.feedback,t1_0.ip,t1_0.number,t1_0.region,t1_0.result from transactions t1_0 where t1_0.number=? and t1_0.date between ? and ?
?[0m?[0;34mHibernate: select t1_0.id,t1_0.amount,t1_0.date,t1_0.feedback,t1_0.ip,t1_0.number,t1_0.region,t1_0.result from transactions t1_0 where t1_0.number=? and t1_0.date between ? and ?
?[0m?[0;34mHibernate: select t1_0.id from limits t1_0 where t1_0.type=? fetch first ? rows only
?[0m?[0;34mHibernate: select t1_0.id from limits t1_0 where t1_0.type=? fetch first ? rows only
?[0m?[0;34mHibernate: select s1_0.id from stolen_cards s1_0 where s1_0.number=? fetch first ? rows only
?[0m?[0;34mHibernate: select s1_0.id from suspicious_IPs s1_0 where s1_0.ip=? fetch first ? rows only
?[0m?[0;34mHibernate: select t1_0.id,t1_0.amount,t1_0.date,t1_0.feedback,t1_0.ip,t1_0.number,t1_0.region,t1_0.result from transactions t1_0 where t1_0.number=? and t1_0.date between ? and ?
?[0m?[0;34mHibernate: select t1_0.id,t1_0.amount,t1_0.date,t1_0.feedback,t1_0.ip,t1_0.number,t1_0.region,t1_0.result from transactions t1_0 where t1_0.number=? and t1_0.date between ? and ?
?[0m?[0;34mHibernate: select t1_0.id from limits t1_0 where t1_0.type=? fetch first ? rows only
?[0m?[0;34mHibernate: select t1_0.id from limits t1_0 where t1_0.type=? fetch first ? rows only
?[0m?[0;34mHibernate: select s1_0.id from stolen_cards s1_0 where s1_0.number=? fetch first ? rows only
?[0m?[0;34mHibernate: select s1_0.id from suspicious_IPs s1_0 where s1_0.ip=? fetch first ? rows only
?[0m?[0;34mHibernate: select t1_0.id,t1_0.amount,t1_0.date,t1_0.feedback,t1_0.ip,t1_0.number,t1_0.region,t1_0.result from transactions t1_0 where t1_0.number=? and t1_0.date between ? and ?
?[0m?[0;34mHibernate: select t1_0.id,t1_0.amount,t1_0.date,t1_0.feedback,t1_0.ip,t1_0.number,t1_0.region,t1_0.result from transactions t1_0 where t1_0.number=? and t1_0.date between ? and ?
?[0m?[0;34mHibernate: select t1_0.id from limits t1_0 where t1_0.type=? fetch first ? rows only
?[0m?[0;34mHibernate: select t1_0.id from limits t1_0 where t1_0.type=? fetch first ? rows only
?[0m?[0;34mHibernate: select s1_0.id from stolen_cards s1_0 where s1_0.number=? fetch first ? rows only
?[0m?[0;34mHibernate: select s1_0.id from suspicious_IPs s1_0 where s1_0.ip=? fetch first ? rows only
?[0m?[0;34mHibernate: select t1_0.id,t1_0.amount,t1_0.date,t1_0.feedback,t1_0.ip,t1_0.number,t1_0.region,t1_0.result from transactions t1_0 where t1_0.number=? and t1_0.date between ? and ?
?[0m?[0;34mHibernate: select t1_0.id,t1_0.amount,t1_0.date,t1_0.feedback,t1_0.ip,t1_0.number,t1_0.region,t1_0.result from transactions t1_0 where t1_0.number=? and t1_0.date between ? and ?
?[0m?[0;34mHibernate: select t1_0.id from limits t1_0 where t1_0.type=? fetch first ? rows only
?[0m?[0;34mHibernate: select t1_0.id from limits t1_0 where t1_0.type=? fetch first ? rows only
?[0m?[0;34mHibernate: select s1_0.id from stolen_cards s1_0 where s1_0.number=? fetch first ? rows only
?[0m?[0;34mHibernate: select s1_0.id from suspicious_IPs s1_0 where s1_0.ip=? fetch first ? rows only
?[0m?[0;34mHibernate: select t1_0.id,t1_0.amount,t1_0.date,t1_0.feedback,t1_0.ip,t1_0.number,t1_0.region,t1_0.result from transactions t1_0 where t1_0.number=? and t1_0.date between ? and ?
?[0m?[0;34mHibernate: select t1_0.id,t1_0.amount,t1_0.date,t1_0.feedback,t1_0.ip,t1_0.number,t1_0.region,t1_0.result from transactions t1_0 where t1_0.number=? and t1_0.date between ? and ?
?[0m?[0;34mHibernate: select t1_0.id from limits t1_0 where t1_0.type=? fetch first ? rows only
?[0m?[0;34mHibernate: select t1_0.id from limits t1_0 where t1_0.type=? fetch first ? rows only
?[0m?[0;34mHibernate: select s1_0.id from stolen_cards s1_0 where s1_0.number=? fetch first ? rows only
?[0m?[0;34mHibernate: select s1_0.id from suspicious_IPs s1_0 where s1_0.ip=? fetch first ? rows only
?[0m?[0;34mHibernate: select t1_0.id,t1_0.amount,t1_0.date,t1_0.feedback,t1_0.ip,t1_0.number,t1_0.region,t1_0.result from transactions t1_0 where t1_0.number=? and t1_0.date between ? and ?
?[0m?[0;34mHibernate: select t1_0.id,t1_0.amount,t1_0.date,t1_0.feedback,t1_0.ip,t1_0.number,t1_0.region,t1_0.result from transactions t1_0 where t1_0.number=? and t1_0.date between ? and ?
?[0m?[0;34mHibernate: select t1_0.id from limits t1_0 where t1_0.type=? fetch first ? rows only
?[0m?[0;34mHibernate: select t1_0.id from limits t1_0 where t1_0.type=? fetch first ? rows only
?[0m?[0;34mHibernate: select s1_0.id from stolen_cards s1_0 where s1_0.number=? fetch first ? rows only
?[0m?[0;34mHibernate: select s1_0.id from suspicious_IPs s1_0 where s1_0.ip=? fetch first ? rows only
?[0m?[0;34mHibernate: select t1_0.id,t1_0.amount,t1_0.date,t1_0.feedback,t1_0.ip,t1_0.number,t1_0.region,t1_0.result from transactions t1_0 where t1_0.number=? and t1_0.date between ? and ?
?[0m?[0;34mHibernate: select t1_0.id,t1_0.amount,t1_0.date,t1_0.feedback,t1_0.ip,t1_0.number,t1_0.region,t1_0.result from transactions t1_0 where t1_0.number=? and t1_0.date between ? and ?
?[0m?[0;34mHibernate: select t1_0.id from limits t1_0 where t1_0.type=? fetch first ? rows only
?[0m?[0;34mHibernate: select t1_0.id from limits t1_0 where t1_0.type=? fetch first ? rows only
?[0m?[0;34mHibernate: select s1_0.id from stolen_cards s1_0 where s1_0.number=? fetch first ? rows only
?[0m?[0;34mHibernate: select s1_0.id from suspicious_IPs s1_0 where s1_0.ip=? fetch first ? rows only
?[0m?[0;34mHibernate: select t1_0.id,t1_0.amount,t1_0.date,t1_0.feedback,t1_0.ip,t1_0.number,t1_0.region,t1_0.result from transactions t1_0 where t1_0.number=? and t1_0.date between ? and ?
?[0m?[0;34mHibernate: select t1_0.id,t1_0.amount,t1_0.date,t1_0.feedback,t1_0.ip,t1_0.number,t1_0.region,t1_0.result from transactions t1_0 where t1_0.number=? and t1_0.date between ? and ?
?[0m?[0;34mHibernate: select t1_0.id from limits t1_0 where t1_0.type=? fetch first ? rows only
?[0m?[0;34mHibernate: select t1_0.id from limits t1_0 where t1_0.type=? fetch first ? rows only
?[0m?[0;34mHibernate: select s1_0.id from stolen_cards s1_0 where s1_0.number=? fetch first ? rows only
?[0m?[0;34mHibernate: select s1_0.id from suspicious_IPs s1_0 where s1_0.ip=? fetch first ? rows only
?[0m?[0;34mHibernate: select t1_0.id,t1_0.amount,t1_0.date,t1_0.feedback,t1_0.ip,t1_0.number,t1_0.region,t1_0.result from transactions t1_0 where t1_0.number=? and t1_0.date between ? and ?
?[0m?[0;34mHibernate: select t1_0.id,t1_0.amount,t1_0.date,t1_0.feedback,t1_0.ip,t1_0.number,t1_0.region,t1_0.result from transactions t1_0 where t1_0.number=? and t1_0.date between ? and ?
?[0m?[0;34mHibernate: select t1_0.id from limits t1_0 where t1_0.type=? fetch first ? rows only
?[0m?[0;34mHibernate: select t1_0.id from limits t1_0 where t1_0.type=? fetch first ? rows only
?[0m?[0;34mHibernate: select s1_0.id from stolen_cards s1_0 where s1_0.number=? fetch first ? rows only
?[0m?[0;34mHibernate: select s1_0.id from suspicious_IPs s1_0 where s1_0.ip=? fetch first ? rows only
?[0m?[0;34mHibernate: select t1_0.id,t1_0.amount,t1_0.date,t1_0.feedback,t1_0.ip,t1_0.number,t1_0.region,t1_0.result from transactions t1_0 where t1_0.number=? and t1_0.date between ? and ?
?[0m?[0;34mHibernate: select t1_0.id,t1_0.amount,t1_0.date,t1_0.feedback,t1_0.ip,t1_0.number,t1_0.region,t1_0.result from transactions t1_0 where t1_0.number=? and t1_0.date between ? and ?
?[0m?[0;34mHibernate: select t1_0.id from limits t1_0 where t1_0.type=? fetch first ? rows only
?[0m?[0;34mHibernate: select t1_0.id from limits t1_0 where t1_0.type=? fetch first ? rows only
?[0m?[0;34mHibernate: select s1_0.id from stolen_cards s1_0 where s1_0.number=? fetch first ? rows only
?[0m?[0;34mHibernate: select s1_0.id from suspicious_IPs s1_0 where s1_0.ip=? fetch first ? rows only
?[0m?[0;34mHibernate: select t1_0.id,t1_0.amount,t1_0.date,t1_0.feedback,t1_0.ip,t1_0.number,t1_0.region,t1_0.result from transactions t1_0 where t1_0.number=? and t1_0.date between ? and ?
?[0m?[0;34mHibernate: select t1_0.id,t1_0.amount,t1_0.date,t1_0.feedback,t1_0.ip,t1_0.number,t1_0.region,t1_0.result from transactions t1_0 where t1_0.number=? and t1_0.date between ? and ?
?[0m?[0;34mHibernate: insert into transactions (amount, date, feedback, ip, number, region, result, id) values (?, ?, ?, ?, ?, ?, ?, ?)
?[0m?[1;31m
Start test 96?[0m
?[0;34mTest case
?[0m?[0;34mTesting api: '/api/antifraud/transaction'
?[0m?[0;34mExpectations: 'Transaction must be PROHIBITED due to - stolen card, suspicious ip reasons'
?[0m?[0;34m-----
?[0m?[0;34mHibernate: select u1_0.id,u1_0.locked,u1_0.name,u1_0.password,u1_0.role,u1_0.username from users u1_0 where upper(u1_0.username)=upper(?)
?[0m?[0;34mHibernate: select t1_0.id from limits t1_0 where t1_0.type=? fetch first ? rows only
?[0m?[0;34mHibernate: select t1_0.id from limits t1_0 where t1_0.type=? fetch first ? rows only
?[0m?[0;34mHibernate: select s1_0.id from stolen_cards s1_0 where s1_0.number=? fetch first ? rows only
?[0m?[0;34mHibernate: select s1_0.id from suspicious_IPs s1_0 where s1_0.ip=? fetch first ? rows only
?[0m?[0;34mHibernate: select t1_0.id,t1_0.amount,t1_0.date,t1_0.feedback,t1_0.ip,t1_0.number,t1_0.region,t1_0.result from transactions t1_0 where t1_0.number=? and t1_0.date between ? and ?
?[0m?[0;34mHibernate: select t1_0.id,t1_0.amount,t1_0.date,t1_0.feedback,t1_0.ip,t1_0.number,t1_0.region,t1_0.result from transactions t1_0 where t1_0.number=? and t1_0.date between ? and ?
?[0m?[0;34mHibernate: select t1_0.id from limits t1_0 where t1_0.type=? fetch first ? rows only
?[0m?[0;34mHibernate: select t1_0.id from limits t1_0 where t1_0.type=? fetch first ? rows only
?[0m?[0;34mHibernate: select s1_0.id from stolen_cards s1_0 where s1_0.number=? fetch first ? rows only
?[0m?[0;34mHibernate: select s1_0.id from suspicious_IPs s1_0 where s1_0.ip=? fetch first ? rows only
?[0m?[0;34mHibernate: select t1_0.id,t1_0.amount,t1_0.date,t1_0.feedback,t1_0.ip,t1_0.number,t1_0.region,t1_0.result from transactions t1_0 where t1_0.number=? and t1_0.date between ? and ?
?[0m?[0;34mHibernate: select t1_0.id,t1_0.amount,t1_0.date,t1_0.feedback,t1_0.ip,t1_0.number,t1_0.region,t1_0.result from transactions t1_0 where t1_0.number=? and t1_0.date between ? and ?
?[0m?[0;34mHibernate: select t1_0.id from limits t1_0 where t1_0.type=? fetch first ? rows only
?[0m?[0;34mHibernate: select t1_0.id from limits t1_0 where t1_0.type=? fetch first ? rows only
?[0m?[0;34mHibernate: select s1_0.id from stolen_cards s1_0 where s1_0.number=? fetch first ? rows only
?[0m?[0;34mHibernate: select s1_0.id from suspicious_IPs s1_0 where s1_0.ip=? fetch first ? rows only
?[0m?[0;34mHibernate: select t1_0.id,t1_0.amount,t1_0.date,t1_0.feedback,t1_0.ip,t1_0.number,t1_0.region,t1_0.result from transactions t1_0 where t1_0.number=? and t1_0.date between ? and ?
?[0m?[0;34mHibernate: select t1_0.id,t1_0.amount,t1_0.date,t1_0.feedback,t1_0.ip,t1_0.number,t1_0.region,t1_0.result from transactions t1_0 where t1_0.number=? and t1_0.date between ? and ?
?[0m?[0;34mHibernate: select t1_0.id from limits t1_0 where t1_0.type=? fetch first ? rows only
?[0m?[0;34mHibernate: select t1_0.id from limits t1_0 where t1_0.type=? fetch first ? rows only
?[0m?[0;34mHibernate: select s1_0.id from stolen_cards s1_0 where s1_0.number=? fetch first ? rows only
?[0m?[0;34mHibernate: select s1_0.id from suspicious_IPs s1_0 where s1_0.ip=? fetch first ? rows only
?[0m?[0;34mHibernate: select t1_0.id,t1_0.amount,t1_0.date,t1_0.feedback,t1_0.ip,t1_0.number,t1_0.region,t1_0.result from transactions t1_0 where t1_0.number=? and t1_0.date between ? and ?
?[0m?[0;34mHibernate: select t1_0.id,t1_0.amount,t1_0.date,t1_0.feedback,t1_0.ip,t1_0.number,t1_0.region,t1_0.result from transactions t1_0 where t1_0.number=? and t1_0.date between ? and ?
?[0m?[0;34mHibernate: select t1_0.id from limits t1_0 where t1_0.type=? fetch first ? rows only
?[0m?[0;34mHibernate: select t1_0.id from limits t1_0 where t1_0.type=? fetch first ? rows only
?[0m?[0;34mHibernate: select s1_0.id from stolen_cards s1_0 where s1_0.number=? fetch first ? rows only
?[0m?[0;34mHibernate: select s1_0.id from suspicious_IPs s1_0 where s1_0.ip=? fetch first ? rows only
?[0m?[0;34mHibernate: select t1_0.id,t1_0.amount,t1_0.date,t1_0.feedback,t1_0.ip,t1_0.number,t1_0.region,t1_0.result from transactions t1_0 where t1_0.number=? and t1_0.date between ? and ?
?[0m?[0;34mHibernate: select t1_0.id,t1_0.amount,t1_0.date,t1_0.feedback,t1_0.ip,t1_0.number,t1_0.region,t1_0.result from transactions t1_0 where t1_0.number=? and t1_0.date between ? and ?
?[0m?[0;34mHibernate: select t1_0.id from limits t1_0 where t1_0.type=? fetch first ? rows only
?[0m?[0;34mHibernate: select t1_0.id from limits t1_0 where t1_0.type=? fetch first ? rows only
?[0m?[0;34mHibernate: select s1_0.id from stolen_cards s1_0 where s1_0.number=? fetch first ? rows only
?[0m?[0;34mHibernate: select s1_0.id from suspicious_IPs s1_0 where s1_0.ip=? fetch first ? rows only
?[0m?[0;34mHibernate: select t1_0.id,t1_0.amount,t1_0.date,t1_0.feedback,t1_0.ip,t1_0.number,t1_0.region,t1_0.result from transactions t1_0 where t1_0.number=? and t1_0.date between ? and ?
?[0m?[0;34mHibernate: select t1_0.id,t1_0.amount,t1_0.date,t1_0.feedback,t1_0.ip,t1_0.number,t1_0.region,t1_0.result from transactions t1_0 where t1_0.number=? and t1_0.date between ? and ?
?[0m?[0;34mHibernate: select t1_0.id from limits t1_0 where t1_0.type=? fetch first ? rows only
?[0m?[0;34mHibernate: select t1_0.id from limits t1_0 where t1_0.type=? fetch first ? rows only
?[0m?[0;34mHibernate: select s1_0.id from stolen_cards s1_0 where s1_0.number=? fetch first ? rows only
?[0m?[0;34mHibernate: select s1_0.id from suspicious_IPs s1_0 where s1_0.ip=? fetch first ? rows only
?[0m?[0;34mHibernate: select t1_0.id,t1_0.amount,t1_0.date,t1_0.feedback,t1_0.ip,t1_0.number,t1_0.region,t1_0.result from transactions t1_0 where t1_0.number=? and t1_0.date between ? and ?
?[0m?[0;34mHibernate: select t1_0.id,t1_0.amount,t1_0.date,t1_0.feedback,t1_0.ip,t1_0.number,t1_0.region,t1_0.result from transactions t1_0 where t1_0.number=? and t1_0.date between ? and ?
?[0m?[0;34mHibernate: select t1_0.id from limits t1_0 where t1_0.type=? fetch first ? rows only
?[0m?[0;34mHibernate: select t1_0.id from limits t1_0 where t1_0.type=? fetch first ? rows only
?[0m?[0;34mHibernate: select s1_0.id from stolen_cards s1_0 where s1_0.number=? fetch first ? rows only
?[0m?[0;34mHibernate: select s1_0.id from suspicious_IPs s1_0 where s1_0.ip=? fetch first ? rows only
?[0m?[0;34mHibernate: select t1_0.id,t1_0.amount,t1_0.date,t1_0.feedback,t1_0.ip,t1_0.number,t1_0.region,t1_0.result from transactions t1_0 where t1_0.number=? and t1_0.date between ? and ?
?[0m?[0;34mHibernate: select t1_0.id,t1_0.amount,t1_0.date,t1_0.feedback,t1_0.ip,t1_0.number,t1_0.region,t1_0.result from transactions t1_0 where t1_0.number=? and t1_0.date between ? and ?
?[0m?[0;34mHibernate: select t1_0.id from limits t1_0 where t1_0.type=? fetch first ? rows only
?[0m?[0;34mHibernate: select t1_0.id from limits t1_0 where t1_0.type=? fetch first ? rows only
?[0m?[0;34mHibernate: select s1_0.id from stolen_cards s1_0 where s1_0.number=? fetch first ? rows only
?[0m?[0;34mHibernate: select s1_0.id from suspicious_IPs s1_0 where s1_0.ip=? fetch first ? rows only
?[0m?[0;34mHibernate: select t1_0.id,t1_0.amount,t1_0.date,t1_0.feedback,t1_0.ip,t1_0.number,t1_0.region,t1_0.result from transactions t1_0 where t1_0.number=? and t1_0.date between ? and ?
?[0m?[0;34mHibernate: select t1_0.id,t1_0.amount,t1_0.date,t1_0.feedback,t1_0.ip,t1_0.number,t1_0.region,t1_0.result from transactions t1_0 where t1_0.number=? and t1_0.date between ? and ?
?[0m?[0;34mHibernate: select t1_0.id from limits t1_0 where t1_0.type=? fetch first ? rows only
?[0m?[0;34mHibernate: select t1_0.id from limits t1_0 where t1_0.type=? fetch first ? rows only
?[0m?[0;34mHibernate: select s1_0.id from stolen_cards s1_0 where s1_0.number=? fetch first ? rows only
?[0m?[0;34mHibernate: select s1_0.id from suspicious_IPs s1_0 where s1_0.ip=? fetch first ? rows only
?[0m?[0;34mHibernate: select t1_0.id,t1_0.amount,t1_0.date,t1_0.feedback,t1_0.ip,t1_0.number,t1_0.region,t1_0.result from transactions t1_0 where t1_0.number=? and t1_0.date between ? and ?
?[0m?[0;34mHibernate: select t1_0.id,t1_0.amount,t1_0.date,t1_0.feedback,t1_0.ip,t1_0.number,t1_0.region,t1_0.result from transactions t1_0 where t1_0.number=? and t1_0.date between ? and ?
?[0m?[0;34mHibernate: select t1_0.id from limits t1_0 where t1_0.type=? fetch first ? rows only
?[0m?[0;34mHibernate: select t1_0.id from limits t1_0 where t1_0.type=? fetch first ? rows only
?[0m?[0;34mHibernate: select s1_0.id from stolen_cards s1_0 where s1_0.number=? fetch first ? rows only
?[0m?[0;34mHibernate: select s1_0.id from suspicious_IPs s1_0 where s1_0.ip=? fetch first ? rows only
?[0m?[0;34mHibernate: select t1_0.id,t1_0.amount,t1_0.date,t1_0.feedback,t1_0.ip,t1_0.number,t1_0.region,t1_0.result from transactions t1_0 where t1_0.number=? and t1_0.date between ? and ?
?[0m?[0;34mHibernate: select t1_0.id,t1_0.amount,t1_0.date,t1_0.feedback,t1_0.ip,t1_0.number,t1_0.region,t1_0.result from transactions t1_0 where t1_0.number=? and t1_0.date between ? and ?
?[0m?[0;34mHibernate: select t1_0.id from limits t1_0 where t1_0.type=? fetch first ? rows only
?[0m?[0;34mHibernate: select t1_0.id from limits t1_0 where t1_0.type=? fetch first ? rows only
?[0m?[0;34mHibernate: select s1_0.id from stolen_cards s1_0 where s1_0.number=? fetch first ? rows only
?[0m?[0;34mHibernate: select s1_0.id from suspicious_IPs s1_0 where s1_0.ip=? fetch first ? rows only
?[0m?[0;34mHibernate: select t1_0.id,t1_0.amount,t1_0.date,t1_0.feedback,t1_0.ip,t1_0.number,t1_0.region,t1_0.result from transactions t1_0 where t1_0.number=? and t1_0.date between ? and ?
?[0m?[0;34mHibernate: select t1_0.id,t1_0.amount,t1_0.date,t1_0.feedback,t1_0.ip,t1_0.number,t1_0.region,t1_0.result from transactions t1_0 where t1_0.number=? and t1_0.date between ? and ?
?[0m?[0;34mHibernate: select t1_0.id from limits t1_0 where t1_0.type=? fetch first ? rows only
?[0m?[0;34mHibernate: select t1_0.id from limits t1_0 where t1_0.type=? fetch first ? rows only
?[0m?[0;34mHibernate: select s1_0.id from stolen_cards s1_0 where s1_0.number=? fetch first ? rows only
?[0m?[0;34mHibernate: select s1_0.id from suspicious_IPs s1_0 where s1_0.ip=? fetch first ? rows only
?[0m?[0;34mHibernate: select t1_0.id,t1_0.amount,t1_0.date,t1_0.feedback,t1_0.ip,t1_0.number,t1_0.region,t1_0.result from transactions t1_0 where t1_0.number=? and t1_0.date between ? and ?
?[0m?[0;34mHibernate: select t1_0.id,t1_0.amount,t1_0.date,t1_0.feedback,t1_0.ip,t1_0.number,t1_0.region,t1_0.result from transactions t1_0 where t1_0.number=? and t1_0.date between ? and ?
?[0m?[0;34mHibernate: select t1_0.id from limits t1_0 where t1_0.type=? fetch first ? rows only
?[0m?[0;34mHibernate: select t1_0.id from limits t1_0 where t1_0.type=? fetch first ? rows only
?[0m?[0;34mHibernate: select s1_0.id from stolen_cards s1_0 where s1_0.number=? fetch first ? rows only
?[0m?[0;34mHibernate: select s1_0.id from suspicious_IPs s1_0 where s1_0.ip=? fetch first ? rows only
?[0m?[0;34mHibernate: select t1_0.id,t1_0.amount,t1_0.date,t1_0.feedback,t1_0.ip,t1_0.number,t1_0.region,t1_0.result from transactions t1_0 where t1_0.number=? and t1_0.date between ? and ?
?[0m?[0;34mHibernate: select t1_0.id,t1_0.amount,t1_0.date,t1_0.feedback,t1_0.ip,t1_0.number,t1_0.region,t1_0.result from transactions t1_0 where t1_0.number=? and t1_0.date between ? and ?
?[0m?[0;34mHibernate: select t1_0.id from limits t1_0 where t1_0.type=? fetch first ? rows only
?[0m?[0;34mHibernate: select t1_0.id from limits t1_0 where t1_0.type=? fetch first ? rows only
?[0m?[0;34mHibernate: select s1_0.id from stolen_cards s1_0 where s1_0.number=? fetch first ? rows only
?[0m?[0;34mHibernate: select s1_0.id from suspicious_IPs s1_0 where s1_0.ip=? fetch first ? rows only
?[0m?[0;34mHibernate: select t1_0.id,t1_0.amount,t1_0.date,t1_0.feedback,t1_0.ip,t1_0.number,t1_0.region,t1_0.result from transactions t1_0 where t1_0.number=? and t1_0.date between ? and ?
?[0m?[0;34mHibernate: select t1_0.id,t1_0.amount,t1_0.date,t1_0.feedback,t1_0.ip,t1_0.number,t1_0.region,t1_0.result from transactions t1_0 where t1_0.number=? and t1_0.date between ? and ?
?[0m?[0;34mHibernate: select t1_0.id from limits t1_0 where t1_0.type=? fetch first ? rows only
?[0m?[0;34mHibernate: select t1_0.id from limits t1_0 where t1_0.type=? fetch first ? rows only
?[0m?[0;34mHibernate: select s1_0.id from stolen_cards s1_0 where s1_0.number=? fetch first ? rows only
?[0m?[0;34mHibernate: select s1_0.id from suspicious_IPs s1_0 where s1_0.ip=? fetch first ? rows only
?[0m?[0;34mHibernate: select t1_0.id,t1_0.amount,t1_0.date,t1_0.feedback,t1_0.ip,t1_0.number,t1_0.region,t1_0.result from transactions t1_0 where t1_0.number=? and t1_0.date between ? and ?
?[0m?[0;34mHibernate: select t1_0.id,t1_0.amount,t1_0.date,t1_0.feedback,t1_0.ip,t1_0.number,t1_0.region,t1_0.result from transactions t1_0 where t1_0.number=? and t1_0.date between ? and ?
?[0m?[0;34mHibernate: select t1_0.id from limits t1_0 where t1_0.type=? fetch first ? rows only
?[0m?[0;34mHibernate: select t1_0.id from limits t1_0 where t1_0.type=? fetch first ? rows only
?[0m?[0;34mHibernate: select s1_0.id from stolen_cards s1_0 where s1_0.number=? fetch first ? rows only
?[0m?[0;34mHibernate: select s1_0.id from suspicious_IPs s1_0 where s1_0.ip=? fetch first ? rows only
?[0m?[0;34mHibernate: select t1_0.id,t1_0.amount,t1_0.date,t1_0.feedback,t1_0.ip,t1_0.number,t1_0.region,t1_0.result from transactions t1_0 where t1_0.number=? and t1_0.date between ? and ?
?[0m?[0;34mHibernate: select t1_0.id,t1_0.amount,t1_0.date,t1_0.feedback,t1_0.ip,t1_0.number,t1_0.region,t1_0.result from transactions t1_0 where t1_0.number=? and t1_0.date between ? and ?
?[0m?[0;34mHibernate: insert into transactions (amount, date, feedback, ip, number, region, result, id) values (?, ?, ?, ?, ?, ?, ?, ?)
?[0m?[1;31m
Start test 97?[0m
?[0;34mTest case
?[0m?[0;34mTesting api: '/api/antifraud/transaction'
?[0m?[0;34mExpectations: 'Transaction must be PROHIBITED due to - amount, stolen card, suspicious ip reasons'
?[0m?[0;34m-----
?[0m?[0;34mHibernate: select u1_0.id,u1_0.locked,u1_0.name,u1_0.password,u1_0.role,u1_0.username from users u1_0 where upper(u1_0.username)=upper(?)
?[0m?[0;34mHibernate: select t1_0.id from limits t1_0 where t1_0.type=? fetch first ? rows only
?[0m?[0;34mHibernate: select t1_0.id from limits t1_0 where t1_0.type=? fetch first ? rows only
?[0m?[0;34mHibernate: select s1_0.id from stolen_cards s1_0 where s1_0.number=? fetch first ? rows only
?[0m?[0;34mHibernate: select s1_0.id from suspicious_IPs s1_0 where s1_0.ip=? fetch first ? rows only
?[0m?[0;34mHibernate: select t1_0.id,t1_0.amount,t1_0.date,t1_0.feedback,t1_0.ip,t1_0.number,t1_0.region,t1_0.result from transactions t1_0 where t1_0.number=? and t1_0.date between ? and ?
?[0m?[0;34mHibernate: select t1_0.id,t1_0.amount,t1_0.date,t1_0.feedback,t1_0.ip,t1_0.number,t1_0.region,t1_0.result from transactions t1_0 where t1_0.number=? and t1_0.date between ? and ?
?[0m?[0;34mHibernate: select t1_0.id from limits t1_0 where t1_0.type=? fetch first ? rows only
?[0m?[0;34mHibernate: select t1_0.id from limits t1_0 where t1_0.type=? fetch first ? rows only
?[0m?[0;34mHibernate: select s1_0.id from stolen_cards s1_0 where s1_0.number=? fetch first ? rows only
?[0m?[0;34mHibernate: select s1_0.id from suspicious_IPs s1_0 where s1_0.ip=? fetch first ? rows only
?[0m?[0;34mHibernate: select t1_0.id,t1_0.amount,t1_0.date,t1_0.feedback,t1_0.ip,t1_0.number,t1_0.region,t1_0.result from transactions t1_0 where t1_0.number=? and t1_0.date between ? and ?
?[0m?[0;34mHibernate: select t1_0.id,t1_0.amount,t1_0.date,t1_0.feedback,t1_0.ip,t1_0.number,t1_0.region,t1_0.result from transactions t1_0 where t1_0.number=? and t1_0.date between ? and ?
?[0m?[0;34mHibernate: select t1_0.id from limits t1_0 where t1_0.type=? fetch first ? rows only
?[0m?[0;34mHibernate: select t1_0.id from limits t1_0 where t1_0.type=? fetch first ? rows only
?[0m?[0;34mHibernate: select s1_0.id from stolen_cards s1_0 where s1_0.number=? fetch first ? rows only
?[0m?[0;34mHibernate: select s1_0.id from suspicious_IPs s1_0 where s1_0.ip=? fetch first ? rows only
?[0m?[0;34mHibernate: select t1_0.id,t1_0.amount,t1_0.date,t1_0.feedback,t1_0.ip,t1_0.number,t1_0.region,t1_0.result from transactions t1_0 where t1_0.number=? and t1_0.date between ? and ?
?[0m?[0;34mHibernate: select t1_0.id,t1_0.amount,t1_0.date,t1_0.feedback,t1_0.ip,t1_0.number,t1_0.region,t1_0.result from transactions t1_0 where t1_0.number=? and t1_0.date between ? and ?
?[0m?[0;34mHibernate: select t1_0.id from limits t1_0 where t1_0.type=? fetch first ? rows only
?[0m?[0;34mHibernate: select t1_0.id from limits t1_0 where t1_0.type=? fetch first ? rows only
?[0m?[0;34mHibernate: select s1_0.id from stolen_cards s1_0 where s1_0.number=? fetch first ? rows only
?[0m?[0;34mHibernate: select s1_0.id from suspicious_IPs s1_0 where s1_0.ip=? fetch first ? rows only
?[0m?[0;34mHibernate: select t1_0.id,t1_0.amount,t1_0.date,t1_0.feedback,t1_0.ip,t1_0.number,t1_0.region,t1_0.result from transactions t1_0 where t1_0.number=? and t1_0.date between ? and ?
?[0m?[0;34mHibernate: select t1_0.id,t1_0.amount,t1_0.date,t1_0.feedback,t1_0.ip,t1_0.number,t1_0.region,t1_0.result from transactions t1_0 where t1_0.number=? and t1_0.date between ? and ?
?[0m?[0;34mHibernate: select t1_0.id from limits t1_0 where t1_0.type=? fetch first ? rows only
?[0m?[0;34mHibernate: select t1_0.id from limits t1_0 where t1_0.type=? fetch first ? rows only
?[0m?[0;34mHibernate: select s1_0.id from stolen_cards s1_0 where s1_0.number=? fetch first ? rows only
?[0m?[0;34mHibernate: select s1_0.id from suspicious_IPs s1_0 where s1_0.ip=? fetch first ? rows only
?[0m?[0;34mHibernate: select t1_0.id,t1_0.amount,t1_0.date,t1_0.feedback,t1_0.ip,t1_0.number,t1_0.region,t1_0.result from transactions t1_0 where t1_0.number=? and t1_0.date between ? and ?
?[0m?[0;34mHibernate: select t1_0.id,t1_0.amount,t1_0.date,t1_0.feedback,t1_0.ip,t1_0.number,t1_0.region,t1_0.result from transactions t1_0 where t1_0.number=? and t1_0.date between ? and ?
?[0m?[0;34mHibernate: select t1_0.id from limits t1_0 where t1_0.type=? fetch first ? rows only
?[0m?[0;34mHibernate: select t1_0.id from limits t1_0 where t1_0.type=? fetch first ? rows only
?[0m?[0;34mHibernate: select s1_0.id from stolen_cards s1_0 where s1_0.number=? fetch first ? rows only
?[0m?[0;34mHibernate: select s1_0.id from suspicious_IPs s1_0 where s1_0.ip=? fetch first ? rows only
?[0m?[0;34mHibernate: select t1_0.id,t1_0.amount,t1_0.date,t1_0.feedback,t1_0.ip,t1_0.number,t1_0.region,t1_0.result from transactions t1_0 where t1_0.number=? and t1_0.date between ? and ?
?[0m?[0;34mHibernate: select t1_0.id,t1_0.amount,t1_0.date,t1_0.feedback,t1_0.ip,t1_0.number,t1_0.region,t1_0.result from transactions t1_0 where t1_0.number=? and t1_0.date between ? and ?
?[0m?[0;34mHibernate: select t1_0.id from limits t1_0 where t1_0.type=? fetch first ? rows only
?[0m?[0;34mHibernate: select t1_0.id from limits t1_0 where t1_0.type=? fetch first ? rows only
?[0m?[0;34mHibernate: select s1_0.id from stolen_cards s1_0 where s1_0.number=? fetch first ? rows only
?[0m?[0;34mHibernate: select s1_0.id from suspicious_IPs s1_0 where s1_0.ip=? fetch first ? rows only
?[0m?[0;34mHibernate: select t1_0.id,t1_0.amount,t1_0.date,t1_0.feedback,t1_0.ip,t1_0.number,t1_0.region,t1_0.result from transactions t1_0 where t1_0.number=? and t1_0.date between ? and ?
?[0m?[0;34mHibernate: select t1_0.id,t1_0.amount,t1_0.date,t1_0.feedback,t1_0.ip,t1_0.number,t1_0.region,t1_0.result from transactions t1_0 where t1_0.number=? and t1_0.date between ? and ?
?[0m?[0;34mHibernate: select t1_0.id from limits t1_0 where t1_0.type=? fetch first ? rows only
?[0m?[0;34mHibernate: select t1_0.id from limits t1_0 where t1_0.type=? fetch first ? rows only
?[0m?[0;34mHibernate: select s1_0.id from stolen_cards s1_0 where s1_0.number=? fetch first ? rows only
?[0m?[0;34mHibernate: select s1_0.id from suspicious_IPs s1_0 where s1_0.ip=? fetch first ? rows only
?[0m?[0;34mHibernate: select t1_0.id,t1_0.amount,t1_0.date,t1_0.feedback,t1_0.ip,t1_0.number,t1_0.region,t1_0.result from transactions t1_0 where t1_0.number=? and t1_0.date between ? and ?
?[0m?[0;34mHibernate: select t1_0.id,t1_0.amount,t1_0.date,t1_0.feedback,t1_0.ip,t1_0.number,t1_0.region,t1_0.result from transactions t1_0 where t1_0.number=? and t1_0.date between ? and ?
?[0m?[0;34mHibernate: select t1_0.id from limits t1_0 where t1_0.type=? fetch first ? rows only
?[0m?[0;34mHibernate: select t1_0.id from limits t1_0 where t1_0.type=? fetch first ? rows only
?[0m?[0;34mHibernate: select s1_0.id from stolen_cards s1_0 where s1_0.number=? fetch first ? rows only
?[0m?[0;34mHibernate: select s1_0.id from suspicious_IPs s1_0 where s1_0.ip=? fetch first ? rows only
?[0m?[0;34mHibernate: select t1_0.id,t1_0.amount,t1_0.date,t1_0.feedback,t1_0.ip,t1_0.number,t1_0.region,t1_0.result from transactions t1_0 where t1_0.number=? and t1_0.date between ? and ?
?[0m?[0;34mHibernate: select t1_0.id,t1_0.amount,t1_0.date,t1_0.feedback,t1_0.ip,t1_0.number,t1_0.region,t1_0.result from transactions t1_0 where t1_0.number=? and t1_0.date between ? and ?
?[0m?[0;34mHibernate: select t1_0.id from limits t1_0 where t1_0.type=? fetch first ? rows only
?[0m?[0;34mHibernate: select t1_0.id from limits t1_0 where t1_0.type=? fetch first ? rows only
?[0m?[0;34mHibernate: select s1_0.id from stolen_cards s1_0 where s1_0.number=? fetch first ? rows only
?[0m?[0;34mHibernate: select s1_0.id from suspicious_IPs s1_0 where s1_0.ip=? fetch first ? rows only
?[0m?[0;34mHibernate: select t1_0.id,t1_0.amount,t1_0.date,t1_0.feedback,t1_0.ip,t1_0.number,t1_0.region,t1_0.result from transactions t1_0 where t1_0.number=? and t1_0.date between ? and ?
?[0m?[0;34mHibernate: select t1_0.id,t1_0.amount,t1_0.date,t1_0.feedback,t1_0.ip,t1_0.number,t1_0.region,t1_0.result from transactions t1_0 where t1_0.number=? and t1_0.date between ? and ?
?[0m?[0;34mHibernate: select t1_0.id from limits t1_0 where t1_0.type=? fetch first ? rows only
?[0m?[0;34mHibernate: select t1_0.id from limits t1_0 where t1_0.type=? fetch first ? rows only
?[0m?[0;34mHibernate: select s1_0.id from stolen_cards s1_0 where s1_0.number=? fetch first ? rows only
?[0m?[0;34mHibernate: select s1_0.id from suspicious_IPs s1_0 where s1_0.ip=? fetch first ? rows only
?[0m?[0;34mHibernate: select t1_0.id,t1_0.amount,t1_0.date,t1_0.feedback,t1_0.ip,t1_0.number,t1_0.region,t1_0.result from transactions t1_0 where t1_0.number=? and t1_0.date between ? and ?
?[0m?[0;34mHibernate: select t1_0.id,t1_0.amount,t1_0.date,t1_0.feedback,t1_0.ip,t1_0.number,t1_0.region,t1_0.result from transactions t1_0 where t1_0.number=? and t1_0.date between ? and ?
?[0m?[0;34mHibernate: select t1_0.id from limits t1_0 where t1_0.type=? fetch first ? rows only
?[0m?[0;34mHibernate: select t1_0.id from limits t1_0 where t1_0.type=? fetch first ? rows only
?[0m?[0;34mHibernate: select s1_0.id from stolen_cards s1_0 where s1_0.number=? fetch first ? rows only
?[0m?[0;34mHibernate: select s1_0.id from suspicious_IPs s1_0 where s1_0.ip=? fetch first ? rows only
?[0m?[0;34mHibernate: select t1_0.id,t1_0.amount,t1_0.date,t1_0.feedback,t1_0.ip,t1_0.number,t1_0.region,t1_0.result from transactions t1_0 where t1_0.number=? and t1_0.date between ? and ?
?[0m?[0;34mHibernate: select t1_0.id,t1_0.amount,t1_0.date,t1_0.feedback,t1_0.ip,t1_0.number,t1_0.region,t1_0.result from transactions t1_0 where t1_0.number=? and t1_0.date between ? and ?
?[0m?[0;34mHibernate: select t1_0.id from limits t1_0 where t1_0.type=? fetch first ? rows only
?[0m?[0;34mHibernate: select t1_0.id from limits t1_0 where t1_0.type=? fetch first ? rows only
?[0m?[0;34mHibernate: select s1_0.id from stolen_cards s1_0 where s1_0.number=? fetch first ? rows only
?[0m?[0;34mHibernate: select s1_0.id from suspicious_IPs s1_0 where s1_0.ip=? fetch first ? rows only
?[0m?[0;34mHibernate: select t1_0.id,t1_0.amount,t1_0.date,t1_0.feedback,t1_0.ip,t1_0.number,t1_0.region,t1_0.result from transactions t1_0 where t1_0.number=? and t1_0.date between ? and ?
?[0m?[0;34mHibernate: select t1_0.id,t1_0.amount,t1_0.date,t1_0.feedback,t1_0.ip,t1_0.number,t1_0.region,t1_0.result from transactions t1_0 where t1_0.number=? and t1_0.date between ? and ?
?[0m?[0;34mHibernate: select t1_0.id from limits t1_0 where t1_0.type=? fetch first ? rows only
?[0m?[0;34mHibernate: select t1_0.id from limits t1_0 where t1_0.type=? fetch first ? rows only
?[0m?[0;34mHibernate: select s1_0.id from stolen_cards s1_0 where s1_0.number=? fetch first ? rows only
?[0m?[0;34mHibernate: select s1_0.id from suspicious_IPs s1_0 where s1_0.ip=? fetch first ? rows only
?[0m?[0;34mHibernate: select t1_0.id,t1_0.amount,t1_0.date,t1_0.feedback,t1_0.ip,t1_0.number,t1_0.region,t1_0.result from transactions t1_0 where t1_0.number=? and t1_0.date between ? and ?
?[0m?[0;34mHibernate: select t1_0.id,t1_0.amount,t1_0.date,t1_0.feedback,t1_0.ip,t1_0.number,t1_0.region,t1_0.result from transactions t1_0 where t1_0.number=? and t1_0.date between ? and ?
?[0m?[0;34mHibernate: select t1_0.id from limits t1_0 where t1_0.type=? fetch first ? rows only
?[0m?[0;34mHibernate: select t1_0.id from limits t1_0 where t1_0.type=? fetch first ? rows only
?[0m?[0;34mHibernate: select s1_0.id from stolen_cards s1_0 where s1_0.number=? fetch first ? rows only
?[0m?[0;34mHibernate: select s1_0.id from suspicious_IPs s1_0 where s1_0.ip=? fetch first ? rows only
?[0m?[0;34mHibernate: select t1_0.id,t1_0.amount,t1_0.date,t1_0.feedback,t1_0.ip,t1_0.number,t1_0.region,t1_0.result from transactions t1_0 where t1_0.number=? and t1_0.date between ? and ?
?[0m?[0;34mHibernate: select t1_0.id,t1_0.amount,t1_0.date,t1_0.feedback,t1_0.ip,t1_0.number,t1_0.region,t1_0.result from transactions t1_0 where t1_0.number=? and t1_0.date between ? and ?
?[0m?[0;34mHibernate: select t1_0.id from limits t1_0 where t1_0.type=? fetch first ? rows only
?[0m?[0;34mHibernate: select t1_0.id from limits t1_0 where t1_0.type=? fetch first ? rows only
?[0m?[0;34mHibernate: select s1_0.id from stolen_cards s1_0 where s1_0.number=? fetch first ? rows only
?[0m?[0;34mHibernate: select s1_0.id from suspicious_IPs s1_0 where s1_0.ip=? fetch first ? rows only
?[0m?[0;34mHibernate: select t1_0.id,t1_0.amount,t1_0.date,t1_0.feedback,t1_0.ip,t1_0.number,t1_0.region,t1_0.result from transactions t1_0 where t1_0.number=? and t1_0.date between ? and ?
?[0m?[0;34mHibernate: select t1_0.id,t1_0.amount,t1_0.date,t1_0.feedback,t1_0.ip,t1_0.number,t1_0.region,t1_0.result from transactions t1_0 where t1_0.number=? and t1_0.date between ? and ?
?[0m?[0;34mHibernate: select t1_0.id from limits t1_0 where t1_0.type=? fetch first ? rows only
?[0m?[0;34mHibernate: select t1_0.id from limits t1_0 where t1_0.type=? fetch first ? rows only
?[0m?[0;34mHibernate: select s1_0.id from stolen_cards s1_0 where s1_0.number=? fetch first ? rows only
?[0m?[0;34mHibernate: select s1_0.id from suspicious_IPs s1_0 where s1_0.ip=? fetch first ? rows only
?[0m?[0;34mHibernate: select t1_0.id,t1_0.amount,t1_0.date,t1_0.feedback,t1_0.ip,t1_0.number,t1_0.region,t1_0.result from transactions t1_0 where t1_0.number=? and t1_0.date between ? and ?
?[0m?[0;34mHibernate: select t1_0.id,t1_0.amount,t1_0.date,t1_0.feedback,t1_0.ip,t1_0.number,t1_0.region,t1_0.result from transactions t1_0 where t1_0.number=? and t1_0.date between ? and ?
?[0m?[0;34mHibernate: insert into transactions (amount, date, feedback, ip, number, region, result, id) values (?, ?, ?, ?, ?, ?, ?, ?)
?[0m?[1;31m
Start test 98?[0m
?[0;34mTest case
?[0m?[0;34mTesting api: '/api/antifraud/transaction'
?[0m?[0;34mExpectations: 'Transaction must be ALLOWED'
?[0m?[0;34m-----
?[0m?[0;34mHibernate: select u1_0.id,u1_0.locked,u1_0.name,u1_0.password,u1_0.role,u1_0.username from users u1_0 where upper(u1_0.username)=upper(?)
?[0m?[0;34mHibernate: select t1_0.id from limits t1_0 where t1_0.type=? fetch first ? rows only
?[0m?[0;34mHibernate: select t1_0.id from limits t1_0 where t1_0.type=? fetch first ? rows only
?[0m?[0;34mHibernate: select s1_0.id from stolen_cards s1_0 where s1_0.number=? fetch first ? rows only
?[0m?[0;34mHibernate: select s1_0.id from suspicious_IPs s1_0 where s1_0.ip=? fetch first ? rows only
?[0m?[0;34mHibernate: select t1_0.id,t1_0.amount,t1_0.date,t1_0.feedback,t1_0.ip,t1_0.number,t1_0.region,t1_0.result from transactions t1_0 where t1_0.number=? and t1_0.date between ? and ?
?[0m?[0;34mHibernate: select t1_0.id,t1_0.amount,t1_0.date,t1_0.feedback,t1_0.ip,t1_0.number,t1_0.region,t1_0.result from transactions t1_0 where t1_0.number=? and t1_0.date between ? and ?
?[0m?[0;34mHibernate: select t1_0.id from limits t1_0 where t1_0.type=? fetch first ? rows only
?[0m?[0;34mHibernate: select t1_0.id from limits t1_0 where t1_0.type=? fetch first ? rows only
?[0m?[0;34mHibernate: select s1_0.id from stolen_cards s1_0 where s1_0.number=? fetch first ? rows only
?[0m?[0;34mHibernate: select s1_0.id from suspicious_IPs s1_0 where s1_0.ip=? fetch first ? rows only
?[0m?[0;34mHibernate: select t1_0.id,t1_0.amount,t1_0.date,t1_0.feedback,t1_0.ip,t1_0.number,t1_0.region,t1_0.result from transactions t1_0 where t1_0.number=? and t1_0.date between ? and ?
?[0m?[0;34mHibernate: select t1_0.id,t1_0.amount,t1_0.date,t1_0.feedback,t1_0.ip,t1_0.number,t1_0.region,t1_0.result from transactions t1_0 where t1_0.number=? and t1_0.date between ? and ?
?[0m?[0;34mHibernate: select t1_0.id from limits t1_0 where t1_0.type=? fetch first ? rows only
?[0m?[0;34mHibernate: select t1_0.id from limits t1_0 where t1_0.type=? fetch first ? rows only
?[0m?[0;34mHibernate: select s1_0.id from stolen_cards s1_0 where s1_0.number=? fetch first ? rows only
?[0m?[0;34mHibernate: select s1_0.id from suspicious_IPs s1_0 where s1_0.ip=? fetch first ? rows only
?[0m?[0;34mHibernate: select t1_0.id,t1_0.amount,t1_0.date,t1_0.feedback,t1_0.ip,t1_0.number,t1_0.region,t1_0.result from transactions t1_0 where t1_0.number=? and t1_0.date between ? and ?
?[0m?[0;34mHibernate: select t1_0.id,t1_0.amount,t1_0.date,t1_0.feedback,t1_0.ip,t1_0.number,t1_0.region,t1_0.result from transactions t1_0 where t1_0.number=? and t1_0.date between ? and ?
?[0m?[0;34mHibernate: select t1_0.id from limits t1_0 where t1_0.type=? fetch first ? rows only
?[0m?[0;34mHibernate: select t1_0.id from limits t1_0 where t1_0.type=? fetch first ? rows only
?[0m?[0;34mHibernate: select s1_0.id from stolen_cards s1_0 where s1_0.number=? fetch first ? rows only
?[0m?[0;34mHibernate: select s1_0.id from suspicious_IPs s1_0 where s1_0.ip=? fetch first ? rows only
?[0m?[0;34mHibernate: select t1_0.id,t1_0.amount,t1_0.date,t1_0.feedback,t1_0.ip,t1_0.number,t1_0.region,t1_0.result from transactions t1_0 where t1_0.number=? and t1_0.date between ? and ?
?[0m?[0;34mHibernate: select t1_0.id,t1_0.amount,t1_0.date,t1_0.feedback,t1_0.ip,t1_0.number,t1_0.region,t1_0.result from transactions t1_0 where t1_0.number=? and t1_0.date between ? and ?
?[0m?[0;34mHibernate: select t1_0.id from limits t1_0 where t1_0.type=? fetch first ? rows only
?[0m?[0;34mHibernate: select t1_0.id from limits t1_0 where t1_0.type=? fetch first ? rows only
?[0m?[0;34mHibernate: select s1_0.id from stolen_cards s1_0 where s1_0.number=? fetch first ? rows only
?[0m?[0;34mHibernate: select s1_0.id from suspicious_IPs s1_0 where s1_0.ip=? fetch first ? rows only
?[0m?[0;34mHibernate: select t1_0.id,t1_0.amount,t1_0.date,t1_0.feedback,t1_0.ip,t1_0.number,t1_0.region,t1_0.result from transactions t1_0 where t1_0.number=? and t1_0.date between ? and ?
?[0m?[0;34mHibernate: select t1_0.id,t1_0.amount,t1_0.date,t1_0.feedback,t1_0.ip,t1_0.number,t1_0.region,t1_0.result from transactions t1_0 where t1_0.number=? and t1_0.date between ? and ?
?[0m?[0;34mHibernate: select t1_0.id from limits t1_0 where t1_0.type=? fetch first ? rows only
?[0m?[0;34mHibernate: select t1_0.id from limits t1_0 where t1_0.type=? fetch first ? rows only
?[0m?[0;34mHibernate: select s1_0.id from stolen_cards s1_0 where s1_0.number=? fetch first ? rows only
?[0m?[0;34mHibernate: select s1_0.id from suspicious_IPs s1_0 where s1_0.ip=? fetch first ? rows only
?[0m?[0;34mHibernate: select t1_0.id,t1_0.amount,t1_0.date,t1_0.feedback,t1_0.ip,t1_0.number,t1_0.region,t1_0.result from transactions t1_0 where t1_0.number=? and t1_0.date between ? and ?
?[0m?[0;34mHibernate: select t1_0.id,t1_0.amount,t1_0.date,t1_0.feedback,t1_0.ip,t1_0.number,t1_0.region,t1_0.result from transactions t1_0 where t1_0.number=? and t1_0.date between ? and ?
?[0m?[0;34mHibernate: select t1_0.id from limits t1_0 where t1_0.type=? fetch first ? rows only
?[0m?[0;34mHibernate: select t1_0.id from limits t1_0 where t1_0.type=? fetch first ? rows only
?[0m?[0;34mHibernate: select s1_0.id from stolen_cards s1_0 where s1_0.number=? fetch first ? rows only
?[0m?[0;34mHibernate: select s1_0.id from suspicious_IPs s1_0 where s1_0.ip=? fetch first ? rows only
?[0m?[0;34mHibernate: select t1_0.id,t1_0.amount,t1_0.date,t1_0.feedback,t1_0.ip,t1_0.number,t1_0.region,t1_0.result from transactions t1_0 where t1_0.number=? and t1_0.date between ? and ?
?[0m?[0;34mHibernate: select t1_0.id,t1_0.amount,t1_0.date,t1_0.feedback,t1_0.ip,t1_0.number,t1_0.region,t1_0.result from transactions t1_0 where t1_0.number=? and t1_0.date between ? and ?
?[0m?[0;34mHibernate: select t1_0.id from limits t1_0 where t1_0.type=? fetch first ? rows only
?[0m?[0;34mHibernate: select t1_0.id from limits t1_0 where t1_0.type=? fetch first ? rows only
?[0m?[0;34mHibernate: select s1_0.id from stolen_cards s1_0 where s1_0.number=? fetch first ? rows only
?[0m?[0;34mHibernate: select s1_0.id from suspicious_IPs s1_0 where s1_0.ip=? fetch first ? rows only
?[0m?[0;34mHibernate: select t1_0.id,t1_0.amount,t1_0.date,t1_0.feedback,t1_0.ip,t1_0.number,t1_0.region,t1_0.result from transactions t1_0 where t1_0.number=? and t1_0.date between ? and ?
?[0m?[0;34mHibernate: select t1_0.id,t1_0.amount,t1_0.date,t1_0.feedback,t1_0.ip,t1_0.number,t1_0.region,t1_0.result from transactions t1_0 where t1_0.number=? and t1_0.date between ? and ?
?[0m?[0;34mHibernate: select t1_0.id from limits t1_0 where t1_0.type=? fetch first ? rows only
?[0m?[0;34mHibernate: select t1_0.id from limits t1_0 where t1_0.type=? fetch first ? rows only
?[0m?[0;34mHibernate: select s1_0.id from stolen_cards s1_0 where s1_0.number=? fetch first ? rows only
?[0m?[0;34mHibernate: select s1_0.id from suspicious_IPs s1_0 where s1_0.ip=? fetch first ? rows only
?[0m?[0;34mHibernate: select t1_0.id,t1_0.amount,t1_0.date,t1_0.feedback,t1_0.ip,t1_0.number,t1_0.region,t1_0.result from transactions t1_0 where t1_0.number=? and t1_0.date between ? and ?
?[0m?[0;34mHibernate: select t1_0.id,t1_0.amount,t1_0.date,t1_0.feedback,t1_0.ip,t1_0.number,t1_0.region,t1_0.result from transactions t1_0 where t1_0.number=? and t1_0.date between ? and ?
?[0m?[0;34mHibernate: select t1_0.id from limits t1_0 where t1_0.type=? fetch first ? rows only
?[0m?[0;34mHibernate: select t1_0.id from limits t1_0 where t1_0.type=? fetch first ? rows only
?[0m?[0;34mHibernate: select s1_0.id from stolen_cards s1_0 where s1_0.number=? fetch first ? rows only
?[0m?[0;34mHibernate: select s1_0.id from suspicious_IPs s1_0 where s1_0.ip=? fetch first ? rows only
?[0m?[0;34mHibernate: select t1_0.id,t1_0.amount,t1_0.date,t1_0.feedback,t1_0.ip,t1_0.number,t1_0.region,t1_0.result from transactions t1_0 where t1_0.number=? and t1_0.date between ? and ?
?[0m?[0;34mHibernate: select t1_0.id,t1_0.amount,t1_0.date,t1_0.feedback,t1_0.ip,t1_0.number,t1_0.region,t1_0.result from transactions t1_0 where t1_0.number=? and t1_0.date between ? and ?
?[0m?[0;34mHibernate: select t1_0.id from limits t1_0 where t1_0.type=? fetch first ? rows only
?[0m?[0;34mHibernate: select t1_0.id from limits t1_0 where t1_0.type=? fetch first ? rows only
?[0m?[0;34mHibernate: select s1_0.id from stolen_cards s1_0 where s1_0.number=? fetch first ? rows only
?[0m?[0;34mHibernate: select s1_0.id from suspicious_IPs s1_0 where s1_0.ip=? fetch first ? rows only
?[0m?[0;34mHibernate: select t1_0.id,t1_0.amount,t1_0.date,t1_0.feedback,t1_0.ip,t1_0.number,t1_0.region,t1_0.result from transactions t1_0 where t1_0.number=? and t1_0.date between ? and ?
?[0m?[0;34mHibernate: select t1_0.id,t1_0.amount,t1_0.date,t1_0.feedback,t1_0.ip,t1_0.number,t1_0.region,t1_0.result from transactions t1_0 where t1_0.number=? and t1_0.date between ? and ?
?[0m?[0;34mHibernate: insert into transactions (amount, date, feedback, ip, number, region, result, id) values (?, ?, ?, ?, ?, ?, ?, ?)
?[0m?[1;31m
Start test 99?[0m
?[0;34mTest case
?[0m?[0;34mTesting api: '/api/antifraud/transaction'
?[0m?[0;34mExpectations: 'Transaction must be ALLOWED'
?[0m?[0;34m-----
?[0m?[0;34mHibernate: select u1_0.id,u1_0.locked,u1_0.name,u1_0.password,u1_0.role,u1_0.username from users u1_0 where upper(u1_0.username)=upper(?)
?[0m?[0;34mHibernate: select t1_0.id from limits t1_0 where t1_0.type=? fetch first ? rows only
?[0m?[0;34mHibernate: select t1_0.id from limits t1_0 where t1_0.type=? fetch first ? rows only
?[0m?[0;34mHibernate: select s1_0.id from stolen_cards s1_0 where s1_0.number=? fetch first ? rows only
?[0m?[0;34mHibernate: select s1_0.id from suspicious_IPs s1_0 where s1_0.ip=? fetch first ? rows only
?[0m?[0;34mHibernate: select t1_0.id,t1_0.amount,t1_0.date,t1_0.feedback,t1_0.ip,t1_0.number,t1_0.region,t1_0.result from transactions t1_0 where t1_0.number=? and t1_0.date between ? and ?
?[0m?[0;34mHibernate: select t1_0.id,t1_0.amount,t1_0.date,t1_0.feedback,t1_0.ip,t1_0.number,t1_0.region,t1_0.result from transactions t1_0 where t1_0.number=? and t1_0.date between ? and ?
?[0m?[0;34mHibernate: select t1_0.id from limits t1_0 where t1_0.type=? fetch first ? rows only
?[0m?[0;34mHibernate: select t1_0.id from limits t1_0 where t1_0.type=? fetch first ? rows only
?[0m?[0;34mHibernate: select s1_0.id from stolen_cards s1_0 where s1_0.number=? fetch first ? rows only
?[0m?[0;34mHibernate: select s1_0.id from suspicious_IPs s1_0 where s1_0.ip=? fetch first ? rows only
?[0m?[0;34mHibernate: select t1_0.id,t1_0.amount,t1_0.date,t1_0.feedback,t1_0.ip,t1_0.number,t1_0.region,t1_0.result from transactions t1_0 where t1_0.number=? and t1_0.date between ? and ?
?[0m?[0;34mHibernate: select t1_0.id,t1_0.amount,t1_0.date,t1_0.feedback,t1_0.ip,t1_0.number,t1_0.region,t1_0.result from transactions t1_0 where t1_0.number=? and t1_0.date between ? and ?
?[0m?[0;34mHibernate: select t1_0.id from limits t1_0 where t1_0.type=? fetch first ? rows only
?[0m?[0;34mHibernate: select t1_0.id from limits t1_0 where t1_0.type=? fetch first ? rows only
?[0m?[0;34mHibernate: select s1_0.id from stolen_cards s1_0 where s1_0.number=? fetch first ? rows only
?[0m?[0;34mHibernate: select s1_0.id from suspicious_IPs s1_0 where s1_0.ip=? fetch first ? rows only
?[0m?[0;34mHibernate: select t1_0.id,t1_0.amount,t1_0.date,t1_0.feedback,t1_0.ip,t1_0.number,t1_0.region,t1_0.result from transactions t1_0 where t1_0.number=? and t1_0.date between ? and ?
?[0m?[0;34mHibernate: select t1_0.id,t1_0.amount,t1_0.date,t1_0.feedback,t1_0.ip,t1_0.number,t1_0.region,t1_0.result from transactions t1_0 where t1_0.number=? and t1_0.date between ? and ?
?[0m?[0;34mHibernate: select t1_0.id from limits t1_0 where t1_0.type=? fetch first ? rows only
?[0m?[0;34mHibernate: select t1_0.id from limits t1_0 where t1_0.type=? fetch first ? rows only
?[0m?[0;34mHibernate: select s1_0.id from stolen_cards s1_0 where s1_0.number=? fetch first ? rows only
?[0m?[0;34mHibernate: select s1_0.id from suspicious_IPs s1_0 where s1_0.ip=? fetch first ? rows only
?[0m?[0;34mHibernate: select t1_0.id,t1_0.amount,t1_0.date,t1_0.feedback,t1_0.ip,t1_0.number,t1_0.region,t1_0.result from transactions t1_0 where t1_0.number=? and t1_0.date between ? and ?
?[0m?[0;34mHibernate: select t1_0.id,t1_0.amount,t1_0.date,t1_0.feedback,t1_0.ip,t1_0.number,t1_0.region,t1_0.result from transactions t1_0 where t1_0.number=? and t1_0.date between ? and ?
?[0m?[0;34mHibernate: select t1_0.id from limits t1_0 where t1_0.type=? fetch first ? rows only
?[0m?[0;34mHibernate: select t1_0.id from limits t1_0 where t1_0.type=? fetch first ? rows only
?[0m?[0;34mHibernate: select s1_0.id from stolen_cards s1_0 where s1_0.number=? fetch first ? rows only
?[0m?[0;34mHibernate: select s1_0.id from suspicious_IPs s1_0 where s1_0.ip=? fetch first ? rows only
?[0m?[0;34mHibernate: select t1_0.id,t1_0.amount,t1_0.date,t1_0.feedback,t1_0.ip,t1_0.number,t1_0.region,t1_0.result from transactions t1_0 where t1_0.number=? and t1_0.date between ? and ?
?[0m?[0;34mHibernate: select t1_0.id,t1_0.amount,t1_0.date,t1_0.feedback,t1_0.ip,t1_0.number,t1_0.region,t1_0.result from transactions t1_0 where t1_0.number=? and t1_0.date between ? and ?
?[0m?[0;34mHibernate: select t1_0.id from limits t1_0 where t1_0.type=? fetch first ? rows only
?[0m?[0;34mHibernate: select t1_0.id from limits t1_0 where t1_0.type=? fetch first ? rows only
?[0m?[0;34mHibernate: select s1_0.id from stolen_cards s1_0 where s1_0.number=? fetch first ? rows only
?[0m?[0;34mHibernate: select s1_0.id from suspicious_IPs s1_0 where s1_0.ip=? fetch first ? rows only
?[0m?[0;34mHibernate: select t1_0.id,t1_0.amount,t1_0.date,t1_0.feedback,t1_0.ip,t1_0.number,t1_0.region,t1_0.result from transactions t1_0 where t1_0.number=? and t1_0.date between ? and ?
?[0m?[0;34mHibernate: select t1_0.id,t1_0.amount,t1_0.date,t1_0.feedback,t1_0.ip,t1_0.number,t1_0.region,t1_0.result from transactions t1_0 where t1_0.number=? and t1_0.date between ? and ?
?[0m?[0;34mHibernate: select t1_0.id from limits t1_0 where t1_0.type=? fetch first ? rows only
?[0m?[0;34mHibernate: select t1_0.id from limits t1_0 where t1_0.type=? fetch first ? rows only
?[0m?[0;34mHibernate: select s1_0.id from stolen_cards s1_0 where s1_0.number=? fetch first ? rows only
?[0m?[0;34mHibernate: select s1_0.id from suspicious_IPs s1_0 where s1_0.ip=? fetch first ? rows only
?[0m?[0;34mHibernate: select t1_0.id,t1_0.amount,t1_0.date,t1_0.feedback,t1_0.ip,t1_0.number,t1_0.region,t1_0.result from transactions t1_0 where t1_0.number=? and t1_0.date between ? and ?
?[0m?[0;34mHibernate: select t1_0.id,t1_0.amount,t1_0.date,t1_0.feedback,t1_0.ip,t1_0.number,t1_0.region,t1_0.result from transactions t1_0 where t1_0.number=? and t1_0.date between ? and ?
?[0m?[0;34mHibernate: select t1_0.id from limits t1_0 where t1_0.type=? fetch first ? rows only
?[0m?[0;34mHibernate: select t1_0.id from limits t1_0 where t1_0.type=? fetch first ? rows only
?[0m?[0;34mHibernate: select s1_0.id from stolen_cards s1_0 where s1_0.number=? fetch first ? rows only
?[0m?[0;34mHibernate: select s1_0.id from suspicious_IPs s1_0 where s1_0.ip=? fetch first ? rows only
?[0m?[0;34mHibernate: select t1_0.id,t1_0.amount,t1_0.date,t1_0.feedback,t1_0.ip,t1_0.number,t1_0.region,t1_0.result from transactions t1_0 where t1_0.number=? and t1_0.date between ? and ?
?[0m?[0;34mHibernate: select t1_0.id,t1_0.amount,t1_0.date,t1_0.feedback,t1_0.ip,t1_0.number,t1_0.region,t1_0.result from transactions t1_0 where t1_0.number=? and t1_0.date between ? and ?
?[0m?[0;34mHibernate: select t1_0.id from limits t1_0 where t1_0.type=? fetch first ? rows only
?[0m?[0;34mHibernate: select t1_0.id from limits t1_0 where t1_0.type=? fetch first ? rows only
?[0m?[0;34mHibernate: select s1_0.id from stolen_cards s1_0 where s1_0.number=? fetch first ? rows only
?[0m?[0;34mHibernate: select s1_0.id from suspicious_IPs s1_0 where s1_0.ip=? fetch first ? rows only
?[0m?[0;34mHibernate: select t1_0.id,t1_0.amount,t1_0.date,t1_0.feedback,t1_0.ip,t1_0.number,t1_0.region,t1_0.result from transactions t1_0 where t1_0.number=? and t1_0.date between ? and ?
?[0m?[0;34mHibernate: select t1_0.id,t1_0.amount,t1_0.date,t1_0.feedback,t1_0.ip,t1_0.number,t1_0.region,t1_0.result from transactions t1_0 where t1_0.number=? and t1_0.date between ? and ?
?[0m?[0;34mHibernate: select t1_0.id from limits t1_0 where t1_0.type=? fetch first ? rows only
?[0m?[0;34mHibernate: select t1_0.id from limits t1_0 where t1_0.type=? fetch first ? rows only
?[0m?[0;34mHibernate: select s1_0.id from stolen_cards s1_0 where s1_0.number=? fetch first ? rows only
?[0m?[0;34mHibernate: select s1_0.id from suspicious_IPs s1_0 where s1_0.ip=? fetch first ? rows only
?[0m?[0;34mHibernate: select t1_0.id,t1_0.amount,t1_0.date,t1_0.feedback,t1_0.ip,t1_0.number,t1_0.region,t1_0.result from transactions t1_0 where t1_0.number=? and t1_0.date between ? and ?
?[0m?[0;34mHibernate: select t1_0.id,t1_0.amount,t1_0.date,t1_0.feedback,t1_0.ip,t1_0.number,t1_0.region,t1_0.result from transactions t1_0 where t1_0.number=? and t1_0.date between ? and ?
?[0m?[0;34mHibernate: select t1_0.id from limits t1_0 where t1_0.type=? fetch first ? rows only
?[0m?[0;34mHibernate: select t1_0.id from limits t1_0 where t1_0.type=? fetch first ? rows only
?[0m?[0;34mHibernate: select s1_0.id from stolen_cards s1_0 where s1_0.number=? fetch first ? rows only
?[0m?[0;34mHibernate: select s1_0.id from suspicious_IPs s1_0 where s1_0.ip=? fetch first ? rows only
?[0m?[0;34mHibernate: select t1_0.id,t1_0.amount,t1_0.date,t1_0.feedback,t1_0.ip,t1_0.number,t1_0.region,t1_0.result from transactions t1_0 where t1_0.number=? and t1_0.date between ? and ?
?[0m?[0;34mHibernate: select t1_0.id,t1_0.amount,t1_0.date,t1_0.feedback,t1_0.ip,t1_0.number,t1_0.region,t1_0.result from transactions t1_0 where t1_0.number=? and t1_0.date between ? and ?
?[0m?[0;34mHibernate: insert into transactions (amount, date, feedback, ip, number, region, result, id) values (?, ?, ?, ?, ?, ?, ?, ?)
?[0m?[1;31m
Start test 100?[0m
?[0;34mTest case
?[0m?[0;34mTesting api: '/api/antifraud/transaction'
?[0m?[0;34mExpectations: 'Transaction must be ALLOWED'
?[0m?[0;34m-----
?[0m?[0;34mHibernate: select u1_0.id,u1_0.locked,u1_0.name,u1_0.password,u1_0.role,u1_0.username from users u1_0 where upper(u1_0.username)=upper(?)
?[0m?[0;34mHibernate: select t1_0.id from limits t1_0 where t1_0.type=? fetch first ? rows only
?[0m?[0;34mHibernate: select t1_0.id from limits t1_0 where t1_0.type=? fetch first ? rows only
?[0m?[0;34mHibernate: select s1_0.id from stolen_cards s1_0 where s1_0.number=? fetch first ? rows only
?[0m?[0;34mHibernate: select s1_0.id from suspicious_IPs s1_0 where s1_0.ip=? fetch first ? rows only
?[0m?[0;34mHibernate: select t1_0.id,t1_0.amount,t1_0.date,t1_0.feedback,t1_0.ip,t1_0.number,t1_0.region,t1_0.result from transactions t1_0 where t1_0.number=? and t1_0.date between ? and ?
?[0m?[0;34mHibernate: select t1_0.id,t1_0.amount,t1_0.date,t1_0.feedback,t1_0.ip,t1_0.number,t1_0.region,t1_0.result from transactions t1_0 where t1_0.number=? and t1_0.date between ? and ?
?[0m?[0;34mHibernate: select t1_0.id from limits t1_0 where t1_0.type=? fetch first ? rows only
?[0m?[0;34mHibernate: select t1_0.id from limits t1_0 where t1_0.type=? fetch first ? rows only
?[0m?[0;34mHibernate: select s1_0.id from stolen_cards s1_0 where s1_0.number=? fetch first ? rows only
?[0m?[0;34mHibernate: select s1_0.id from suspicious_IPs s1_0 where s1_0.ip=? fetch first ? rows only
?[0m?[0;34mHibernate: select t1_0.id,t1_0.amount,t1_0.date,t1_0.feedback,t1_0.ip,t1_0.number,t1_0.region,t1_0.result from transactions t1_0 where t1_0.number=? and t1_0.date between ? and ?
?[0m?[0;34mHibernate: select t1_0.id,t1_0.amount,t1_0.date,t1_0.feedback,t1_0.ip,t1_0.number,t1_0.region,t1_0.result from transactions t1_0 where t1_0.number=? and t1_0.date between ? and ?
?[0m?[0;34mHibernate: select t1_0.id from limits t1_0 where t1_0.type=? fetch first ? rows only
?[0m?[0;34mHibernate: select t1_0.id from limits t1_0 where t1_0.type=? fetch first ? rows only
?[0m?[0;34mHibernate: select s1_0.id from stolen_cards s1_0 where s1_0.number=? fetch first ? rows only
?[0m?[0;34mHibernate: select s1_0.id from suspicious_IPs s1_0 where s1_0.ip=? fetch first ? rows only
?[0m?[0;34mHibernate: select t1_0.id,t1_0.amount,t1_0.date,t1_0.feedback,t1_0.ip,t1_0.number,t1_0.region,t1_0.result from transactions t1_0 where t1_0.number=? and t1_0.date between ? and ?
?[0m?[0;34mHibernate: select t1_0.id,t1_0.amount,t1_0.date,t1_0.feedback,t1_0.ip,t1_0.number,t1_0.region,t1_0.result from transactions t1_0 where t1_0.number=? and t1_0.date between ? and ?
?[0m?[0;34mHibernate: select t1_0.id from limits t1_0 where t1_0.type=? fetch first ? rows only
?[0m?[0;34mHibernate: select t1_0.id from limits t1_0 where t1_0.type=? fetch first ? rows only
?[0m?[0;34mHibernate: select s1_0.id from stolen_cards s1_0 where s1_0.number=? fetch first ? rows only
?[0m?[0;34mHibernate: select s1_0.id from suspicious_IPs s1_0 where s1_0.ip=? fetch first ? rows only
?[0m?[0;34mHibernate: select t1_0.id,t1_0.amount,t1_0.date,t1_0.feedback,t1_0.ip,t1_0.number,t1_0.region,t1_0.result from transactions t1_0 where t1_0.number=? and t1_0.date between ? and ?
?[0m?[0;34mHibernate: select t1_0.id,t1_0.amount,t1_0.date,t1_0.feedback,t1_0.ip,t1_0.number,t1_0.region,t1_0.result from transactions t1_0 where t1_0.number=? and t1_0.date between ? and ?
?[0m?[0;34mHibernate: select t1_0.id from limits t1_0 where t1_0.type=? fetch first ? rows only
?[0m?[0;34mHibernate: select t1_0.id from limits t1_0 where t1_0.type=? fetch first ? rows only
?[0m?[0;34mHibernate: select s1_0.id from stolen_cards s1_0 where s1_0.number=? fetch first ? rows only
?[0m?[0;34mHibernate: select s1_0.id from suspicious_IPs s1_0 where s1_0.ip=? fetch first ? rows only
?[0m?[0;34mHibernate: select t1_0.id,t1_0.amount,t1_0.date,t1_0.feedback,t1_0.ip,t1_0.number,t1_0.region,t1_0.result from transactions t1_0 where t1_0.number=? and t1_0.date between ? and ?
?[0m?[0;34mHibernate: select t1_0.id,t1_0.amount,t1_0.date,t1_0.feedback,t1_0.ip,t1_0.number,t1_0.region,t1_0.result from transactions t1_0 where t1_0.number=? and t1_0.date between ? and ?
?[0m?[0;34mHibernate: select t1_0.id from limits t1_0 where t1_0.type=? fetch first ? rows only
?[0m?[0;34mHibernate: select t1_0.id from limits t1_0 where t1_0.type=? fetch first ? rows only
?[0m?[0;34mHibernate: select s1_0.id from stolen_cards s1_0 where s1_0.number=? fetch first ? rows only
?[0m?[0;34mHibernate: select s1_0.id from suspicious_IPs s1_0 where s1_0.ip=? fetch first ? rows only
?[0m?[0;34mHibernate: select t1_0.id,t1_0.amount,t1_0.date,t1_0.feedback,t1_0.ip,t1_0.number,t1_0.region,t1_0.result from transactions t1_0 where t1_0.number=? and t1_0.date between ? and ?
?[0m?[0;34mHibernate: select t1_0.id,t1_0.amount,t1_0.date,t1_0.feedback,t1_0.ip,t1_0.number,t1_0.region,t1_0.result from transactions t1_0 where t1_0.number=? and t1_0.date between ? and ?
?[0m?[0;34mHibernate: select t1_0.id from limits t1_0 where t1_0.type=? fetch first ? rows only
?[0m?[0;34mHibernate: select t1_0.id from limits t1_0 where t1_0.type=? fetch first ? rows only
?[0m?[0;34mHibernate: select s1_0.id from stolen_cards s1_0 where s1_0.number=? fetch first ? rows only
?[0m?[0;34mHibernate: select s1_0.id from suspicious_IPs s1_0 where s1_0.ip=? fetch first ? rows only
?[0m?[0;34mHibernate: select t1_0.id,t1_0.amount,t1_0.date,t1_0.feedback,t1_0.ip,t1_0.number,t1_0.region,t1_0.result from transactions t1_0 where t1_0.number=? and t1_0.date between ? and ?
?[0m?[0;34mHibernate: select t1_0.id,t1_0.amount,t1_0.date,t1_0.feedback,t1_0.ip,t1_0.number,t1_0.region,t1_0.result from transactions t1_0 where t1_0.number=? and t1_0.date between ? and ?
?[0m?[0;34mHibernate: select t1_0.id from limits t1_0 where t1_0.type=? fetch first ? rows only
?[0m?[0;34mHibernate: select t1_0.id from limits t1_0 where t1_0.type=? fetch first ? rows only
?[0m?[0;34mHibernate: select s1_0.id from stolen_cards s1_0 where s1_0.number=? fetch first ? rows only
?[0m?[0;34mHibernate: select s1_0.id from suspicious_IPs s1_0 where s1_0.ip=? fetch first ? rows only
?[0m?[0;34mHibernate: select t1_0.id,t1_0.amount,t1_0.date,t1_0.feedback,t1_0.ip,t1_0.number,t1_0.region,t1_0.result from transactions t1_0 where t1_0.number=? and t1_0.date between ? and ?
?[0m?[0;34mHibernate: select t1_0.id,t1_0.amount,t1_0.date,t1_0.feedback,t1_0.ip,t1_0.number,t1_0.region,t1_0.result from transactions t1_0 where t1_0.number=? and t1_0.date between ? and ?
?[0m?[0;34mHibernate: select t1_0.id from limits t1_0 where t1_0.type=? fetch first ? rows only
?[0m?[0;34mHibernate: select t1_0.id from limits t1_0 where t1_0.type=? fetch first ? rows only
?[0m?[0;34mHibernate: select s1_0.id from stolen_cards s1_0 where s1_0.number=? fetch first ? rows only
?[0m?[0;34mHibernate: select s1_0.id from suspicious_IPs s1_0 where s1_0.ip=? fetch first ? rows only
?[0m?[0;34mHibernate: select t1_0.id,t1_0.amount,t1_0.date,t1_0.feedback,t1_0.ip,t1_0.number,t1_0.region,t1_0.result from transactions t1_0 where t1_0.number=? and t1_0.date between ? and ?
?[0m?[0;34mHibernate: select t1_0.id,t1_0.amount,t1_0.date,t1_0.feedback,t1_0.ip,t1_0.number,t1_0.region,t1_0.result from transactions t1_0 where t1_0.number=? and t1_0.date between ? and ?
?[0m?[0;34mHibernate: select t1_0.id from limits t1_0 where t1_0.type=? fetch first ? rows only
?[0m?[0;34mHibernate: select t1_0.id from limits t1_0 where t1_0.type=? fetch first ? rows only
?[0m?[0;34mHibernate: select s1_0.id from stolen_cards s1_0 where s1_0.number=? fetch first ? rows only
?[0m?[0;34mHibernate: select s1_0.id from suspicious_IPs s1_0 where s1_0.ip=? fetch first ? rows only
?[0m?[0;34mHibernate: select t1_0.id,t1_0.amount,t1_0.date,t1_0.feedback,t1_0.ip,t1_0.number,t1_0.region,t1_0.result from transactions t1_0 where t1_0.number=? and t1_0.date between ? and ?
?[0m?[0;34mHibernate: select t1_0.id,t1_0.amount,t1_0.date,t1_0.feedback,t1_0.ip,t1_0.number,t1_0.region,t1_0.result from transactions t1_0 where t1_0.number=? and t1_0.date between ? and ?
?[0m?[0;34mHibernate: select t1_0.id from limits t1_0 where t1_0.type=? fetch first ? rows only
?[0m?[0;34mHibernate: select t1_0.id from limits t1_0 where t1_0.type=? fetch first ? rows only
?[0m?[0;34mHibernate: select s1_0.id from stolen_cards s1_0 where s1_0.number=? fetch first ? rows only
?[0m?[0;34mHibernate: select s1_0.id from suspicious_IPs s1_0 where s1_0.ip=? fetch first ? rows only
?[0m?[0;34mHibernate: select t1_0.id,t1_0.amount,t1_0.date,t1_0.feedback,t1_0.ip,t1_0.number,t1_0.region,t1_0.result from transactions t1_0 where t1_0.number=? and t1_0.date between ? and ?
?[0m?[0;34mHibernate: select t1_0.id,t1_0.amount,t1_0.date,t1_0.feedback,t1_0.ip,t1_0.number,t1_0.region,t1_0.result from transactions t1_0 where t1_0.number=? and t1_0.date between ? and ?
?[0m?[0;34mHibernate: insert into transactions (amount, date, feedback, ip, number, region, result, id) values (?, ?, ?, ?, ?, ?, ?, ?)
?[0m?[1;31m
Start test 101?[0m
?[0;34mTest case
?[0m?[0;34mTesting api: '/api/antifraud/transaction'
?[0m?[0;34mExpectations: 'Transaction must be MANUAL_PROCESSING due to - ip correlation rule'
?[0m?[0;34m-----
?[0m?[0;34mHibernate: select u1_0.id,u1_0.locked,u1_0.name,u1_0.password,u1_0.role,u1_0.username from users u1_0 where upper(u1_0.username)=upper(?)
?[0m?[0;34mHibernate: select t1_0.id from limits t1_0 where t1_0.type=? fetch first ? rows only
?[0m?[0;34mHibernate: select t1_0.id from limits t1_0 where t1_0.type=? fetch first ? rows only
?[0m?[0;34mHibernate: select s1_0.id from stolen_cards s1_0 where s1_0.number=? fetch first ? rows only
?[0m?[0;34mHibernate: select s1_0.id from suspicious_IPs s1_0 where s1_0.ip=? fetch first ? rows only
?[0m?[0;34mHibernate: select t1_0.id,t1_0.amount,t1_0.date,t1_0.feedback,t1_0.ip,t1_0.number,t1_0.region,t1_0.result from transactions t1_0 where t1_0.number=? and t1_0.date between ? and ?
?[0m?[0;34mHibernate: select t1_0.id,t1_0.amount,t1_0.date,t1_0.feedback,t1_0.ip,t1_0.number,t1_0.region,t1_0.result from transactions t1_0 where t1_0.number=? and t1_0.date between ? and ?
?[0m?[0;34mHibernate: select t1_0.id from limits t1_0 where t1_0.type=? fetch first ? rows only
?[0m?[0;34mHibernate: select t1_0.id from limits t1_0 where t1_0.type=? fetch first ? rows only
?[0m?[0;34mHibernate: select s1_0.id from stolen_cards s1_0 where s1_0.number=? fetch first ? rows only
?[0m?[0;34mHibernate: select s1_0.id from suspicious_IPs s1_0 where s1_0.ip=? fetch first ? rows only
?[0m?[0;34mHibernate: select t1_0.id,t1_0.amount,t1_0.date,t1_0.feedback,t1_0.ip,t1_0.number,t1_0.region,t1_0.result from transactions t1_0 where t1_0.number=? and t1_0.date between ? and ?
?[0m?[0;34mHibernate: select t1_0.id,t1_0.amount,t1_0.date,t1_0.feedback,t1_0.ip,t1_0.number,t1_0.region,t1_0.result from transactions t1_0 where t1_0.number=? and t1_0.date between ? and ?
?[0m?[0;34mHibernate: select t1_0.id from limits t1_0 where t1_0.type=? fetch first ? rows only
?[0m?[0;34mHibernate: select t1_0.id from limits t1_0 where t1_0.type=? fetch first ? rows only
?[0m?[0;34mHibernate: select s1_0.id from stolen_cards s1_0 where s1_0.number=? fetch first ? rows only
?[0m?[0;34mHibernate: select s1_0.id from suspicious_IPs s1_0 where s1_0.ip=? fetch first ? rows only
?[0m?[0;34mHibernate: select t1_0.id,t1_0.amount,t1_0.date,t1_0.feedback,t1_0.ip,t1_0.number,t1_0.region,t1_0.result from transactions t1_0 where t1_0.number=? and t1_0.date between ? and ?
?[0m?[0;34mHibernate: select t1_0.id,t1_0.amount,t1_0.date,t1_0.feedback,t1_0.ip,t1_0.number,t1_0.region,t1_0.result from transactions t1_0 where t1_0.number=? and t1_0.date between ? and ?
?[0m?[0;34mHibernate: select t1_0.id from limits t1_0 where t1_0.type=? fetch first ? rows only
?[0m?[0;34mHibernate: select t1_0.id from limits t1_0 where t1_0.type=? fetch first ? rows only
?[0m?[0;34mHibernate: select s1_0.id from stolen_cards s1_0 where s1_0.number=? fetch first ? rows only
?[0m?[0;34mHibernate: select s1_0.id from suspicious_IPs s1_0 where s1_0.ip=? fetch first ? rows only
?[0m?[0;34mHibernate: select t1_0.id,t1_0.amount,t1_0.date,t1_0.feedback,t1_0.ip,t1_0.number,t1_0.region,t1_0.result from transactions t1_0 where t1_0.number=? and t1_0.date between ? and ?
?[0m?[0;34mHibernate: select t1_0.id,t1_0.amount,t1_0.date,t1_0.feedback,t1_0.ip,t1_0.number,t1_0.region,t1_0.result from transactions t1_0 where t1_0.number=? and t1_0.date between ? and ?
?[0m?[0;34mHibernate: select t1_0.id from limits t1_0 where t1_0.type=? fetch first ? rows only
?[0m?[0;34mHibernate: select t1_0.id from limits t1_0 where t1_0.type=? fetch first ? rows only
?[0m?[0;34mHibernate: select s1_0.id from stolen_cards s1_0 where s1_0.number=? fetch first ? rows only
?[0m?[0;34mHibernate: select s1_0.id from suspicious_IPs s1_0 where s1_0.ip=? fetch first ? rows only
?[0m?[0;34mHibernate: select t1_0.id,t1_0.amount,t1_0.date,t1_0.feedback,t1_0.ip,t1_0.number,t1_0.region,t1_0.result from transactions t1_0 where t1_0.number=? and t1_0.date between ? and ?
?[0m?[0;34mHibernate: select t1_0.id,t1_0.amount,t1_0.date,t1_0.feedback,t1_0.ip,t1_0.number,t1_0.region,t1_0.result from transactions t1_0 where t1_0.number=? and t1_0.date between ? and ?
?[0m?[0;34mHibernate: select t1_0.id from limits t1_0 where t1_0.type=? fetch first ? rows only
?[0m?[0;34mHibernate: select t1_0.id from limits t1_0 where t1_0.type=? fetch first ? rows only
?[0m?[0;34mHibernate: select s1_0.id from stolen_cards s1_0 where s1_0.number=? fetch first ? rows only
?[0m?[0;34mHibernate: select s1_0.id from suspicious_IPs s1_0 where s1_0.ip=? fetch first ? rows only
?[0m?[0;34mHibernate: select t1_0.id,t1_0.amount,t1_0.date,t1_0.feedback,t1_0.ip,t1_0.number,t1_0.region,t1_0.result from transactions t1_0 where t1_0.number=? and t1_0.date between ? and ?
?[0m?[0;34mHibernate: select t1_0.id,t1_0.amount,t1_0.date,t1_0.feedback,t1_0.ip,t1_0.number,t1_0.region,t1_0.result from transactions t1_0 where t1_0.number=? and t1_0.date between ? and ?
?[0m?[0;34mHibernate: select t1_0.id from limits t1_0 where t1_0.type=? fetch first ? rows only
?[0m?[0;34mHibernate: select t1_0.id from limits t1_0 where t1_0.type=? fetch first ? rows only
?[0m?[0;34mHibernate: select s1_0.id from stolen_cards s1_0 where s1_0.number=? fetch first ? rows only
?[0m?[0;34mHibernate: select s1_0.id from suspicious_IPs s1_0 where s1_0.ip=? fetch first ? rows only
?[0m?[0;34mHibernate: select t1_0.id,t1_0.amount,t1_0.date,t1_0.feedback,t1_0.ip,t1_0.number,t1_0.region,t1_0.result from transactions t1_0 where t1_0.number=? and t1_0.date between ? and ?
?[0m?[0;34mHibernate: select t1_0.id,t1_0.amount,t1_0.date,t1_0.feedback,t1_0.ip,t1_0.number,t1_0.region,t1_0.result from transactions t1_0 where t1_0.number=? and t1_0.date between ? and ?
?[0m?[0;34mHibernate: select t1_0.id from limits t1_0 where t1_0.type=? fetch first ? rows only
?[0m?[0;34mHibernate: select t1_0.id from limits t1_0 where t1_0.type=? fetch first ? rows only
?[0m?[0;34mHibernate: select s1_0.id from stolen_cards s1_0 where s1_0.number=? fetch first ? rows only
?[0m?[0;34mHibernate: select s1_0.id from suspicious_IPs s1_0 where s1_0.ip=? fetch first ? rows only
?[0m?[0;34mHibernate: select t1_0.id,t1_0.amount,t1_0.date,t1_0.feedback,t1_0.ip,t1_0.number,t1_0.region,t1_0.result from transactions t1_0 where t1_0.number=? and t1_0.date between ? and ?
?[0m?[0;34mHibernate: select t1_0.id,t1_0.amount,t1_0.date,t1_0.feedback,t1_0.ip,t1_0.number,t1_0.region,t1_0.result from transactions t1_0 where t1_0.number=? and t1_0.date between ? and ?
?[0m?[0;34mHibernate: select t1_0.id from limits t1_0 where t1_0.type=? fetch first ? rows only
?[0m?[0;34mHibernate: select t1_0.id from limits t1_0 where t1_0.type=? fetch first ? rows only
?[0m?[0;34mHibernate: select s1_0.id from stolen_cards s1_0 where s1_0.number=? fetch first ? rows only
?[0m?[0;34mHibernate: select s1_0.id from suspicious_IPs s1_0 where s1_0.ip=? fetch first ? rows only
?[0m?[0;34mHibernate: select t1_0.id,t1_0.amount,t1_0.date,t1_0.feedback,t1_0.ip,t1_0.number,t1_0.region,t1_0.result from transactions t1_0 where t1_0.number=? and t1_0.date between ? and ?
?[0m?[0;34mHibernate: select t1_0.id,t1_0.amount,t1_0.date,t1_0.feedback,t1_0.ip,t1_0.number,t1_0.region,t1_0.result from transactions t1_0 where t1_0.number=? and t1_0.date between ? and ?
?[0m?[0;34mHibernate: select t1_0.id from limits t1_0 where t1_0.type=? fetch first ? rows only
?[0m?[0;34mHibernate: select t1_0.id from limits t1_0 where t1_0.type=? fetch first ? rows only
?[0m?[0;34mHibernate: select s1_0.id from stolen_cards s1_0 where s1_0.number=? fetch first ? rows only
?[0m?[0;34mHibernate: select s1_0.id from suspicious_IPs s1_0 where s1_0.ip=? fetch first ? rows only
?[0m?[0;34mHibernate: select t1_0.id,t1_0.amount,t1_0.date,t1_0.feedback,t1_0.ip,t1_0.number,t1_0.region,t1_0.result from transactions t1_0 where t1_0.number=? and t1_0.date between ? and ?
?[0m?[0;34mHibernate: select t1_0.id,t1_0.amount,t1_0.date,t1_0.feedback,t1_0.ip,t1_0.number,t1_0.region,t1_0.result from transactions t1_0 where t1_0.number=? and t1_0.date between ? and ?
?[0m?[0;34mHibernate: select t1_0.id from limits t1_0 where t1_0.type=? fetch first ? rows only
?[0m?[0;34mHibernate: select t1_0.id from limits t1_0 where t1_0.type=? fetch first ? rows only
?[0m?[0;34mHibernate: select s1_0.id from stolen_cards s1_0 where s1_0.number=? fetch first ? rows only
?[0m?[0;34mHibernate: select s1_0.id from suspicious_IPs s1_0 where s1_0.ip=? fetch first ? rows only
?[0m?[0;34mHibernate: select t1_0.id,t1_0.amount,t1_0.date,t1_0.feedback,t1_0.ip,t1_0.number,t1_0.region,t1_0.result from transactions t1_0 where t1_0.number=? and t1_0.date between ? and ?
?[0m?[0;34mHibernate: select t1_0.id,t1_0.amount,t1_0.date,t1_0.feedback,t1_0.ip,t1_0.number,t1_0.region,t1_0.result from transactions t1_0 where t1_0.number=? and t1_0.date between ? and ?
?[0m?[0;34mHibernate: select t1_0.id from limits t1_0 where t1_0.type=? fetch first ? rows only
?[0m?[0;34mHibernate: select t1_0.id from limits t1_0 where t1_0.type=? fetch first ? rows only
?[0m?[0;34mHibernate: select s1_0.id from stolen_cards s1_0 where s1_0.number=? fetch first ? rows only
?[0m?[0;34mHibernate: select s1_0.id from suspicious_IPs s1_0 where s1_0.ip=? fetch first ? rows only
?[0m?[0;34mHibernate: select t1_0.id,t1_0.amount,t1_0.date,t1_0.feedback,t1_0.ip,t1_0.number,t1_0.region,t1_0.result from transactions t1_0 where t1_0.number=? and t1_0.date between ? and ?
?[0m?[0;34mHibernate: select t1_0.id,t1_0.amount,t1_0.date,t1_0.feedback,t1_0.ip,t1_0.number,t1_0.region,t1_0.result from transactions t1_0 where t1_0.number=? and t1_0.date between ? and ?
?[0m?[0;34mHibernate: select t1_0.id from limits t1_0 where t1_0.type=? fetch first ? rows only
?[0m?[0;34mHibernate: select t1_0.id from limits t1_0 where t1_0.type=? fetch first ? rows only
?[0m?[0;34mHibernate: select s1_0.id from stolen_cards s1_0 where s1_0.number=? fetch first ? rows only
?[0m?[0;34mHibernate: select s1_0.id from suspicious_IPs s1_0 where s1_0.ip=? fetch first ? rows only
?[0m?[0;34mHibernate: select t1_0.id,t1_0.amount,t1_0.date,t1_0.feedback,t1_0.ip,t1_0.number,t1_0.region,t1_0.result from transactions t1_0 where t1_0.number=? and t1_0.date between ? and ?
?[0m?[0;34mHibernate: select t1_0.id,t1_0.amount,t1_0.date,t1_0.feedback,t1_0.ip,t1_0.number,t1_0.region,t1_0.result from transactions t1_0 where t1_0.number=? and t1_0.date between ? and ?
?[0m?[0;34mHibernate: insert into transactions (amount, date, feedback, ip, number, region, result, id) values (?, ?, ?, ?, ?, ?, ?, ?)
?[0m?[1;31m
Start test 102?[0m
?[0;34mTest case
?[0m?[0;34mTesting api: '/api/antifraud/transaction'
?[0m?[0;34mExpectations: 'Transaction must be PROHIBITED due to - ip correlation rule'
?[0m?[0;34m-----
?[0m?[0;34mHibernate: select u1_0.id,u1_0.locked,u1_0.name,u1_0.password,u1_0.role,u1_0.username from users u1_0 where upper(u1_0.username)=upper(?)
?[0m?[0;34mHibernate: select t1_0.id from limits t1_0 where t1_0.type=? fetch first ? rows only
?[0m?[0;34mHibernate: select t1_0.id from limits t1_0 where t1_0.type=? fetch first ? rows only
?[0m?[0;34mHibernate: select s1_0.id from stolen_cards s1_0 where s1_0.number=? fetch first ? rows only
?[0m?[0;34mHibernate: select s1_0.id from suspicious_IPs s1_0 where s1_0.ip=? fetch first ? rows only
?[0m?[0;34mHibernate: select t1_0.id,t1_0.amount,t1_0.date,t1_0.feedback,t1_0.ip,t1_0.number,t1_0.region,t1_0.result from transactions t1_0 where t1_0.number=? and t1_0.date between ? and ?
?[0m?[0;34mHibernate: select t1_0.id,t1_0.amount,t1_0.date,t1_0.feedback,t1_0.ip,t1_0.number,t1_0.region,t1_0.result from transactions t1_0 where t1_0.number=? and t1_0.date between ? and ?
?[0m?[0;34mHibernate: select t1_0.id from limits t1_0 where t1_0.type=? fetch first ? rows only
?[0m?[0;34mHibernate: select t1_0.id from limits t1_0 where t1_0.type=? fetch first ? rows only
?[0m?[0;34mHibernate: select s1_0.id from stolen_cards s1_0 where s1_0.number=? fetch first ? rows only
?[0m?[0;34mHibernate: select s1_0.id from suspicious_IPs s1_0 where s1_0.ip=? fetch first ? rows only
?[0m?[0;34mHibernate: select t1_0.id,t1_0.amount,t1_0.date,t1_0.feedback,t1_0.ip,t1_0.number,t1_0.region,t1_0.result from transactions t1_0 where t1_0.number=? and t1_0.date between ? and ?
?[0m?[0;34mHibernate: select t1_0.id,t1_0.amount,t1_0.date,t1_0.feedback,t1_0.ip,t1_0.number,t1_0.region,t1_0.result from transactions t1_0 where t1_0.number=? and t1_0.date between ? and ?
?[0m?[0;34mHibernate: select t1_0.id from limits t1_0 where t1_0.type=? fetch first ? rows only
?[0m?[0;34mHibernate: select t1_0.id from limits t1_0 where t1_0.type=? fetch first ? rows only
?[0m?[0;34mHibernate: select s1_0.id from stolen_cards s1_0 where s1_0.number=? fetch first ? rows only
?[0m?[0;34mHibernate: select s1_0.id from suspicious_IPs s1_0 where s1_0.ip=? fetch first ? rows only
?[0m?[0;34mHibernate: select t1_0.id,t1_0.amount,t1_0.date,t1_0.feedback,t1_0.ip,t1_0.number,t1_0.region,t1_0.result from transactions t1_0 where t1_0.number=? and t1_0.date between ? and ?
?[0m?[0;34mHibernate: select t1_0.id,t1_0.amount,t1_0.date,t1_0.feedback,t1_0.ip,t1_0.number,t1_0.region,t1_0.result from transactions t1_0 where t1_0.number=? and t1_0.date between ? and ?
?[0m?[0;34mHibernate: select t1_0.id from limits t1_0 where t1_0.type=? fetch first ? rows only
?[0m?[0;34mHibernate: select t1_0.id from limits t1_0 where t1_0.type=? fetch first ? rows only
?[0m?[0;34mHibernate: select s1_0.id from stolen_cards s1_0 where s1_0.number=? fetch first ? rows only
?[0m?[0;34mHibernate: select s1_0.id from suspicious_IPs s1_0 where s1_0.ip=? fetch first ? rows only
?[0m?[0;34mHibernate: select t1_0.id,t1_0.amount,t1_0.date,t1_0.feedback,t1_0.ip,t1_0.number,t1_0.region,t1_0.result from transactions t1_0 where t1_0.number=? and t1_0.date between ? and ?
?[0m?[0;34mHibernate: select t1_0.id,t1_0.amount,t1_0.date,t1_0.feedback,t1_0.ip,t1_0.number,t1_0.region,t1_0.result from transactions t1_0 where t1_0.number=? and t1_0.date between ? and ?
?[0m?[0;34mHibernate: select t1_0.id from limits t1_0 where t1_0.type=? fetch first ? rows only
?[0m?[0;34mHibernate: select t1_0.id from limits t1_0 where t1_0.type=? fetch first ? rows only
?[0m?[0;34mHibernate: select s1_0.id from stolen_cards s1_0 where s1_0.number=? fetch first ? rows only
?[0m?[0;34mHibernate: select s1_0.id from suspicious_IPs s1_0 where s1_0.ip=? fetch first ? rows only
?[0m?[0;34mHibernate: select t1_0.id,t1_0.amount,t1_0.date,t1_0.feedback,t1_0.ip,t1_0.number,t1_0.region,t1_0.result from transactions t1_0 where t1_0.number=? and t1_0.date between ? and ?
?[0m?[0;34mHibernate: select t1_0.id,t1_0.amount,t1_0.date,t1_0.feedback,t1_0.ip,t1_0.number,t1_0.region,t1_0.result from transactions t1_0 where t1_0.number=? and t1_0.date between ? and ?
?[0m?[0;34mHibernate: select t1_0.id from limits t1_0 where t1_0.type=? fetch first ? rows only
?[0m?[0;34mHibernate: select t1_0.id from limits t1_0 where t1_0.type=? fetch first ? rows only
?[0m?[0;34mHibernate: select s1_0.id from stolen_cards s1_0 where s1_0.number=? fetch first ? rows only
?[0m?[0;34mHibernate: select s1_0.id from suspicious_IPs s1_0 where s1_0.ip=? fetch first ? rows only
?[0m?[0;34mHibernate: select t1_0.id,t1_0.amount,t1_0.date,t1_0.feedback,t1_0.ip,t1_0.number,t1_0.region,t1_0.result from transactions t1_0 where t1_0.number=? and t1_0.date between ? and ?
?[0m?[0;34mHibernate: select t1_0.id,t1_0.amount,t1_0.date,t1_0.feedback,t1_0.ip,t1_0.number,t1_0.region,t1_0.result from transactions t1_0 where t1_0.number=? and t1_0.date between ? and ?
?[0m?[0;34mHibernate: select t1_0.id from limits t1_0 where t1_0.type=? fetch first ? rows only
?[0m?[0;34mHibernate: select t1_0.id from limits t1_0 where t1_0.type=? fetch first ? rows only
?[0m?[0;34mHibernate: select s1_0.id from stolen_cards s1_0 where s1_0.number=? fetch first ? rows only
?[0m?[0;34mHibernate: select s1_0.id from suspicious_IPs s1_0 where s1_0.ip=? fetch first ? rows only
?[0m?[0;34mHibernate: select t1_0.id,t1_0.amount,t1_0.date,t1_0.feedback,t1_0.ip,t1_0.number,t1_0.region,t1_0.result from transactions t1_0 where t1_0.number=? and t1_0.date between ? and ?
?[0m?[0;34mHibernate: select t1_0.id,t1_0.amount,t1_0.date,t1_0.feedback,t1_0.ip,t1_0.number,t1_0.region,t1_0.result from transactions t1_0 where t1_0.number=? and t1_0.date between ? and ?
?[0m?[0;34mHibernate: select t1_0.id from limits t1_0 where t1_0.type=? fetch first ? rows only
?[0m?[0;34mHibernate: select t1_0.id from limits t1_0 where t1_0.type=? fetch first ? rows only
?[0m?[0;34mHibernate: select s1_0.id from stolen_cards s1_0 where s1_0.number=? fetch first ? rows only
?[0m?[0;34mHibernate: select s1_0.id from suspicious_IPs s1_0 where s1_0.ip=? fetch first ? rows only
?[0m?[0;34mHibernate: select t1_0.id,t1_0.amount,t1_0.date,t1_0.feedback,t1_0.ip,t1_0.number,t1_0.region,t1_0.result from transactions t1_0 where t1_0.number=? and t1_0.date between ? and ?
?[0m?[0;34mHibernate: select t1_0.id,t1_0.amount,t1_0.date,t1_0.feedback,t1_0.ip,t1_0.number,t1_0.region,t1_0.result from transactions t1_0 where t1_0.number=? and t1_0.date between ? and ?
?[0m?[0;34mHibernate: select t1_0.id from limits t1_0 where t1_0.type=? fetch first ? rows only
?[0m?[0;34mHibernate: select t1_0.id from limits t1_0 where t1_0.type=? fetch first ? rows only
?[0m?[0;34mHibernate: select s1_0.id from stolen_cards s1_0 where s1_0.number=? fetch first ? rows only
?[0m?[0;34mHibernate: select s1_0.id from suspicious_IPs s1_0 where s1_0.ip=? fetch first ? rows only
?[0m?[0;34mHibernate: select t1_0.id,t1_0.amount,t1_0.date,t1_0.feedback,t1_0.ip,t1_0.number,t1_0.region,t1_0.result from transactions t1_0 where t1_0.number=? and t1_0.date between ? and ?
?[0m?[0;34mHibernate: select t1_0.id,t1_0.amount,t1_0.date,t1_0.feedback,t1_0.ip,t1_0.number,t1_0.region,t1_0.result from transactions t1_0 where t1_0.number=? and t1_0.date between ? and ?
?[0m?[0;34mHibernate: select t1_0.id from limits t1_0 where t1_0.type=? fetch first ? rows only
?[0m?[0;34mHibernate: select t1_0.id from limits t1_0 where t1_0.type=? fetch first ? rows only
?[0m?[0;34mHibernate: select s1_0.id from stolen_cards s1_0 where s1_0.number=? fetch first ? rows only
?[0m?[0;34mHibernate: select s1_0.id from suspicious_IPs s1_0 where s1_0.ip=? fetch first ? rows only
?[0m?[0;34mHibernate: select t1_0.id,t1_0.amount,t1_0.date,t1_0.feedback,t1_0.ip,t1_0.number,t1_0.region,t1_0.result from transactions t1_0 where t1_0.number=? and t1_0.date between ? and ?
?[0m?[0;34mHibernate: select t1_0.id,t1_0.amount,t1_0.date,t1_0.feedback,t1_0.ip,t1_0.number,t1_0.region,t1_0.result from transactions t1_0 where t1_0.number=? and t1_0.date between ? and ?
?[0m?[0;34mHibernate: select t1_0.id from limits t1_0 where t1_0.type=? fetch first ? rows only
?[0m?[0;34mHibernate: select t1_0.id from limits t1_0 where t1_0.type=? fetch first ? rows only
?[0m?[0;34mHibernate: select s1_0.id from stolen_cards s1_0 where s1_0.number=? fetch first ? rows only
?[0m?[0;34mHibernate: select s1_0.id from suspicious_IPs s1_0 where s1_0.ip=? fetch first ? rows only
?[0m?[0;34mHibernate: select t1_0.id,t1_0.amount,t1_0.date,t1_0.feedback,t1_0.ip,t1_0.number,t1_0.region,t1_0.result from transactions t1_0 where t1_0.number=? and t1_0.date between ? and ?
?[0m?[0;34mHibernate: select t1_0.id,t1_0.amount,t1_0.date,t1_0.feedback,t1_0.ip,t1_0.number,t1_0.region,t1_0.result from transactions t1_0 where t1_0.number=? and t1_0.date between ? and ?
?[0m?[0;34mHibernate: select t1_0.id from limits t1_0 where t1_0.type=? fetch first ? rows only
?[0m?[0;34mHibernate: select t1_0.id from limits t1_0 where t1_0.type=? fetch first ? rows only
?[0m?[0;34mHibernate: select s1_0.id from stolen_cards s1_0 where s1_0.number=? fetch first ? rows only
?[0m?[0;34mHibernate: select s1_0.id from suspicious_IPs s1_0 where s1_0.ip=? fetch first ? rows only
?[0m?[0;34mHibernate: select t1_0.id,t1_0.amount,t1_0.date,t1_0.feedback,t1_0.ip,t1_0.number,t1_0.region,t1_0.result from transactions t1_0 where t1_0.number=? and t1_0.date between ? and ?
?[0m?[0;34mHibernate: select t1_0.id,t1_0.amount,t1_0.date,t1_0.feedback,t1_0.ip,t1_0.number,t1_0.region,t1_0.result from transactions t1_0 where t1_0.number=? and t1_0.date between ? and ?
?[0m?[0;34mHibernate: select t1_0.id from limits t1_0 where t1_0.type=? fetch first ? rows only
?[0m?[0;34mHibernate: select t1_0.id from limits t1_0 where t1_0.type=? fetch first ? rows only
?[0m?[0;34mHibernate: select s1_0.id from stolen_cards s1_0 where s1_0.number=? fetch first ? rows only
?[0m?[0;34mHibernate: select s1_0.id from suspicious_IPs s1_0 where s1_0.ip=? fetch first ? rows only
?[0m?[0;34mHibernate: select t1_0.id,t1_0.amount,t1_0.date,t1_0.feedback,t1_0.ip,t1_0.number,t1_0.region,t1_0.result from transactions t1_0 where t1_0.number=? and t1_0.date between ? and ?
?[0m?[0;34mHibernate: select t1_0.id,t1_0.amount,t1_0.date,t1_0.feedback,t1_0.ip,t1_0.number,t1_0.region,t1_0.result from transactions t1_0 where t1_0.number=? and t1_0.date between ? and ?
?[0m?[0;34mHibernate: insert into transactions (amount, date, feedback, ip, number, region, result, id) values (?, ?, ?, ?, ?, ?, ?, ?)
?[0m?[1;31m
Start test 103?[0m
?[0;34mTest case
?[0m?[0;34mTesting api: '/api/antifraud/stolencard'
?[0m?[0;34mExpectations: 'A card must be added to Black List'
?[0m?[0;34m-----
?[0m?[0;34mHibernate: select u1_0.id,u1_0.locked,u1_0.name,u1_0.password,u1_0.role,u1_0.username from users u1_0 where upper(u1_0.username)=upper(?)
?[0m?[0;34mHibernate: select s1_0.id from stolen_cards s1_0 where s1_0.number=? fetch first ? rows only
?[0m?[0;34mHibernate: insert into stolen_cards (number, id) values (?, ?)
?[0m?[1;31m
Start test 104?[0m
?[0;34mTest case
?[0m?[0;34mTesting api: '/api/antifraud/suspicious-ip'
?[0m?[0;34mExpectations: 'IP must be added to Black List'
?[0m?[0;34m-----
?[0m?[0;34mHibernate: select u1_0.id,u1_0.locked,u1_0.name,u1_0.password,u1_0.role,u1_0.username from users u1_0 where upper(u1_0.username)=upper(?)
?[0m?[0;34mHibernate: select s1_0.id from suspicious_IPs s1_0 where s1_0.ip=? fetch first ? rows only
?[0m?[0;34mHibernate: insert into suspicious_IPs (ip, id) values (?, ?)
?[0m?[1;31m
Start test 105?[0m
?[0;34mTest case
?[0m?[0;34mTesting api: '/api/antifraud/transaction'
?[0m?[0;34mExpectations: 'Transaction must be PROHIBITED due to - amount, card-number, ip, ip-correlation reasons'
?[0m?[0;34m-----
?[0m?[0;34mHibernate: select u1_0.id,u1_0.locked,u1_0.name,u1_0.password,u1_0.role,u1_0.username from users u1_0 where upper(u1_0.username)=upper(?)
?[0m?[0;34mHibernate: select t1_0.id from limits t1_0 where t1_0.type=? fetch first ? rows only
?[0m?[0;34mHibernate: select t1_0.id from limits t1_0 where t1_0.type=? fetch first ? rows only
?[0m?[0;34mHibernate: select s1_0.id from stolen_cards s1_0 where s1_0.number=? fetch first ? rows only
?[0m?[0;34mHibernate: select s1_0.id from suspicious_IPs s1_0 where s1_0.ip=? fetch first ? rows only
?[0m?[0;34mHibernate: select t1_0.id,t1_0.amount,t1_0.date,t1_0.feedback,t1_0.ip,t1_0.number,t1_0.region,t1_0.result from transactions t1_0 where t1_0.number=? and t1_0.date between ? and ?
?[0m?[0;34mHibernate: select t1_0.id,t1_0.amount,t1_0.date,t1_0.feedback,t1_0.ip,t1_0.number,t1_0.region,t1_0.result from transactions t1_0 where t1_0.number=? and t1_0.date between ? and ?
?[0m?[0;34mHibernate: select t1_0.id from limits t1_0 where t1_0.type=? fetch first ? rows only
?[0m?[0;34mHibernate: select t1_0.id from limits t1_0 where t1_0.type=? fetch first ? rows only
?[0m?[0;34mHibernate: select s1_0.id from stolen_cards s1_0 where s1_0.number=? fetch first ? rows only
?[0m?[0;34mHibernate: select s1_0.id from suspicious_IPs s1_0 where s1_0.ip=? fetch first ? rows only
?[0m?[0;34mHibernate: select t1_0.id,t1_0.amount,t1_0.date,t1_0.feedback,t1_0.ip,t1_0.number,t1_0.region,t1_0.result from transactions t1_0 where t1_0.number=? and t1_0.date between ? and ?
?[0m?[0;34mHibernate: select t1_0.id,t1_0.amount,t1_0.date,t1_0.feedback,t1_0.ip,t1_0.number,t1_0.region,t1_0.result from transactions t1_0 where t1_0.number=? and t1_0.date between ? and ?
?[0m?[0;34mHibernate: select t1_0.id from limits t1_0 where t1_0.type=? fetch first ? rows only
?[0m?[0;34mHibernate: select t1_0.id from limits t1_0 where t1_0.type=? fetch first ? rows only
?[0m?[0;34mHibernate: select s1_0.id from stolen_cards s1_0 where s1_0.number=? fetch first ? rows only
?[0m?[0;34mHibernate: select s1_0.id from suspicious_IPs s1_0 where s1_0.ip=? fetch first ? rows only
?[0m?[0;34mHibernate: select t1_0.id,t1_0.amount,t1_0.date,t1_0.feedback,t1_0.ip,t1_0.number,t1_0.region,t1_0.result from transactions t1_0 where t1_0.number=? and t1_0.date between ? and ?
?[0m?[0;34mHibernate: select t1_0.id,t1_0.amount,t1_0.date,t1_0.feedback,t1_0.ip,t1_0.number,t1_0.region,t1_0.result from transactions t1_0 where t1_0.number=? and t1_0.date between ? and ?
?[0m?[0;34mHibernate: select t1_0.id from limits t1_0 where t1_0.type=? fetch first ? rows only
?[0m?[0;34mHibernate: select t1_0.id from limits t1_0 where t1_0.type=? fetch first ? rows only
?[0m?[0;34mHibernate: select s1_0.id from stolen_cards s1_0 where s1_0.number=? fetch first ? rows only
?[0m?[0;34mHibernate: select s1_0.id from suspicious_IPs s1_0 where s1_0.ip=? fetch first ? rows only
?[0m?[0;34mHibernate: select t1_0.id,t1_0.amount,t1_0.date,t1_0.feedback,t1_0.ip,t1_0.number,t1_0.region,t1_0.result from transactions t1_0 where t1_0.number=? and t1_0.date between ? and ?
?[0m?[0;34mHibernate: select t1_0.id,t1_0.amount,t1_0.date,t1_0.feedback,t1_0.ip,t1_0.number,t1_0.region,t1_0.result from transactions t1_0 where t1_0.number=? and t1_0.date between ? and ?
?[0m?[0;34mHibernate: select t1_0.id from limits t1_0 where t1_0.type=? fetch first ? rows only
?[0m?[0;34mHibernate: select t1_0.id from limits t1_0 where t1_0.type=? fetch first ? rows only
?[0m?[0;34mHibernate: select s1_0.id from stolen_cards s1_0 where s1_0.number=? fetch first ? rows only
?[0m?[0;34mHibernate: select s1_0.id from suspicious_IPs s1_0 where s1_0.ip=? fetch first ? rows only
?[0m?[0;34mHibernate: select t1_0.id,t1_0.amount,t1_0.date,t1_0.feedback,t1_0.ip,t1_0.number,t1_0.region,t1_0.result from transactions t1_0 where t1_0.number=? and t1_0.date between ? and ?
?[0m?[0;34mHibernate: select t1_0.id,t1_0.amount,t1_0.date,t1_0.feedback,t1_0.ip,t1_0.number,t1_0.region,t1_0.result from transactions t1_0 where t1_0.number=? and t1_0.date between ? and ?
?[0m?[0;34mHibernate: select t1_0.id from limits t1_0 where t1_0.type=? fetch first ? rows only
?[0m?[0;34mHibernate: select t1_0.id from limits t1_0 where t1_0.type=? fetch first ? rows only
?[0m?[0;34mHibernate: select s1_0.id from stolen_cards s1_0 where s1_0.number=? fetch first ? rows only
?[0m?[0;34mHibernate: select s1_0.id from suspicious_IPs s1_0 where s1_0.ip=? fetch first ? rows only
?[0m?[0;34mHibernate: select t1_0.id,t1_0.amount,t1_0.date,t1_0.feedback,t1_0.ip,t1_0.number,t1_0.region,t1_0.result from transactions t1_0 where t1_0.number=? and t1_0.date between ? and ?
?[0m?[0;34mHibernate: select t1_0.id,t1_0.amount,t1_0.date,t1_0.feedback,t1_0.ip,t1_0.number,t1_0.region,t1_0.result from transactions t1_0 where t1_0.number=? and t1_0.date between ? and ?
?[0m?[0;34mHibernate: select t1_0.id from limits t1_0 where t1_0.type=? fetch first ? rows only
?[0m?[0;34mHibernate: select t1_0.id from limits t1_0 where t1_0.type=? fetch first ? rows only
?[0m?[0;34mHibernate: select s1_0.id from stolen_cards s1_0 where s1_0.number=? fetch first ? rows only
?[0m?[0;34mHibernate: select s1_0.id from suspicious_IPs s1_0 where s1_0.ip=? fetch first ? rows only
?[0m?[0;34mHibernate: select t1_0.id,t1_0.amount,t1_0.date,t1_0.feedback,t1_0.ip,t1_0.number,t1_0.region,t1_0.result from transactions t1_0 where t1_0.number=? and t1_0.date between ? and ?
?[0m?[0;34mHibernate: select t1_0.id,t1_0.amount,t1_0.date,t1_0.feedback,t1_0.ip,t1_0.number,t1_0.region,t1_0.result from transactions t1_0 where t1_0.number=? and t1_0.date between ? and ?
?[0m?[0;34mHibernate: select t1_0.id from limits t1_0 where t1_0.type=? fetch first ? rows only
?[0m?[0;34mHibernate: select t1_0.id from limits t1_0 where t1_0.type=? fetch first ? rows only
?[0m?[0;34mHibernate: select s1_0.id from stolen_cards s1_0 where s1_0.number=? fetch first ? rows only
?[0m?[0;34mHibernate: select s1_0.id from suspicious_IPs s1_0 where s1_0.ip=? fetch first ? rows only
?[0m?[0;34mHibernate: select t1_0.id,t1_0.amount,t1_0.date,t1_0.feedback,t1_0.ip,t1_0.number,t1_0.region,t1_0.result from transactions t1_0 where t1_0.number=? and t1_0.date between ? and ?
?[0m?[0;34mHibernate: select t1_0.id,t1_0.amount,t1_0.date,t1_0.feedback,t1_0.ip,t1_0.number,t1_0.region,t1_0.result from transactions t1_0 where t1_0.number=? and t1_0.date between ? and ?
?[0m?[0;34mHibernate: select t1_0.id from limits t1_0 where t1_0.type=? fetch first ? rows only
?[0m?[0;34mHibernate: select t1_0.id from limits t1_0 where t1_0.type=? fetch first ? rows only
?[0m?[0;34mHibernate: select s1_0.id from stolen_cards s1_0 where s1_0.number=? fetch first ? rows only
?[0m?[0;34mHibernate: select s1_0.id from suspicious_IPs s1_0 where s1_0.ip=? fetch first ? rows only
?[0m?[0;34mHibernate: select t1_0.id,t1_0.amount,t1_0.date,t1_0.feedback,t1_0.ip,t1_0.number,t1_0.region,t1_0.result from transactions t1_0 where t1_0.number=? and t1_0.date between ? and ?
?[0m?[0;34mHibernate: select t1_0.id,t1_0.amount,t1_0.date,t1_0.feedback,t1_0.ip,t1_0.number,t1_0.region,t1_0.result from transactions t1_0 where t1_0.number=? and t1_0.date between ? and ?
?[0m?[0;34mHibernate: select t1_0.id from limits t1_0 where t1_0.type=? fetch first ? rows only
?[0m?[0;34mHibernate: select t1_0.id from limits t1_0 where t1_0.type=? fetch first ? rows only
?[0m?[0;34mHibernate: select s1_0.id from stolen_cards s1_0 where s1_0.number=? fetch first ? rows only
?[0m?[0;34mHibernate: select s1_0.id from suspicious_IPs s1_0 where s1_0.ip=? fetch first ? rows only
?[0m?[0;34mHibernate: select t1_0.id,t1_0.amount,t1_0.date,t1_0.feedback,t1_0.ip,t1_0.number,t1_0.region,t1_0.result from transactions t1_0 where t1_0.number=? and t1_0.date between ? and ?
?[0m?[0;34mHibernate: select t1_0.id,t1_0.amount,t1_0.date,t1_0.feedback,t1_0.ip,t1_0.number,t1_0.region,t1_0.result from transactions t1_0 where t1_0.number=? and t1_0.date between ? and ?
?[0m?[0;34mHibernate: select t1_0.id from limits t1_0 where t1_0.type=? fetch first ? rows only
?[0m?[0;34mHibernate: select t1_0.id from limits t1_0 where t1_0.type=? fetch first ? rows only
?[0m?[0;34mHibernate: select s1_0.id from stolen_cards s1_0 where s1_0.number=? fetch first ? rows only
?[0m?[0;34mHibernate: select s1_0.id from suspicious_IPs s1_0 where s1_0.ip=? fetch first ? rows only
?[0m?[0;34mHibernate: select t1_0.id,t1_0.amount,t1_0.date,t1_0.feedback,t1_0.ip,t1_0.number,t1_0.region,t1_0.result from transactions t1_0 where t1_0.number=? and t1_0.date between ? and ?
?[0m?[0;34mHibernate: select t1_0.id,t1_0.amount,t1_0.date,t1_0.feedback,t1_0.ip,t1_0.number,t1_0.region,t1_0.result from transactions t1_0 where t1_0.number=? and t1_0.date between ? and ?
?[0m?[0;34mHibernate: select t1_0.id from limits t1_0 where t1_0.type=? fetch first ? rows only
?[0m?[0;34mHibernate: select t1_0.id from limits t1_0 where t1_0.type=? fetch first ? rows only
?[0m?[0;34mHibernate: select s1_0.id from stolen_cards s1_0 where s1_0.number=? fetch first ? rows only
?[0m?[0;34mHibernate: select s1_0.id from suspicious_IPs s1_0 where s1_0.ip=? fetch first ? rows only
?[0m?[0;34mHibernate: select t1_0.id,t1_0.amount,t1_0.date,t1_0.feedback,t1_0.ip,t1_0.number,t1_0.region,t1_0.result from transactions t1_0 where t1_0.number=? and t1_0.date between ? and ?
?[0m?[0;34mHibernate: select t1_0.id,t1_0.amount,t1_0.date,t1_0.feedback,t1_0.ip,t1_0.number,t1_0.region,t1_0.result from transactions t1_0 where t1_0.number=? and t1_0.date between ? and ?
?[0m?[0;34mHibernate: select t1_0.id from limits t1_0 where t1_0.type=? fetch first ? rows only
?[0m?[0;34mHibernate: select t1_0.id from limits t1_0 where t1_0.type=? fetch first ? rows only
?[0m?[0;34mHibernate: select s1_0.id from stolen_cards s1_0 where s1_0.number=? fetch first ? rows only
?[0m?[0;34mHibernate: select s1_0.id from suspicious_IPs s1_0 where s1_0.ip=? fetch first ? rows only
?[0m?[0;34mHibernate: select t1_0.id,t1_0.amount,t1_0.date,t1_0.feedback,t1_0.ip,t1_0.number,t1_0.region,t1_0.result from transactions t1_0 where t1_0.number=? and t1_0.date between ? and ?
?[0m?[0;34mHibernate: select t1_0.id,t1_0.amount,t1_0.date,t1_0.feedback,t1_0.ip,t1_0.number,t1_0.region,t1_0.result from transactions t1_0 where t1_0.number=? and t1_0.date between ? and ?
?[0m?[0;34mHibernate: select t1_0.id from limits t1_0 where t1_0.type=? fetch first ? rows only
?[0m?[0;34mHibernate: select t1_0.id from limits t1_0 where t1_0.type=? fetch first ? rows only
?[0m?[0;34mHibernate: select s1_0.id from stolen_cards s1_0 where s1_0.number=? fetch first ? rows only
?[0m?[0;34mHibernate: select s1_0.id from suspicious_IPs s1_0 where s1_0.ip=? fetch first ? rows only
?[0m?[0;34mHibernate: select t1_0.id,t1_0.amount,t1_0.date,t1_0.feedback,t1_0.ip,t1_0.number,t1_0.region,t1_0.result from transactions t1_0 where t1_0.number=? and t1_0.date between ? and ?
?[0m?[0;34mHibernate: select t1_0.id,t1_0.amount,t1_0.date,t1_0.feedback,t1_0.ip,t1_0.number,t1_0.region,t1_0.result from transactions t1_0 where t1_0.number=? and t1_0.date between ? and ?
?[0m?[0;34mHibernate: select t1_0.id from limits t1_0 where t1_0.type=? fetch first ? rows only
?[0m?[0;34mHibernate: select t1_0.id from limits t1_0 where t1_0.type=? fetch first ? rows only
?[0m?[0;34mHibernate: select s1_0.id from stolen_cards s1_0 where s1_0.number=? fetch first ? rows only
?[0m?[0;34mHibernate: select s1_0.id from suspicious_IPs s1_0 where s1_0.ip=? fetch first ? rows only
?[0m?[0;34mHibernate: select t1_0.id,t1_0.amount,t1_0.date,t1_0.feedback,t1_0.ip,t1_0.number,t1_0.region,t1_0.result from transactions t1_0 where t1_0.number=? and t1_0.date between ? and ?
?[0m?[0;34mHibernate: select t1_0.id,t1_0.amount,t1_0.date,t1_0.feedback,t1_0.ip,t1_0.number,t1_0.region,t1_0.result from transactions t1_0 where t1_0.number=? and t1_0.date between ? and ?
?[0m?[0;34mHibernate: select t1_0.id from limits t1_0 where t1_0.type=? fetch first ? rows only
?[0m?[0;34mHibernate: select t1_0.id from limits t1_0 where t1_0.type=? fetch first ? rows only
?[0m?[0;34mHibernate: select s1_0.id from stolen_cards s1_0 where s1_0.number=? fetch first ? rows only
?[0m?[0;34mHibernate: select s1_0.id from suspicious_IPs s1_0 where s1_0.ip=? fetch first ? rows only
?[0m?[0;34mHibernate: select t1_0.id,t1_0.amount,t1_0.date,t1_0.feedback,t1_0.ip,t1_0.number,t1_0.region,t1_0.result from transactions t1_0 where t1_0.number=? and t1_0.date between ? and ?
?[0m?[0;34mHibernate: select t1_0.id,t1_0.amount,t1_0.date,t1_0.feedback,t1_0.ip,t1_0.number,t1_0.region,t1_0.result from transactions t1_0 where t1_0.number=? and t1_0.date between ? and ?
?[0m?[0;34mHibernate: select t1_0.id from limits t1_0 where t1_0.type=? fetch first ? rows only
?[0m?[0;34mHibernate: select t1_0.id from limits t1_0 where t1_0.type=? fetch first ? rows only
?[0m?[0;34mHibernate: select s1_0.id from stolen_cards s1_0 where s1_0.number=? fetch first ? rows only
?[0m?[0;34mHibernate: select s1_0.id from suspicious_IPs s1_0 where s1_0.ip=? fetch first ? rows only
?[0m?[0;34mHibernate: select t1_0.id,t1_0.amount,t1_0.date,t1_0.feedback,t1_0.ip,t1_0.number,t1_0.region,t1_0.result from transactions t1_0 where t1_0.number=? and t1_0.date between ? and ?
?[0m?[0;34mHibernate: select t1_0.id,t1_0.amount,t1_0.date,t1_0.feedback,t1_0.ip,t1_0.number,t1_0.region,t1_0.result from transactions t1_0 where t1_0.number=? and t1_0.date between ? and ?
?[0m?[0;34mHibernate: select t1_0.id from limits t1_0 where t1_0.type=? fetch first ? rows only
?[0m?[0;34mHibernate: select t1_0.id from limits t1_0 where t1_0.type=? fetch first ? rows only
?[0m?[0;34mHibernate: select s1_0.id from stolen_cards s1_0 where s1_0.number=? fetch first ? rows only
?[0m?[0;34mHibernate: select s1_0.id from suspicious_IPs s1_0 where s1_0.ip=? fetch first ? rows only
?[0m?[0;34mHibernate: select t1_0.id,t1_0.amount,t1_0.date,t1_0.feedback,t1_0.ip,t1_0.number,t1_0.region,t1_0.result from transactions t1_0 where t1_0.number=? and t1_0.date between ? and ?
?[0m?[0;34mHibernate: select t1_0.id,t1_0.amount,t1_0.date,t1_0.feedback,t1_0.ip,t1_0.number,t1_0.region,t1_0.result from transactions t1_0 where t1_0.number=? and t1_0.date between ? and ?
?[0m?[0;34mHibernate: select t1_0.id from limits t1_0 where t1_0.type=? fetch first ? rows only
?[0m?[0;34mHibernate: select t1_0.id from limits t1_0 where t1_0.type=? fetch first ? rows only
?[0m?[0;34mHibernate: select s1_0.id from stolen_cards s1_0 where s1_0.number=? fetch first ? rows only
?[0m?[0;34mHibernate: select s1_0.id from suspicious_IPs s1_0 where s1_0.ip=? fetch first ? rows only
?[0m?[0;34mHibernate: select t1_0.id,t1_0.amount,t1_0.date,t1_0.feedback,t1_0.ip,t1_0.number,t1_0.region,t1_0.result from transactions t1_0 where t1_0.number=? and t1_0.date between ? and ?
?[0m?[0;34mHibernate: select t1_0.id,t1_0.amount,t1_0.date,t1_0.feedback,t1_0.ip,t1_0.number,t1_0.region,t1_0.result from transactions t1_0 where t1_0.number=? and t1_0.date between ? and ?
?[0m?[0;34mHibernate: insert into transactions (amount, date, feedback, ip, number, region, result, id) values (?, ?, ?, ?, ?, ?, ?, ?)
?[0m?[1;31m
Start test 106?[0m
?[0;34mTest case
?[0m?[0;34mTesting api: '/api/antifraud/stolencard'
?[0m?[0;34mExpectations: 'Card must be removed from Black List'
?[0m?[0;34m-----
?[0m?[0;34mHibernate: select u1_0.id,u1_0.locked,u1_0.name,u1_0.password,u1_0.role,u1_0.username from users u1_0 where upper(u1_0.username)=upper(?)
?[0m?[0;34mHibernate: select s1_0.id from stolen_cards s1_0 where s1_0.number=? fetch first ? rows only
?[0m?[0;34mHibernate: select s1_0.id,s1_0.number from stolen_cards s1_0 where s1_0.number=?
?[0m?[0;34mHibernate: delete from stolen_cards where id=?
?[0m?[1;31m
Start test 107?[0m
?[0;34mTest case
?[0m?[0;34mTesting api: '/api/antifraud/suspicious-ip'
?[0m?[0;34mExpectations: 'IP must be removed from Black List'
?[0m?[0;34m-----
?[0m?[0;34mHibernate: select u1_0.id,u1_0.locked,u1_0.name,u1_0.password,u1_0.role,u1_0.username from users u1_0 where upper(u1_0.username)=upper(?)
?[0m?[0;34mHibernate: select s1_0.id from suspicious_IPs s1_0 where s1_0.ip=? fetch first ? rows only
?[0m?[0;34mHibernate: select s1_0.id,s1_0.ip from suspicious_IPs s1_0 where s1_0.ip=?
?[0m?[0;34mHibernate: delete from suspicious_IPs where id=?
?[0m?[1;31m
Start test 108?[0m
?[0;34mTest case
?[0m?[0;34mTesting api: '/api/antifraud/transaction'
?[0m?[0;34mExpectations: 'Transaction must be ALLOWED'
?[0m?[0;34m-----
?[0m?[0;34mHibernate: select u1_0.id,u1_0.locked,u1_0.name,u1_0.password,u1_0.role,u1_0.username from users u1_0 where upper(u1_0.username)=upper(?)
?[0m?[0;34mHibernate: select t1_0.id from limits t1_0 where t1_0.type=? fetch first ? rows only
?[0m?[0;34mHibernate: select t1_0.id from limits t1_0 where t1_0.type=? fetch first ? rows only
?[0m?[0;34mHibernate: select s1_0.id from stolen_cards s1_0 where s1_0.number=? fetch first ? rows only
?[0m?[0;34mHibernate: select s1_0.id from suspicious_IPs s1_0 where s1_0.ip=? fetch first ? rows only
?[0m?[0;34mHibernate: select t1_0.id,t1_0.amount,t1_0.date,t1_0.feedback,t1_0.ip,t1_0.number,t1_0.region,t1_0.result from transactions t1_0 where t1_0.number=? and t1_0.date between ? and ?
?[0m?[0;34mHibernate: select t1_0.id,t1_0.amount,t1_0.date,t1_0.feedback,t1_0.ip,t1_0.number,t1_0.region,t1_0.result from transactions t1_0 where t1_0.number=? and t1_0.date between ? and ?
?[0m?[0;34mHibernate: select t1_0.id from limits t1_0 where t1_0.type=? fetch first ? rows only
?[0m?[0;34mHibernate: select t1_0.id from limits t1_0 where t1_0.type=? fetch first ? rows only
?[0m?[0;34mHibernate: select s1_0.id from stolen_cards s1_0 where s1_0.number=? fetch first ? rows only
?[0m?[0;34mHibernate: select s1_0.id from suspicious_IPs s1_0 where s1_0.ip=? fetch first ? rows only
?[0m?[0;34mHibernate: select t1_0.id,t1_0.amount,t1_0.date,t1_0.feedback,t1_0.ip,t1_0.number,t1_0.region,t1_0.result from transactions t1_0 where t1_0.number=? and t1_0.date between ? and ?
?[0m?[0;34mHibernate: select t1_0.id,t1_0.amount,t1_0.date,t1_0.feedback,t1_0.ip,t1_0.number,t1_0.region,t1_0.result from transactions t1_0 where t1_0.number=? and t1_0.date between ? and ?
?[0m?[0;34mHibernate: select t1_0.id from limits t1_0 where t1_0.type=? fetch first ? rows only
?[0m?[0;34mHibernate: select t1_0.id from limits t1_0 where t1_0.type=? fetch first ? rows only
?[0m?[0;34mHibernate: select s1_0.id from stolen_cards s1_0 where s1_0.number=? fetch first ? rows only
?[0m?[0;34mHibernate: select s1_0.id from suspicious_IPs s1_0 where s1_0.ip=? fetch first ? rows only
?[0m?[0;34mHibernate: select t1_0.id,t1_0.amount,t1_0.date,t1_0.feedback,t1_0.ip,t1_0.number,t1_0.region,t1_0.result from transactions t1_0 where t1_0.number=? and t1_0.date between ? and ?
?[0m?[0;34mHibernate: select t1_0.id,t1_0.amount,t1_0.date,t1_0.feedback,t1_0.ip,t1_0.number,t1_0.region,t1_0.result from transactions t1_0 where t1_0.number=? and t1_0.date between ? and ?
?[0m?[0;34mHibernate: select t1_0.id from limits t1_0 where t1_0.type=? fetch first ? rows only
?[0m?[0;34mHibernate: select t1_0.id from limits t1_0 where t1_0.type=? fetch first ? rows only
?[0m?[0;34mHibernate: select s1_0.id from stolen_cards s1_0 where s1_0.number=? fetch first ? rows only
?[0m?[0;34mHibernate: select s1_0.id from suspicious_IPs s1_0 where s1_0.ip=? fetch first ? rows only
?[0m?[0;34mHibernate: select t1_0.id,t1_0.amount,t1_0.date,t1_0.feedback,t1_0.ip,t1_0.number,t1_0.region,t1_0.result from transactions t1_0 where t1_0.number=? and t1_0.date between ? and ?
?[0m?[0;34mHibernate: select t1_0.id,t1_0.amount,t1_0.date,t1_0.feedback,t1_0.ip,t1_0.number,t1_0.region,t1_0.result from transactions t1_0 where t1_0.number=? and t1_0.date between ? and ?
?[0m?[0;34mHibernate: select t1_0.id from limits t1_0 where t1_0.type=? fetch first ? rows only
?[0m?[0;34mHibernate: select t1_0.id from limits t1_0 where t1_0.type=? fetch first ? rows only
?[0m?[0;34mHibernate: select s1_0.id from stolen_cards s1_0 where s1_0.number=? fetch first ? rows only
?[0m?[0;34mHibernate: select s1_0.id from suspicious_IPs s1_0 where s1_0.ip=? fetch first ? rows only
?[0m?[0;34mHibernate: select t1_0.id,t1_0.amount,t1_0.date,t1_0.feedback,t1_0.ip,t1_0.number,t1_0.region,t1_0.result from transactions t1_0 where t1_0.number=? and t1_0.date between ? and ?
?[0m?[0;34mHibernate: select t1_0.id,t1_0.amount,t1_0.date,t1_0.feedback,t1_0.ip,t1_0.number,t1_0.region,t1_0.result from transactions t1_0 where t1_0.number=? and t1_0.date between ? and ?
?[0m?[0;34mHibernate: select t1_0.id from limits t1_0 where t1_0.type=? fetch first ? rows only
?[0m?[0;34mHibernate: select t1_0.id from limits t1_0 where t1_0.type=? fetch first ? rows only
?[0m?[0;34mHibernate: select s1_0.id from stolen_cards s1_0 where s1_0.number=? fetch first ? rows only
?[0m?[0;34mHibernate: select s1_0.id from suspicious_IPs s1_0 where s1_0.ip=? fetch first ? rows only
?[0m?[0;34mHibernate: select t1_0.id,t1_0.amount,t1_0.date,t1_0.feedback,t1_0.ip,t1_0.number,t1_0.region,t1_0.result from transactions t1_0 where t1_0.number=? and t1_0.date between ? and ?
?[0m?[0;34mHibernate: select t1_0.id,t1_0.amount,t1_0.date,t1_0.feedback,t1_0.ip,t1_0.number,t1_0.region,t1_0.result from transactions t1_0 where t1_0.number=? and t1_0.date between ? and ?
?[0m?[0;34mHibernate: select t1_0.id from limits t1_0 where t1_0.type=? fetch first ? rows only
?[0m?[0;34mHibernate: select t1_0.id from limits t1_0 where t1_0.type=? fetch first ? rows only
?[0m?[0;34mHibernate: select s1_0.id from stolen_cards s1_0 where s1_0.number=? fetch first ? rows only
?[0m?[0;34mHibernate: select s1_0.id from suspicious_IPs s1_0 where s1_0.ip=? fetch first ? rows only
?[0m?[0;34mHibernate: select t1_0.id,t1_0.amount,t1_0.date,t1_0.feedback,t1_0.ip,t1_0.number,t1_0.region,t1_0.result from transactions t1_0 where t1_0.number=? and t1_0.date between ? and ?
?[0m?[0;34mHibernate: select t1_0.id,t1_0.amount,t1_0.date,t1_0.feedback,t1_0.ip,t1_0.number,t1_0.region,t1_0.result from transactions t1_0 where t1_0.number=? and t1_0.date between ? and ?
?[0m?[0;34mHibernate: select t1_0.id from limits t1_0 where t1_0.type=? fetch first ? rows only
?[0m?[0;34mHibernate: select t1_0.id from limits t1_0 where t1_0.type=? fetch first ? rows only
?[0m?[0;34mHibernate: select s1_0.id from stolen_cards s1_0 where s1_0.number=? fetch first ? rows only
?[0m?[0;34mHibernate: select s1_0.id from suspicious_IPs s1_0 where s1_0.ip=? fetch first ? rows only
?[0m?[0;34mHibernate: select t1_0.id,t1_0.amount,t1_0.date,t1_0.feedback,t1_0.ip,t1_0.number,t1_0.region,t1_0.result from transactions t1_0 where t1_0.number=? and t1_0.date between ? and ?
?[0m?[0;34mHibernate: select t1_0.id,t1_0.amount,t1_0.date,t1_0.feedback,t1_0.ip,t1_0.number,t1_0.region,t1_0.result from transactions t1_0 where t1_0.number=? and t1_0.date between ? and ?
?[0m?[0;34mHibernate: select t1_0.id from limits t1_0 where t1_0.type=? fetch first ? rows only
?[0m?[0;34mHibernate: select t1_0.id from limits t1_0 where t1_0.type=? fetch first ? rows only
?[0m?[0;34mHibernate: select s1_0.id from stolen_cards s1_0 where s1_0.number=? fetch first ? rows only
?[0m?[0;34mHibernate: select s1_0.id from suspicious_IPs s1_0 where s1_0.ip=? fetch first ? rows only
?[0m?[0;34mHibernate: select t1_0.id,t1_0.amount,t1_0.date,t1_0.feedback,t1_0.ip,t1_0.number,t1_0.region,t1_0.result from transactions t1_0 where t1_0.number=? and t1_0.date between ? and ?
?[0m?[0;34mHibernate: select t1_0.id,t1_0.amount,t1_0.date,t1_0.feedback,t1_0.ip,t1_0.number,t1_0.region,t1_0.result from transactions t1_0 where t1_0.number=? and t1_0.date between ? and ?
?[0m?[0;34mHibernate: select t1_0.id from limits t1_0 where t1_0.type=? fetch first ? rows only
?[0m?[0;34mHibernate: select t1_0.id from limits t1_0 where t1_0.type=? fetch first ? rows only
?[0m?[0;34mHibernate: select s1_0.id from stolen_cards s1_0 where s1_0.number=? fetch first ? rows only
?[0m?[0;34mHibernate: select s1_0.id from suspicious_IPs s1_0 where s1_0.ip=? fetch first ? rows only
?[0m?[0;34mHibernate: select t1_0.id,t1_0.amount,t1_0.date,t1_0.feedback,t1_0.ip,t1_0.number,t1_0.region,t1_0.result from transactions t1_0 where t1_0.number=? and t1_0.date between ? and ?
?[0m?[0;34mHibernate: select t1_0.id,t1_0.amount,t1_0.date,t1_0.feedback,t1_0.ip,t1_0.number,t1_0.region,t1_0.result from transactions t1_0 where t1_0.number=? and t1_0.date between ? and ?
?[0m?[0;34mHibernate: select t1_0.id from limits t1_0 where t1_0.type=? fetch first ? rows only
?[0m?[0;34mHibernate: select t1_0.id from limits t1_0 where t1_0.type=? fetch first ? rows only
?[0m?[0;34mHibernate: select s1_0.id from stolen_cards s1_0 where s1_0.number=? fetch first ? rows only
?[0m?[0;34mHibernate: select s1_0.id from suspicious_IPs s1_0 where s1_0.ip=? fetch first ? rows only
?[0m?[0;34mHibernate: select t1_0.id,t1_0.amount,t1_0.date,t1_0.feedback,t1_0.ip,t1_0.number,t1_0.region,t1_0.result from transactions t1_0 where t1_0.number=? and t1_0.date between ? and ?
?[0m?[0;34mHibernate: select t1_0.id,t1_0.amount,t1_0.date,t1_0.feedback,t1_0.ip,t1_0.number,t1_0.region,t1_0.result from transactions t1_0 where t1_0.number=? and t1_0.date between ? and ?
?[0m?[0;34mHibernate: insert into transactions (amount, date, feedback, ip, number, region, result, id) values (?, ?, ?, ?, ?, ?, ?, ?)
?[0m?[1;31m
Start test 109?[0m
?[0;34mTest case
?[0m?[0;34mTesting api: '/api/antifraud/transaction'
?[0m?[0;34mExpectations: 'Transaction must be ALLOWED'
?[0m?[0;34m-----
?[0m?[0;34mHibernate: select u1_0.id,u1_0.locked,u1_0.name,u1_0.password,u1_0.role,u1_0.username from users u1_0 where upper(u1_0.username)=upper(?)
?[0m?[0;34mHibernate: select t1_0.id from limits t1_0 where t1_0.type=? fetch first ? rows only
?[0m?[0;34mHibernate: select t1_0.id from limits t1_0 where t1_0.type=? fetch first ? rows only
?[0m?[0;34mHibernate: select s1_0.id from stolen_cards s1_0 where s1_0.number=? fetch first ? rows only
?[0m?[0;34mHibernate: select s1_0.id from suspicious_IPs s1_0 where s1_0.ip=? fetch first ? rows only
?[0m?[0;34mHibernate: select t1_0.id,t1_0.amount,t1_0.date,t1_0.feedback,t1_0.ip,t1_0.number,t1_0.region,t1_0.result from transactions t1_0 where t1_0.number=? and t1_0.date between ? and ?
?[0m?[0;34mHibernate: select t1_0.id,t1_0.amount,t1_0.date,t1_0.feedback,t1_0.ip,t1_0.number,t1_0.region,t1_0.result from transactions t1_0 where t1_0.number=? and t1_0.date between ? and ?
?[0m?[0;34mHibernate: select t1_0.id from limits t1_0 where t1_0.type=? fetch first ? rows only
?[0m?[0;34mHibernate: select t1_0.id from limits t1_0 where t1_0.type=? fetch first ? rows only
?[0m?[0;34mHibernate: select s1_0.id from stolen_cards s1_0 where s1_0.number=? fetch first ? rows only
?[0m?[0;34mHibernate: select s1_0.id from suspicious_IPs s1_0 where s1_0.ip=? fetch first ? rows only
?[0m?[0;34mHibernate: select t1_0.id,t1_0.amount,t1_0.date,t1_0.feedback,t1_0.ip,t1_0.number,t1_0.region,t1_0.result from transactions t1_0 where t1_0.number=? and t1_0.date between ? and ?
?[0m?[0;34mHibernate: select t1_0.id,t1_0.amount,t1_0.date,t1_0.feedback,t1_0.ip,t1_0.number,t1_0.region,t1_0.result from transactions t1_0 where t1_0.number=? and t1_0.date between ? and ?
?[0m?[0;34mHibernate: select t1_0.id from limits t1_0 where t1_0.type=? fetch first ? rows only
?[0m?[0;34mHibernate: select t1_0.id from limits t1_0 where t1_0.type=? fetch first ? rows only
?[0m?[0;34mHibernate: select s1_0.id from stolen_cards s1_0 where s1_0.number=? fetch first ? rows only
?[0m?[0;34mHibernate: select s1_0.id from suspicious_IPs s1_0 where s1_0.ip=? fetch first ? rows only
?[0m?[0;34mHibernate: select t1_0.id,t1_0.amount,t1_0.date,t1_0.feedback,t1_0.ip,t1_0.number,t1_0.region,t1_0.result from transactions t1_0 where t1_0.number=? and t1_0.date between ? and ?
?[0m?[0;34mHibernate: select t1_0.id,t1_0.amount,t1_0.date,t1_0.feedback,t1_0.ip,t1_0.number,t1_0.region,t1_0.result from transactions t1_0 where t1_0.number=? and t1_0.date between ? and ?
?[0m?[0;34mHibernate: select t1_0.id from limits t1_0 where t1_0.type=? fetch first ? rows only
?[0m?[0;34mHibernate: select t1_0.id from limits t1_0 where t1_0.type=? fetch first ? rows only
?[0m?[0;34mHibernate: select s1_0.id from stolen_cards s1_0 where s1_0.number=? fetch first ? rows only
?[0m?[0;34mHibernate: select s1_0.id from suspicious_IPs s1_0 where s1_0.ip=? fetch first ? rows only
?[0m?[0;34mHibernate: select t1_0.id,t1_0.amount,t1_0.date,t1_0.feedback,t1_0.ip,t1_0.number,t1_0.region,t1_0.result from transactions t1_0 where t1_0.number=? and t1_0.date between ? and ?
?[0m?[0;34mHibernate: select t1_0.id,t1_0.amount,t1_0.date,t1_0.feedback,t1_0.ip,t1_0.number,t1_0.region,t1_0.result from transactions t1_0 where t1_0.number=? and t1_0.date between ? and ?
?[0m?[0;34mHibernate: select t1_0.id from limits t1_0 where t1_0.type=? fetch first ? rows only
?[0m?[0;34mHibernate: select t1_0.id from limits t1_0 where t1_0.type=? fetch first ? rows only
?[0m?[0;34mHibernate: select s1_0.id from stolen_cards s1_0 where s1_0.number=? fetch first ? rows only
?[0m?[0;34mHibernate: select s1_0.id from suspicious_IPs s1_0 where s1_0.ip=? fetch first ? rows only
?[0m?[0;34mHibernate: select t1_0.id,t1_0.amount,t1_0.date,t1_0.feedback,t1_0.ip,t1_0.number,t1_0.region,t1_0.result from transactions t1_0 where t1_0.number=? and t1_0.date between ? and ?
?[0m?[0;34mHibernate: select t1_0.id,t1_0.amount,t1_0.date,t1_0.feedback,t1_0.ip,t1_0.number,t1_0.region,t1_0.result from transactions t1_0 where t1_0.number=? and t1_0.date between ? and ?
?[0m?[0;34mHibernate: select t1_0.id from limits t1_0 where t1_0.type=? fetch first ? rows only
?[0m?[0;34mHibernate: select t1_0.id from limits t1_0 where t1_0.type=? fetch first ? rows only
?[0m?[0;34mHibernate: select s1_0.id from stolen_cards s1_0 where s1_0.number=? fetch first ? rows only
?[0m?[0;34mHibernate: select s1_0.id from suspicious_IPs s1_0 where s1_0.ip=? fetch first ? rows only
?[0m?[0;34mHibernate: select t1_0.id,t1_0.amount,t1_0.date,t1_0.feedback,t1_0.ip,t1_0.number,t1_0.region,t1_0.result from transactions t1_0 where t1_0.number=? and t1_0.date between ? and ?
?[0m?[0;34mHibernate: select t1_0.id,t1_0.amount,t1_0.date,t1_0.feedback,t1_0.ip,t1_0.number,t1_0.region,t1_0.result from transactions t1_0 where t1_0.number=? and t1_0.date between ? and ?
?[0m?[0;34mHibernate: select t1_0.id from limits t1_0 where t1_0.type=? fetch first ? rows only
?[0m?[0;34mHibernate: select t1_0.id from limits t1_0 where t1_0.type=? fetch first ? rows only
?[0m?[0;34mHibernate: select s1_0.id from stolen_cards s1_0 where s1_0.number=? fetch first ? rows only
?[0m?[0;34mHibernate: select s1_0.id from suspicious_IPs s1_0 where s1_0.ip=? fetch first ? rows only
?[0m?[0;34mHibernate: select t1_0.id,t1_0.amount,t1_0.date,t1_0.feedback,t1_0.ip,t1_0.number,t1_0.region,t1_0.result from transactions t1_0 where t1_0.number=? and t1_0.date between ? and ?
?[0m?[0;34mHibernate: select t1_0.id,t1_0.amount,t1_0.date,t1_0.feedback,t1_0.ip,t1_0.number,t1_0.region,t1_0.result from transactions t1_0 where t1_0.number=? and t1_0.date between ? and ?
?[0m?[0;34mHibernate: select t1_0.id from limits t1_0 where t1_0.type=? fetch first ? rows only
?[0m?[0;34mHibernate: select t1_0.id from limits t1_0 where t1_0.type=? fetch first ? rows only
?[0m?[0;34mHibernate: select s1_0.id from stolen_cards s1_0 where s1_0.number=? fetch first ? rows only
?[0m?[0;34mHibernate: select s1_0.id from suspicious_IPs s1_0 where s1_0.ip=? fetch first ? rows only
?[0m?[0;34mHibernate: select t1_0.id,t1_0.amount,t1_0.date,t1_0.feedback,t1_0.ip,t1_0.number,t1_0.region,t1_0.result from transactions t1_0 where t1_0.number=? and t1_0.date between ? and ?
?[0m?[0;34mHibernate: select t1_0.id,t1_0.amount,t1_0.date,t1_0.feedback,t1_0.ip,t1_0.number,t1_0.region,t1_0.result from transactions t1_0 where t1_0.number=? and t1_0.date between ? and ?
?[0m?[0;34mHibernate: select t1_0.id from limits t1_0 where t1_0.type=? fetch first ? rows only
?[0m?[0;34mHibernate: select t1_0.id from limits t1_0 where t1_0.type=? fetch first ? rows only
?[0m?[0;34mHibernate: select s1_0.id from stolen_cards s1_0 where s1_0.number=? fetch first ? rows only
?[0m?[0;34mHibernate: select s1_0.id from suspicious_IPs s1_0 where s1_0.ip=? fetch first ? rows only
?[0m?[0;34mHibernate: select t1_0.id,t1_0.amount,t1_0.date,t1_0.feedback,t1_0.ip,t1_0.number,t1_0.region,t1_0.result from transactions t1_0 where t1_0.number=? and t1_0.date between ? and ?
?[0m?[0;34mHibernate: select t1_0.id,t1_0.amount,t1_0.date,t1_0.feedback,t1_0.ip,t1_0.number,t1_0.region,t1_0.result from transactions t1_0 where t1_0.number=? and t1_0.date between ? and ?
?[0m?[0;34mHibernate: select t1_0.id from limits t1_0 where t1_0.type=? fetch first ? rows only
?[0m?[0;34mHibernate: select t1_0.id from limits t1_0 where t1_0.type=? fetch first ? rows only
?[0m?[0;34mHibernate: select s1_0.id from stolen_cards s1_0 where s1_0.number=? fetch first ? rows only
?[0m?[0;34mHibernate: select s1_0.id from suspicious_IPs s1_0 where s1_0.ip=? fetch first ? rows only
?[0m?[0;34mHibernate: select t1_0.id,t1_0.amount,t1_0.date,t1_0.feedback,t1_0.ip,t1_0.number,t1_0.region,t1_0.result from transactions t1_0 where t1_0.number=? and t1_0.date between ? and ?
?[0m?[0;34mHibernate: select t1_0.id,t1_0.amount,t1_0.date,t1_0.feedback,t1_0.ip,t1_0.number,t1_0.region,t1_0.result from transactions t1_0 where t1_0.number=? and t1_0.date between ? and ?
?[0m?[0;34mHibernate: select t1_0.id from limits t1_0 where t1_0.type=? fetch first ? rows only
?[0m?[0;34mHibernate: select t1_0.id from limits t1_0 where t1_0.type=? fetch first ? rows only
?[0m?[0;34mHibernate: select s1_0.id from stolen_cards s1_0 where s1_0.number=? fetch first ? rows only
?[0m?[0;34mHibernate: select s1_0.id from suspicious_IPs s1_0 where s1_0.ip=? fetch first ? rows only
?[0m?[0;34mHibernate: select t1_0.id,t1_0.amount,t1_0.date,t1_0.feedback,t1_0.ip,t1_0.number,t1_0.region,t1_0.result from transactions t1_0 where t1_0.number=? and t1_0.date between ? and ?
?[0m?[0;34mHibernate: select t1_0.id,t1_0.amount,t1_0.date,t1_0.feedback,t1_0.ip,t1_0.number,t1_0.region,t1_0.result from transactions t1_0 where t1_0.number=? and t1_0.date between ? and ?
?[0m?[0;34mHibernate: insert into transactions (amount, date, feedback, ip, number, region, result, id) values (?, ?, ?, ?, ?, ?, ?, ?)
?[0m?[1;31m
Start test 110?[0m
?[0;34mTest case
?[0m?[0;34mTesting api: '/api/antifraud/transaction'
?[0m?[0;34mExpectations: 'Transaction must be ALLOWED'
?[0m?[0;34m-----
?[0m?[0;34mHibernate: select u1_0.id,u1_0.locked,u1_0.name,u1_0.password,u1_0.role,u1_0.username from users u1_0 where upper(u1_0.username)=upper(?)
?[0m?[0;34mHibernate: select t1_0.id from limits t1_0 where t1_0.type=? fetch first ? rows only
?[0m?[0;34mHibernate: select t1_0.id from limits t1_0 where t1_0.type=? fetch first ? rows only
?[0m?[0;34mHibernate: select s1_0.id from stolen_cards s1_0 where s1_0.number=? fetch first ? rows only
?[0m?[0;34mHibernate: select s1_0.id from suspicious_IPs s1_0 where s1_0.ip=? fetch first ? rows only
?[0m?[0;34mHibernate: select t1_0.id,t1_0.amount,t1_0.date,t1_0.feedback,t1_0.ip,t1_0.number,t1_0.region,t1_0.result from transactions t1_0 where t1_0.number=? and t1_0.date between ? and ?
?[0m?[0;34mHibernate: select t1_0.id,t1_0.amount,t1_0.date,t1_0.feedback,t1_0.ip,t1_0.number,t1_0.region,t1_0.result from transactions t1_0 where t1_0.number=? and t1_0.date between ? and ?
?[0m?[0;34mHibernate: select t1_0.id from limits t1_0 where t1_0.type=? fetch first ? rows only
?[0m?[0;34mHibernate: select t1_0.id from limits t1_0 where t1_0.type=? fetch first ? rows only
?[0m?[0;34mHibernate: select s1_0.id from stolen_cards s1_0 where s1_0.number=? fetch first ? rows only
?[0m?[0;34mHibernate: select s1_0.id from suspicious_IPs s1_0 where s1_0.ip=? fetch first ? rows only
?[0m?[0;34mHibernate: select t1_0.id,t1_0.amount,t1_0.date,t1_0.feedback,t1_0.ip,t1_0.number,t1_0.region,t1_0.result from transactions t1_0 where t1_0.number=? and t1_0.date between ? and ?
?[0m?[0;34mHibernate: select t1_0.id,t1_0.amount,t1_0.date,t1_0.feedback,t1_0.ip,t1_0.number,t1_0.region,t1_0.result from transactions t1_0 where t1_0.number=? and t1_0.date between ? and ?
?[0m?[0;34mHibernate: select t1_0.id from limits t1_0 where t1_0.type=? fetch first ? rows only
?[0m?[0;34mHibernate: select t1_0.id from limits t1_0 where t1_0.type=? fetch first ? rows only
?[0m?[0;34mHibernate: select s1_0.id from stolen_cards s1_0 where s1_0.number=? fetch first ? rows only
?[0m?[0;34mHibernate: select s1_0.id from suspicious_IPs s1_0 where s1_0.ip=? fetch first ? rows only
?[0m?[0;34mHibernate: select t1_0.id,t1_0.amount,t1_0.date,t1_0.feedback,t1_0.ip,t1_0.number,t1_0.region,t1_0.result from transactions t1_0 where t1_0.number=? and t1_0.date between ? and ?
?[0m?[0;34mHibernate: select t1_0.id,t1_0.amount,t1_0.date,t1_0.feedback,t1_0.ip,t1_0.number,t1_0.region,t1_0.result from transactions t1_0 where t1_0.number=? and t1_0.date between ? and ?
?[0m?[0;34mHibernate: select t1_0.id from limits t1_0 where t1_0.type=? fetch first ? rows only
?[0m?[0;34mHibernate: select t1_0.id from limits t1_0 where t1_0.type=? fetch first ? rows only
?[0m?[0;34mHibernate: select s1_0.id from stolen_cards s1_0 where s1_0.number=? fetch first ? rows only
?[0m?[0;34mHibernate: select s1_0.id from suspicious_IPs s1_0 where s1_0.ip=? fetch first ? rows only
?[0m?[0;34mHibernate: select t1_0.id,t1_0.amount,t1_0.date,t1_0.feedback,t1_0.ip,t1_0.number,t1_0.region,t1_0.result from transactions t1_0 where t1_0.number=? and t1_0.date between ? and ?
?[0m?[0;34mHibernate: select t1_0.id,t1_0.amount,t1_0.date,t1_0.feedback,t1_0.ip,t1_0.number,t1_0.region,t1_0.result from transactions t1_0 where t1_0.number=? and t1_0.date between ? and ?
?[0m?[0;34mHibernate: select t1_0.id from limits t1_0 where t1_0.type=? fetch first ? rows only
?[0m?[0;34mHibernate: select t1_0.id from limits t1_0 where t1_0.type=? fetch first ? rows only
?[0m?[0;34mHibernate: select s1_0.id from stolen_cards s1_0 where s1_0.number=? fetch first ? rows only
?[0m?[0;34mHibernate: select s1_0.id from suspicious_IPs s1_0 where s1_0.ip=? fetch first ? rows only
?[0m?[0;34mHibernate: select t1_0.id,t1_0.amount,t1_0.date,t1_0.feedback,t1_0.ip,t1_0.number,t1_0.region,t1_0.result from transactions t1_0 where t1_0.number=? and t1_0.date between ? and ?
?[0m?[0;34mHibernate: select t1_0.id,t1_0.amount,t1_0.date,t1_0.feedback,t1_0.ip,t1_0.number,t1_0.region,t1_0.result from transactions t1_0 where t1_0.number=? and t1_0.date between ? and ?
?[0m?[0;34mHibernate: select t1_0.id from limits t1_0 where t1_0.type=? fetch first ? rows only
?[0m?[0;34mHibernate: select t1_0.id from limits t1_0 where t1_0.type=? fetch first ? rows only
?[0m?[0;34mHibernate: select s1_0.id from stolen_cards s1_0 where s1_0.number=? fetch first ? rows only
?[0m?[0;34mHibernate: select s1_0.id from suspicious_IPs s1_0 where s1_0.ip=? fetch first ? rows only
?[0m?[0;34mHibernate: select t1_0.id,t1_0.amount,t1_0.date,t1_0.feedback,t1_0.ip,t1_0.number,t1_0.region,t1_0.result from transactions t1_0 where t1_0.number=? and t1_0.date between ? and ?
?[0m?[0;34mHibernate: select t1_0.id,t1_0.amount,t1_0.date,t1_0.feedback,t1_0.ip,t1_0.number,t1_0.region,t1_0.result from transactions t1_0 where t1_0.number=? and t1_0.date between ? and ?
?[0m?[0;34mHibernate: select t1_0.id from limits t1_0 where t1_0.type=? fetch first ? rows only
?[0m?[0;34mHibernate: select t1_0.id from limits t1_0 where t1_0.type=? fetch first ? rows only
?[0m?[0;34mHibernate: select s1_0.id from stolen_cards s1_0 where s1_0.number=? fetch first ? rows only
?[0m?[0;34mHibernate: select s1_0.id from suspicious_IPs s1_0 where s1_0.ip=? fetch first ? rows only
?[0m?[0;34mHibernate: select t1_0.id,t1_0.amount,t1_0.date,t1_0.feedback,t1_0.ip,t1_0.number,t1_0.region,t1_0.result from transactions t1_0 where t1_0.number=? and t1_0.date between ? and ?
?[0m?[0;34mHibernate: select t1_0.id,t1_0.amount,t1_0.date,t1_0.feedback,t1_0.ip,t1_0.number,t1_0.region,t1_0.result from transactions t1_0 where t1_0.number=? and t1_0.date between ? and ?
?[0m?[0;34mHibernate: select t1_0.id from limits t1_0 where t1_0.type=? fetch first ? rows only
?[0m?[0;34mHibernate: select t1_0.id from limits t1_0 where t1_0.type=? fetch first ? rows only
?[0m?[0;34mHibernate: select s1_0.id from stolen_cards s1_0 where s1_0.number=? fetch first ? rows only
?[0m?[0;34mHibernate: select s1_0.id from suspicious_IPs s1_0 where s1_0.ip=? fetch first ? rows only
?[0m?[0;34mHibernate: select t1_0.id,t1_0.amount,t1_0.date,t1_0.feedback,t1_0.ip,t1_0.number,t1_0.region,t1_0.result from transactions t1_0 where t1_0.number=? and t1_0.date between ? and ?
?[0m?[0;34mHibernate: select t1_0.id,t1_0.amount,t1_0.date,t1_0.feedback,t1_0.ip,t1_0.number,t1_0.region,t1_0.result from transactions t1_0 where t1_0.number=? and t1_0.date between ? and ?
?[0m?[0;34mHibernate: select t1_0.id from limits t1_0 where t1_0.type=? fetch first ? rows only
?[0m?[0;34mHibernate: select t1_0.id from limits t1_0 where t1_0.type=? fetch first ? rows only
?[0m?[0;34mHibernate: select s1_0.id from stolen_cards s1_0 where s1_0.number=? fetch first ? rows only
?[0m?[0;34mHibernate: select s1_0.id from suspicious_IPs s1_0 where s1_0.ip=? fetch first ? rows only
?[0m?[0;34mHibernate: select t1_0.id,t1_0.amount,t1_0.date,t1_0.feedback,t1_0.ip,t1_0.number,t1_0.region,t1_0.result from transactions t1_0 where t1_0.number=? and t1_0.date between ? and ?
?[0m?[0;34mHibernate: select t1_0.id,t1_0.amount,t1_0.date,t1_0.feedback,t1_0.ip,t1_0.number,t1_0.region,t1_0.result from transactions t1_0 where t1_0.number=? and t1_0.date between ? and ?
?[0m?[0;34mHibernate: select t1_0.id from limits t1_0 where t1_0.type=? fetch first ? rows only
?[0m?[0;34mHibernate: select t1_0.id from limits t1_0 where t1_0.type=? fetch first ? rows only
?[0m?[0;34mHibernate: select s1_0.id from stolen_cards s1_0 where s1_0.number=? fetch first ? rows only
?[0m?[0;34mHibernate: select s1_0.id from suspicious_IPs s1_0 where s1_0.ip=? fetch first ? rows only
?[0m?[0;34mHibernate: select t1_0.id,t1_0.amount,t1_0.date,t1_0.feedback,t1_0.ip,t1_0.number,t1_0.region,t1_0.result from transactions t1_0 where t1_0.number=? and t1_0.date between ? and ?
?[0m?[0;34mHibernate: select t1_0.id,t1_0.amount,t1_0.date,t1_0.feedback,t1_0.ip,t1_0.number,t1_0.region,t1_0.result from transactions t1_0 where t1_0.number=? and t1_0.date between ? and ?
?[0m?[0;34mHibernate: select t1_0.id from limits t1_0 where t1_0.type=? fetch first ? rows only
?[0m?[0;34mHibernate: select t1_0.id from limits t1_0 where t1_0.type=? fetch first ? rows only
?[0m?[0;34mHibernate: select s1_0.id from stolen_cards s1_0 where s1_0.number=? fetch first ? rows only
?[0m?[0;34mHibernate: select s1_0.id from suspicious_IPs s1_0 where s1_0.ip=? fetch first ? rows only
?[0m?[0;34mHibernate: select t1_0.id,t1_0.amount,t1_0.date,t1_0.feedback,t1_0.ip,t1_0.number,t1_0.region,t1_0.result from transactions t1_0 where t1_0.number=? and t1_0.date between ? and ?
?[0m?[0;34mHibernate: select t1_0.id,t1_0.amount,t1_0.date,t1_0.feedback,t1_0.ip,t1_0.number,t1_0.region,t1_0.result from transactions t1_0 where t1_0.number=? and t1_0.date between ? and ?
?[0m?[0;34mHibernate: insert into transactions (amount, date, feedback, ip, number, region, result, id) values (?, ?, ?, ?, ?, ?, ?, ?)
?[0m?[1;31m
Start test 111?[0m
?[0;34mTest case
?[0m?[0;34mTesting api: '/api/antifraud/transaction'
?[0m?[0;34mExpectations: 'Transaction must be MANUAL_PROCESSING due to - region correlation rule'
?[0m?[0;34m-----
?[0m?[0;34mHibernate: select u1_0.id,u1_0.locked,u1_0.name,u1_0.password,u1_0.role,u1_0.username from users u1_0 where upper(u1_0.username)=upper(?)
?[0m?[0;34mHibernate: select t1_0.id from limits t1_0 where t1_0.type=? fetch first ? rows only
?[0m?[0;34mHibernate: select t1_0.id from limits t1_0 where t1_0.type=? fetch first ? rows only
?[0m?[0;34mHibernate: select s1_0.id from stolen_cards s1_0 where s1_0.number=? fetch first ? rows only
?[0m?[0;34mHibernate: select s1_0.id from suspicious_IPs s1_0 where s1_0.ip=? fetch first ? rows only
?[0m?[0;34mHibernate: select t1_0.id,t1_0.amount,t1_0.date,t1_0.feedback,t1_0.ip,t1_0.number,t1_0.region,t1_0.result from transactions t1_0 where t1_0.number=? and t1_0.date between ? and ?
?[0m?[0;34mHibernate: select t1_0.id,t1_0.amount,t1_0.date,t1_0.feedback,t1_0.ip,t1_0.number,t1_0.region,t1_0.result from transactions t1_0 where t1_0.number=? and t1_0.date between ? and ?
?[0m?[0;34mHibernate: select t1_0.id from limits t1_0 where t1_0.type=? fetch first ? rows only
?[0m?[0;34mHibernate: select t1_0.id from limits t1_0 where t1_0.type=? fetch first ? rows only
?[0m?[0;34mHibernate: select s1_0.id from stolen_cards s1_0 where s1_0.number=? fetch first ? rows only
?[0m?[0;34mHibernate: select s1_0.id from suspicious_IPs s1_0 where s1_0.ip=? fetch first ? rows only
?[0m?[0;34mHibernate: select t1_0.id,t1_0.amount,t1_0.date,t1_0.feedback,t1_0.ip,t1_0.number,t1_0.region,t1_0.result from transactions t1_0 where t1_0.number=? and t1_0.date between ? and ?
?[0m?[0;34mHibernate: select t1_0.id,t1_0.amount,t1_0.date,t1_0.feedback,t1_0.ip,t1_0.number,t1_0.region,t1_0.result from transactions t1_0 where t1_0.number=? and t1_0.date between ? and ?
?[0m?[0;34mHibernate: select t1_0.id from limits t1_0 where t1_0.type=? fetch first ? rows only
?[0m?[0;34mHibernate: select t1_0.id from limits t1_0 where t1_0.type=? fetch first ? rows only
?[0m?[0;34mHibernate: select s1_0.id from stolen_cards s1_0 where s1_0.number=? fetch first ? rows only
?[0m?[0;34mHibernate: select s1_0.id from suspicious_IPs s1_0 where s1_0.ip=? fetch first ? rows only
?[0m?[0;34mHibernate: select t1_0.id,t1_0.amount,t1_0.date,t1_0.feedback,t1_0.ip,t1_0.number,t1_0.region,t1_0.result from transactions t1_0 where t1_0.number=? and t1_0.date between ? and ?
?[0m?[0;34mHibernate: select t1_0.id,t1_0.amount,t1_0.date,t1_0.feedback,t1_0.ip,t1_0.number,t1_0.region,t1_0.result from transactions t1_0 where t1_0.number=? and t1_0.date between ? and ?
?[0m?[0;34mHibernate: select t1_0.id from limits t1_0 where t1_0.type=? fetch first ? rows only
?[0m?[0;34mHibernate: select t1_0.id from limits t1_0 where t1_0.type=? fetch first ? rows only
?[0m?[0;34mHibernate: select s1_0.id from stolen_cards s1_0 where s1_0.number=? fetch first ? rows only
?[0m?[0;34mHibernate: select s1_0.id from suspicious_IPs s1_0 where s1_0.ip=? fetch first ? rows only
?[0m?[0;34mHibernate: select t1_0.id,t1_0.amount,t1_0.date,t1_0.feedback,t1_0.ip,t1_0.number,t1_0.region,t1_0.result from transactions t1_0 where t1_0.number=? and t1_0.date between ? and ?
?[0m?[0;34mHibernate: select t1_0.id,t1_0.amount,t1_0.date,t1_0.feedback,t1_0.ip,t1_0.number,t1_0.region,t1_0.result from transactions t1_0 where t1_0.number=? and t1_0.date between ? and ?
?[0m?[0;34mHibernate: select t1_0.id from limits t1_0 where t1_0.type=? fetch first ? rows only
?[0m?[0;34mHibernate: select t1_0.id from limits t1_0 where t1_0.type=? fetch first ? rows only
?[0m?[0;34mHibernate: select s1_0.id from stolen_cards s1_0 where s1_0.number=? fetch first ? rows only
?[0m?[0;34mHibernate: select s1_0.id from suspicious_IPs s1_0 where s1_0.ip=? fetch first ? rows only
?[0m?[0;34mHibernate: select t1_0.id,t1_0.amount,t1_0.date,t1_0.feedback,t1_0.ip,t1_0.number,t1_0.region,t1_0.result from transactions t1_0 where t1_0.number=? and t1_0.date between ? and ?
?[0m?[0;34mHibernate: select t1_0.id,t1_0.amount,t1_0.date,t1_0.feedback,t1_0.ip,t1_0.number,t1_0.region,t1_0.result from transactions t1_0 where t1_0.number=? and t1_0.date between ? and ?
?[0m?[0;34mHibernate: select t1_0.id from limits t1_0 where t1_0.type=? fetch first ? rows only
?[0m?[0;34mHibernate: select t1_0.id from limits t1_0 where t1_0.type=? fetch first ? rows only
?[0m?[0;34mHibernate: select s1_0.id from stolen_cards s1_0 where s1_0.number=? fetch first ? rows only
?[0m?[0;34mHibernate: select s1_0.id from suspicious_IPs s1_0 where s1_0.ip=? fetch first ? rows only
?[0m?[0;34mHibernate: select t1_0.id,t1_0.amount,t1_0.date,t1_0.feedback,t1_0.ip,t1_0.number,t1_0.region,t1_0.result from transactions t1_0 where t1_0.number=? and t1_0.date between ? and ?
?[0m?[0;34mHibernate: select t1_0.id,t1_0.amount,t1_0.date,t1_0.feedback,t1_0.ip,t1_0.number,t1_0.region,t1_0.result from transactions t1_0 where t1_0.number=? and t1_0.date between ? and ?
?[0m?[0;34mHibernate: select t1_0.id from limits t1_0 where t1_0.type=? fetch first ? rows only
?[0m?[0;34mHibernate: select t1_0.id from limits t1_0 where t1_0.type=? fetch first ? rows only
?[0m?[0;34mHibernate: select s1_0.id from stolen_cards s1_0 where s1_0.number=? fetch first ? rows only
?[0m?[0;34mHibernate: select s1_0.id from suspicious_IPs s1_0 where s1_0.ip=? fetch first ? rows only
?[0m?[0;34mHibernate: select t1_0.id,t1_0.amount,t1_0.date,t1_0.feedback,t1_0.ip,t1_0.number,t1_0.region,t1_0.result from transactions t1_0 where t1_0.number=? and t1_0.date between ? and ?
?[0m?[0;34mHibernate: select t1_0.id,t1_0.amount,t1_0.date,t1_0.feedback,t1_0.ip,t1_0.number,t1_0.region,t1_0.result from transactions t1_0 where t1_0.number=? and t1_0.date between ? and ?
?[0m?[0;34mHibernate: select t1_0.id from limits t1_0 where t1_0.type=? fetch first ? rows only
?[0m?[0;34mHibernate: select t1_0.id from limits t1_0 where t1_0.type=? fetch first ? rows only
?[0m?[0;34mHibernate: select s1_0.id from stolen_cards s1_0 where s1_0.number=? fetch first ? rows only
?[0m?[0;34mHibernate: select s1_0.id from suspicious_IPs s1_0 where s1_0.ip=? fetch first ? rows only
?[0m?[0;34mHibernate: select t1_0.id,t1_0.amount,t1_0.date,t1_0.feedback,t1_0.ip,t1_0.number,t1_0.region,t1_0.result from transactions t1_0 where t1_0.number=? and t1_0.date between ? and ?
?[0m?[0;34mHibernate: select t1_0.id,t1_0.amount,t1_0.date,t1_0.feedback,t1_0.ip,t1_0.number,t1_0.region,t1_0.result from transactions t1_0 where t1_0.number=? and t1_0.date between ? and ?
?[0m?[0;34mHibernate: select t1_0.id from limits t1_0 where t1_0.type=? fetch first ? rows only
?[0m?[0;34mHibernate: select t1_0.id from limits t1_0 where t1_0.type=? fetch first ? rows only
?[0m?[0;34mHibernate: select s1_0.id from stolen_cards s1_0 where s1_0.number=? fetch first ? rows only
?[0m?[0;34mHibernate: select s1_0.id from suspicious_IPs s1_0 where s1_0.ip=? fetch first ? rows only
?[0m?[0;34mHibernate: select t1_0.id,t1_0.amount,t1_0.date,t1_0.feedback,t1_0.ip,t1_0.number,t1_0.region,t1_0.result from transactions t1_0 where t1_0.number=? and t1_0.date between ? and ?
?[0m?[0;34mHibernate: select t1_0.id,t1_0.amount,t1_0.date,t1_0.feedback,t1_0.ip,t1_0.number,t1_0.region,t1_0.result from transactions t1_0 where t1_0.number=? and t1_0.date between ? and ?
?[0m?[0;34mHibernate: select t1_0.id from limits t1_0 where t1_0.type=? fetch first ? rows only
?[0m?[0;34mHibernate: select t1_0.id from limits t1_0 where t1_0.type=? fetch first ? rows only
?[0m?[0;34mHibernate: select s1_0.id from stolen_cards s1_0 where s1_0.number=? fetch first ? rows only
?[0m?[0;34mHibernate: select s1_0.id from suspicious_IPs s1_0 where s1_0.ip=? fetch first ? rows only
?[0m?[0;34mHibernate: select t1_0.id,t1_0.amount,t1_0.date,t1_0.feedback,t1_0.ip,t1_0.number,t1_0.region,t1_0.result from transactions t1_0 where t1_0.number=? and t1_0.date between ? and ?
?[0m?[0;34mHibernate: select t1_0.id,t1_0.amount,t1_0.date,t1_0.feedback,t1_0.ip,t1_0.number,t1_0.region,t1_0.result from transactions t1_0 where t1_0.number=? and t1_0.date between ? and ?
?[0m?[0;34mHibernate: select t1_0.id from limits t1_0 where t1_0.type=? fetch first ? rows only
?[0m?[0;34mHibernate: select t1_0.id from limits t1_0 where t1_0.type=? fetch first ? rows only
?[0m?[0;34mHibernate: select s1_0.id from stolen_cards s1_0 where s1_0.number=? fetch first ? rows only
?[0m?[0;34mHibernate: select s1_0.id from suspicious_IPs s1_0 where s1_0.ip=? fetch first ? rows only
?[0m?[0;34mHibernate: select t1_0.id,t1_0.amount,t1_0.date,t1_0.feedback,t1_0.ip,t1_0.number,t1_0.region,t1_0.result from transactions t1_0 where t1_0.number=? and t1_0.date between ? and ?
?[0m?[0;34mHibernate: select t1_0.id,t1_0.amount,t1_0.date,t1_0.feedback,t1_0.ip,t1_0.number,t1_0.region,t1_0.result from transactions t1_0 where t1_0.number=? and t1_0.date between ? and ?
?[0m?[0;34mHibernate: select t1_0.id from limits t1_0 where t1_0.type=? fetch first ? rows only
?[0m?[0;34mHibernate: select t1_0.id from limits t1_0 where t1_0.type=? fetch first ? rows only
?[0m?[0;34mHibernate: select s1_0.id from stolen_cards s1_0 where s1_0.number=? fetch first ? rows only
?[0m?[0;34mHibernate: select s1_0.id from suspicious_IPs s1_0 where s1_0.ip=? fetch first ? rows only
?[0m?[0;34mHibernate: select t1_0.id,t1_0.amount,t1_0.date,t1_0.feedback,t1_0.ip,t1_0.number,t1_0.region,t1_0.result from transactions t1_0 where t1_0.number=? and t1_0.date between ? and ?
?[0m?[0;34mHibernate: select t1_0.id,t1_0.amount,t1_0.date,t1_0.feedback,t1_0.ip,t1_0.number,t1_0.region,t1_0.result from transactions t1_0 where t1_0.number=? and t1_0.date between ? and ?
?[0m?[0;34mHibernate: select t1_0.id from limits t1_0 where t1_0.type=? fetch first ? rows only
?[0m?[0;34mHibernate: select t1_0.id from limits t1_0 where t1_0.type=? fetch first ? rows only
?[0m?[0;34mHibernate: select s1_0.id from stolen_cards s1_0 where s1_0.number=? fetch first ? rows only
?[0m?[0;34mHibernate: select s1_0.id from suspicious_IPs s1_0 where s1_0.ip=? fetch first ? rows only
?[0m?[0;34mHibernate: select t1_0.id,t1_0.amount,t1_0.date,t1_0.feedback,t1_0.ip,t1_0.number,t1_0.region,t1_0.result from transactions t1_0 where t1_0.number=? and t1_0.date between ? and ?
?[0m?[0;34mHibernate: select t1_0.id,t1_0.amount,t1_0.date,t1_0.feedback,t1_0.ip,t1_0.number,t1_0.region,t1_0.result from transactions t1_0 where t1_0.number=? and t1_0.date between ? and ?
?[0m?[0;34mHibernate: insert into transactions (amount, date, feedback, ip, number, region, result, id) values (?, ?, ?, ?, ?, ?, ?, ?)
?[0m?[1;31m
Start test 112?[0m
?[0;34mTest case
?[0m?[0;34mTesting api: '/api/antifraud/transaction'
?[0m?[0;34mExpectations: 'Transaction must be PROHIBITED due to - region correlation rule'
?[0m?[0;34m-----
?[0m?[0;34mHibernate: select u1_0.id,u1_0.locked,u1_0.name,u1_0.password,u1_0.role,u1_0.username from users u1_0 where upper(u1_0.username)=upper(?)
?[0m?[0;34mHibernate: select t1_0.id from limits t1_0 where t1_0.type=? fetch first ? rows only
?[0m?[0;34mHibernate: select t1_0.id from limits t1_0 where t1_0.type=? fetch first ? rows only
?[0m?[0;34mHibernate: select s1_0.id from stolen_cards s1_0 where s1_0.number=? fetch first ? rows only
?[0m?[0;34mHibernate: select s1_0.id from suspicious_IPs s1_0 where s1_0.ip=? fetch first ? rows only
?[0m?[0;34mHibernate: select t1_0.id,t1_0.amount,t1_0.date,t1_0.feedback,t1_0.ip,t1_0.number,t1_0.region,t1_0.result from transactions t1_0 where t1_0.number=? and t1_0.date between ? and ?
?[0m?[0;34mHibernate: select t1_0.id,t1_0.amount,t1_0.date,t1_0.feedback,t1_0.ip,t1_0.number,t1_0.region,t1_0.result from transactions t1_0 where t1_0.number=? and t1_0.date between ? and ?
?[0m?[0;34mHibernate: select t1_0.id from limits t1_0 where t1_0.type=? fetch first ? rows only
?[0m?[0;34mHibernate: select t1_0.id from limits t1_0 where t1_0.type=? fetch first ? rows only
?[0m?[0;34mHibernate: select s1_0.id from stolen_cards s1_0 where s1_0.number=? fetch first ? rows only
?[0m?[0;34mHibernate: select s1_0.id from suspicious_IPs s1_0 where s1_0.ip=? fetch first ? rows only
?[0m?[0;34mHibernate: select t1_0.id,t1_0.amount,t1_0.date,t1_0.feedback,t1_0.ip,t1_0.number,t1_0.region,t1_0.result from transactions t1_0 where t1_0.number=? and t1_0.date between ? and ?
?[0m?[0;34mHibernate: select t1_0.id,t1_0.amount,t1_0.date,t1_0.feedback,t1_0.ip,t1_0.number,t1_0.region,t1_0.result from transactions t1_0 where t1_0.number=? and t1_0.date between ? and ?
?[0m?[0;34mHibernate: select t1_0.id from limits t1_0 where t1_0.type=? fetch first ? rows only
?[0m?[0;34mHibernate: select t1_0.id from limits t1_0 where t1_0.type=? fetch first ? rows only
?[0m?[0;34mHibernate: select s1_0.id from stolen_cards s1_0 where s1_0.number=? fetch first ? rows only
?[0m?[0;34mHibernate: select s1_0.id from suspicious_IPs s1_0 where s1_0.ip=? fetch first ? rows only
?[0m?[0;34mHibernate: select t1_0.id,t1_0.amount,t1_0.date,t1_0.feedback,t1_0.ip,t1_0.number,t1_0.region,t1_0.result from transactions t1_0 where t1_0.number=? and t1_0.date between ? and ?
?[0m?[0;34mHibernate: select t1_0.id,t1_0.amount,t1_0.date,t1_0.feedback,t1_0.ip,t1_0.number,t1_0.region,t1_0.result from transactions t1_0 where t1_0.number=? and t1_0.date between ? and ?
?[0m?[0;34mHibernate: select t1_0.id from limits t1_0 where t1_0.type=? fetch first ? rows only
?[0m?[0;34mHibernate: select t1_0.id from limits t1_0 where t1_0.type=? fetch first ? rows only
?[0m?[0;34mHibernate: select s1_0.id from stolen_cards s1_0 where s1_0.number=? fetch first ? rows only
?[0m?[0;34mHibernate: select s1_0.id from suspicious_IPs s1_0 where s1_0.ip=? fetch first ? rows only
?[0m?[0;34mHibernate: select t1_0.id,t1_0.amount,t1_0.date,t1_0.feedback,t1_0.ip,t1_0.number,t1_0.region,t1_0.result from transactions t1_0 where t1_0.number=? and t1_0.date between ? and ?
?[0m?[0;34mHibernate: select t1_0.id,t1_0.amount,t1_0.date,t1_0.feedback,t1_0.ip,t1_0.number,t1_0.region,t1_0.result from transactions t1_0 where t1_0.number=? and t1_0.date between ? and ?
?[0m?[0;34mHibernate: select t1_0.id from limits t1_0 where t1_0.type=? fetch first ? rows only
?[0m?[0;34mHibernate: select t1_0.id from limits t1_0 where t1_0.type=? fetch first ? rows only
?[0m?[0;34mHibernate: select s1_0.id from stolen_cards s1_0 where s1_0.number=? fetch first ? rows only
?[0m?[0;34mHibernate: select s1_0.id from suspicious_IPs s1_0 where s1_0.ip=? fetch first ? rows only
?[0m?[0;34mHibernate: select t1_0.id,t1_0.amount,t1_0.date,t1_0.feedback,t1_0.ip,t1_0.number,t1_0.region,t1_0.result from transactions t1_0 where t1_0.number=? and t1_0.date between ? and ?
?[0m?[0;34mHibernate: select t1_0.id,t1_0.amount,t1_0.date,t1_0.feedback,t1_0.ip,t1_0.number,t1_0.region,t1_0.result from transactions t1_0 where t1_0.number=? and t1_0.date between ? and ?
?[0m?[0;34mHibernate: select t1_0.id from limits t1_0 where t1_0.type=? fetch first ? rows only
?[0m?[0;34mHibernate: select t1_0.id from limits t1_0 where t1_0.type=? fetch first ? rows only
?[0m?[0;34mHibernate: select s1_0.id from stolen_cards s1_0 where s1_0.number=? fetch first ? rows only
?[0m?[0;34mHibernate: select s1_0.id from suspicious_IPs s1_0 where s1_0.ip=? fetch first ? rows only
?[0m?[0;34mHibernate: select t1_0.id,t1_0.amount,t1_0.date,t1_0.feedback,t1_0.ip,t1_0.number,t1_0.region,t1_0.result from transactions t1_0 where t1_0.number=? and t1_0.date between ? and ?
?[0m?[0;34mHibernate: select t1_0.id,t1_0.amount,t1_0.date,t1_0.feedback,t1_0.ip,t1_0.number,t1_0.region,t1_0.result from transactions t1_0 where t1_0.number=? and t1_0.date between ? and ?
?[0m?[0;34mHibernate: select t1_0.id from limits t1_0 where t1_0.type=? fetch first ? rows only
?[0m?[0;34mHibernate: select t1_0.id from limits t1_0 where t1_0.type=? fetch first ? rows only
?[0m?[0;34mHibernate: select s1_0.id from stolen_cards s1_0 where s1_0.number=? fetch first ? rows only
?[0m?[0;34mHibernate: select s1_0.id from suspicious_IPs s1_0 where s1_0.ip=? fetch first ? rows only
?[0m?[0;34mHibernate: select t1_0.id,t1_0.amount,t1_0.date,t1_0.feedback,t1_0.ip,t1_0.number,t1_0.region,t1_0.result from transactions t1_0 where t1_0.number=? and t1_0.date between ? and ?
?[0m?[0;34mHibernate: select t1_0.id,t1_0.amount,t1_0.date,t1_0.feedback,t1_0.ip,t1_0.number,t1_0.region,t1_0.result from transactions t1_0 where t1_0.number=? and t1_0.date between ? and ?
?[0m?[0;34mHibernate: select t1_0.id from limits t1_0 where t1_0.type=? fetch first ? rows only
?[0m?[0;34mHibernate: select t1_0.id from limits t1_0 where t1_0.type=? fetch first ? rows only
?[0m?[0;34mHibernate: select s1_0.id from stolen_cards s1_0 where s1_0.number=? fetch first ? rows only
?[0m?[0;34mHibernate: select s1_0.id from suspicious_IPs s1_0 where s1_0.ip=? fetch first ? rows only
?[0m?[0;34mHibernate: select t1_0.id,t1_0.amount,t1_0.date,t1_0.feedback,t1_0.ip,t1_0.number,t1_0.region,t1_0.result from transactions t1_0 where t1_0.number=? and t1_0.date between ? and ?
?[0m?[0;34mHibernate: select t1_0.id,t1_0.amount,t1_0.date,t1_0.feedback,t1_0.ip,t1_0.number,t1_0.region,t1_0.result from transactions t1_0 where t1_0.number=? and t1_0.date between ? and ?
?[0m?[0;34mHibernate: select t1_0.id from limits t1_0 where t1_0.type=? fetch first ? rows only
?[0m?[0;34mHibernate: select t1_0.id from limits t1_0 where t1_0.type=? fetch first ? rows only
?[0m?[0;34mHibernate: select s1_0.id from stolen_cards s1_0 where s1_0.number=? fetch first ? rows only
?[0m?[0;34mHibernate: select s1_0.id from suspicious_IPs s1_0 where s1_0.ip=? fetch first ? rows only
?[0m?[0;34mHibernate: select t1_0.id,t1_0.amount,t1_0.date,t1_0.feedback,t1_0.ip,t1_0.number,t1_0.region,t1_0.result from transactions t1_0 where t1_0.number=? and t1_0.date between ? and ?
?[0m?[0;34mHibernate: select t1_0.id,t1_0.amount,t1_0.date,t1_0.feedback,t1_0.ip,t1_0.number,t1_0.region,t1_0.result from transactions t1_0 where t1_0.number=? and t1_0.date between ? and ?
?[0m?[0;34mHibernate: select t1_0.id from limits t1_0 where t1_0.type=? fetch first ? rows only
?[0m?[0;34mHibernate: select t1_0.id from limits t1_0 where t1_0.type=? fetch first ? rows only
?[0m?[0;34mHibernate: select s1_0.id from stolen_cards s1_0 where s1_0.number=? fetch first ? rows only
?[0m?[0;34mHibernate: select s1_0.id from suspicious_IPs s1_0 where s1_0.ip=? fetch first ? rows only
?[0m?[0;34mHibernate: select t1_0.id,t1_0.amount,t1_0.date,t1_0.feedback,t1_0.ip,t1_0.number,t1_0.region,t1_0.result from transactions t1_0 where t1_0.number=? and t1_0.date between ? and ?
?[0m?[0;34mHibernate: select t1_0.id,t1_0.amount,t1_0.date,t1_0.feedback,t1_0.ip,t1_0.number,t1_0.region,t1_0.result from transactions t1_0 where t1_0.number=? and t1_0.date between ? and ?
?[0m?[0;34mHibernate: select t1_0.id from limits t1_0 where t1_0.type=? fetch first ? rows only
?[0m?[0;34mHibernate: select t1_0.id from limits t1_0 where t1_0.type=? fetch first ? rows only
?[0m?[0;34mHibernate: select s1_0.id from stolen_cards s1_0 where s1_0.number=? fetch first ? rows only
?[0m?[0;34mHibernate: select s1_0.id from suspicious_IPs s1_0 where s1_0.ip=? fetch first ? rows only
?[0m?[0;34mHibernate: select t1_0.id,t1_0.amount,t1_0.date,t1_0.feedback,t1_0.ip,t1_0.number,t1_0.region,t1_0.result from transactions t1_0 where t1_0.number=? and t1_0.date between ? and ?
?[0m?[0;34mHibernate: select t1_0.id,t1_0.amount,t1_0.date,t1_0.feedback,t1_0.ip,t1_0.number,t1_0.region,t1_0.result from transactions t1_0 where t1_0.number=? and t1_0.date between ? and ?
?[0m?[0;34mHibernate: select t1_0.id from limits t1_0 where t1_0.type=? fetch first ? rows only
?[0m?[0;34mHibernate: select t1_0.id from limits t1_0 where t1_0.type=? fetch first ? rows only
?[0m?[0;34mHibernate: select s1_0.id from stolen_cards s1_0 where s1_0.number=? fetch first ? rows only
?[0m?[0;34mHibernate: select s1_0.id from suspicious_IPs s1_0 where s1_0.ip=? fetch first ? rows only
?[0m?[0;34mHibernate: select t1_0.id,t1_0.amount,t1_0.date,t1_0.feedback,t1_0.ip,t1_0.number,t1_0.region,t1_0.result from transactions t1_0 where t1_0.number=? and t1_0.date between ? and ?
?[0m?[0;34mHibernate: select t1_0.id,t1_0.amount,t1_0.date,t1_0.feedback,t1_0.ip,t1_0.number,t1_0.region,t1_0.result from transactions t1_0 where t1_0.number=? and t1_0.date between ? and ?
?[0m?[0;34mHibernate: select t1_0.id from limits t1_0 where t1_0.type=? fetch first ? rows only
?[0m?[0;34mHibernate: select t1_0.id from limits t1_0 where t1_0.type=? fetch first ? rows only
?[0m?[0;34mHibernate: select s1_0.id from stolen_cards s1_0 where s1_0.number=? fetch first ? rows only
?[0m?[0;34mHibernate: select s1_0.id from suspicious_IPs s1_0 where s1_0.ip=? fetch first ? rows only
?[0m?[0;34mHibernate: select t1_0.id,t1_0.amount,t1_0.date,t1_0.feedback,t1_0.ip,t1_0.number,t1_0.region,t1_0.result from transactions t1_0 where t1_0.number=? and t1_0.date between ? and ?
?[0m?[0;34mHibernate: select t1_0.id,t1_0.amount,t1_0.date,t1_0.feedback,t1_0.ip,t1_0.number,t1_0.region,t1_0.result from transactions t1_0 where t1_0.number=? and t1_0.date between ? and ?
?[0m?[0;34mHibernate: insert into transactions (amount, date, feedback, ip, number, region, result, id) values (?, ?, ?, ?, ?, ?, ?, ?)
?[0m?[1;31m
Start test 113?[0m
?[0;34mTest case
?[0m?[0;34mTesting api: '/api/antifraud/stolencard'
?[0m?[0;34mExpectations: 'A card must be added to Black List'
?[0m?[0;34m-----
?[0m?[0;34mHibernate: select u1_0.id,u1_0.locked,u1_0.name,u1_0.password,u1_0.role,u1_0.username from users u1_0 where upper(u1_0.username)=upper(?)
?[0m?[0;34mHibernate: select s1_0.id from stolen_cards s1_0 where s1_0.number=? fetch first ? rows only
?[0m?[0;34mHibernate: insert into stolen_cards (number, id) values (?, ?)
?[0m?[1;31m
Start test 114?[0m
?[0;34mTest case
?[0m?[0;34mTesting api: '/api/antifraud/suspicious-ip'
?[0m?[0;34mExpectations: 'IP must be added to Black List'
?[0m?[0;34m-----
?[0m?[0;34mHibernate: select u1_0.id,u1_0.locked,u1_0.name,u1_0.password,u1_0.role,u1_0.username from users u1_0 where upper(u1_0.username)=upper(?)
?[0m?[0;34mHibernate: select s1_0.id from suspicious_IPs s1_0 where s1_0.ip=? fetch first ? rows only
?[0m?[0;34mHibernate: insert into suspicious_IPs (ip, id) values (?, ?)
?[0m?[1;31m
Start test 115?[0m
?[0;34mTest case
?[0m?[0;34mTesting api: '/api/antifraud/transaction'
?[0m?[0;34mExpectations: 'Transaction must be PROHIBITED due to - amount, card-number, ip, region-correlation reasons'
?[0m?[0;34m-----
?[0m?[0;34mHibernate: select u1_0.id,u1_0.locked,u1_0.name,u1_0.password,u1_0.role,u1_0.username from users u1_0 where upper(u1_0.username)=upper(?)
?[0m?[0;34mHibernate: select t1_0.id from limits t1_0 where t1_0.type=? fetch first ? rows only
?[0m?[0;34mHibernate: select t1_0.id from limits t1_0 where t1_0.type=? fetch first ? rows only
?[0m?[0;34mHibernate: select s1_0.id from stolen_cards s1_0 where s1_0.number=? fetch first ? rows only
?[0m?[0;34mHibernate: select s1_0.id from suspicious_IPs s1_0 where s1_0.ip=? fetch first ? rows only
?[0m?[0;34mHibernate: select t1_0.id,t1_0.amount,t1_0.date,t1_0.feedback,t1_0.ip,t1_0.number,t1_0.region,t1_0.result from transactions t1_0 where t1_0.number=? and t1_0.date between ? and ?
?[0m?[0;34mHibernate: select t1_0.id,t1_0.amount,t1_0.date,t1_0.feedback,t1_0.ip,t1_0.number,t1_0.region,t1_0.result from transactions t1_0 where t1_0.number=? and t1_0.date between ? and ?
?[0m?[0;34mHibernate: select t1_0.id from limits t1_0 where t1_0.type=? fetch first ? rows only
?[0m?[0;34mHibernate: select t1_0.id from limits t1_0 where t1_0.type=? fetch first ? rows only
?[0m?[0;34mHibernate: select s1_0.id from stolen_cards s1_0 where s1_0.number=? fetch first ? rows only
?[0m?[0;34mHibernate: select s1_0.id from suspicious_IPs s1_0 where s1_0.ip=? fetch first ? rows only
?[0m?[0;34mHibernate: select t1_0.id,t1_0.amount,t1_0.date,t1_0.feedback,t1_0.ip,t1_0.number,t1_0.region,t1_0.result from transactions t1_0 where t1_0.number=? and t1_0.date between ? and ?
?[0m?[0;34mHibernate: select t1_0.id,t1_0.amount,t1_0.date,t1_0.feedback,t1_0.ip,t1_0.number,t1_0.region,t1_0.result from transactions t1_0 where t1_0.number=? and t1_0.date between ? and ?
?[0m?[0;34mHibernate: select t1_0.id from limits t1_0 where t1_0.type=? fetch first ? rows only
?[0m?[0;34mHibernate: select t1_0.id from limits t1_0 where t1_0.type=? fetch first ? rows only
?[0m?[0;34mHibernate: select s1_0.id from stolen_cards s1_0 where s1_0.number=? fetch first ? rows only
?[0m?[0;34mHibernate: select s1_0.id from suspicious_IPs s1_0 where s1_0.ip=? fetch first ? rows only
?[0m?[0;34mHibernate: select t1_0.id,t1_0.amount,t1_0.date,t1_0.feedback,t1_0.ip,t1_0.number,t1_0.region,t1_0.result from transactions t1_0 where t1_0.number=? and t1_0.date between ? and ?
?[0m?[0;34mHibernate: select t1_0.id,t1_0.amount,t1_0.date,t1_0.feedback,t1_0.ip,t1_0.number,t1_0.region,t1_0.result from transactions t1_0 where t1_0.number=? and t1_0.date between ? and ?
?[0m?[0;34mHibernate: select t1_0.id from limits t1_0 where t1_0.type=? fetch first ? rows only
?[0m?[0;34mHibernate: select t1_0.id from limits t1_0 where t1_0.type=? fetch first ? rows only
?[0m?[0;34mHibernate: select s1_0.id from stolen_cards s1_0 where s1_0.number=? fetch first ? rows only
?[0m?[0;34mHibernate: select s1_0.id from suspicious_IPs s1_0 where s1_0.ip=? fetch first ? rows only
?[0m?[0;34mHibernate: select t1_0.id,t1_0.amount,t1_0.date,t1_0.feedback,t1_0.ip,t1_0.number,t1_0.region,t1_0.result from transactions t1_0 where t1_0.number=? and t1_0.date between ? and ?
?[0m?[0;34mHibernate: select t1_0.id,t1_0.amount,t1_0.date,t1_0.feedback,t1_0.ip,t1_0.number,t1_0.region,t1_0.result from transactions t1_0 where t1_0.number=? and t1_0.date between ? and ?
?[0m?[0;34mHibernate: select t1_0.id from limits t1_0 where t1_0.type=? fetch first ? rows only
?[0m?[0;34mHibernate: select t1_0.id from limits t1_0 where t1_0.type=? fetch first ? rows only
?[0m?[0;34mHibernate: select s1_0.id from stolen_cards s1_0 where s1_0.number=? fetch first ? rows only
?[0m?[0;34mHibernate: select s1_0.id from suspicious_IPs s1_0 where s1_0.ip=? fetch first ? rows only
?[0m?[0;34mHibernate: select t1_0.id,t1_0.amount,t1_0.date,t1_0.feedback,t1_0.ip,t1_0.number,t1_0.region,t1_0.result from transactions t1_0 where t1_0.number=? and t1_0.date between ? and ?
?[0m?[0;34mHibernate: select t1_0.id,t1_0.amount,t1_0.date,t1_0.feedback,t1_0.ip,t1_0.number,t1_0.region,t1_0.result from transactions t1_0 where t1_0.number=? and t1_0.date between ? and ?
?[0m?[0;34mHibernate: select t1_0.id from limits t1_0 where t1_0.type=? fetch first ? rows only
?[0m?[0;34mHibernate: select t1_0.id from limits t1_0 where t1_0.type=? fetch first ? rows only
?[0m?[0;34mHibernate: select s1_0.id from stolen_cards s1_0 where s1_0.number=? fetch first ? rows only
?[0m?[0;34mHibernate: select s1_0.id from suspicious_IPs s1_0 where s1_0.ip=? fetch first ? rows only
?[0m?[0;34mHibernate: select t1_0.id,t1_0.amount,t1_0.date,t1_0.feedback,t1_0.ip,t1_0.number,t1_0.region,t1_0.result from transactions t1_0 where t1_0.number=? and t1_0.date between ? and ?
?[0m?[0;34mHibernate: select t1_0.id,t1_0.amount,t1_0.date,t1_0.feedback,t1_0.ip,t1_0.number,t1_0.region,t1_0.result from transactions t1_0 where t1_0.number=? and t1_0.date between ? and ?
?[0m?[0;34mHibernate: select t1_0.id from limits t1_0 where t1_0.type=? fetch first ? rows only
?[0m?[0;34mHibernate: select t1_0.id from limits t1_0 where t1_0.type=? fetch first ? rows only
?[0m?[0;34mHibernate: select s1_0.id from stolen_cards s1_0 where s1_0.number=? fetch first ? rows only
?[0m?[0;34mHibernate: select s1_0.id from suspicious_IPs s1_0 where s1_0.ip=? fetch first ? rows only
?[0m?[0;34mHibernate: select t1_0.id,t1_0.amount,t1_0.date,t1_0.feedback,t1_0.ip,t1_0.number,t1_0.region,t1_0.result from transactions t1_0 where t1_0.number=? and t1_0.date between ? and ?
?[0m?[0;34mHibernate: select t1_0.id,t1_0.amount,t1_0.date,t1_0.feedback,t1_0.ip,t1_0.number,t1_0.region,t1_0.result from transactions t1_0 where t1_0.number=? and t1_0.date between ? and ?
?[0m?[0;34mHibernate: select t1_0.id from limits t1_0 where t1_0.type=? fetch first ? rows only
?[0m?[0;34mHibernate: select t1_0.id from limits t1_0 where t1_0.type=? fetch first ? rows only
?[0m?[0;34mHibernate: select s1_0.id from stolen_cards s1_0 where s1_0.number=? fetch first ? rows only
?[0m?[0;34mHibernate: select s1_0.id from suspicious_IPs s1_0 where s1_0.ip=? fetch first ? rows only
?[0m?[0;34mHibernate: select t1_0.id,t1_0.amount,t1_0.date,t1_0.feedback,t1_0.ip,t1_0.number,t1_0.region,t1_0.result from transactions t1_0 where t1_0.number=? and t1_0.date between ? and ?
?[0m?[0;34mHibernate: select t1_0.id,t1_0.amount,t1_0.date,t1_0.feedback,t1_0.ip,t1_0.number,t1_0.region,t1_0.result from transactions t1_0 where t1_0.number=? and t1_0.date between ? and ?
?[0m?[0;34mHibernate: select t1_0.id from limits t1_0 where t1_0.type=? fetch first ? rows only
?[0m?[0;34mHibernate: select t1_0.id from limits t1_0 where t1_0.type=? fetch first ? rows only
?[0m?[0;34mHibernate: select s1_0.id from stolen_cards s1_0 where s1_0.number=? fetch first ? rows only
?[0m?[0;34mHibernate: select s1_0.id from suspicious_IPs s1_0 where s1_0.ip=? fetch first ? rows only
?[0m?[0;34mHibernate: select t1_0.id,t1_0.amount,t1_0.date,t1_0.feedback,t1_0.ip,t1_0.number,t1_0.region,t1_0.result from transactions t1_0 where t1_0.number=? and t1_0.date between ? and ?
?[0m?[0;34mHibernate: select t1_0.id,t1_0.amount,t1_0.date,t1_0.feedback,t1_0.ip,t1_0.number,t1_0.region,t1_0.result from transactions t1_0 where t1_0.number=? and t1_0.date between ? and ?
?[0m?[0;34mHibernate: select t1_0.id from limits t1_0 where t1_0.type=? fetch first ? rows only
?[0m?[0;34mHibernate: select t1_0.id from limits t1_0 where t1_0.type=? fetch first ? rows only
?[0m?[0;34mHibernate: select s1_0.id from stolen_cards s1_0 where s1_0.number=? fetch first ? rows only
?[0m?[0;34mHibernate: select s1_0.id from suspicious_IPs s1_0 where s1_0.ip=? fetch first ? rows only
?[0m?[0;34mHibernate: select t1_0.id,t1_0.amount,t1_0.date,t1_0.feedback,t1_0.ip,t1_0.number,t1_0.region,t1_0.result from transactions t1_0 where t1_0.number=? and t1_0.date between ? and ?
?[0m?[0;34mHibernate: select t1_0.id,t1_0.amount,t1_0.date,t1_0.feedback,t1_0.ip,t1_0.number,t1_0.region,t1_0.result from transactions t1_0 where t1_0.number=? and t1_0.date between ? and ?
?[0m?[0;34mHibernate: select t1_0.id from limits t1_0 where t1_0.type=? fetch first ? rows only
?[0m?[0;34mHibernate: select t1_0.id from limits t1_0 where t1_0.type=? fetch first ? rows only
?[0m?[0;34mHibernate: select s1_0.id from stolen_cards s1_0 where s1_0.number=? fetch first ? rows only
?[0m?[0;34mHibernate: select s1_0.id from suspicious_IPs s1_0 where s1_0.ip=? fetch first ? rows only
?[0m?[0;34mHibernate: select t1_0.id,t1_0.amount,t1_0.date,t1_0.feedback,t1_0.ip,t1_0.number,t1_0.region,t1_0.result from transactions t1_0 where t1_0.number=? and t1_0.date between ? and ?
?[0m?[0;34mHibernate: select t1_0.id,t1_0.amount,t1_0.date,t1_0.feedback,t1_0.ip,t1_0.number,t1_0.region,t1_0.result from transactions t1_0 where t1_0.number=? and t1_0.date between ? and ?
?[0m?[0;34mHibernate: select t1_0.id from limits t1_0 where t1_0.type=? fetch first ? rows only
?[0m?[0;34mHibernate: select t1_0.id from limits t1_0 where t1_0.type=? fetch first ? rows only
?[0m?[0;34mHibernate: select s1_0.id from stolen_cards s1_0 where s1_0.number=? fetch first ? rows only
?[0m?[0;34mHibernate: select s1_0.id from suspicious_IPs s1_0 where s1_0.ip=? fetch first ? rows only
?[0m?[0;34mHibernate: select t1_0.id,t1_0.amount,t1_0.date,t1_0.feedback,t1_0.ip,t1_0.number,t1_0.region,t1_0.result from transactions t1_0 where t1_0.number=? and t1_0.date between ? and ?
?[0m?[0;34mHibernate: select t1_0.id,t1_0.amount,t1_0.date,t1_0.feedback,t1_0.ip,t1_0.number,t1_0.region,t1_0.result from transactions t1_0 where t1_0.number=? and t1_0.date between ? and ?
?[0m?[0;34mHibernate: select t1_0.id from limits t1_0 where t1_0.type=? fetch first ? rows only
?[0m?[0;34mHibernate: select t1_0.id from limits t1_0 where t1_0.type=? fetch first ? rows only
?[0m?[0;34mHibernate: select s1_0.id from stolen_cards s1_0 where s1_0.number=? fetch first ? rows only
?[0m?[0;34mHibernate: select s1_0.id from suspicious_IPs s1_0 where s1_0.ip=? fetch first ? rows only
?[0m?[0;34mHibernate: select t1_0.id,t1_0.amount,t1_0.date,t1_0.feedback,t1_0.ip,t1_0.number,t1_0.region,t1_0.result from transactions t1_0 where t1_0.number=? and t1_0.date between ? and ?
?[0m?[0;34mHibernate: select t1_0.id,t1_0.amount,t1_0.date,t1_0.feedback,t1_0.ip,t1_0.number,t1_0.region,t1_0.result from transactions t1_0 where t1_0.number=? and t1_0.date between ? and ?
?[0m?[0;34mHibernate: select t1_0.id from limits t1_0 where t1_0.type=? fetch first ? rows only
?[0m?[0;34mHibernate: select t1_0.id from limits t1_0 where t1_0.type=? fetch first ? rows only
?[0m?[0;34mHibernate: select s1_0.id from stolen_cards s1_0 where s1_0.number=? fetch first ? rows only
?[0m?[0;34mHibernate: select s1_0.id from suspicious_IPs s1_0 where s1_0.ip=? fetch first ? rows only
?[0m?[0;34mHibernate: select t1_0.id,t1_0.amount,t1_0.date,t1_0.feedback,t1_0.ip,t1_0.number,t1_0.region,t1_0.result from transactions t1_0 where t1_0.number=? and t1_0.date between ? and ?
?[0m?[0;34mHibernate: select t1_0.id,t1_0.amount,t1_0.date,t1_0.feedback,t1_0.ip,t1_0.number,t1_0.region,t1_0.result from transactions t1_0 where t1_0.number=? and t1_0.date between ? and ?
?[0m?[0;34mHibernate: select t1_0.id from limits t1_0 where t1_0.type=? fetch first ? rows only
?[0m?[0;34mHibernate: select t1_0.id from limits t1_0 where t1_0.type=? fetch first ? rows only
?[0m?[0;34mHibernate: select s1_0.id from stolen_cards s1_0 where s1_0.number=? fetch first ? rows only
?[0m?[0;34mHibernate: select s1_0.id from suspicious_IPs s1_0 where s1_0.ip=? fetch first ? rows only
?[0m?[0;34mHibernate: select t1_0.id,t1_0.amount,t1_0.date,t1_0.feedback,t1_0.ip,t1_0.number,t1_0.region,t1_0.result from transactions t1_0 where t1_0.number=? and t1_0.date between ? and ?
?[0m?[0;34mHibernate: select t1_0.id,t1_0.amount,t1_0.date,t1_0.feedback,t1_0.ip,t1_0.number,t1_0.region,t1_0.result from transactions t1_0 where t1_0.number=? and t1_0.date between ? and ?
?[0m?[0;34mHibernate: select t1_0.id from limits t1_0 where t1_0.type=? fetch first ? rows only
?[0m?[0;34mHibernate: select t1_0.id from limits t1_0 where t1_0.type=? fetch first ? rows only
?[0m?[0;34mHibernate: select s1_0.id from stolen_cards s1_0 where s1_0.number=? fetch first ? rows only
?[0m?[0;34mHibernate: select s1_0.id from suspicious_IPs s1_0 where s1_0.ip=? fetch first ? rows only
?[0m?[0;34mHibernate: select t1_0.id,t1_0.amount,t1_0.date,t1_0.feedback,t1_0.ip,t1_0.number,t1_0.region,t1_0.result from transactions t1_0 where t1_0.number=? and t1_0.date between ? and ?
?[0m?[0;34mHibernate: select t1_0.id,t1_0.amount,t1_0.date,t1_0.feedback,t1_0.ip,t1_0.number,t1_0.region,t1_0.result from transactions t1_0 where t1_0.number=? and t1_0.date between ? and ?
?[0m?[0;34mHibernate: select t1_0.id from limits t1_0 where t1_0.type=? fetch first ? rows only
?[0m?[0;34mHibernate: select t1_0.id from limits t1_0 where t1_0.type=? fetch first ? rows only
?[0m?[0;34mHibernate: select s1_0.id from stolen_cards s1_0 where s1_0.number=? fetch first ? rows only
?[0m?[0;34mHibernate: select s1_0.id from suspicious_IPs s1_0 where s1_0.ip=? fetch first ? rows only
?[0m?[0;34mHibernate: select t1_0.id,t1_0.amount,t1_0.date,t1_0.feedback,t1_0.ip,t1_0.number,t1_0.region,t1_0.result from transactions t1_0 where t1_0.number=? and t1_0.date between ? and ?
?[0m?[0;34mHibernate: select t1_0.id,t1_0.amount,t1_0.date,t1_0.feedback,t1_0.ip,t1_0.number,t1_0.region,t1_0.result from transactions t1_0 where t1_0.number=? and t1_0.date between ? and ?
?[0m?[0;34mHibernate: select t1_0.id from limits t1_0 where t1_0.type=? fetch first ? rows only
?[0m?[0;34mHibernate: select t1_0.id from limits t1_0 where t1_0.type=? fetch first ? rows only
?[0m?[0;34mHibernate: select s1_0.id from stolen_cards s1_0 where s1_0.number=? fetch first ? rows only
?[0m?[0;34mHibernate: select s1_0.id from suspicious_IPs s1_0 where s1_0.ip=? fetch first ? rows only
?[0m?[0;34mHibernate: select t1_0.id,t1_0.amount,t1_0.date,t1_0.feedback,t1_0.ip,t1_0.number,t1_0.region,t1_0.result from transactions t1_0 where t1_0.number=? and t1_0.date between ? and ?
?[0m?[0;34mHibernate: select t1_0.id,t1_0.amount,t1_0.date,t1_0.feedback,t1_0.ip,t1_0.number,t1_0.region,t1_0.result from transactions t1_0 where t1_0.number=? and t1_0.date between ? and ?
?[0m?[0;34mHibernate: select t1_0.id from limits t1_0 where t1_0.type=? fetch first ? rows only
?[0m?[0;34mHibernate: select t1_0.id from limits t1_0 where t1_0.type=? fetch first ? rows only
?[0m?[0;34mHibernate: select s1_0.id from stolen_cards s1_0 where s1_0.number=? fetch first ? rows only
?[0m?[0;34mHibernate: select s1_0.id from suspicious_IPs s1_0 where s1_0.ip=? fetch first ? rows only
?[0m?[0;34mHibernate: select t1_0.id,t1_0.amount,t1_0.date,t1_0.feedback,t1_0.ip,t1_0.number,t1_0.region,t1_0.result from transactions t1_0 where t1_0.number=? and t1_0.date between ? and ?
?[0m?[0;34mHibernate: select t1_0.id,t1_0.amount,t1_0.date,t1_0.feedback,t1_0.ip,t1_0.number,t1_0.region,t1_0.result from transactions t1_0 where t1_0.number=? and t1_0.date between ? and ?
?[0m?[0;34mHibernate: insert into transactions (amount, date, feedback, ip, number, region, result, id) values (?, ?, ?, ?, ?, ?, ?, ?)
?[0m?[1;31m
Start test 116?[0m
?[0;34mTest case
?[0m?[0;34mTesting api: '/api/antifraud/stolencard'
?[0m?[0;34mExpectations: 'Card must be removed from Black List'
?[0m?[0;34m-----
?[0m?[0;34mHibernate: select u1_0.id,u1_0.locked,u1_0.name,u1_0.password,u1_0.role,u1_0.username from users u1_0 where upper(u1_0.username)=upper(?)
?[0m?[0;34mHibernate: select s1_0.id from stolen_cards s1_0 where s1_0.number=? fetch first ? rows only
?[0m?[0;34mHibernate: select s1_0.id,s1_0.number from stolen_cards s1_0 where s1_0.number=?
?[0m?[0;34mHibernate: delete from stolen_cards where id=?
?[0m?[1;31m
Start test 117?[0m
?[0;34mTest case
?[0m?[0;34mTesting api: '/api/antifraud/history/4000004938320896'
?[0m?[0;34mExpectations: 'If transactions for specified card number is not found in database, respond with the HTTP Not Found status (404).'
?[0m?[0;34m-----
?[0m?[0;34mHibernate: select u1_0.id,u1_0.locked,u1_0.name,u1_0.password,u1_0.role,u1_0.username from users u1_0 where upper(u1_0.username)=upper(?)
?[0m?[0;34mHibernate: select t1_0.id from transactions t1_0 where t1_0.number=? fetch first ? rows only
?[0m?[1;31m
Start test 118?[0m
?[0;34mTest case
?[0m?[0;34mTesting api: '/api/antifraud/history/4000008449433402'
?[0m?[0;34mExpectations: 'If card-number doesn't have right format (Luhn algo), respond with HTTP Bad Request status (400).'
?[0m?[0;34m-----
?[0m?[0;34mHibernate: select u1_0.id,u1_0.locked,u1_0.name,u1_0.password,u1_0.role,u1_0.username from users u1_0 where upper(u1_0.username)=upper(?)
?[0m?[1;31m
Start test 119?[0m
?[0;34mTest case
?[0m?[0;34mTesting api: '/api/antifraud/transaction'
?[0m?[0;34mExpectations: 'If feedback must throw Exception due to table in description section, respond with HTTP Unprocessable Entity status 422.'
?[0m?[0;34m-----
?[0m?[0;34mHibernate: select u1_0.id,u1_0.locked,u1_0.name,u1_0.password,u1_0.role,u1_0.username from users u1_0 where upper(u1_0.username)=upper(?)
?[0m?[0;34mHibernate: select t1_0.id,t1_0.amount,t1_0.date,t1_0.feedback,t1_0.ip,t1_0.number,t1_0.region,t1_0.result from transactions t1_0
?[0m?[0;34mHibernate: select u1_0.id,u1_0.locked,u1_0.name,u1_0.password,u1_0.role,u1_0.username from users u1_0 where upper(u1_0.username)=upper(?)
?[0m?[0;34mHibernate: select count(*) from transactions t1_0 where t1_0.id=?
?[0m?[0;34mHibernate: select t1_0.id,t1_0.amount,t1_0.date,t1_0.feedback,t1_0.ip,t1_0.number,t1_0.region,t1_0.result from transactions t1_0 where t1_0.id=?
?[0m?[1;31m
Start test 120?[0m
?[0;34mTest case
?[0m?[0;34mTesting api: '/api/antifraud/transaction'
?[0m?[0;34mExpectations: 'If feedback must throw Exception due to table in description section, respond with HTTP Unprocessable Entity status 422.'
?[0m?[0;34m-----
?[0m?[0;34mHibernate: select u1_0.id,u1_0.locked,u1_0.name,u1_0.password,u1_0.role,u1_0.username from users u1_0 where upper(u1_0.username)=upper(?)
?[0m?[0;34mHibernate: select t1_0.id,t1_0.amount,t1_0.date,t1_0.feedback,t1_0.ip,t1_0.number,t1_0.region,t1_0.result from transactions t1_0
?[0m?[0;34mHibernate: select u1_0.id,u1_0.locked,u1_0.name,u1_0.password,u1_0.role,u1_0.username from users u1_0 where upper(u1_0.username)=upper(?)
?[0m?[0;34mHibernate: select count(*) from transactions t1_0 where t1_0.id=?
?[0m?[0;34mHibernate: select t1_0.id,t1_0.amount,t1_0.date,t1_0.feedback,t1_0.ip,t1_0.number,t1_0.region,t1_0.result from transactions t1_0 where t1_0.id=?
?[0m?[1;31m
Start test 121?[0m
?[0;34mTest case
?[0m?[0;34mTesting api: '/api/antifraud/transaction'
?[0m?[0;34mExpectations: 'If feedback must throw Exception due to table in description section, respond with HTTP Unprocessable Entity status 422.'
?[0m?[0;34m-----
?[0m?[0;34mHibernate: select u1_0.id,u1_0.locked,u1_0.name,u1_0.password,u1_0.role,u1_0.username from users u1_0 where upper(u1_0.username)=upper(?)
?[0m?[0;34mHibernate: select t1_0.id,t1_0.amount,t1_0.date,t1_0.feedback,t1_0.ip,t1_0.number,t1_0.region,t1_0.result from transactions t1_0
?[0m?[0;34mHibernate: select u1_0.id,u1_0.locked,u1_0.name,u1_0.password,u1_0.role,u1_0.username from users u1_0 where upper(u1_0.username)=upper(?)
?[0m?[0;34mHibernate: select count(*) from transactions t1_0 where t1_0.id=?
?[0m?[0;34mHibernate: select t1_0.id,t1_0.amount,t1_0.date,t1_0.feedback,t1_0.ip,t1_0.number,t1_0.region,t1_0.result from transactions t1_0 where t1_0.id=?
?[0m?[1;31m
Start test 122?[0m
?[0;34mTest case
?[0m?[0;34mTesting api: '/api/antifraud/transaction'
?[0m?[0;34mExpectations: 'If transaction is not found in history, respond with the HTTP Not Found status (404).'
?[0m?[0;34m-----
?[0m?[0;34mHibernate: select u1_0.id,u1_0.locked,u1_0.name,u1_0.password,u1_0.role,u1_0.username from users u1_0 where upper(u1_0.username)=upper(?)
?[0m?[0;34mHibernate: select t1_0.id,t1_0.amount,t1_0.date,t1_0.feedback,t1_0.ip,t1_0.number,t1_0.region,t1_0.result from transactions t1_0
?[0m?[1;31m
Start test 123?[0m
?[0;34mTest case
?[0m?[0;34mTesting api: '/api/antifraud/transaction'
?[0m?[0;34mExpectations: 'A user with role ANONYMOUS must not have access to PUT /api/antifraud/transaction'
?[0m?[0;34m-----
?[0m?[0;34mHibernate: select u1_0.id,u1_0.locked,u1_0.name,u1_0.password,u1_0.role,u1_0.username from users u1_0 where upper(u1_0.username)=upper(?)
?[0m?[0;34mHibernate: select t1_0.id,t1_0.amount,t1_0.date,t1_0.feedback,t1_0.ip,t1_0.number,t1_0.region,t1_0.result from transactions t1_0
?[0m?[1;31m
Start test 124?[0m
?[0;34mTest case
?[0m?[0;34mTesting api: '/api/antifraud/transaction'
?[0m?[0;34mExpectations: 'A user with role ADMINISTRATOR must not have access to PUT /api/antifraud/transaction'
?[0m?[0;34m-----
?[0m?[0;34mHibernate: select u1_0.id,u1_0.locked,u1_0.name,u1_0.password,u1_0.role,u1_0.username from users u1_0 where upper(u1_0.username)=upper(?)
?[0m?[0;34mHibernate: select t1_0.id,t1_0.amount,t1_0.date,t1_0.feedback,t1_0.ip,t1_0.number,t1_0.region,t1_0.result from transactions t1_0
?[0m?[0;34mHibernate: select u1_0.id,u1_0.locked,u1_0.name,u1_0.password,u1_0.role,u1_0.username from users u1_0 where upper(u1_0.username)=upper(?)
?[0m?[1;31m
Start test 125?[0m
?[0;34mTest case
?[0m?[0;34mTesting api: '/api/antifraud/transaction'
?[0m?[0;34mExpectations: 'A user with role MERCHANT must not have access to PUT /api/antifraud/transaction'
?[0m?[0;34m-----
?[0m?[0;34mHibernate: select u1_0.id,u1_0.locked,u1_0.name,u1_0.password,u1_0.role,u1_0.username from users u1_0 where upper(u1_0.username)=upper(?)
?[0m?[0;34mHibernate: select t1_0.id,t1_0.amount,t1_0.date,t1_0.feedback,t1_0.ip,t1_0.number,t1_0.region,t1_0.result from transactions t1_0
?[0m?[0;34mHibernate: select u1_0.id,u1_0.locked,u1_0.name,u1_0.password,u1_0.role,u1_0.username from users u1_0 where upper(u1_0.username)=upper(?)
?[0m?[1;31m
Start test 126?[0m
?[0;34mTest case
?[0m?[0;34mTesting api: '/api/antifraud/history'
?[0m?[0;34mExpectations: 'A user with role ANONYMOUS must not have access to GET /api/antifraud/history'
?[0m?[0;34m-----
?[0m?[1;31m
Start test 127?[0m
?[0;34mTest case
?[0m?[0;34mTesting api: '/api/antifraud/history/4000003305160034'
?[0m?[0;34mExpectations: 'A user with role ANONYMOUS must not have access to GET /api/antifraud/history'
?[0m?[0;34m-----
?[0m?[1;31m
Start test 128?[0m
?[0;34mTest case
?[0m?[0;34mTesting api: '/api/antifraud/history'
?[0m?[0;34mExpectations: 'A user with role ADMINISTRATOR must not have access to GET /api/antifraud/history'
?[0m?[0;34m-----
?[0m?[0;34mHibernate: select u1_0.id,u1_0.locked,u1_0.name,u1_0.password,u1_0.role,u1_0.username from users u1_0 where upper(u1_0.username)=upper(?)
?[0m?[1;31m
Start test 129?[0m
?[0;34mTest case
?[0m?[0;34mTesting api: '/api/antifraud/history/4000003305160034'
?[0m?[0;34mExpectations: 'A user with role ADMINISTRATOR must not have access to GET /api/antifraud/history'
?[0m?[0;34m-----
?[0m?[0;34mHibernate: select u1_0.id,u1_0.locked,u1_0.name,u1_0.password,u1_0.role,u1_0.username from users u1_0 where upper(u1_0.username)=upper(?)
?[0m?[1;31m
Start test 130?[0m
?[0;34mTest case
?[0m?[0;34mTesting api: '/api/antifraud/history'
?[0m?[0;34mExpectations: 'A user with role MERCHANT must not have access to GET /api/antifraud/history'
?[0m?[0;34m-----
?[0m?[0;34mHibernate: select u1_0.id,u1_0.locked,u1_0.name,u1_0.password,u1_0.role,u1_0.username from users u1_0 where upper(u1_0.username)=upper(?)
?[0m?[1;31m
Start test 131?[0m
?[0;34mTest case
?[0m?[0;34mTesting api: '/api/antifraud/history/4000003305160034'
?[0m?[0;34mExpectations: 'A user with role MERCHANT must not have access to GET /api/antifraud/history'
?[0m?[0;34m-----
?[0m?[0;34mHibernate: select u1_0.id,u1_0.locked,u1_0.name,u1_0.password,u1_0.role,u1_0.username from users u1_0 where upper(u1_0.username)=upper(?)
?[0m?[1;31m
Start test 132?[0m
?[0;34mTest case
?[0m?[0;34mTesting api: '/api/antifraud/history'
?[0m?[0;34mExpectations: 'Endpoint must respond with the HTTP OK status (200) and body with array of JSON objects representing transactions, sorted by id in ascending order'
?[0m?[0;34m-----
?[0m?[0;34mHibernate: select u1_0.id,u1_0.locked,u1_0.name,u1_0.password,u1_0.role,u1_0.username from users u1_0 where upper(u1_0.username)=upper(?)
?[0m?[0;34mHibernate: select t1_0.id,t1_0.amount,t1_0.date,t1_0.feedback,t1_0.ip,t1_0.number,t1_0.region,t1_0.result from transactions t1_0
?[0m?[1;31m
Start test 133?[0m
?[0;34mTest case
?[0m?[0;34mTesting api: '/api/antifraud/history/4000003305160034'
?[0m?[0;34mExpectations: 'If transactions for specified card number is found, respond with the HTTP OK status (200)'
?[0m?[0;34m-----
?[0m?[0;34mHibernate: select u1_0.id,u1_0.locked,u1_0.name,u1_0.password,u1_0.role,u1_0.username from users u1_0 where upper(u1_0.username)=upper(?)
?[0m?[0;34mHibernate: select t1_0.id from transactions t1_0 where t1_0.number=? fetch first ? rows only
?[0m?[0;34mHibernate: select t1_0.id,t1_0.amount,t1_0.date,t1_0.feedback,t1_0.ip,t1_0.number,t1_0.region,t1_0.result from transactions t1_0 where t1_0.number=?
?[0m?[1;31m
Start test 134?[0m
?[0;34mTest case
?[0m?[0;34mTesting api: '/api/antifraud/transaction'
?[0m?[0;34mExpectations: 'Transaction must be MANUAL_PROCESSING'
?[0m?[0;34m-----
?[0m?[0;34mHibernate: select u1_0.id,u1_0.locked,u1_0.name,u1_0.password,u1_0.role,u1_0.username from users u1_0 where upper(u1_0.username)=upper(?)
?[0m?[0;34mHibernate: select t1_0.id from limits t1_0 where t1_0.type=? fetch first ? rows only
?[0m?[0;34mHibernate: select t1_0.id from limits t1_0 where t1_0.type=? fetch first ? rows only
?[0m?[0;34mHibernate: select s1_0.id from stolen_cards s1_0 where s1_0.number=? fetch first ? rows only
?[0m?[0;34mHibernate: select s1_0.id from suspicious_IPs s1_0 where s1_0.ip=? fetch first ? rows only
?[0m?[0;34mHibernate: select t1_0.id,t1_0.amount,t1_0.date,t1_0.feedback,t1_0.ip,t1_0.number,t1_0.region,t1_0.result from transactions t1_0 where t1_0.number=? and t1_0.date between ? and ?
?[0m?[0;34mHibernate: select t1_0.id,t1_0.amount,t1_0.date,t1_0.feedback,t1_0.ip,t1_0.number,t1_0.region,t1_0.result from transactions t1_0 where t1_0.number=? and t1_0.date between ? and ?
?[0m?[0;34mHibernate: select t1_0.id from limits t1_0 where t1_0.type=? fetch first ? rows only
?[0m?[0;34mHibernate: select t1_0.id from limits t1_0 where t1_0.type=? fetch first ? rows only
?[0m?[0;34mHibernate: select s1_0.id from stolen_cards s1_0 where s1_0.number=? fetch first ? rows only
?[0m?[0;34mHibernate: select s1_0.id from suspicious_IPs s1_0 where s1_0.ip=? fetch first ? rows only
?[0m?[0;34mHibernate: select t1_0.id,t1_0.amount,t1_0.date,t1_0.feedback,t1_0.ip,t1_0.number,t1_0.region,t1_0.result from transactions t1_0 where t1_0.number=? and t1_0.date between ? and ?
?[0m?[0;34mHibernate: select t1_0.id,t1_0.amount,t1_0.date,t1_0.feedback,t1_0.ip,t1_0.number,t1_0.region,t1_0.result from transactions t1_0 where t1_0.number=? and t1_0.date between ? and ?
?[0m?[0;34mHibernate: select t1_0.id from limits t1_0 where t1_0.type=? fetch first ? rows only
?[0m?[0;34mHibernate: select t1_0.id from limits t1_0 where t1_0.type=? fetch first ? rows only
?[0m?[0;34mHibernate: select s1_0.id from stolen_cards s1_0 where s1_0.number=? fetch first ? rows only
?[0m?[0;34mHibernate: select s1_0.id from suspicious_IPs s1_0 where s1_0.ip=? fetch first ? rows only
?[0m?[0;34mHibernate: select t1_0.id,t1_0.amount,t1_0.date,t1_0.feedback,t1_0.ip,t1_0.number,t1_0.region,t1_0.result from transactions t1_0 where t1_0.number=? and t1_0.date between ? and ?
?[0m?[0;34mHibernate: select t1_0.id,t1_0.amount,t1_0.date,t1_0.feedback,t1_0.ip,t1_0.number,t1_0.region,t1_0.result from transactions t1_0 where t1_0.number=? and t1_0.date between ? and ?
?[0m?[0;34mHibernate: select t1_0.id from limits t1_0 where t1_0.type=? fetch first ? rows only
?[0m?[0;34mHibernate: select t1_0.id from limits t1_0 where t1_0.type=? fetch first ? rows only
?[0m?[0;34mHibernate: select s1_0.id from stolen_cards s1_0 where s1_0.number=? fetch first ? rows only
?[0m?[0;34mHibernate: select s1_0.id from suspicious_IPs s1_0 where s1_0.ip=? fetch first ? rows only
?[0m?[0;34mHibernate: select t1_0.id,t1_0.amount,t1_0.date,t1_0.feedback,t1_0.ip,t1_0.number,t1_0.region,t1_0.result from transactions t1_0 where t1_0.number=? and t1_0.date between ? and ?
?[0m?[0;34mHibernate: select t1_0.id,t1_0.amount,t1_0.date,t1_0.feedback,t1_0.ip,t1_0.number,t1_0.region,t1_0.result from transactions t1_0 where t1_0.number=? and t1_0.date between ? and ?
?[0m?[0;34mHibernate: select t1_0.id from limits t1_0 where t1_0.type=? fetch first ? rows only
?[0m?[0;34mHibernate: select t1_0.id from limits t1_0 where t1_0.type=? fetch first ? rows only
?[0m?[0;34mHibernate: select s1_0.id from stolen_cards s1_0 where s1_0.number=? fetch first ? rows only
?[0m?[0;34mHibernate: select s1_0.id from suspicious_IPs s1_0 where s1_0.ip=? fetch first ? rows only
?[0m?[0;34mHibernate: select t1_0.id,t1_0.amount,t1_0.date,t1_0.feedback,t1_0.ip,t1_0.number,t1_0.region,t1_0.result from transactions t1_0 where t1_0.number=? and t1_0.date between ? and ?
?[0m?[0;34mHibernate: select t1_0.id,t1_0.amount,t1_0.date,t1_0.feedback,t1_0.ip,t1_0.number,t1_0.region,t1_0.result from transactions t1_0 where t1_0.number=? and t1_0.date between ? and ?
?[0m?[0;34mHibernate: select t1_0.id from limits t1_0 where t1_0.type=? fetch first ? rows only
?[0m?[0;34mHibernate: select t1_0.id from limits t1_0 where t1_0.type=? fetch first ? rows only
?[0m?[0;34mHibernate: select s1_0.id from stolen_cards s1_0 where s1_0.number=? fetch first ? rows only
?[0m?[0;34mHibernate: select s1_0.id from suspicious_IPs s1_0 where s1_0.ip=? fetch first ? rows only
?[0m?[0;34mHibernate: select t1_0.id,t1_0.amount,t1_0.date,t1_0.feedback,t1_0.ip,t1_0.number,t1_0.region,t1_0.result from transactions t1_0 where t1_0.number=? and t1_0.date between ? and ?
?[0m?[0;34mHibernate: select t1_0.id,t1_0.amount,t1_0.date,t1_0.feedback,t1_0.ip,t1_0.number,t1_0.region,t1_0.result from transactions t1_0 where t1_0.number=? and t1_0.date between ? and ?
?[0m?[0;34mHibernate: select t1_0.id from limits t1_0 where t1_0.type=? fetch first ? rows only
?[0m?[0;34mHibernate: select t1_0.id from limits t1_0 where t1_0.type=? fetch first ? rows only
?[0m?[0;34mHibernate: select s1_0.id from stolen_cards s1_0 where s1_0.number=? fetch first ? rows only
?[0m?[0;34mHibernate: select s1_0.id from suspicious_IPs s1_0 where s1_0.ip=? fetch first ? rows only
?[0m?[0;34mHibernate: select t1_0.id,t1_0.amount,t1_0.date,t1_0.feedback,t1_0.ip,t1_0.number,t1_0.region,t1_0.result from transactions t1_0 where t1_0.number=? and t1_0.date between ? and ?
?[0m?[0;34mHibernate: select t1_0.id,t1_0.amount,t1_0.date,t1_0.feedback,t1_0.ip,t1_0.number,t1_0.region,t1_0.result from transactions t1_0 where t1_0.number=? and t1_0.date between ? and ?
?[0m?[0;34mHibernate: select t1_0.id from limits t1_0 where t1_0.type=? fetch first ? rows only
?[0m?[0;34mHibernate: select t1_0.id from limits t1_0 where t1_0.type=? fetch first ? rows only
?[0m?[0;34mHibernate: select s1_0.id from stolen_cards s1_0 where s1_0.number=? fetch first ? rows only
?[0m?[0;34mHibernate: select s1_0.id from suspicious_IPs s1_0 where s1_0.ip=? fetch first ? rows only
?[0m?[0;34mHibernate: select t1_0.id,t1_0.amount,t1_0.date,t1_0.feedback,t1_0.ip,t1_0.number,t1_0.region,t1_0.result from transactions t1_0 where t1_0.number=? and t1_0.date between ? and ?
?[0m?[0;34mHibernate: select t1_0.id,t1_0.amount,t1_0.date,t1_0.feedback,t1_0.ip,t1_0.number,t1_0.region,t1_0.result from transactions t1_0 where t1_0.number=? and t1_0.date between ? and ?
?[0m?[0;34mHibernate: select t1_0.id from limits t1_0 where t1_0.type=? fetch first ? rows only
?[0m?[0;34mHibernate: select t1_0.id from limits t1_0 where t1_0.type=? fetch first ? rows only
?[0m?[0;34mHibernate: select s1_0.id from stolen_cards s1_0 where s1_0.number=? fetch first ? rows only
?[0m?[0;34mHibernate: select s1_0.id from suspicious_IPs s1_0 where s1_0.ip=? fetch first ? rows only
?[0m?[0;34mHibernate: select t1_0.id,t1_0.amount,t1_0.date,t1_0.feedback,t1_0.ip,t1_0.number,t1_0.region,t1_0.result from transactions t1_0 where t1_0.number=? and t1_0.date between ? and ?
?[0m?[0;34mHibernate: select t1_0.id,t1_0.amount,t1_0.date,t1_0.feedback,t1_0.ip,t1_0.number,t1_0.region,t1_0.result from transactions t1_0 where t1_0.number=? and t1_0.date between ? and ?
?[0m?[0;34mHibernate: select t1_0.id from limits t1_0 where t1_0.type=? fetch first ? rows only
?[0m?[0;34mHibernate: select t1_0.id from limits t1_0 where t1_0.type=? fetch first ? rows only
?[0m?[0;34mHibernate: select s1_0.id from stolen_cards s1_0 where s1_0.number=? fetch first ? rows only
?[0m?[0;34mHibernate: select s1_0.id from suspicious_IPs s1_0 where s1_0.ip=? fetch first ? rows only
?[0m?[0;34mHibernate: select t1_0.id,t1_0.amount,t1_0.date,t1_0.feedback,t1_0.ip,t1_0.number,t1_0.region,t1_0.result from transactions t1_0 where t1_0.number=? and t1_0.date between ? and ?
?[0m?[0;34mHibernate: select t1_0.id,t1_0.amount,t1_0.date,t1_0.feedback,t1_0.ip,t1_0.number,t1_0.region,t1_0.result from transactions t1_0 where t1_0.number=? and t1_0.date between ? and ?
?[0m?[0;34mHibernate: select t1_0.id from limits t1_0 where t1_0.type=? fetch first ? rows only
?[0m?[0;34mHibernate: select t1_0.id from limits t1_0 where t1_0.type=? fetch first ? rows only
?[0m?[0;34mHibernate: select s1_0.id from stolen_cards s1_0 where s1_0.number=? fetch first ? rows only
?[0m?[0;34mHibernate: select s1_0.id from suspicious_IPs s1_0 where s1_0.ip=? fetch first ? rows only
?[0m?[0;34mHibernate: select t1_0.id,t1_0.amount,t1_0.date,t1_0.feedback,t1_0.ip,t1_0.number,t1_0.region,t1_0.result from transactions t1_0 where t1_0.number=? and t1_0.date between ? and ?
?[0m?[0;34mHibernate: select t1_0.id,t1_0.amount,t1_0.date,t1_0.feedback,t1_0.ip,t1_0.number,t1_0.region,t1_0.result from transactions t1_0 where t1_0.number=? and t1_0.date between ? and ?
?[0m?[0;34mHibernate: select t1_0.id from limits t1_0 where t1_0.type=? fetch first ? rows only
?[0m?[0;34mHibernate: select t1_0.id from limits t1_0 where t1_0.type=? fetch first ? rows only
?[0m?[0;34mHibernate: select s1_0.id from stolen_cards s1_0 where s1_0.number=? fetch first ? rows only
?[0m?[0;34mHibernate: select s1_0.id from suspicious_IPs s1_0 where s1_0.ip=? fetch first ? rows only
?[0m?[0;34mHibernate: select t1_0.id,t1_0.amount,t1_0.date,t1_0.feedback,t1_0.ip,t1_0.number,t1_0.region,t1_0.result from transactions t1_0 where t1_0.number=? and t1_0.date between ? and ?
?[0m?[0;34mHibernate: select t1_0.id,t1_0.amount,t1_0.date,t1_0.feedback,t1_0.ip,t1_0.number,t1_0.region,t1_0.result from transactions t1_0 where t1_0.number=? and t1_0.date between ? and ?
?[0m?[0;34mHibernate: select t1_0.id from limits t1_0 where t1_0.type=? fetch first ? rows only
?[0m?[0;34mHibernate: select t1_0.id from limits t1_0 where t1_0.type=? fetch first ? rows only
?[0m?[0;34mHibernate: select s1_0.id from stolen_cards s1_0 where s1_0.number=? fetch first ? rows only
?[0m?[0;34mHibernate: select s1_0.id from suspicious_IPs s1_0 where s1_0.ip=? fetch first ? rows only
?[0m?[0;34mHibernate: select t1_0.id,t1_0.amount,t1_0.date,t1_0.feedback,t1_0.ip,t1_0.number,t1_0.region,t1_0.result from transactions t1_0 where t1_0.number=? and t1_0.date between ? and ?
?[0m?[0;34mHibernate: select t1_0.id,t1_0.amount,t1_0.date,t1_0.feedback,t1_0.ip,t1_0.number,t1_0.region,t1_0.result from transactions t1_0 where t1_0.number=? and t1_0.date between ? and ?
?[0m?[0;34mHibernate: insert into transactions (amount, date, feedback, ip, number, region, result, id) values (?, ?, ?, ?, ?, ?, ?, ?)
?[0m?[1;31m
Start test 135?[0m
?[0;34mTest case
?[0m?[0;34mTesting api: '/api/antifraud/transaction'
?[0m?[0;34mExpectations: 'The limits of transaction validation updated.Endpoint responds with the HTTP OK status (200)'
?[0m?[0;34m-----
?[0m?[0;34mHibernate: select u1_0.id,u1_0.locked,u1_0.name,u1_0.password,u1_0.role,u1_0.username from users u1_0 where upper(u1_0.username)=upper(?)
?[0m?[0;34mHibernate: select t1_0.id,t1_0.amount,t1_0.date,t1_0.feedback,t1_0.ip,t1_0.number,t1_0.region,t1_0.result from transactions t1_0
?[0m?[0;34mHibernate: select u1_0.id,u1_0.locked,u1_0.name,u1_0.password,u1_0.role,u1_0.username from users u1_0 where upper(u1_0.username)=upper(?)
?[0m?[0;34mHibernate: select count(*) from transactions t1_0 where t1_0.id=?
?[0m?[0;34mHibernate: select t1_0.id,t1_0.amount,t1_0.date,t1_0.feedback,t1_0.ip,t1_0.number,t1_0.region,t1_0.result from transactions t1_0 where t1_0.id=?
?[0m?[0;34mHibernate: update transactions set amount=?, date=?, feedback=?, ip=?, number=?, region=?, result=? where id=?
?[0m?[0;34mHibernate: select t1_0.id,t1_0.max_value,t1_0.type from limits t1_0
?[0m?[0;34mHibernate: select next value for limits_SEQ
?[0m?[0;34mHibernate: select next value for limits_SEQ
?[0m?[0;34mHibernate: insert into limits (max_value, type, id) values (?, ?, ?)
?[0m?[0;34mHibernate: insert into limits (max_value, type, id) values (?, ?, ?)
?[0m?[0;34mHibernate: select t1_0.id,t1_0.max_value,t1_0.type from limits t1_0 where t1_0.type=?
?[0m?[0;34mHibernate: update limits set max_value=?, type=? where id=?
?[0m?[1;31m
Start test 136?[0m
?[0;34mTest case
?[0m?[0;34mTesting api: '/api/antifraud/transaction'
?[0m?[0;34mExpectations: 'If feedback for specified transaction is already in database, respond with the HTTP Conflict status (409).'
?[0m?[0;34m-----
?[0m?[0;34mHibernate: select u1_0.id,u1_0.locked,u1_0.name,u1_0.password,u1_0.role,u1_0.username from users u1_0 where upper(u1_0.username)=upper(?)
?[0m?[0;34mHibernate: select t1_0.id,t1_0.amount,t1_0.date,t1_0.feedback,t1_0.ip,t1_0.number,t1_0.region,t1_0.result from transactions t1_0
?[0m?[0;34mHibernate: select u1_0.id,u1_0.locked,u1_0.name,u1_0.password,u1_0.role,u1_0.username from users u1_0 where upper(u1_0.username)=upper(?)
?[0m?[0;34mHibernate: select count(*) from transactions t1_0 where t1_0.id=?
?[0m?[0;34mHibernate: select t1_0.id,t1_0.amount,t1_0.date,t1_0.feedback,t1_0.ip,t1_0.number,t1_0.region,t1_0.result from transactions t1_0 where t1_0.id=?
?[0m?[1;31m
Start test 137?[0m
?[0;34mTest case
?[0m?[0;34mTesting api: '/api/antifraud/transaction'
?[0m?[0;34mExpectations: 'If feedback doesn't have right format (ALLOWED, MANUAL_PROCESSING, PROHIBITED), respond with HTTP Bad Request status (400).'
?[0m?[0;34m-----
?[0m?[0;34mHibernate: select u1_0.id,u1_0.locked,u1_0.name,u1_0.password,u1_0.role,u1_0.username from users u1_0 where upper(u1_0.username)=upper(?)
?[0m?[0;34mHibernate: select t1_0.id,t1_0.amount,t1_0.date,t1_0.feedback,t1_0.ip,t1_0.number,t1_0.region,t1_0.result from transactions t1_0
?[0m?[0;34mHibernate: select u1_0.id,u1_0.locked,u1_0.name,u1_0.password,u1_0.role,u1_0.username from users u1_0 where upper(u1_0.username)=upper(?)
?[0m?[1;31m
Start test 138?[0m
?[0;34mTest case
?[0m?[0;34mTesting api: '/api/antifraud/transaction'
?[0m?[0;34mExpectations: 'Limits must be updated to: Allow = 202, Manual = 1500. Transaction must be ALLOWED'
?[0m?[0;34m-----
?[0m?[0;34mHibernate: select u1_0.id,u1_0.locked,u1_0.name,u1_0.password,u1_0.role,u1_0.username from users u1_0 where upper(u1_0.username)=upper(?)
?[0m?[0;34mHibernate: select t1_0.id from limits t1_0 where t1_0.type=? fetch first ? rows only
?[0m?[0;34mHibernate: select t1_0.id,t1_0.max_value,t1_0.type from limits t1_0 where t1_0.type=?
?[0m?[0;34mHibernate: select t1_0.id from limits t1_0 where t1_0.type=? fetch first ? rows only
?[0m?[0;34mHibernate: select t1_0.id,t1_0.max_value,t1_0.type from limits t1_0 where t1_0.type=?
?[0m?[0;34mHibernate: select s1_0.id from stolen_cards s1_0 where s1_0.number=? fetch first ? rows only
?[0m?[0;34mHibernate: select s1_0.id from suspicious_IPs s1_0 where s1_0.ip=? fetch first ? rows only
?[0m?[0;34mHibernate: select t1_0.id,t1_0.amount,t1_0.date,t1_0.feedback,t1_0.ip,t1_0.number,t1_0.region,t1_0.result from transactions t1_0 where t1_0.number=? and t1_0.date between ? and ?
?[0m?[0;34mHibernate: select t1_0.id,t1_0.amount,t1_0.date,t1_0.feedback,t1_0.ip,t1_0.number,t1_0.region,t1_0.result from transactions t1_0 where t1_0.number=? and t1_0.date between ? and ?
?[0m?[0;34mHibernate: select t1_0.id from limits t1_0 where t1_0.type=? fetch first ? rows only
?[0m?[0;34mHibernate: select t1_0.id,t1_0.max_value,t1_0.type from limits t1_0 where t1_0.type=?
?[0m?[0;34mHibernate: select t1_0.id from limits t1_0 where t1_0.type=? fetch first ? rows only
?[0m?[0;34mHibernate: select t1_0.id,t1_0.max_value,t1_0.type from limits t1_0 where t1_0.type=?
?[0m?[0;34mHibernate: select s1_0.id from stolen_cards s1_0 where s1_0.number=? fetch first ? rows only
?[0m?[0;34mHibernate: select s1_0.id from suspicious_IPs s1_0 where s1_0.ip=? fetch first ? rows only
?[0m?[0;34mHibernate: select t1_0.id,t1_0.amount,t1_0.date,t1_0.feedback,t1_0.ip,t1_0.number,t1_0.region,t1_0.result from transactions t1_0 where t1_0.number=? and t1_0.date between ? and ?
?[0m?[0;34mHibernate: select t1_0.id,t1_0.amount,t1_0.date,t1_0.feedback,t1_0.ip,t1_0.number,t1_0.region,t1_0.result from transactions t1_0 where t1_0.number=? and t1_0.date between ? and ?
?[0m?[0;34mHibernate: select t1_0.id from limits t1_0 where t1_0.type=? fetch first ? rows only
?[0m?[0;34mHibernate: select t1_0.id,t1_0.max_value,t1_0.type from limits t1_0 where t1_0.type=?
?[0m?[0;34mHibernate: select t1_0.id from limits t1_0 where t1_0.type=? fetch first ? rows only
?[0m?[0;34mHibernate: select t1_0.id,t1_0.max_value,t1_0.type from limits t1_0 where t1_0.type=?
?[0m?[0;34mHibernate: select s1_0.id from stolen_cards s1_0 where s1_0.number=? fetch first ? rows only
?[0m?[0;34mHibernate: select s1_0.id from suspicious_IPs s1_0 where s1_0.ip=? fetch first ? rows only
?[0m?[0;34mHibernate: select t1_0.id,t1_0.amount,t1_0.date,t1_0.feedback,t1_0.ip,t1_0.number,t1_0.region,t1_0.result from transactions t1_0 where t1_0.number=? and t1_0.date between ? and ?
?[0m?[0;34mHibernate: select t1_0.id,t1_0.amount,t1_0.date,t1_0.feedback,t1_0.ip,t1_0.number,t1_0.region,t1_0.result from transactions t1_0 where t1_0.number=? and t1_0.date between ? and ?
?[0m?[0;34mHibernate: select t1_0.id from limits t1_0 where t1_0.type=? fetch first ? rows only
?[0m?[0;34mHibernate: select t1_0.id,t1_0.max_value,t1_0.type from limits t1_0 where t1_0.type=?
?[0m?[0;34mHibernate: select t1_0.id from limits t1_0 where t1_0.type=? fetch first ? rows only
?[0m?[0;34mHibernate: select t1_0.id,t1_0.max_value,t1_0.type from limits t1_0 where t1_0.type=?
?[0m?[0;34mHibernate: select s1_0.id from stolen_cards s1_0 where s1_0.number=? fetch first ? rows only
?[0m?[0;34mHibernate: select s1_0.id from suspicious_IPs s1_0 where s1_0.ip=? fetch first ? rows only
?[0m?[0;34mHibernate: select t1_0.id,t1_0.amount,t1_0.date,t1_0.feedback,t1_0.ip,t1_0.number,t1_0.region,t1_0.result from transactions t1_0 where t1_0.number=? and t1_0.date between ? and ?
?[0m?[0;34mHibernate: select t1_0.id,t1_0.amount,t1_0.date,t1_0.feedback,t1_0.ip,t1_0.number,t1_0.region,t1_0.result from transactions t1_0 where t1_0.number=? and t1_0.date between ? and ?
?[0m?[0;34mHibernate: select t1_0.id from limits t1_0 where t1_0.type=? fetch first ? rows only
?[0m?[0;34mHibernate: select t1_0.id,t1_0.max_value,t1_0.type from limits t1_0 where t1_0.type=?
?[0m?[0;34mHibernate: select t1_0.id from limits t1_0 where t1_0.type=? fetch first ? rows only
?[0m?[0;34mHibernate: select t1_0.id,t1_0.max_value,t1_0.type from limits t1_0 where t1_0.type=?
?[0m?[0;34mHibernate: select s1_0.id from stolen_cards s1_0 where s1_0.number=? fetch first ? rows only
?[0m?[0;34mHibernate: select s1_0.id from suspicious_IPs s1_0 where s1_0.ip=? fetch first ? rows only
?[0m?[0;34mHibernate: select t1_0.id,t1_0.amount,t1_0.date,t1_0.feedback,t1_0.ip,t1_0.number,t1_0.region,t1_0.result from transactions t1_0 where t1_0.number=? and t1_0.date between ? and ?
?[0m?[0;34mHibernate: select t1_0.id,t1_0.amount,t1_0.date,t1_0.feedback,t1_0.ip,t1_0.number,t1_0.region,t1_0.result from transactions t1_0 where t1_0.number=? and t1_0.date between ? and ?
?[0m?[0;34mHibernate: select t1_0.id from limits t1_0 where t1_0.type=? fetch first ? rows only
?[0m?[0;34mHibernate: select t1_0.id,t1_0.max_value,t1_0.type from limits t1_0 where t1_0.type=?
?[0m?[0;34mHibernate: select t1_0.id from limits t1_0 where t1_0.type=? fetch first ? rows only
?[0m?[0;34mHibernate: select t1_0.id,t1_0.max_value,t1_0.type from limits t1_0 where t1_0.type=?
?[0m?[0;34mHibernate: select s1_0.id from stolen_cards s1_0 where s1_0.number=? fetch first ? rows only
?[0m?[0;34mHibernate: select s1_0.id from suspicious_IPs s1_0 where s1_0.ip=? fetch first ? rows only
?[0m?[0;34mHibernate: select t1_0.id,t1_0.amount,t1_0.date,t1_0.feedback,t1_0.ip,t1_0.number,t1_0.region,t1_0.result from transactions t1_0 where t1_0.number=? and t1_0.date between ? and ?
?[0m?[0;34mHibernate: select t1_0.id,t1_0.amount,t1_0.date,t1_0.feedback,t1_0.ip,t1_0.number,t1_0.region,t1_0.result from transactions t1_0 where t1_0.number=? and t1_0.date between ? and ?
?[0m?[0;34mHibernate: select t1_0.id from limits t1_0 where t1_0.type=? fetch first ? rows only
?[0m?[0;34mHibernate: select t1_0.id,t1_0.max_value,t1_0.type from limits t1_0 where t1_0.type=?
?[0m?[0;34mHibernate: select t1_0.id from limits t1_0 where t1_0.type=? fetch first ? rows only
?[0m?[0;34mHibernate: select t1_0.id,t1_0.max_value,t1_0.type from limits t1_0 where t1_0.type=?
?[0m?[0;34mHibernate: select s1_0.id from stolen_cards s1_0 where s1_0.number=? fetch first ? rows only
?[0m?[0;34mHibernate: select s1_0.id from suspicious_IPs s1_0 where s1_0.ip=? fetch first ? rows only
?[0m?[0;34mHibernate: select t1_0.id,t1_0.amount,t1_0.date,t1_0.feedback,t1_0.ip,t1_0.number,t1_0.region,t1_0.result from transactions t1_0 where t1_0.number=? and t1_0.date between ? and ?
?[0m?[0;34mHibernate: select t1_0.id,t1_0.amount,t1_0.date,t1_0.feedback,t1_0.ip,t1_0.number,t1_0.region,t1_0.result from transactions t1_0 where t1_0.number=? and t1_0.date between ? and ?
?[0m?[0;34mHibernate: select t1_0.id from limits t1_0 where t1_0.type=? fetch first ? rows only
?[0m?[0;34mHibernate: select t1_0.id,t1_0.max_value,t1_0.type from limits t1_0 where t1_0.type=?
?[0m?[0;34mHibernate: select t1_0.id from limits t1_0 where t1_0.type=? fetch first ? rows only
?[0m?[0;34mHibernate: select t1_0.id,t1_0.max_value,t1_0.type from limits t1_0 where t1_0.type=?
?[0m?[0;34mHibernate: select s1_0.id from stolen_cards s1_0 where s1_0.number=? fetch first ? rows only
?[0m?[0;34mHibernate: select s1_0.id from suspicious_IPs s1_0 where s1_0.ip=? fetch first ? rows only
?[0m?[0;34mHibernate: select t1_0.id,t1_0.amount,t1_0.date,t1_0.feedback,t1_0.ip,t1_0.number,t1_0.region,t1_0.result from transactions t1_0 where t1_0.number=? and t1_0.date between ? and ?
?[0m?[0;34mHibernate: select t1_0.id,t1_0.amount,t1_0.date,t1_0.feedback,t1_0.ip,t1_0.number,t1_0.region,t1_0.result from transactions t1_0 where t1_0.number=? and t1_0.date between ? and ?
?[0m?[0;34mHibernate: select t1_0.id from limits t1_0 where t1_0.type=? fetch first ? rows only
?[0m?[0;34mHibernate: select t1_0.id,t1_0.max_value,t1_0.type from limits t1_0 where t1_0.type=?
?[0m?[0;34mHibernate: select t1_0.id from limits t1_0 where t1_0.type=? fetch first ? rows only
?[0m?[0;34mHibernate: select t1_0.id,t1_0.max_value,t1_0.type from limits t1_0 where t1_0.type=?
?[0m?[0;34mHibernate: select s1_0.id from stolen_cards s1_0 where s1_0.number=? fetch first ? rows only
?[0m?[0;34mHibernate: select s1_0.id from suspicious_IPs s1_0 where s1_0.ip=? fetch first ? rows only
?[0m?[0;34mHibernate: select t1_0.id,t1_0.amount,t1_0.date,t1_0.feedback,t1_0.ip,t1_0.number,t1_0.region,t1_0.result from transactions t1_0 where t1_0.number=? and t1_0.date between ? and ?
?[0m?[0;34mHibernate: select t1_0.id,t1_0.amount,t1_0.date,t1_0.feedback,t1_0.ip,t1_0.number,t1_0.region,t1_0.result from transactions t1_0 where t1_0.number=? and t1_0.date between ? and ?
?[0m?[0;34mHibernate: select t1_0.id from limits t1_0 where t1_0.type=? fetch first ? rows only
?[0m?[0;34mHibernate: select t1_0.id,t1_0.max_value,t1_0.type from limits t1_0 where t1_0.type=?
?[0m?[0;34mHibernate: select t1_0.id from limits t1_0 where t1_0.type=? fetch first ? rows only
?[0m?[0;34mHibernate: select t1_0.id,t1_0.max_value,t1_0.type from limits t1_0 where t1_0.type=?
?[0m?[0;34mHibernate: select s1_0.id from stolen_cards s1_0 where s1_0.number=? fetch first ? rows only
?[0m?[0;34mHibernate: select s1_0.id from suspicious_IPs s1_0 where s1_0.ip=? fetch first ? rows only
?[0m?[0;34mHibernate: select t1_0.id,t1_0.amount,t1_0.date,t1_0.feedback,t1_0.ip,t1_0.number,t1_0.region,t1_0.result from transactions t1_0 where t1_0.number=? and t1_0.date between ? and ?
?[0m?[0;34mHibernate: select t1_0.id,t1_0.amount,t1_0.date,t1_0.feedback,t1_0.ip,t1_0.number,t1_0.region,t1_0.result from transactions t1_0 where t1_0.number=? and t1_0.date between ? and ?
?[0m?[0;34mHibernate: select t1_0.id from limits t1_0 where t1_0.type=? fetch first ? rows only
?[0m?[0;34mHibernate: select t1_0.id,t1_0.max_value,t1_0.type from limits t1_0 where t1_0.type=?
?[0m?[0;34mHibernate: select t1_0.id from limits t1_0 where t1_0.type=? fetch first ? rows only
?[0m?[0;34mHibernate: select t1_0.id,t1_0.max_value,t1_0.type from limits t1_0 where t1_0.type=?
?[0m?[0;34mHibernate: select s1_0.id from stolen_cards s1_0 where s1_0.number=? fetch first ? rows only
?[0m?[0;34mHibernate: select s1_0.id from suspicious_IPs s1_0 where s1_0.ip=? fetch first ? rows only
?[0m?[0;34mHibernate: select t1_0.id,t1_0.amount,t1_0.date,t1_0.feedback,t1_0.ip,t1_0.number,t1_0.region,t1_0.result from transactions t1_0 where t1_0.number=? and t1_0.date between ? and ?
?[0m?[0;34mHibernate: select t1_0.id,t1_0.amount,t1_0.date,t1_0.feedback,t1_0.ip,t1_0.number,t1_0.region,t1_0.result from transactions t1_0 where t1_0.number=? and t1_0.date between ? and ?
?[0m?[0;34mHibernate: insert into transactions (amount, date, feedback, ip, number, region, result, id) values (?, ?, ?, ?, ?, ?, ?, ?)
?[0m?[1;31m
Start test 139?[0m
?[0;34mTest case
?[0m?[0;34mTesting api: '/api/antifraud/transaction'
?[0m?[0;34mExpectations: 'Transaction must be MANUAL_PROCESSING'
?[0m?[0;34m-----
?[0m?[0;34mHibernate: select u1_0.id,u1_0.locked,u1_0.name,u1_0.password,u1_0.role,u1_0.username from users u1_0 where upper(u1_0.username)=upper(?)
?[0m?[0;34mHibernate: select t1_0.id from limits t1_0 where t1_0.type=? fetch first ? rows only
?[0m?[0;34mHibernate: select t1_0.id,t1_0.max_value,t1_0.type from limits t1_0 where t1_0.type=?
?[0m?[0;34mHibernate: select t1_0.id from limits t1_0 where t1_0.type=? fetch first ? rows only
?[0m?[0;34mHibernate: select t1_0.id,t1_0.max_value,t1_0.type from limits t1_0 where t1_0.type=?
?[0m?[0;34mHibernate: select s1_0.id from stolen_cards s1_0 where s1_0.number=? fetch first ? rows only
?[0m?[0;34mHibernate: select s1_0.id from suspicious_IPs s1_0 where s1_0.ip=? fetch first ? rows only
?[0m?[0;34mHibernate: select t1_0.id,t1_0.amount,t1_0.date,t1_0.feedback,t1_0.ip,t1_0.number,t1_0.region,t1_0.result from transactions t1_0 where t1_0.number=? and t1_0.date between ? and ?
?[0m?[0;34mHibernate: select t1_0.id,t1_0.amount,t1_0.date,t1_0.feedback,t1_0.ip,t1_0.number,t1_0.region,t1_0.result from transactions t1_0 where t1_0.number=? and t1_0.date between ? and ?
?[0m?[0;34mHibernate: select t1_0.id from limits t1_0 where t1_0.type=? fetch first ? rows only
?[0m?[0;34mHibernate: select t1_0.id,t1_0.max_value,t1_0.type from limits t1_0 where t1_0.type=?
?[0m?[0;34mHibernate: select t1_0.id from limits t1_0 where t1_0.type=? fetch first ? rows only
?[0m?[0;34mHibernate: select t1_0.id,t1_0.max_value,t1_0.type from limits t1_0 where t1_0.type=?
?[0m?[0;34mHibernate: select s1_0.id from stolen_cards s1_0 where s1_0.number=? fetch first ? rows only
?[0m?[0;34mHibernate: select s1_0.id from suspicious_IPs s1_0 where s1_0.ip=? fetch first ? rows only
?[0m?[0;34mHibernate: select t1_0.id,t1_0.amount,t1_0.date,t1_0.feedback,t1_0.ip,t1_0.number,t1_0.region,t1_0.result from transactions t1_0 where t1_0.number=? and t1_0.date between ? and ?
?[0m?[0;34mHibernate: select t1_0.id,t1_0.amount,t1_0.date,t1_0.feedback,t1_0.ip,t1_0.number,t1_0.region,t1_0.result from transactions t1_0 where t1_0.number=? and t1_0.date between ? and ?
?[0m?[0;34mHibernate: select t1_0.id from limits t1_0 where t1_0.type=? fetch first ? rows only
?[0m?[0;34mHibernate: select t1_0.id,t1_0.max_value,t1_0.type from limits t1_0 where t1_0.type=?
?[0m?[0;34mHibernate: select t1_0.id from limits t1_0 where t1_0.type=? fetch first ? rows only
?[0m?[0;34mHibernate: select t1_0.id,t1_0.max_value,t1_0.type from limits t1_0 where t1_0.type=?
?[0m?[0;34mHibernate: select s1_0.id from stolen_cards s1_0 where s1_0.number=? fetch first ? rows only
?[0m?[0;34mHibernate: select s1_0.id from suspicious_IPs s1_0 where s1_0.ip=? fetch first ? rows only
?[0m?[0;34mHibernate: select t1_0.id,t1_0.amount,t1_0.date,t1_0.feedback,t1_0.ip,t1_0.number,t1_0.region,t1_0.result from transactions t1_0 where t1_0.number=? and t1_0.date between ? and ?
?[0m?[0;34mHibernate: select t1_0.id,t1_0.amount,t1_0.date,t1_0.feedback,t1_0.ip,t1_0.number,t1_0.region,t1_0.result from transactions t1_0 where t1_0.number=? and t1_0.date between ? and ?
?[0m?[0;34mHibernate: select t1_0.id from limits t1_0 where t1_0.type=? fetch first ? rows only
?[0m?[0;34mHibernate: select t1_0.id,t1_0.max_value,t1_0.type from limits t1_0 where t1_0.type=?
?[0m?[0;34mHibernate: select t1_0.id from limits t1_0 where t1_0.type=? fetch first ? rows only
?[0m?[0;34mHibernate: select t1_0.id,t1_0.max_value,t1_0.type from limits t1_0 where t1_0.type=?
?[0m?[0;34mHibernate: select s1_0.id from stolen_cards s1_0 where s1_0.number=? fetch first ? rows only
?[0m?[0;34mHibernate: select s1_0.id from suspicious_IPs s1_0 where s1_0.ip=? fetch first ? rows only
?[0m?[0;34mHibernate: select t1_0.id,t1_0.amount,t1_0.date,t1_0.feedback,t1_0.ip,t1_0.number,t1_0.region,t1_0.result from transactions t1_0 where t1_0.number=? and t1_0.date between ? and ?
?[0m?[0;34mHibernate: select t1_0.id,t1_0.amount,t1_0.date,t1_0.feedback,t1_0.ip,t1_0.number,t1_0.region,t1_0.result from transactions t1_0 where t1_0.number=? and t1_0.date between ? and ?
?[0m?[0;34mHibernate: select t1_0.id from limits t1_0 where t1_0.type=? fetch first ? rows only
?[0m?[0;34mHibernate: select t1_0.id,t1_0.max_value,t1_0.type from limits t1_0 where t1_0.type=?
?[0m?[0;34mHibernate: select t1_0.id from limits t1_0 where t1_0.type=? fetch first ? rows only
?[0m?[0;34mHibernate: select t1_0.id,t1_0.max_value,t1_0.type from limits t1_0 where t1_0.type=?
?[0m?[0;34mHibernate: select s1_0.id from stolen_cards s1_0 where s1_0.number=? fetch first ? rows only
?[0m?[0;34mHibernate: select s1_0.id from suspicious_IPs s1_0 where s1_0.ip=? fetch first ? rows only
?[0m?[0;34mHibernate: select t1_0.id,t1_0.amount,t1_0.date,t1_0.feedback,t1_0.ip,t1_0.number,t1_0.region,t1_0.result from transactions t1_0 where t1_0.number=? and t1_0.date between ? and ?
?[0m?[0;34mHibernate: select t1_0.id,t1_0.amount,t1_0.date,t1_0.feedback,t1_0.ip,t1_0.number,t1_0.region,t1_0.result from transactions t1_0 where t1_0.number=? and t1_0.date between ? and ?
?[0m?[0;34mHibernate: select t1_0.id from limits t1_0 where t1_0.type=? fetch first ? rows only
?[0m?[0;34mHibernate: select t1_0.id,t1_0.max_value,t1_0.type from limits t1_0 where t1_0.type=?
?[0m?[0;34mHibernate: select t1_0.id from limits t1_0 where t1_0.type=? fetch first ? rows only
?[0m?[0;34mHibernate: select t1_0.id,t1_0.max_value,t1_0.type from limits t1_0 where t1_0.type=?
?[0m?[0;34mHibernate: select s1_0.id from stolen_cards s1_0 where s1_0.number=? fetch first ? rows only
?[0m?[0;34mHibernate: select s1_0.id from suspicious_IPs s1_0 where s1_0.ip=? fetch first ? rows only
?[0m?[0;34mHibernate: select t1_0.id,t1_0.amount,t1_0.date,t1_0.feedback,t1_0.ip,t1_0.number,t1_0.region,t1_0.result from transactions t1_0 where t1_0.number=? and t1_0.date between ? and ?
?[0m?[0;34mHibernate: select t1_0.id,t1_0.amount,t1_0.date,t1_0.feedback,t1_0.ip,t1_0.number,t1_0.region,t1_0.result from transactions t1_0 where t1_0.number=? and t1_0.date between ? and ?
?[0m?[0;34mHibernate: select t1_0.id from limits t1_0 where t1_0.type=? fetch first ? rows only
?[0m?[0;34mHibernate: select t1_0.id,t1_0.max_value,t1_0.type from limits t1_0 where t1_0.type=?
?[0m?[0;34mHibernate: select t1_0.id from limits t1_0 where t1_0.type=? fetch first ? rows only
?[0m?[0;34mHibernate: select t1_0.id,t1_0.max_value,t1_0.type from limits t1_0 where t1_0.type=?
?[0m?[0;34mHibernate: select s1_0.id from stolen_cards s1_0 where s1_0.number=? fetch first ? rows only
?[0m?[0;34mHibernate: select s1_0.id from suspicious_IPs s1_0 where s1_0.ip=? fetch first ? rows only
?[0m?[0;34mHibernate: select t1_0.id,t1_0.amount,t1_0.date,t1_0.feedback,t1_0.ip,t1_0.number,t1_0.region,t1_0.result from transactions t1_0 where t1_0.number=? and t1_0.date between ? and ?
?[0m?[0;34mHibernate: select t1_0.id,t1_0.amount,t1_0.date,t1_0.feedback,t1_0.ip,t1_0.number,t1_0.region,t1_0.result from transactions t1_0 where t1_0.number=? and t1_0.date between ? and ?
?[0m?[0;34mHibernate: select t1_0.id from limits t1_0 where t1_0.type=? fetch first ? rows only
?[0m?[0;34mHibernate: select t1_0.id,t1_0.max_value,t1_0.type from limits t1_0 where t1_0.type=?
?[0m?[0;34mHibernate: select t1_0.id from limits t1_0 where t1_0.type=? fetch first ? rows only
?[0m?[0;34mHibernate: select t1_0.id,t1_0.max_value,t1_0.type from limits t1_0 where t1_0.type=?
?[0m?[0;34mHibernate: select s1_0.id from stolen_cards s1_0 where s1_0.number=? fetch first ? rows only
?[0m?[0;34mHibernate: select s1_0.id from suspicious_IPs s1_0 where s1_0.ip=? fetch first ? rows only
?[0m?[0;34mHibernate: select t1_0.id,t1_0.amount,t1_0.date,t1_0.feedback,t1_0.ip,t1_0.number,t1_0.region,t1_0.result from transactions t1_0 where t1_0.number=? and t1_0.date between ? and ?
?[0m?[0;34mHibernate: select t1_0.id,t1_0.amount,t1_0.date,t1_0.feedback,t1_0.ip,t1_0.number,t1_0.region,t1_0.result from transactions t1_0 where t1_0.number=? and t1_0.date between ? and ?
?[0m?[0;34mHibernate: select t1_0.id from limits t1_0 where t1_0.type=? fetch first ? rows only
?[0m?[0;34mHibernate: select t1_0.id,t1_0.max_value,t1_0.type from limits t1_0 where t1_0.type=?
?[0m?[0;34mHibernate: select t1_0.id from limits t1_0 where t1_0.type=? fetch first ? rows only
?[0m?[0;34mHibernate: select t1_0.id,t1_0.max_value,t1_0.type from limits t1_0 where t1_0.type=?
?[0m?[0;34mHibernate: select s1_0.id from stolen_cards s1_0 where s1_0.number=? fetch first ? rows only
?[0m?[0;34mHibernate: select s1_0.id from suspicious_IPs s1_0 where s1_0.ip=? fetch first ? rows only
?[0m?[0;34mHibernate: select t1_0.id,t1_0.amount,t1_0.date,t1_0.feedback,t1_0.ip,t1_0.number,t1_0.region,t1_0.result from transactions t1_0 where t1_0.number=? and t1_0.date between ? and ?
?[0m?[0;34mHibernate: select t1_0.id,t1_0.amount,t1_0.date,t1_0.feedback,t1_0.ip,t1_0.number,t1_0.region,t1_0.result from transactions t1_0 where t1_0.number=? and t1_0.date between ? and ?
?[0m?[0;34mHibernate: select t1_0.id from limits t1_0 where t1_0.type=? fetch first ? rows only
?[0m?[0;34mHibernate: select t1_0.id,t1_0.max_value,t1_0.type from limits t1_0 where t1_0.type=?
?[0m?[0;34mHibernate: select t1_0.id from limits t1_0 where t1_0.type=? fetch first ? rows only
?[0m?[0;34mHibernate: select t1_0.id,t1_0.max_value,t1_0.type from limits t1_0 where t1_0.type=?
?[0m?[0;34mHibernate: select s1_0.id from stolen_cards s1_0 where s1_0.number=? fetch first ? rows only
?[0m?[0;34mHibernate: select s1_0.id from suspicious_IPs s1_0 where s1_0.ip=? fetch first ? rows only
?[0m?[0;34mHibernate: select t1_0.id,t1_0.amount,t1_0.date,t1_0.feedback,t1_0.ip,t1_0.number,t1_0.region,t1_0.result from transactions t1_0 where t1_0.number=? and t1_0.date between ? and ?
?[0m?[0;34mHibernate: select t1_0.id,t1_0.amount,t1_0.date,t1_0.feedback,t1_0.ip,t1_0.number,t1_0.region,t1_0.result from transactions t1_0 where t1_0.number=? and t1_0.date between ? and ?
?[0m?[0;34mHibernate: select t1_0.id from limits t1_0 where t1_0.type=? fetch first ? rows only
?[0m?[0;34mHibernate: select t1_0.id,t1_0.max_value,t1_0.type from limits t1_0 where t1_0.type=?
?[0m?[0;34mHibernate: select t1_0.id from limits t1_0 where t1_0.type=? fetch first ? rows only
?[0m?[0;34mHibernate: select t1_0.id,t1_0.max_value,t1_0.type from limits t1_0 where t1_0.type=?
?[0m?[0;34mHibernate: select s1_0.id from stolen_cards s1_0 where s1_0.number=? fetch first ? rows only
?[0m?[0;34mHibernate: select s1_0.id from suspicious_IPs s1_0 where s1_0.ip=? fetch first ? rows only
?[0m?[0;34mHibernate: select t1_0.id,t1_0.amount,t1_0.date,t1_0.feedback,t1_0.ip,t1_0.number,t1_0.region,t1_0.result from transactions t1_0 where t1_0.number=? and t1_0.date between ? and ?
?[0m?[0;34mHibernate: select t1_0.id,t1_0.amount,t1_0.date,t1_0.feedback,t1_0.ip,t1_0.number,t1_0.region,t1_0.result from transactions t1_0 where t1_0.number=? and t1_0.date between ? and ?
?[0m?[0;34mHibernate: select t1_0.id from limits t1_0 where t1_0.type=? fetch first ? rows only
?[0m?[0;34mHibernate: select t1_0.id,t1_0.max_value,t1_0.type from limits t1_0 where t1_0.type=?
?[0m?[0;34mHibernate: select t1_0.id from limits t1_0 where t1_0.type=? fetch first ? rows only
?[0m?[0;34mHibernate: select t1_0.id,t1_0.max_value,t1_0.type from limits t1_0 where t1_0.type=?
?[0m?[0;34mHibernate: select s1_0.id from stolen_cards s1_0 where s1_0.number=? fetch first ? rows only
?[0m?[0;34mHibernate: select s1_0.id from suspicious_IPs s1_0 where s1_0.ip=? fetch first ? rows only
?[0m?[0;34mHibernate: select t1_0.id,t1_0.amount,t1_0.date,t1_0.feedback,t1_0.ip,t1_0.number,t1_0.region,t1_0.result from transactions t1_0 where t1_0.number=? and t1_0.date between ? and ?
?[0m?[0;34mHibernate: select t1_0.id,t1_0.amount,t1_0.date,t1_0.feedback,t1_0.ip,t1_0.number,t1_0.region,t1_0.result from transactions t1_0 where t1_0.number=? and t1_0.date between ? and ?
?[0m?[0;34mHibernate: select t1_0.id from limits t1_0 where t1_0.type=? fetch first ? rows only
?[0m?[0;34mHibernate: select t1_0.id,t1_0.max_value,t1_0.type from limits t1_0 where t1_0.type=?
?[0m?[0;34mHibernate: select t1_0.id from limits t1_0 where t1_0.type=? fetch first ? rows only
?[0m?[0;34mHibernate: select t1_0.id,t1_0.max_value,t1_0.type from limits t1_0 where t1_0.type=?
?[0m?[0;34mHibernate: select s1_0.id from stolen_cards s1_0 where s1_0.number=? fetch first ? rows only
?[0m?[0;34mHibernate: select s1_0.id from suspicious_IPs s1_0 where s1_0.ip=? fetch first ? rows only
?[0m?[0;34mHibernate: select t1_0.id,t1_0.amount,t1_0.date,t1_0.feedback,t1_0.ip,t1_0.number,t1_0.region,t1_0.result from transactions t1_0 where t1_0.number=? and t1_0.date between ? and ?
?[0m?[0;34mHibernate: select t1_0.id,t1_0.amount,t1_0.date,t1_0.feedback,t1_0.ip,t1_0.number,t1_0.region,t1_0.result from transactions t1_0 where t1_0.number=? and t1_0.date between ? and ?
?[0m?[0;34mHibernate: insert into transactions (amount, date, feedback, ip, number, region, result, id) values (?, ?, ?, ?, ?, ?, ?, ?)
?[0m?[1;31m
Start test 140?[0m
?[0;34mTest case
?[0m?[0;34mTesting api: '/api/antifraud/transaction'
?[0m?[0;34mExpectations: 'The limits of transaction validation updated.Endpoint responds with the HTTP OK status (200)'
?[0m?[0;34m-----
?[0m?[0;34mHibernate: select u1_0.id,u1_0.locked,u1_0.name,u1_0.password,u1_0.role,u1_0.username from users u1_0 where upper(u1_0.username)=upper(?)
?[0m?[0;34mHibernate: select t1_0.id,t1_0.amount,t1_0.date,t1_0.feedback,t1_0.ip,t1_0.number,t1_0.region,t1_0.result from transactions t1_0
?[0m?[0;34mHibernate: select u1_0.id,u1_0.locked,u1_0.name,u1_0.password,u1_0.role,u1_0.username from users u1_0 where upper(u1_0.username)=upper(?)
?[0m?[0;34mHibernate: select count(*) from transactions t1_0 where t1_0.id=?
?[0m?[0;34mHibernate: select t1_0.id,t1_0.amount,t1_0.date,t1_0.feedback,t1_0.ip,t1_0.number,t1_0.region,t1_0.result from transactions t1_0 where t1_0.id=?
?[0m?[0;34mHibernate: update transactions set amount=?, date=?, feedback=?, ip=?, number=?, region=?, result=? where id=?
?[0m?[0;34mHibernate: select t1_0.id,t1_0.max_value,t1_0.type from limits t1_0
?[0m?[0;34mHibernate: select t1_0.id,t1_0.max_value,t1_0.type from limits t1_0 where t1_0.type=?
?[0m?[0;34mHibernate: update limits set max_value=?, type=? where id=?
?[0m?[1;31m
Start test 141?[0m
?[0;34mTest case
?[0m?[0;34mTesting api: '/api/antifraud/transaction'
?[0m?[0;34mExpectations: 'Limits must be updated to: Allow = 202, Manual = 1160. Transaction must be PROHIBITED'
?[0m?[0;34m-----
?[0m?[0;34mHibernate: select u1_0.id,u1_0.locked,u1_0.name,u1_0.password,u1_0.role,u1_0.username from users u1_0 where upper(u1_0.username)=upper(?)
?[0m?[0;34mHibernate: select t1_0.id from limits t1_0 where t1_0.type=? fetch first ? rows only
?[0m?[0;34mHibernate: select t1_0.id,t1_0.max_value,t1_0.type from limits t1_0 where t1_0.type=?
?[0m?[0;34mHibernate: select t1_0.id from limits t1_0 where t1_0.type=? fetch first ? rows only
?[0m?[0;34mHibernate: select t1_0.id,t1_0.max_value,t1_0.type from limits t1_0 where t1_0.type=?
?[0m?[0;34mHibernate: select s1_0.id from stolen_cards s1_0 where s1_0.number=? fetch first ? rows only
?[0m?[0;34mHibernate: select s1_0.id from suspicious_IPs s1_0 where s1_0.ip=? fetch first ? rows only
?[0m?[0;34mHibernate: select t1_0.id,t1_0.amount,t1_0.date,t1_0.feedback,t1_0.ip,t1_0.number,t1_0.region,t1_0.result from transactions t1_0 where t1_0.number=? and t1_0.date between ? and ?
?[0m?[0;34mHibernate: select t1_0.id,t1_0.amount,t1_0.date,t1_0.feedback,t1_0.ip,t1_0.number,t1_0.region,t1_0.result from transactions t1_0 where t1_0.number=? and t1_0.date between ? and ?
?[0m?[0;34mHibernate: select t1_0.id from limits t1_0 where t1_0.type=? fetch first ? rows only
?[0m?[0;34mHibernate: select t1_0.id,t1_0.max_value,t1_0.type from limits t1_0 where t1_0.type=?
?[0m?[0;34mHibernate: select t1_0.id from limits t1_0 where t1_0.type=? fetch first ? rows only
?[0m?[0;34mHibernate: select t1_0.id,t1_0.max_value,t1_0.type from limits t1_0 where t1_0.type=?
?[0m?[0;34mHibernate: select s1_0.id from stolen_cards s1_0 where s1_0.number=? fetch first ? rows only
?[0m?[0;34mHibernate: select s1_0.id from suspicious_IPs s1_0 where s1_0.ip=? fetch first ? rows only
?[0m?[0;34mHibernate: select t1_0.id,t1_0.amount,t1_0.date,t1_0.feedback,t1_0.ip,t1_0.number,t1_0.region,t1_0.result from transactions t1_0 where t1_0.number=? and t1_0.date between ? and ?
?[0m?[0;34mHibernate: select t1_0.id,t1_0.amount,t1_0.date,t1_0.feedback,t1_0.ip,t1_0.number,t1_0.region,t1_0.result from transactions t1_0 where t1_0.number=? and t1_0.date between ? and ?
?[0m?[0;34mHibernate: select t1_0.id from limits t1_0 where t1_0.type=? fetch first ? rows only
?[0m?[0;34mHibernate: select t1_0.id,t1_0.max_value,t1_0.type from limits t1_0 where t1_0.type=?
?[0m?[0;34mHibernate: select t1_0.id from limits t1_0 where t1_0.type=? fetch first ? rows only
?[0m?[0;34mHibernate: select t1_0.id,t1_0.max_value,t1_0.type from limits t1_0 where t1_0.type=?
?[0m?[0;34mHibernate: select s1_0.id from stolen_cards s1_0 where s1_0.number=? fetch first ? rows only
?[0m?[0;34mHibernate: select s1_0.id from suspicious_IPs s1_0 where s1_0.ip=? fetch first ? rows only
?[0m?[0;34mHibernate: select t1_0.id,t1_0.amount,t1_0.date,t1_0.feedback,t1_0.ip,t1_0.number,t1_0.region,t1_0.result from transactions t1_0 where t1_0.number=? and t1_0.date between ? and ?
?[0m?[0;34mHibernate: select t1_0.id,t1_0.amount,t1_0.date,t1_0.feedback,t1_0.ip,t1_0.number,t1_0.region,t1_0.result from transactions t1_0 where t1_0.number=? and t1_0.date between ? and ?
?[0m?[0;34mHibernate: select t1_0.id from limits t1_0 where t1_0.type=? fetch first ? rows only
?[0m?[0;34mHibernate: select t1_0.id,t1_0.max_value,t1_0.type from limits t1_0 where t1_0.type=?
?[0m?[0;34mHibernate: select t1_0.id from limits t1_0 where t1_0.type=? fetch first ? rows only
?[0m?[0;34mHibernate: select t1_0.id,t1_0.max_value,t1_0.type from limits t1_0 where t1_0.type=?
?[0m?[0;34mHibernate: select s1_0.id from stolen_cards s1_0 where s1_0.number=? fetch first ? rows only
?[0m?[0;34mHibernate: select s1_0.id from suspicious_IPs s1_0 where s1_0.ip=? fetch first ? rows only
?[0m?[0;34mHibernate: select t1_0.id,t1_0.amount,t1_0.date,t1_0.feedback,t1_0.ip,t1_0.number,t1_0.region,t1_0.result from transactions t1_0 where t1_0.number=? and t1_0.date between ? and ?
?[0m?[0;34mHibernate: select t1_0.id,t1_0.amount,t1_0.date,t1_0.feedback,t1_0.ip,t1_0.number,t1_0.region,t1_0.result from transactions t1_0 where t1_0.number=? and t1_0.date between ? and ?
?[0m?[0;34mHibernate: select t1_0.id from limits t1_0 where t1_0.type=? fetch first ? rows only
?[0m?[0;34mHibernate: select t1_0.id,t1_0.max_value,t1_0.type from limits t1_0 where t1_0.type=?
?[0m?[0;34mHibernate: select t1_0.id from limits t1_0 where t1_0.type=? fetch first ? rows only
?[0m?[0;34mHibernate: select t1_0.id,t1_0.max_value,t1_0.type from limits t1_0 where t1_0.type=?
?[0m?[0;34mHibernate: select s1_0.id from stolen_cards s1_0 where s1_0.number=? fetch first ? rows only
?[0m?[0;34mHibernate: select s1_0.id from suspicious_IPs s1_0 where s1_0.ip=? fetch first ? rows only
?[0m?[0;34mHibernate: select t1_0.id,t1_0.amount,t1_0.date,t1_0.feedback,t1_0.ip,t1_0.number,t1_0.region,t1_0.result from transactions t1_0 where t1_0.number=? and t1_0.date between ? and ?
?[0m?[0;34mHibernate: select t1_0.id,t1_0.amount,t1_0.date,t1_0.feedback,t1_0.ip,t1_0.number,t1_0.region,t1_0.result from transactions t1_0 where t1_0.number=? and t1_0.date between ? and ?
?[0m?[0;34mHibernate: select t1_0.id from limits t1_0 where t1_0.type=? fetch first ? rows only
?[0m?[0;34mHibernate: select t1_0.id,t1_0.max_value,t1_0.type from limits t1_0 where t1_0.type=?
?[0m?[0;34mHibernate: select t1_0.id from limits t1_0 where t1_0.type=? fetch first ? rows only
?[0m?[0;34mHibernate: select t1_0.id,t1_0.max_value,t1_0.type from limits t1_0 where t1_0.type=?
?[0m?[0;34mHibernate: select s1_0.id from stolen_cards s1_0 where s1_0.number=? fetch first ? rows only
?[0m?[0;34mHibernate: select s1_0.id from suspicious_IPs s1_0 where s1_0.ip=? fetch first ? rows only
?[0m?[0;34mHibernate: select t1_0.id,t1_0.amount,t1_0.date,t1_0.feedback,t1_0.ip,t1_0.number,t1_0.region,t1_0.result from transactions t1_0 where t1_0.number=? and t1_0.date between ? and ?
?[0m?[0;34mHibernate: select t1_0.id,t1_0.amount,t1_0.date,t1_0.feedback,t1_0.ip,t1_0.number,t1_0.region,t1_0.result from transactions t1_0 where t1_0.number=? and t1_0.date between ? and ?
?[0m?[0;34mHibernate: select t1_0.id from limits t1_0 where t1_0.type=? fetch first ? rows only
?[0m?[0;34mHibernate: select t1_0.id,t1_0.max_value,t1_0.type from limits t1_0 where t1_0.type=?
?[0m?[0;34mHibernate: select t1_0.id from limits t1_0 where t1_0.type=? fetch first ? rows only
?[0m?[0;34mHibernate: select t1_0.id,t1_0.max_value,t1_0.type from limits t1_0 where t1_0.type=?
?[0m?[0;34mHibernate: select s1_0.id from stolen_cards s1_0 where s1_0.number=? fetch first ? rows only
?[0m?[0;34mHibernate: select s1_0.id from suspicious_IPs s1_0 where s1_0.ip=? fetch first ? rows only
?[0m?[0;34mHibernate: select t1_0.id,t1_0.amount,t1_0.date,t1_0.feedback,t1_0.ip,t1_0.number,t1_0.region,t1_0.result from transactions t1_0 where t1_0.number=? and t1_0.date between ? and ?
?[0m?[0;34mHibernate: select t1_0.id,t1_0.amount,t1_0.date,t1_0.feedback,t1_0.ip,t1_0.number,t1_0.region,t1_0.result from transactions t1_0 where t1_0.number=? and t1_0.date between ? and ?
?[0m?[0;34mHibernate: select t1_0.id from limits t1_0 where t1_0.type=? fetch first ? rows only
?[0m?[0;34mHibernate: select t1_0.id,t1_0.max_value,t1_0.type from limits t1_0 where t1_0.type=?
?[0m?[0;34mHibernate: select t1_0.id from limits t1_0 where t1_0.type=? fetch first ? rows only
?[0m?[0;34mHibernate: select t1_0.id,t1_0.max_value,t1_0.type from limits t1_0 where t1_0.type=?
?[0m?[0;34mHibernate: select s1_0.id from stolen_cards s1_0 where s1_0.number=? fetch first ? rows only
?[0m?[0;34mHibernate: select s1_0.id from suspicious_IPs s1_0 where s1_0.ip=? fetch first ? rows only
?[0m?[0;34mHibernate: select t1_0.id,t1_0.amount,t1_0.date,t1_0.feedback,t1_0.ip,t1_0.number,t1_0.region,t1_0.result from transactions t1_0 where t1_0.number=? and t1_0.date between ? and ?
?[0m?[0;34mHibernate: select t1_0.id,t1_0.amount,t1_0.date,t1_0.feedback,t1_0.ip,t1_0.number,t1_0.region,t1_0.result from transactions t1_0 where t1_0.number=? and t1_0.date between ? and ?
?[0m?[0;34mHibernate: select t1_0.id from limits t1_0 where t1_0.type=? fetch first ? rows only
?[0m?[0;34mHibernate: select t1_0.id,t1_0.max_value,t1_0.type from limits t1_0 where t1_0.type=?
?[0m?[0;34mHibernate: select t1_0.id from limits t1_0 where t1_0.type=? fetch first ? rows only
?[0m?[0;34mHibernate: select t1_0.id,t1_0.max_value,t1_0.type from limits t1_0 where t1_0.type=?
?[0m?[0;34mHibernate: select s1_0.id from stolen_cards s1_0 where s1_0.number=? fetch first ? rows only
?[0m?[0;34mHibernate: select s1_0.id from suspicious_IPs s1_0 where s1_0.ip=? fetch first ? rows only
?[0m?[0;34mHibernate: select t1_0.id,t1_0.amount,t1_0.date,t1_0.feedback,t1_0.ip,t1_0.number,t1_0.region,t1_0.result from transactions t1_0 where t1_0.number=? and t1_0.date between ? and ?
?[0m?[0;34mHibernate: select t1_0.id,t1_0.amount,t1_0.date,t1_0.feedback,t1_0.ip,t1_0.number,t1_0.region,t1_0.result from transactions t1_0 where t1_0.number=? and t1_0.date between ? and ?
?[0m?[0;34mHibernate: select t1_0.id from limits t1_0 where t1_0.type=? fetch first ? rows only
?[0m?[0;34mHibernate: select t1_0.id,t1_0.max_value,t1_0.type from limits t1_0 where t1_0.type=?
?[0m?[0;34mHibernate: select t1_0.id from limits t1_0 where t1_0.type=? fetch first ? rows only
?[0m?[0;34mHibernate: select t1_0.id,t1_0.max_value,t1_0.type from limits t1_0 where t1_0.type=?
?[0m?[0;34mHibernate: select s1_0.id from stolen_cards s1_0 where s1_0.number=? fetch first ? rows only
?[0m?[0;34mHibernate: select s1_0.id from suspicious_IPs s1_0 where s1_0.ip=? fetch first ? rows only
?[0m?[0;34mHibernate: select t1_0.id,t1_0.amount,t1_0.date,t1_0.feedback,t1_0.ip,t1_0.number,t1_0.region,t1_0.result from transactions t1_0 where t1_0.number=? and t1_0.date between ? and ?
?[0m?[0;34mHibernate: select t1_0.id,t1_0.amount,t1_0.date,t1_0.feedback,t1_0.ip,t1_0.number,t1_0.region,t1_0.result from transactions t1_0 where t1_0.number=? and t1_0.date between ? and ?
?[0m?[0;34mHibernate: select t1_0.id from limits t1_0 where t1_0.type=? fetch first ? rows only
?[0m?[0;34mHibernate: select t1_0.id,t1_0.max_value,t1_0.type from limits t1_0 where t1_0.type=?
?[0m?[0;34mHibernate: select t1_0.id from limits t1_0 where t1_0.type=? fetch first ? rows only
?[0m?[0;34mHibernate: select t1_0.id,t1_0.max_value,t1_0.type from limits t1_0 where t1_0.type=?
?[0m?[0;34mHibernate: select s1_0.id from stolen_cards s1_0 where s1_0.number=? fetch first ? rows only
?[0;34m2023-07-16T14:07:33.199+02:00  WARN 1424 --- [nio-8080-Poller] .t.u.s.PrivilegedSetAccessControlContext : Unable to set field Thread.inheritedAccessControlContext
?[0m?[0;34m
?[0m?[0;34mjava.lang.IllegalAccessException: class org.apache.tomcat.util.security.PrivilegedSetAccessControlContext cannot access a member of class java.lang.Thread (in module java.base) with modifiers "private"
?[0m?[0;34m	at java.base/jdk.internal.reflect.Reflection.newIllegalAccessException(Reflection.java:392) ~[na:na]
?[0m?[0;34m	at java.base/java.lang.reflect.AccessibleObject.checkAccess(AccessibleObject.java:674) ~[na:na]
?[0m?[0;34m	at java.base/java.lang.reflect.Field.checkAccess(Field.java:1102) ~[na:na]
?[0m?[0;34m	at java.base/java.lang.reflect.Field.set(Field.java:797) ~[na:na]
?[0m?[0;34m	at org.apache.tomcat.util.security.PrivilegedSetAccessControlContext.run(PrivilegedSetAccessControlContext.java:60) ~[tomcat-embed-core-10.1.5.jar:10.1.5]
?[0m?[0;34m	at org.apache.tomcat.util.security.PrivilegedSetAccessControlContext.run(PrivilegedSetAccessControlContext.java:28) ~[tomcat-embed-core-10.1.5.jar:10.1.5]
?[0m?[0;34m	at java.base/java.security.AccessController.doPrivileged(AccessController.java:318) ~[na:na]
?[0m?[0;34m	at org.apache.tomcat.util.threads.TaskThreadFactory.newThread(TaskThreadFactory.java:64) ~[tomcat-embed-core-10.1.5.jar:10.1.5]
?[0m?[0;34m	at org.apache.tomcat.util.threads.ThreadPoolExecutor$Worker.<init>(ThreadPoolExecutor.java:653) ~[tomcat-embed-core-10.1.5.jar:10.1.5]
?[0m?[0;34m	at org.apache.tomcat.util.threads.ThreadPoolExecutor.addWorker(ThreadPoolExecutor.java:957) ~[tomcat-embed-core-10.1.5.jar:10.1.5]
?[0m?[0;34m	at org.apache.tomcat.util.threads.ThreadPoolExecutor.executeInternal(ThreadPoolExecutor.java:1451) ~[tomcat-embed-core-10.1.5.jar:10.1.5]
?[0m?[0;34m	at org.apache.tomcat.util.threads.ThreadPoolExecutor.execute(ThreadPoolExecutor.java:1378) ~[tomcat-embed-core-10.1.5.jar:10.1.5]
?[0m?[0;34m	at org.apache.tomcat.util.net.AbstractEndpoint.processSocket(AbstractEndpoint.java:1133) ~[tomcat-embed-core-10.1.5.jar:10.1.5]
?[0m?[0;34m	at org.apache.tomcat.util.net.NioEndpoint$Poller.processKey(NioEndpoint.java:819) ~[tomcat-embed-core-10.1.5.jar:10.1.5]
?[0m?[0;34m	at org.apache.tomcat.util.net.NioEndpoint$Poller.run(NioEndpoint.java:786) ~[tomcat-embed-core-10.1.5.jar:10.1.5]
?[0m?[0;34m	at java.base/java.lang.Thread.run(Thread.java:833) ~[na:na]
?[0m?[0;34m
?[0m?[0;34mHibernate: select s1_0.id from suspicious_IPs s1_0 where s1_0.ip=? fetch first ? rows only
?[0m?[0;34mHibernate: select t1_0.id,t1_0.amount,t1_0.date,t1_0.feedback,t1_0.ip,t1_0.number,t1_0.region,t1_0.result from transactions t1_0 where t1_0.number=? and t1_0.date between ? and ?
?[0m?[0;34mHibernate: select t1_0.id,t1_0.amount,t1_0.date,t1_0.feedback,t1_0.ip,t1_0.number,t1_0.region,t1_0.result from transactions t1_0 where t1_0.number=? and t1_0.date between ? and ?
?[0m?[0;34mHibernate: select t1_0.id from limits t1_0 where t1_0.type=? fetch first ? rows only
?[0m?[0;34mHibernate: select t1_0.id,t1_0.max_value,t1_0.type from limits t1_0 where t1_0.type=?
?[0m?[0;34mHibernate: select t1_0.id from limits t1_0 where t1_0.type=? fetch first ? rows only
?[0m?[0;34mHibernate: select t1_0.id,t1_0.max_value,t1_0.type from limits t1_0 where t1_0.type=?
?[0m?[0;34mHibernate: select s1_0.id from stolen_cards s1_0 where s1_0.number=? fetch first ? rows only
?[0m?[0;34mHibernate: select s1_0.id from suspicious_IPs s1_0 where s1_0.ip=? fetch first ? rows only
?[0m?[0;34mHibernate: select t1_0.id,t1_0.amount,t1_0.date,t1_0.feedback,t1_0.ip,t1_0.number,t1_0.region,t1_0.result from transactions t1_0 where t1_0.number=? and t1_0.date between ? and ?
?[0m?[0;34mHibernate: select t1_0.id,t1_0.amount,t1_0.date,t1_0.feedback,t1_0.ip,t1_0.number,t1_0.region,t1_0.result from transactions t1_0 where t1_0.number=? and t1_0.date between ? and ?
?[0m?[0;34mHibernate: select t1_0.id from limits t1_0 where t1_0.type=? fetch first ? rows only
?[0m?[0;34mHibernate: select t1_0.id,t1_0.max_value,t1_0.type from limits t1_0 where t1_0.type=?
?[0m?[0;34mHibernate: select t1_0.id from limits t1_0 where t1_0.type=? fetch first ? rows only
?[0m?[0;34mHibernate: select t1_0.id,t1_0.max_value,t1_0.type from limits t1_0 where t1_0.type=?
?[0m?[0;34mHibernate: select s1_0.id from stolen_cards s1_0 where s1_0.number=? fetch first ? rows only
?[0m?[0;34mHibernate: select s1_0.id from suspicious_IPs s1_0 where s1_0.ip=? fetch first ? rows only
?[0m?[0;34mHibernate: select t1_0.id,t1_0.amount,t1_0.date,t1_0.feedback,t1_0.ip,t1_0.number,t1_0.region,t1_0.result from transactions t1_0 where t1_0.number=? and t1_0.date between ? and ?
?[0m?[0;34mHibernate: select t1_0.id,t1_0.amount,t1_0.date,t1_0.feedback,t1_0.ip,t1_0.number,t1_0.region,t1_0.result from transactions t1_0 where t1_0.number=? and t1_0.date between ? and ?
?[0m?[0;34mHibernate: insert into transactions (amount, date, feedback, ip, number, region, result, id) values (?, ?, ?, ?, ?, ?, ?, ?)
?[0m?[1;31m
Start test 142?[0m
?[0;34mTest case
?[0m?[0;34mTesting api: '/api/antifraud/transaction'
?[0m?[0;34mExpectations: 'Transaction must be ALLOWED'
?[0m?[0;34m-----
?[0m?[0;34mHibernate: select u1_0.id,u1_0.locked,u1_0.name,u1_0.password,u1_0.role,u1_0.username from users u1_0 where upper(u1_0.username)=upper(?)
?[0m?[0;34mHibernate: select t1_0.id from limits t1_0 where t1_0.type=? fetch first ? rows only
?[0m?[0;34mHibernate: select t1_0.id,t1_0.max_value,t1_0.type from limits t1_0 where t1_0.type=?
?[0m?[0;34mHibernate: select t1_0.id from limits t1_0 where t1_0.type=? fetch first ? rows only
?[0m?[0;34mHibernate: select t1_0.id,t1_0.max_value,t1_0.type from limits t1_0 where t1_0.type=?
?[0m?[0;34mHibernate: select s1_0.id from stolen_cards s1_0 where s1_0.number=? fetch first ? rows only
?[0m?[0;34mHibernate: select s1_0.id from suspicious_IPs s1_0 where s1_0.ip=? fetch first ? rows only
?[0m?[0;34mHibernate: select t1_0.id,t1_0.amount,t1_0.date,t1_0.feedback,t1_0.ip,t1_0.number,t1_0.region,t1_0.result from transactions t1_0 where t1_0.number=? and t1_0.date between ? and ?
?[0m?[0;34mHibernate: select t1_0.id,t1_0.amount,t1_0.date,t1_0.feedback,t1_0.ip,t1_0.number,t1_0.region,t1_0.result from transactions t1_0 where t1_0.number=? and t1_0.date between ? and ?
?[0m?[0;34mHibernate: select t1_0.id from limits t1_0 where t1_0.type=? fetch first ? rows only
?[0m?[0;34mHibernate: select t1_0.id,t1_0.max_value,t1_0.type from limits t1_0 where t1_0.type=?
?[0m?[0;34mHibernate: select t1_0.id from limits t1_0 where t1_0.type=? fetch first ? rows only
?[0m?[0;34mHibernate: select t1_0.id,t1_0.max_value,t1_0.type from limits t1_0 where t1_0.type=?
?[0m?[0;34mHibernate: select s1_0.id from stolen_cards s1_0 where s1_0.number=? fetch first ? rows only
?[0m?[0;34mHibernate: select s1_0.id from suspicious_IPs s1_0 where s1_0.ip=? fetch first ? rows only
?[0m?[0;34mHibernate: select t1_0.id,t1_0.amount,t1_0.date,t1_0.feedback,t1_0.ip,t1_0.number,t1_0.region,t1_0.result from transactions t1_0 where t1_0.number=? and t1_0.date between ? and ?
?[0m?[0;34mHibernate: select t1_0.id,t1_0.amount,t1_0.date,t1_0.feedback,t1_0.ip,t1_0.number,t1_0.region,t1_0.result from transactions t1_0 where t1_0.number=? and t1_0.date between ? and ?
?[0m?[0;34mHibernate: select t1_0.id from limits t1_0 where t1_0.type=? fetch first ? rows only
?[0m?[0;34mHibernate: select t1_0.id,t1_0.max_value,t1_0.type from limits t1_0 where t1_0.type=?
?[0m?[0;34mHibernate: select t1_0.id from limits t1_0 where t1_0.type=? fetch first ? rows only
?[0m?[0;34mHibernate: select t1_0.id,t1_0.max_value,t1_0.type from limits t1_0 where t1_0.type=?
?[0m?[0;34mHibernate: select s1_0.id from stolen_cards s1_0 where s1_0.number=? fetch first ? rows only
?[0m?[0;34mHibernate: select s1_0.id from suspicious_IPs s1_0 where s1_0.ip=? fetch first ? rows only
?[0m?[0;34mHibernate: select t1_0.id,t1_0.amount,t1_0.date,t1_0.feedback,t1_0.ip,t1_0.number,t1_0.region,t1_0.result from transactions t1_0 where t1_0.number=? and t1_0.date between ? and ?
?[0m?[0;34mHibernate: select t1_0.id,t1_0.amount,t1_0.date,t1_0.feedback,t1_0.ip,t1_0.number,t1_0.region,t1_0.result from transactions t1_0 where t1_0.number=? and t1_0.date between ? and ?
?[0m?[0;34mHibernate: select t1_0.id from limits t1_0 where t1_0.type=? fetch first ? rows only
?[0m?[0;34mHibernate: select t1_0.id,t1_0.max_value,t1_0.type from limits t1_0 where t1_0.type=?
?[0m?[0;34mHibernate: select t1_0.id from limits t1_0 where t1_0.type=? fetch first ? rows only
?[0m?[0;34mHibernate: select t1_0.id,t1_0.max_value,t1_0.type from limits t1_0 where t1_0.type=?
?[0m?[0;34mHibernate: select s1_0.id from stolen_cards s1_0 where s1_0.number=? fetch first ? rows only
?[0m?[0;34mHibernate: select s1_0.id from suspicious_IPs s1_0 where s1_0.ip=? fetch first ? rows only
?[0m?[0;34mHibernate: select t1_0.id,t1_0.amount,t1_0.date,t1_0.feedback,t1_0.ip,t1_0.number,t1_0.region,t1_0.result from transactions t1_0 where t1_0.number=? and t1_0.date between ? and ?
?[0m?[0;34mHibernate: select t1_0.id,t1_0.amount,t1_0.date,t1_0.feedback,t1_0.ip,t1_0.number,t1_0.region,t1_0.result from transactions t1_0 where t1_0.number=? and t1_0.date between ? and ?
?[0m?[0;34mHibernate: select t1_0.id from limits t1_0 where t1_0.type=? fetch first ? rows only
?[0m?[0;34mHibernate: select t1_0.id,t1_0.max_value,t1_0.type from limits t1_0 where t1_0.type=?
?[0m?[0;34mHibernate: select t1_0.id from limits t1_0 where t1_0.type=? fetch first ? rows only
?[0m?[0;34mHibernate: select t1_0.id,t1_0.max_value,t1_0.type from limits t1_0 where t1_0.type=?
?[0m?[0;34mHibernate: select s1_0.id from stolen_cards s1_0 where s1_0.number=? fetch first ? rows only
?[0m?[0;34mHibernate: select s1_0.id from suspicious_IPs s1_0 where s1_0.ip=? fetch first ? rows only
?[0m?[0;34mHibernate: select t1_0.id,t1_0.amount,t1_0.date,t1_0.feedback,t1_0.ip,t1_0.number,t1_0.region,t1_0.result from transactions t1_0 where t1_0.number=? and t1_0.date between ? and ?
?[0m?[0;34mHibernate: select t1_0.id,t1_0.amount,t1_0.date,t1_0.feedback,t1_0.ip,t1_0.number,t1_0.region,t1_0.result from transactions t1_0 where t1_0.number=? and t1_0.date between ? and ?
?[0m?[0;34mHibernate: select t1_0.id from limits t1_0 where t1_0.type=? fetch first ? rows only
?[0m?[0;34mHibernate: select t1_0.id,t1_0.max_value,t1_0.type from limits t1_0 where t1_0.type=?
?[0m?[0;34mHibernate: select t1_0.id from limits t1_0 where t1_0.type=? fetch first ? rows only
?[0m?[0;34mHibernate: select t1_0.id,t1_0.max_value,t1_0.type from limits t1_0 where t1_0.type=?
?[0m?[0;34mHibernate: select s1_0.id from stolen_cards s1_0 where s1_0.number=? fetch first ? rows only
?[0m?[0;34mHibernate: select s1_0.id from suspicious_IPs s1_0 where s1_0.ip=? fetch first ? rows only
?[0m?[0;34mHibernate: select t1_0.id,t1_0.amount,t1_0.date,t1_0.feedback,t1_0.ip,t1_0.number,t1_0.region,t1_0.result from transactions t1_0 where t1_0.number=? and t1_0.date between ? and ?
?[0m?[0;34mHibernate: select t1_0.id,t1_0.amount,t1_0.date,t1_0.feedback,t1_0.ip,t1_0.number,t1_0.region,t1_0.result from transactions t1_0 where t1_0.number=? and t1_0.date between ? and ?
?[0m?[0;34mHibernate: select t1_0.id from limits t1_0 where t1_0.type=? fetch first ? rows only
?[0m?[0;34mHibernate: select t1_0.id,t1_0.max_value,t1_0.type from limits t1_0 where t1_0.type=?
?[0m?[0;34mHibernate: select t1_0.id from limits t1_0 where t1_0.type=? fetch first ? rows only
?[0m?[0;34mHibernate: select t1_0.id,t1_0.max_value,t1_0.type from limits t1_0 where t1_0.type=?
?[0m?[0;34mHibernate: select s1_0.id from stolen_cards s1_0 where s1_0.number=? fetch first ? rows only
?[0m?[0;34mHibernate: select s1_0.id from suspicious_IPs s1_0 where s1_0.ip=? fetch first ? rows only
?[0m?[0;34mHibernate: select t1_0.id,t1_0.amount,t1_0.date,t1_0.feedback,t1_0.ip,t1_0.number,t1_0.region,t1_0.result from transactions t1_0 where t1_0.number=? and t1_0.date between ? and ?
?[0m?[0;34mHibernate: select t1_0.id,t1_0.amount,t1_0.date,t1_0.feedback,t1_0.ip,t1_0.number,t1_0.region,t1_0.result from transactions t1_0 where t1_0.number=? and t1_0.date between ? and ?
?[0m?[0;34mHibernate: select t1_0.id from limits t1_0 where t1_0.type=? fetch first ? rows only
?[0m?[0;34mHibernate: select t1_0.id,t1_0.max_value,t1_0.type from limits t1_0 where t1_0.type=?
?[0m?[0;34mHibernate: select t1_0.id from limits t1_0 where t1_0.type=? fetch first ? rows only
?[0m?[0;34mHibernate: select t1_0.id,t1_0.max_value,t1_0.type from limits t1_0 where t1_0.type=?
?[0m?[0;34mHibernate: select s1_0.id from stolen_cards s1_0 where s1_0.number=? fetch first ? rows only
?[0m?[0;34mHibernate: select s1_0.id from suspicious_IPs s1_0 where s1_0.ip=? fetch first ? rows only
?[0m?[0;34mHibernate: select t1_0.id,t1_0.amount,t1_0.date,t1_0.feedback,t1_0.ip,t1_0.number,t1_0.region,t1_0.result from transactions t1_0 where t1_0.number=? and t1_0.date between ? and ?
?[0m?[0;34mHibernate: select t1_0.id,t1_0.amount,t1_0.date,t1_0.feedback,t1_0.ip,t1_0.number,t1_0.region,t1_0.result from transactions t1_0 where t1_0.number=? and t1_0.date between ? and ?
?[0m?[0;34mHibernate: select t1_0.id from limits t1_0 where t1_0.type=? fetch first ? rows only
?[0m?[0;34mHibernate: select t1_0.id,t1_0.max_value,t1_0.type from limits t1_0 where t1_0.type=?
?[0m?[0;34mHibernate: select t1_0.id from limits t1_0 where t1_0.type=? fetch first ? rows only
?[0m?[0;34mHibernate: select t1_0.id,t1_0.max_value,t1_0.type from limits t1_0 where t1_0.type=?
?[0m?[0;34mHibernate: select s1_0.id from stolen_cards s1_0 where s1_0.number=? fetch first ? rows only
?[0m?[0;34mHibernate: select s1_0.id from suspicious_IPs s1_0 where s1_0.ip=? fetch first ? rows only
?[0m?[0;34mHibernate: select t1_0.id,t1_0.amount,t1_0.date,t1_0.feedback,t1_0.ip,t1_0.number,t1_0.region,t1_0.result from transactions t1_0 where t1_0.number=? and t1_0.date between ? and ?
?[0m?[0;34mHibernate: select t1_0.id,t1_0.amount,t1_0.date,t1_0.feedback,t1_0.ip,t1_0.number,t1_0.region,t1_0.result from transactions t1_0 where t1_0.number=? and t1_0.date between ? and ?
?[0m?[0;34mHibernate: select t1_0.id from limits t1_0 where t1_0.type=? fetch first ? rows only
?[0m?[0;34mHibernate: select t1_0.id,t1_0.max_value,t1_0.type from limits t1_0 where t1_0.type=?
?[0m?[0;34mHibernate: select t1_0.id from limits t1_0 where t1_0.type=? fetch first ? rows only
?[0m?[0;34mHibernate: select t1_0.id,t1_0.max_value,t1_0.type from limits t1_0 where t1_0.type=?
?[0m?[0;34mHibernate: select s1_0.id from stolen_cards s1_0 where s1_0.number=? fetch first ? rows only
?[0m?[0;34mHibernate: select s1_0.id from suspicious_IPs s1_0 where s1_0.ip=? fetch first ? rows only
?[0m?[0;34mHibernate: select t1_0.id,t1_0.amount,t1_0.date,t1_0.feedback,t1_0.ip,t1_0.number,t1_0.region,t1_0.result from transactions t1_0 where t1_0.number=? and t1_0.date between ? and ?
?[0m?[0;34mHibernate: select t1_0.id,t1_0.amount,t1_0.date,t1_0.feedback,t1_0.ip,t1_0.number,t1_0.region,t1_0.result from transactions t1_0 where t1_0.number=? and t1_0.date between ? and ?
?[0m?[0;34mHibernate: select t1_0.id from limits t1_0 where t1_0.type=? fetch first ? rows only
?[0m?[0;34mHibernate: select t1_0.id,t1_0.max_value,t1_0.type from limits t1_0 where t1_0.type=?
?[0m?[0;34mHibernate: select t1_0.id from limits t1_0 where t1_0.type=? fetch first ? rows only
?[0m?[0;34mHibernate: select t1_0.id,t1_0.max_value,t1_0.type from limits t1_0 where t1_0.type=?
?[0m?[0;34mHibernate: select s1_0.id from stolen_cards s1_0 where s1_0.number=? fetch first ? rows only
?[0m?[0;34mHibernate: select s1_0.id from suspicious_IPs s1_0 where s1_0.ip=? fetch first ? rows only
?[0m?[0;34mHibernate: select t1_0.id,t1_0.amount,t1_0.date,t1_0.feedback,t1_0.ip,t1_0.number,t1_0.region,t1_0.result from transactions t1_0 where t1_0.number=? and t1_0.date between ? and ?
?[0m?[0;34mHibernate: select t1_0.id,t1_0.amount,t1_0.date,t1_0.feedback,t1_0.ip,t1_0.number,t1_0.region,t1_0.result from transactions t1_0 where t1_0.number=? and t1_0.date between ? and ?
?[0m?[0;34mHibernate: insert into transactions (amount, date, feedback, ip, number, region, result, id) values (?, ?, ?, ?, ?, ?, ?, ?)
?[0m?[1;31m
Start test 143?[0m
?[0;34mTest case
?[0m?[0;34mTesting api: '/api/antifraud/transaction'
?[0m?[0;34mExpectations: 'The limits of transaction validation updated.Endpoint responds with the HTTP OK status (200)'
?[0m?[0;34m-----
?[0m?[0;34mHibernate: select u1_0.id,u1_0.locked,u1_0.name,u1_0.password,u1_0.role,u1_0.username from users u1_0 where upper(u1_0.username)=upper(?)
?[0m?[0;34mHibernate: select t1_0.id,t1_0.amount,t1_0.date,t1_0.feedback,t1_0.ip,t1_0.number,t1_0.region,t1_0.result from transactions t1_0
?[0m?[0;34mHibernate: select u1_0.id,u1_0.locked,u1_0.name,u1_0.password,u1_0.role,u1_0.username from users u1_0 where upper(u1_0.username)=upper(?)
?[0m?[0;34mHibernate: select count(*) from transactions t1_0 where t1_0.id=?
?[0m?[0;34mHibernate: select t1_0.id,t1_0.amount,t1_0.date,t1_0.feedback,t1_0.ip,t1_0.number,t1_0.region,t1_0.result from transactions t1_0 where t1_0.id=?
?[0m?[0;34mHibernate: update transactions set amount=?, date=?, feedback=?, ip=?, number=?, region=?, result=? where id=?
?[0m?[0;34mHibernate: select t1_0.id,t1_0.max_value,t1_0.type from limits t1_0
?[0m?[0;34mHibernate: select t1_0.id,t1_0.max_value,t1_0.type from limits t1_0 where t1_0.type=?
?[0m?[0;34mHibernate: update limits set max_value=?, type=? where id=?
?[0m?[1;31m
Start test 144?[0m
?[0;34mTest case
?[0m?[0;34mTesting api: '/api/antifraud/transaction'
?[0m?[0;34mExpectations: 'Limits must be updated to: Allow = 162, Manual = 1160. Transaction must be MANUAL_PROCESSING'
?[0m?[0;34m-----
?[0m?[0;34mHibernate: select u1_0.id,u1_0.locked,u1_0.name,u1_0.password,u1_0.role,u1_0.username from users u1_0 where upper(u1_0.username)=upper(?)
?[0m?[0;34mHibernate: select t1_0.id from limits t1_0 where t1_0.type=? fetch first ? rows only
?[0m?[0;34mHibernate: select t1_0.id,t1_0.max_value,t1_0.type from limits t1_0 where t1_0.type=?
?[0m?[0;34mHibernate: select t1_0.id from limits t1_0 where t1_0.type=? fetch first ? rows only
?[0m?[0;34mHibernate: select t1_0.id,t1_0.max_value,t1_0.type from limits t1_0 where t1_0.type=?
?[0m?[0;34mHibernate: select s1_0.id from stolen_cards s1_0 where s1_0.number=? fetch first ? rows only
?[0m?[0;34mHibernate: select s1_0.id from suspicious_IPs s1_0 where s1_0.ip=? fetch first ? rows only
?[0m?[0;34mHibernate: select t1_0.id,t1_0.amount,t1_0.date,t1_0.feedback,t1_0.ip,t1_0.number,t1_0.region,t1_0.result from transactions t1_0 where t1_0.number=? and t1_0.date between ? and ?
?[0m?[0;34mHibernate: select t1_0.id,t1_0.amount,t1_0.date,t1_0.feedback,t1_0.ip,t1_0.number,t1_0.region,t1_0.result from transactions t1_0 where t1_0.number=? and t1_0.date between ? and ?
?[0m?[0;34mHibernate: select t1_0.id from limits t1_0 where t1_0.type=? fetch first ? rows only
?[0m?[0;34mHibernate: select t1_0.id,t1_0.max_value,t1_0.type from limits t1_0 where t1_0.type=?
?[0m?[0;34mHibernate: select t1_0.id from limits t1_0 where t1_0.type=? fetch first ? rows only
?[0m?[0;34mHibernate: select t1_0.id,t1_0.max_value,t1_0.type from limits t1_0 where t1_0.type=?
?[0m?[0;34mHibernate: select s1_0.id from stolen_cards s1_0 where s1_0.number=? fetch first ? rows only
?[0m?[0;34mHibernate: select s1_0.id from suspicious_IPs s1_0 where s1_0.ip=? fetch first ? rows only
?[0m?[0;34mHibernate: select t1_0.id,t1_0.amount,t1_0.date,t1_0.feedback,t1_0.ip,t1_0.number,t1_0.region,t1_0.result from transactions t1_0 where t1_0.number=? and t1_0.date between ? and ?
?[0m?[0;34mHibernate: select t1_0.id,t1_0.amount,t1_0.date,t1_0.feedback,t1_0.ip,t1_0.number,t1_0.region,t1_0.result from transactions t1_0 where t1_0.number=? and t1_0.date between ? and ?
?[0m?[0;34mHibernate: select t1_0.id from limits t1_0 where t1_0.type=? fetch first ? rows only
?[0m?[0;34mHibernate: select t1_0.id,t1_0.max_value,t1_0.type from limits t1_0 where t1_0.type=?
?[0m?[0;34mHibernate: select t1_0.id from limits t1_0 where t1_0.type=? fetch first ? rows only
?[0m?[0;34mHibernate: select t1_0.id,t1_0.max_value,t1_0.type from limits t1_0 where t1_0.type=?
?[0m?[0;34mHibernate: select s1_0.id from stolen_cards s1_0 where s1_0.number=? fetch first ? rows only
?[0m?[0;34mHibernate: select s1_0.id from suspicious_IPs s1_0 where s1_0.ip=? fetch first ? rows only
?[0m?[0;34mHibernate: select t1_0.id,t1_0.amount,t1_0.date,t1_0.feedback,t1_0.ip,t1_0.number,t1_0.region,t1_0.result from transactions t1_0 where t1_0.number=? and t1_0.date between ? and ?
?[0m?[0;34mHibernate: select t1_0.id,t1_0.amount,t1_0.date,t1_0.feedback,t1_0.ip,t1_0.number,t1_0.region,t1_0.result from transactions t1_0 where t1_0.number=? and t1_0.date between ? and ?
?[0m?[0;34mHibernate: select t1_0.id from limits t1_0 where t1_0.type=? fetch first ? rows only
?[0m?[0;34mHibernate: select t1_0.id,t1_0.max_value,t1_0.type from limits t1_0 where t1_0.type=?
?[0m?[0;34mHibernate: select t1_0.id from limits t1_0 where t1_0.type=? fetch first ? rows only
?[0m?[0;34mHibernate: select t1_0.id,t1_0.max_value,t1_0.type from limits t1_0 where t1_0.type=?
?[0m?[0;34mHibernate: select s1_0.id from stolen_cards s1_0 where s1_0.number=? fetch first ? rows only
?[0m?[0;34mHibernate: select s1_0.id from suspicious_IPs s1_0 where s1_0.ip=? fetch first ? rows only
?[0m?[0;34mHibernate: select t1_0.id,t1_0.amount,t1_0.date,t1_0.feedback,t1_0.ip,t1_0.number,t1_0.region,t1_0.result from transactions t1_0 where t1_0.number=? and t1_0.date between ? and ?
?[0m?[0;34mHibernate: select t1_0.id,t1_0.amount,t1_0.date,t1_0.feedback,t1_0.ip,t1_0.number,t1_0.region,t1_0.result from transactions t1_0 where t1_0.number=? and t1_0.date between ? and ?
?[0m?[0;34mHibernate: select t1_0.id from limits t1_0 where t1_0.type=? fetch first ? rows only
?[0m?[0;34mHibernate: select t1_0.id,t1_0.max_value,t1_0.type from limits t1_0 where t1_0.type=?
?[0m?[0;34mHibernate: select t1_0.id from limits t1_0 where t1_0.type=? fetch first ? rows only
?[0m?[0;34mHibernate: select t1_0.id,t1_0.max_value,t1_0.type from limits t1_0 where t1_0.type=?
?[0m?[0;34mHibernate: select s1_0.id from stolen_cards s1_0 where s1_0.number=? fetch first ? rows only
?[0m?[0;34mHibernate: select s1_0.id from suspicious_IPs s1_0 where s1_0.ip=? fetch first ? rows only
?[0m?[0;34mHibernate: select t1_0.id,t1_0.amount,t1_0.date,t1_0.feedback,t1_0.ip,t1_0.number,t1_0.region,t1_0.result from transactions t1_0 where t1_0.number=? and t1_0.date between ? and ?
?[0m?[0;34mHibernate: select t1_0.id,t1_0.amount,t1_0.date,t1_0.feedback,t1_0.ip,t1_0.number,t1_0.region,t1_0.result from transactions t1_0 where t1_0.number=? and t1_0.date between ? and ?
?[0m?[0;34mHibernate: select t1_0.id from limits t1_0 where t1_0.type=? fetch first ? rows only
?[0m?[0;34mHibernate: select t1_0.id,t1_0.max_value,t1_0.type from limits t1_0 where t1_0.type=?
?[0m?[0;34mHibernate: select t1_0.id from limits t1_0 where t1_0.type=? fetch first ? rows only
?[0m?[0;34mHibernate: select t1_0.id,t1_0.max_value,t1_0.type from limits t1_0 where t1_0.type=?
?[0m?[0;34mHibernate: select s1_0.id from stolen_cards s1_0 where s1_0.number=? fetch first ? rows only
?[0m?[0;34mHibernate: select s1_0.id from suspicious_IPs s1_0 where s1_0.ip=? fetch first ? rows only
?[0m?[0;34mHibernate: select t1_0.id,t1_0.amount,t1_0.date,t1_0.feedback,t1_0.ip,t1_0.number,t1_0.region,t1_0.result from transactions t1_0 where t1_0.number=? and t1_0.date between ? and ?
?[0m?[0;34mHibernate: select t1_0.id,t1_0.amount,t1_0.date,t1_0.feedback,t1_0.ip,t1_0.number,t1_0.region,t1_0.result from transactions t1_0 where t1_0.number=? and t1_0.date between ? and ?
?[0m?[0;34mHibernate: select t1_0.id from limits t1_0 where t1_0.type=? fetch first ? rows only
?[0m?[0;34mHibernate: select t1_0.id,t1_0.max_value,t1_0.type from limits t1_0 where t1_0.type=?
?[0m?[0;34mHibernate: select t1_0.id from limits t1_0 where t1_0.type=? fetch first ? rows only
?[0m?[0;34mHibernate: select t1_0.id,t1_0.max_value,t1_0.type from limits t1_0 where t1_0.type=?
?[0m?[0;34mHibernate: select s1_0.id from stolen_cards s1_0 where s1_0.number=? fetch first ? rows only
?[0m?[0;34mHibernate: select s1_0.id from suspicious_IPs s1_0 where s1_0.ip=? fetch first ? rows only
?[0m?[0;34mHibernate: select t1_0.id,t1_0.amount,t1_0.date,t1_0.feedback,t1_0.ip,t1_0.number,t1_0.region,t1_0.result from transactions t1_0 where t1_0.number=? and t1_0.date between ? and ?
?[0m?[0;34mHibernate: select t1_0.id,t1_0.amount,t1_0.date,t1_0.feedback,t1_0.ip,t1_0.number,t1_0.region,t1_0.result from transactions t1_0 where t1_0.number=? and t1_0.date between ? and ?
?[0m?[0;34mHibernate: select t1_0.id from limits t1_0 where t1_0.type=? fetch first ? rows only
?[0m?[0;34mHibernate: select t1_0.id,t1_0.max_value,t1_0.type from limits t1_0 where t1_0.type=?
?[0m?[0;34mHibernate: select t1_0.id from limits t1_0 where t1_0.type=? fetch first ? rows only
?[0m?[0;34mHibernate: select t1_0.id,t1_0.max_value,t1_0.type from limits t1_0 where t1_0.type=?
?[0m?[0;34mHibernate: select s1_0.id from stolen_cards s1_0 where s1_0.number=? fetch first ? rows only
?[0m?[0;34mHibernate: select s1_0.id from suspicious_IPs s1_0 where s1_0.ip=? fetch first ? rows only
?[0m?[0;34mHibernate: select t1_0.id,t1_0.amount,t1_0.date,t1_0.feedback,t1_0.ip,t1_0.number,t1_0.region,t1_0.result from transactions t1_0 where t1_0.number=? and t1_0.date between ? and ?
?[0m?[0;34mHibernate: select t1_0.id,t1_0.amount,t1_0.date,t1_0.feedback,t1_0.ip,t1_0.number,t1_0.region,t1_0.result from transactions t1_0 where t1_0.number=? and t1_0.date between ? and ?
?[0m?[0;34mHibernate: select t1_0.id from limits t1_0 where t1_0.type=? fetch first ? rows only
?[0m?[0;34mHibernate: select t1_0.id,t1_0.max_value,t1_0.type from limits t1_0 where t1_0.type=?
?[0m?[0;34mHibernate: select t1_0.id from limits t1_0 where t1_0.type=? fetch first ? rows only
?[0m?[0;34mHibernate: select t1_0.id,t1_0.max_value,t1_0.type from limits t1_0 where t1_0.type=?
?[0m?[0;34mHibernate: select s1_0.id from stolen_cards s1_0 where s1_0.number=? fetch first ? rows only
?[0m?[0;34mHibernate: select s1_0.id from suspicious_IPs s1_0 where s1_0.ip=? fetch first ? rows only
?[0m?[0;34mHibernate: select t1_0.id,t1_0.amount,t1_0.date,t1_0.feedback,t1_0.ip,t1_0.number,t1_0.region,t1_0.result from transactions t1_0 where t1_0.number=? and t1_0.date between ? and ?
?[0m?[0;34mHibernate: select t1_0.id,t1_0.amount,t1_0.date,t1_0.feedback,t1_0.ip,t1_0.number,t1_0.region,t1_0.result from transactions t1_0 where t1_0.number=? and t1_0.date between ? and ?
?[0m?[0;34mHibernate: select t1_0.id from limits t1_0 where t1_0.type=? fetch first ? rows only
?[0m?[0;34mHibernate: select t1_0.id,t1_0.max_value,t1_0.type from limits t1_0 where t1_0.type=?
?[0m?[0;34mHibernate: select t1_0.id from limits t1_0 where t1_0.type=? fetch first ? rows only
?[0m?[0;34mHibernate: select t1_0.id,t1_0.max_value,t1_0.type from limits t1_0 where t1_0.type=?
?[0m?[0;34mHibernate: select s1_0.id from stolen_cards s1_0 where s1_0.number=? fetch first ? rows only
?[0m?[0;34mHibernate: select s1_0.id from suspicious_IPs s1_0 where s1_0.ip=? fetch first ? rows only
?[0m?[0;34mHibernate: select t1_0.id,t1_0.amount,t1_0.date,t1_0.feedback,t1_0.ip,t1_0.number,t1_0.region,t1_0.result from transactions t1_0 where t1_0.number=? and t1_0.date between ? and ?
?[0m?[0;34mHibernate: select t1_0.id,t1_0.amount,t1_0.date,t1_0.feedback,t1_0.ip,t1_0.number,t1_0.region,t1_0.result from transactions t1_0 where t1_0.number=? and t1_0.date between ? and ?
?[0m?[0;34mHibernate: select t1_0.id from limits t1_0 where t1_0.type=? fetch first ? rows only
?[0m?[0;34mHibernate: select t1_0.id,t1_0.max_value,t1_0.type from limits t1_0 where t1_0.type=?
?[0m?[0;34mHibernate: select t1_0.id from limits t1_0 where t1_0.type=? fetch first ? rows only
?[0m?[0;34mHibernate: select t1_0.id,t1_0.max_value,t1_0.type from limits t1_0 where t1_0.type=?
?[0m?[0;34mHibernate: select s1_0.id from stolen_cards s1_0 where s1_0.number=? fetch first ? rows only
?[0m?[0;34mHibernate: select s1_0.id from suspicious_IPs s1_0 where s1_0.ip=? fetch first ? rows only
?[0m?[0;34mHibernate: select t1_0.id,t1_0.amount,t1_0.date,t1_0.feedback,t1_0.ip,t1_0.number,t1_0.region,t1_0.result from transactions t1_0 where t1_0.number=? and t1_0.date between ? and ?
?[0m?[0;34mHibernate: select t1_0.id,t1_0.amount,t1_0.date,t1_0.feedback,t1_0.ip,t1_0.number,t1_0.region,t1_0.result from transactions t1_0 where t1_0.number=? and t1_0.date between ? and ?
?[0m?[0;34mHibernate: select t1_0.id from limits t1_0 where t1_0.type=? fetch first ? rows only
?[0m?[0;34mHibernate: select t1_0.id,t1_0.max_value,t1_0.type from limits t1_0 where t1_0.type=?
?[0m?[0;34mHibernate: select t1_0.id from limits t1_0 where t1_0.type=? fetch first ? rows only
?[0m?[0;34mHibernate: select t1_0.id,t1_0.max_value,t1_0.type from limits t1_0 where t1_0.type=?
?[0m?[0;34mHibernate: select s1_0.id from stolen_cards s1_0 where s1_0.number=? fetch first ? rows only
?[0m?[0;34mHibernate: select s1_0.id from suspicious_IPs s1_0 where s1_0.ip=? fetch first ? rows only
?[0m?[0;34mHibernate: select t1_0.id,t1_0.amount,t1_0.date,t1_0.feedback,t1_0.ip,t1_0.number,t1_0.region,t1_0.result from transactions t1_0 where t1_0.number=? and t1_0.date between ? and ?
?[0m?[0;34mHibernate: select t1_0.id,t1_0.amount,t1_0.date,t1_0.feedback,t1_0.ip,t1_0.number,t1_0.region,t1_0.result from transactions t1_0 where t1_0.number=? and t1_0.date between ? and ?
?[0m?[0;34mHibernate: select t1_0.id from limits t1_0 where t1_0.type=? fetch first ? rows only
?[0m?[0;34mHibernate: select t1_0.id,t1_0.max_value,t1_0.type from limits t1_0 where t1_0.type=?
?[0m?[0;34mHibernate: select t1_0.id from limits t1_0 where t1_0.type=? fetch first ? rows only
?[0m?[0;34mHibernate: select t1_0.id,t1_0.max_value,t1_0.type from limits t1_0 where t1_0.type=?
?[0m?[0;34mHibernate: select s1_0.id from stolen_cards s1_0 where s1_0.number=? fetch first ? rows only
?[0m?[0;34mHibernate: select s1_0.id from suspicious_IPs s1_0 where s1_0.ip=? fetch first ? rows only
?[0m?[0;34mHibernate: select t1_0.id,t1_0.amount,t1_0.date,t1_0.feedback,t1_0.ip,t1_0.number,t1_0.region,t1_0.result from transactions t1_0 where t1_0.number=? and t1_0.date between ? and ?
?[0m?[0;34mHibernate: select t1_0.id,t1_0.amount,t1_0.date,t1_0.feedback,t1_0.ip,t1_0.number,t1_0.region,t1_0.result from transactions t1_0 where t1_0.number=? and t1_0.date between ? and ?
?[0m?[0;34mHibernate: insert into transactions (amount, date, feedback, ip, number, region, result, id) values (?, ?, ?, ?, ?, ?, ?, ?)
?[0m?[1;31m
Start test 145?[0m
?[0;34mTest case
?[0m?[0;34mTesting api: '/api/antifraud/transaction'
?[0m?[0;34mExpectations: 'Transaction must be ALLOWED'
?[0m?[0;34m-----
?[0m?[0;34mHibernate: select u1_0.id,u1_0.locked,u1_0.name,u1_0.password,u1_0.role,u1_0.username from users u1_0 where upper(u1_0.username)=upper(?)
?[0m?[0;34mHibernate: select t1_0.id from limits t1_0 where t1_0.type=? fetch first ? rows only
?[0m?[0;34mHibernate: select t1_0.id,t1_0.max_value,t1_0.type from limits t1_0 where t1_0.type=?
?[0m?[0;34mHibernate: select t1_0.id from limits t1_0 where t1_0.type=? fetch first ? rows only
?[0m?[0;34mHibernate: select t1_0.id,t1_0.max_value,t1_0.type from limits t1_0 where t1_0.type=?
?[0m?[0;34mHibernate: select s1_0.id from stolen_cards s1_0 where s1_0.number=? fetch first ? rows only
?[0m?[0;34mHibernate: select s1_0.id from suspicious_IPs s1_0 where s1_0.ip=? fetch first ? rows only
?[0m?[0;34mHibernate: select t1_0.id,t1_0.amount,t1_0.date,t1_0.feedback,t1_0.ip,t1_0.number,t1_0.region,t1_0.result from transactions t1_0 where t1_0.number=? and t1_0.date between ? and ?
?[0m?[0;34mHibernate: select t1_0.id,t1_0.amount,t1_0.date,t1_0.feedback,t1_0.ip,t1_0.number,t1_0.region,t1_0.result from transactions t1_0 where t1_0.number=? and t1_0.date between ? and ?
?[0m?[0;34mHibernate: select t1_0.id from limits t1_0 where t1_0.type=? fetch first ? rows only
?[0m?[0;34mHibernate: select t1_0.id,t1_0.max_value,t1_0.type from limits t1_0 where t1_0.type=?
?[0m?[0;34mHibernate: select t1_0.id from limits t1_0 where t1_0.type=? fetch first ? rows only
?[0m?[0;34mHibernate: select t1_0.id,t1_0.max_value,t1_0.type from limits t1_0 where t1_0.type=?
?[0m?[0;34mHibernate: select s1_0.id from stolen_cards s1_0 where s1_0.number=? fetch first ? rows only
?[0m?[0;34mHibernate: select s1_0.id from suspicious_IPs s1_0 where s1_0.ip=? fetch first ? rows only
?[0m?[0;34mHibernate: select t1_0.id,t1_0.amount,t1_0.date,t1_0.feedback,t1_0.ip,t1_0.number,t1_0.region,t1_0.result from transactions t1_0 where t1_0.number=? and t1_0.date between ? and ?
?[0m?[0;34mHibernate: select t1_0.id,t1_0.amount,t1_0.date,t1_0.feedback,t1_0.ip,t1_0.number,t1_0.region,t1_0.result from transactions t1_0 where t1_0.number=? and t1_0.date between ? and ?
?[0m?[0;34mHibernate: select t1_0.id from limits t1_0 where t1_0.type=? fetch first ? rows only
?[0m?[0;34mHibernate: select t1_0.id,t1_0.max_value,t1_0.type from limits t1_0 where t1_0.type=?
?[0m?[0;34mHibernate: select t1_0.id from limits t1_0 where t1_0.type=? fetch first ? rows only
?[0m?[0;34mHibernate: select t1_0.id,t1_0.max_value,t1_0.type from limits t1_0 where t1_0.type=?
?[0m?[0;34mHibernate: select s1_0.id from stolen_cards s1_0 where s1_0.number=? fetch first ? rows only
?[0m?[0;34mHibernate: select s1_0.id from suspicious_IPs s1_0 where s1_0.ip=? fetch first ? rows only
?[0m?[0;34mHibernate: select t1_0.id,t1_0.amount,t1_0.date,t1_0.feedback,t1_0.ip,t1_0.number,t1_0.region,t1_0.result from transactions t1_0 where t1_0.number=? and t1_0.date between ? and ?
?[0m?[0;34mHibernate: select t1_0.id,t1_0.amount,t1_0.date,t1_0.feedback,t1_0.ip,t1_0.number,t1_0.region,t1_0.result from transactions t1_0 where t1_0.number=? and t1_0.date between ? and ?
?[0m?[0;34mHibernate: select t1_0.id from limits t1_0 where t1_0.type=? fetch first ? rows only
?[0m?[0;34mHibernate: select t1_0.id,t1_0.max_value,t1_0.type from limits t1_0 where t1_0.type=?
?[0m?[0;34mHibernate: select t1_0.id from limits t1_0 where t1_0.type=? fetch first ? rows only
?[0m?[0;34mHibernate: select t1_0.id,t1_0.max_value,t1_0.type from limits t1_0 where t1_0.type=?
?[0m?[0;34mHibernate: select s1_0.id from stolen_cards s1_0 where s1_0.number=? fetch first ? rows only
?[0m?[0;34mHibernate: select s1_0.id from suspicious_IPs s1_0 where s1_0.ip=? fetch first ? rows only
?[0m?[0;34mHibernate: select t1_0.id,t1_0.amount,t1_0.date,t1_0.feedback,t1_0.ip,t1_0.number,t1_0.region,t1_0.result from transactions t1_0 where t1_0.number=? and t1_0.date between ? and ?
?[0m?[0;34mHibernate: select t1_0.id,t1_0.amount,t1_0.date,t1_0.feedback,t1_0.ip,t1_0.number,t1_0.region,t1_0.result from transactions t1_0 where t1_0.number=? and t1_0.date between ? and ?
?[0m?[0;34mHibernate: select t1_0.id from limits t1_0 where t1_0.type=? fetch first ? rows only
?[0m?[0;34mHibernate: select t1_0.id,t1_0.max_value,t1_0.type from limits t1_0 where t1_0.type=?
?[0m?[0;34mHibernate: select t1_0.id from limits t1_0 where t1_0.type=? fetch first ? rows only
?[0m?[0;34mHibernate: select t1_0.id,t1_0.max_value,t1_0.type from limits t1_0 where t1_0.type=?
?[0m?[0;34mHibernate: select s1_0.id from stolen_cards s1_0 where s1_0.number=? fetch first ? rows only
?[0m?[0;34mHibernate: select s1_0.id from suspicious_IPs s1_0 where s1_0.ip=? fetch first ? rows only
?[0m?[0;34mHibernate: select t1_0.id,t1_0.amount,t1_0.date,t1_0.feedback,t1_0.ip,t1_0.number,t1_0.region,t1_0.result from transactions t1_0 where t1_0.number=? and t1_0.date between ? and ?
?[0m?[0;34mHibernate: select t1_0.id,t1_0.amount,t1_0.date,t1_0.feedback,t1_0.ip,t1_0.number,t1_0.region,t1_0.result from transactions t1_0 where t1_0.number=? and t1_0.date between ? and ?
?[0m?[0;34mHibernate: select t1_0.id from limits t1_0 where t1_0.type=? fetch first ? rows only
?[0m?[0;34mHibernate: select t1_0.id,t1_0.max_value,t1_0.type from limits t1_0 where t1_0.type=?
?[0m?[0;34mHibernate: select t1_0.id from limits t1_0 where t1_0.type=? fetch first ? rows only
?[0m?[0;34mHibernate: select t1_0.id,t1_0.max_value,t1_0.type from limits t1_0 where t1_0.type=?
?[0m?[0;34mHibernate: select s1_0.id from stolen_cards s1_0 where s1_0.number=? fetch first ? rows only
?[0m?[0;34mHibernate: select s1_0.id from suspicious_IPs s1_0 where s1_0.ip=? fetch first ? rows only
?[0m?[0;34mHibernate: select t1_0.id,t1_0.amount,t1_0.date,t1_0.feedback,t1_0.ip,t1_0.number,t1_0.region,t1_0.result from transactions t1_0 where t1_0.number=? and t1_0.date between ? and ?
?[0m?[0;34mHibernate: select t1_0.id,t1_0.amount,t1_0.date,t1_0.feedback,t1_0.ip,t1_0.number,t1_0.region,t1_0.result from transactions t1_0 where t1_0.number=? and t1_0.date between ? and ?
?[0m?[0;34mHibernate: select t1_0.id from limits t1_0 where t1_0.type=? fetch first ? rows only
?[0m?[0;34mHibernate: select t1_0.id,t1_0.max_value,t1_0.type from limits t1_0 where t1_0.type=?
?[0m?[0;34mHibernate: select t1_0.id from limits t1_0 where t1_0.type=? fetch first ? rows only
?[0m?[0;34mHibernate: select t1_0.id,t1_0.max_value,t1_0.type from limits t1_0 where t1_0.type=?
?[0m?[0;34mHibernate: select s1_0.id from stolen_cards s1_0 where s1_0.number=? fetch first ? rows only
?[0m?[0;34mHibernate: select s1_0.id from suspicious_IPs s1_0 where s1_0.ip=? fetch first ? rows only
?[0m?[0;34mHibernate: select t1_0.id,t1_0.amount,t1_0.date,t1_0.feedback,t1_0.ip,t1_0.number,t1_0.region,t1_0.result from transactions t1_0 where t1_0.number=? and t1_0.date between ? and ?
?[0m?[0;34mHibernate: select t1_0.id,t1_0.amount,t1_0.date,t1_0.feedback,t1_0.ip,t1_0.number,t1_0.region,t1_0.result from transactions t1_0 where t1_0.number=? and t1_0.date between ? and ?
?[0m?[0;34mHibernate: select t1_0.id from limits t1_0 where t1_0.type=? fetch first ? rows only
?[0m?[0;34mHibernate: select t1_0.id,t1_0.max_value,t1_0.type from limits t1_0 where t1_0.type=?
?[0m?[0;34mHibernate: select t1_0.id from limits t1_0 where t1_0.type=? fetch first ? rows only
?[0m?[0;34mHibernate: select t1_0.id,t1_0.max_value,t1_0.type from limits t1_0 where t1_0.type=?
?[0m?[0;34mHibernate: select s1_0.id from stolen_cards s1_0 where s1_0.number=? fetch first ? rows only
?[0m?[0;34mHibernate: select s1_0.id from suspicious_IPs s1_0 where s1_0.ip=? fetch first ? rows only
?[0m?[0;34mHibernate: select t1_0.id,t1_0.amount,t1_0.date,t1_0.feedback,t1_0.ip,t1_0.number,t1_0.region,t1_0.result from transactions t1_0 where t1_0.number=? and t1_0.date between ? and ?
?[0m?[0;34mHibernate: select t1_0.id,t1_0.amount,t1_0.date,t1_0.feedback,t1_0.ip,t1_0.number,t1_0.region,t1_0.result from transactions t1_0 where t1_0.number=? and t1_0.date between ? and ?
?[0m?[0;34mHibernate: select t1_0.id from limits t1_0 where t1_0.type=? fetch first ? rows only
?[0m?[0;34mHibernate: select t1_0.id,t1_0.max_value,t1_0.type from limits t1_0 where t1_0.type=?
?[0m?[0;34mHibernate: select t1_0.id from limits t1_0 where t1_0.type=? fetch first ? rows only
?[0m?[0;34mHibernate: select t1_0.id,t1_0.max_value,t1_0.type from limits t1_0 where t1_0.type=?
?[0m?[0;34mHibernate: select s1_0.id from stolen_cards s1_0 where s1_0.number=? fetch first ? rows only
?[0m?[0;34mHibernate: select s1_0.id from suspicious_IPs s1_0 where s1_0.ip=? fetch first ? rows only
?[0m?[0;34mHibernate: select t1_0.id,t1_0.amount,t1_0.date,t1_0.feedback,t1_0.ip,t1_0.number,t1_0.region,t1_0.result from transactions t1_0 where t1_0.number=? and t1_0.date between ? and ?
?[0m?[0;34mHibernate: select t1_0.id,t1_0.amount,t1_0.date,t1_0.feedback,t1_0.ip,t1_0.number,t1_0.region,t1_0.result from transactions t1_0 where t1_0.number=? and t1_0.date between ? and ?
?[0m?[0;34mHibernate: select t1_0.id from limits t1_0 where t1_0.type=? fetch first ? rows only
?[0m?[0;34mHibernate: select t1_0.id,t1_0.max_value,t1_0.type from limits t1_0 where t1_0.type=?
?[0m?[0;34mHibernate: select t1_0.id from limits t1_0 where t1_0.type=? fetch first ? rows only
?[0m?[0;34mHibernate: select t1_0.id,t1_0.max_value,t1_0.type from limits t1_0 where t1_0.type=?
?[0m?[0;34mHibernate: select s1_0.id from stolen_cards s1_0 where s1_0.number=? fetch first ? rows only
?[0m?[0;34mHibernate: select s1_0.id from suspicious_IPs s1_0 where s1_0.ip=? fetch first ? rows only
?[0m?[0;34mHibernate: select t1_0.id,t1_0.amount,t1_0.date,t1_0.feedback,t1_0.ip,t1_0.number,t1_0.region,t1_0.result from transactions t1_0 where t1_0.number=? and t1_0.date between ? and ?
?[0m?[0;34mHibernate: select t1_0.id,t1_0.amount,t1_0.date,t1_0.feedback,t1_0.ip,t1_0.number,t1_0.region,t1_0.result from transactions t1_0 where t1_0.number=? and t1_0.date between ? and ?
?[0m?[0;34mHibernate: select t1_0.id from limits t1_0 where t1_0.type=? fetch first ? rows only
?[0m?[0;34mHibernate: select t1_0.id,t1_0.max_value,t1_0.type from limits t1_0 where t1_0.type=?
?[0m?[0;34mHibernate: select t1_0.id from limits t1_0 where t1_0.type=? fetch first ? rows only
?[0m?[0;34mHibernate: select t1_0.id,t1_0.max_value,t1_0.type from limits t1_0 where t1_0.type=?
?[0m?[0;34mHibernate: select s1_0.id from stolen_cards s1_0 where s1_0.number=? fetch first ? rows only
?[0m?[0;34mHibernate: select s1_0.id from suspicious_IPs s1_0 where s1_0.ip=? fetch first ? rows only
?[0m?[0;34mHibernate: select t1_0.id,t1_0.amount,t1_0.date,t1_0.feedback,t1_0.ip,t1_0.number,t1_0.region,t1_0.result from transactions t1_0 where t1_0.number=? and t1_0.date between ? and ?
?[0m?[0;34mHibernate: select t1_0.id,t1_0.amount,t1_0.date,t1_0.feedback,t1_0.ip,t1_0.number,t1_0.region,t1_0.result from transactions t1_0 where t1_0.number=? and t1_0.date between ? and ?
?[0m?[0;34mHibernate: insert into transactions (amount, date, feedback, ip, number, region, result, id) values (?, ?, ?, ?, ?, ?, ?, ?)
?[0m?[1;31m
Start test 146?[0m
?[0;34mTest case
?[0m?[0;34mTesting api: '/api/antifraud/transaction'
?[0m?[0;34mExpectations: 'The limits of transaction validation updated.Endpoint responds with the HTTP OK status (200)'
?[0m?[0;34m-----
?[0m?[0;34mHibernate: select u1_0.id,u1_0.locked,u1_0.name,u1_0.password,u1_0.role,u1_0.username from users u1_0 where upper(u1_0.username)=upper(?)
?[0m?[0;34mHibernate: select t1_0.id,t1_0.amount,t1_0.date,t1_0.feedback,t1_0.ip,t1_0.number,t1_0.region,t1_0.result from transactions t1_0
?[0m?[0;34mHibernate: select u1_0.id,u1_0.locked,u1_0.name,u1_0.password,u1_0.role,u1_0.username from users u1_0 where upper(u1_0.username)=upper(?)
?[0m?[0;34mHibernate: select count(*) from transactions t1_0 where t1_0.id=?
?[0m?[0;34mHibernate: select t1_0.id,t1_0.amount,t1_0.date,t1_0.feedback,t1_0.ip,t1_0.number,t1_0.region,t1_0.result from transactions t1_0 where t1_0.id=?
?[0m?[0;34mHibernate: update transactions set amount=?, date=?, feedback=?, ip=?, number=?, region=?, result=? where id=?
?[0m?[0;34mHibernate: select t1_0.id,t1_0.max_value,t1_0.type from limits t1_0
?[0m?[0;34mHibernate: select t1_0.id,t1_0.max_value,t1_0.type from limits t1_0 where t1_0.type=?
?[0m?[0;34mHibernate: update limits set max_value=?, type=? where id=?
?[0m?[0;34mHibernate: select t1_0.id,t1_0.max_value,t1_0.type from limits t1_0 where t1_0.type=?
?[0m?[0;34mHibernate: update limits set max_value=?, type=? where id=?
?[0m?[1;31m
Start test 147?[0m
?[0;34mTest case
?[0m?[0;34mTesting api: '/api/antifraud/transaction'
?[0m?[0;34mExpectations: 'Limits must be updated to: Allow = 130, Manual = 928. Transaction must be MANUAL_PROCESSING'
?[0m?[0;34m-----
?[0m?[0;34mHibernate: select u1_0.id,u1_0.locked,u1_0.name,u1_0.password,u1_0.role,u1_0.username from users u1_0 where upper(u1_0.username)=upper(?)
?[0m?[0;34mHibernate: select t1_0.id from limits t1_0 where t1_0.type=? fetch first ? rows only
?[0m?[0;34mHibernate: select t1_0.id,t1_0.max_value,t1_0.type from limits t1_0 where t1_0.type=?
?[0m?[0;34mHibernate: select t1_0.id from limits t1_0 where t1_0.type=? fetch first ? rows only
?[0m?[0;34mHibernate: select t1_0.id,t1_0.max_value,t1_0.type from limits t1_0 where t1_0.type=?
?[0m?[0;34mHibernate: select s1_0.id from stolen_cards s1_0 where s1_0.number=? fetch first ? rows only
?[0m?[0;34mHibernate: select s1_0.id from suspicious_IPs s1_0 where s1_0.ip=? fetch first ? rows only
?[0m?[0;34mHibernate: select t1_0.id,t1_0.amount,t1_0.date,t1_0.feedback,t1_0.ip,t1_0.number,t1_0.region,t1_0.result from transactions t1_0 where t1_0.number=? and t1_0.date between ? and ?
?[0m?[0;34mHibernate: select t1_0.id,t1_0.amount,t1_0.date,t1_0.feedback,t1_0.ip,t1_0.number,t1_0.region,t1_0.result from transactions t1_0 where t1_0.number=? and t1_0.date between ? and ?
?[0m?[0;34mHibernate: select t1_0.id from limits t1_0 where t1_0.type=? fetch first ? rows only
?[0m?[0;34mHibernate: select t1_0.id,t1_0.max_value,t1_0.type from limits t1_0 where t1_0.type=?
?[0m?[0;34mHibernate: select t1_0.id from limits t1_0 where t1_0.type=? fetch first ? rows only
?[0m?[0;34mHibernate: select t1_0.id,t1_0.max_value,t1_0.type from limits t1_0 where t1_0.type=?
?[0m?[0;34mHibernate: select s1_0.id from stolen_cards s1_0 where s1_0.number=? fetch first ? rows only
?[0m?[0;34mHibernate: select s1_0.id from suspicious_IPs s1_0 where s1_0.ip=? fetch first ? rows only
?[0m?[0;34mHibernate: select t1_0.id,t1_0.amount,t1_0.date,t1_0.feedback,t1_0.ip,t1_0.number,t1_0.region,t1_0.result from transactions t1_0 where t1_0.number=? and t1_0.date between ? and ?
?[0m?[0;34mHibernate: select t1_0.id,t1_0.amount,t1_0.date,t1_0.feedback,t1_0.ip,t1_0.number,t1_0.region,t1_0.result from transactions t1_0 where t1_0.number=? and t1_0.date between ? and ?
?[0m?[0;34mHibernate: select t1_0.id from limits t1_0 where t1_0.type=? fetch first ? rows only
?[0m?[0;34mHibernate: select t1_0.id,t1_0.max_value,t1_0.type from limits t1_0 where t1_0.type=?
?[0m?[0;34mHibernate: select t1_0.id from limits t1_0 where t1_0.type=? fetch first ? rows only
?[0m?[0;34mHibernate: select t1_0.id,t1_0.max_value,t1_0.type from limits t1_0 where t1_0.type=?
?[0m?[0;34mHibernate: select s1_0.id from stolen_cards s1_0 where s1_0.number=? fetch first ? rows only
?[0m?[0;34mHibernate: select s1_0.id from suspicious_IPs s1_0 where s1_0.ip=? fetch first ? rows only
?[0m?[0;34mHibernate: select t1_0.id,t1_0.amount,t1_0.date,t1_0.feedback,t1_0.ip,t1_0.number,t1_0.region,t1_0.result from transactions t1_0 where t1_0.number=? and t1_0.date between ? and ?
?[0m?[0;34mHibernate: select t1_0.id,t1_0.amount,t1_0.date,t1_0.feedback,t1_0.ip,t1_0.number,t1_0.region,t1_0.result from transactions t1_0 where t1_0.number=? and t1_0.date between ? and ?
?[0m?[0;34mHibernate: select t1_0.id from limits t1_0 where t1_0.type=? fetch first ? rows only
?[0m?[0;34mHibernate: select t1_0.id,t1_0.max_value,t1_0.type from limits t1_0 where t1_0.type=?
?[0m?[0;34mHibernate: select t1_0.id from limits t1_0 where t1_0.type=? fetch first ? rows only
?[0m?[0;34mHibernate: select t1_0.id,t1_0.max_value,t1_0.type from limits t1_0 where t1_0.type=?
?[0m?[0;34mHibernate: select s1_0.id from stolen_cards s1_0 where s1_0.number=? fetch first ? rows only
?[0m?[0;34mHibernate: select s1_0.id from suspicious_IPs s1_0 where s1_0.ip=? fetch first ? rows only
?[0m?[0;34mHibernate: select t1_0.id,t1_0.amount,t1_0.date,t1_0.feedback,t1_0.ip,t1_0.number,t1_0.region,t1_0.result from transactions t1_0 where t1_0.number=? and t1_0.date between ? and ?
?[0m?[0;34mHibernate: select t1_0.id,t1_0.amount,t1_0.date,t1_0.feedback,t1_0.ip,t1_0.number,t1_0.region,t1_0.result from transactions t1_0 where t1_0.number=? and t1_0.date between ? and ?
?[0m?[0;34mHibernate: select t1_0.id from limits t1_0 where t1_0.type=? fetch first ? rows only
?[0m?[0;34mHibernate: select t1_0.id,t1_0.max_value,t1_0.type from limits t1_0 where t1_0.type=?
?[0m?[0;34mHibernate: select t1_0.id from limits t1_0 where t1_0.type=? fetch first ? rows only
?[0m?[0;34mHibernate: select t1_0.id,t1_0.max_value,t1_0.type from limits t1_0 where t1_0.type=?
?[0m?[0;34mHibernate: select s1_0.id from stolen_cards s1_0 where s1_0.number=? fetch first ? rows only
?[0m?[0;34mHibernate: select s1_0.id from suspicious_IPs s1_0 where s1_0.ip=? fetch first ? rows only
?[0m?[0;34mHibernate: select t1_0.id,t1_0.amount,t1_0.date,t1_0.feedback,t1_0.ip,t1_0.number,t1_0.region,t1_0.result from transactions t1_0 where t1_0.number=? and t1_0.date between ? and ?
?[0m?[0;34mHibernate: select t1_0.id,t1_0.amount,t1_0.date,t1_0.feedback,t1_0.ip,t1_0.number,t1_0.region,t1_0.result from transactions t1_0 where t1_0.number=? and t1_0.date between ? and ?
?[0m?[0;34mHibernate: select t1_0.id from limits t1_0 where t1_0.type=? fetch first ? rows only
?[0m?[0;34mHibernate: select t1_0.id,t1_0.max_value,t1_0.type from limits t1_0 where t1_0.type=?
?[0m?[0;34mHibernate: select t1_0.id from limits t1_0 where t1_0.type=? fetch first ? rows only
?[0m?[0;34mHibernate: select t1_0.id,t1_0.max_value,t1_0.type from limits t1_0 where t1_0.type=?
?[0m?[0;34mHibernate: select s1_0.id from stolen_cards s1_0 where s1_0.number=? fetch first ? rows only
?[0m?[0;34mHibernate: select s1_0.id from suspicious_IPs s1_0 where s1_0.ip=? fetch first ? rows only
?[0m?[0;34mHibernate: select t1_0.id,t1_0.amount,t1_0.date,t1_0.feedback,t1_0.ip,t1_0.number,t1_0.region,t1_0.result from transactions t1_0 where t1_0.number=? and t1_0.date between ? and ?
?[0m?[0;34mHibernate: select t1_0.id,t1_0.amount,t1_0.date,t1_0.feedback,t1_0.ip,t1_0.number,t1_0.region,t1_0.result from transactions t1_0 where t1_0.number=? and t1_0.date between ? and ?
?[0m?[0;34mHibernate: select t1_0.id from limits t1_0 where t1_0.type=? fetch first ? rows only
?[0m?[0;34mHibernate: select t1_0.id,t1_0.max_value,t1_0.type from limits t1_0 where t1_0.type=?
?[0m?[0;34mHibernate: select t1_0.id from limits t1_0 where t1_0.type=? fetch first ? rows only
?[0m?[0;34mHibernate: select t1_0.id,t1_0.max_value,t1_0.type from limits t1_0 where t1_0.type=?
?[0m?[0;34mHibernate: select s1_0.id from stolen_cards s1_0 where s1_0.number=? fetch first ? rows only
?[0m?[0;34mHibernate: select s1_0.id from suspicious_IPs s1_0 where s1_0.ip=? fetch first ? rows only
?[0m?[0;34mHibernate: select t1_0.id,t1_0.amount,t1_0.date,t1_0.feedback,t1_0.ip,t1_0.number,t1_0.region,t1_0.result from transactions t1_0 where t1_0.number=? and t1_0.date between ? and ?
?[0m?[0;34mHibernate: select t1_0.id,t1_0.amount,t1_0.date,t1_0.feedback,t1_0.ip,t1_0.number,t1_0.region,t1_0.result from transactions t1_0 where t1_0.number=? and t1_0.date between ? and ?
?[0m?[0;34mHibernate: select t1_0.id from limits t1_0 where t1_0.type=? fetch first ? rows only
?[0m?[0;34mHibernate: select t1_0.id,t1_0.max_value,t1_0.type from limits t1_0 where t1_0.type=?
?[0m?[0;34mHibernate: select t1_0.id from limits t1_0 where t1_0.type=? fetch first ? rows only
?[0m?[0;34mHibernate: select t1_0.id,t1_0.max_value,t1_0.type from limits t1_0 where t1_0.type=?
?[0m?[0;34mHibernate: select s1_0.id from stolen_cards s1_0 where s1_0.number=? fetch first ? rows only
?[0m?[0;34mHibernate: select s1_0.id from suspicious_IPs s1_0 where s1_0.ip=? fetch first ? rows only
?[0m?[0;34mHibernate: select t1_0.id,t1_0.amount,t1_0.date,t1_0.feedback,t1_0.ip,t1_0.number,t1_0.region,t1_0.result from transactions t1_0 where t1_0.number=? and t1_0.date between ? and ?
?[0m?[0;34mHibernate: select t1_0.id,t1_0.amount,t1_0.date,t1_0.feedback,t1_0.ip,t1_0.number,t1_0.region,t1_0.result from transactions t1_0 where t1_0.number=? and t1_0.date between ? and ?
?[0m?[0;34mHibernate: select t1_0.id from limits t1_0 where t1_0.type=? fetch first ? rows only
?[0m?[0;34mHibernate: select t1_0.id,t1_0.max_value,t1_0.type from limits t1_0 where t1_0.type=?
?[0m?[0;34mHibernate: select t1_0.id from limits t1_0 where t1_0.type=? fetch first ? rows only
?[0m?[0;34mHibernate: select t1_0.id,t1_0.max_value,t1_0.type from limits t1_0 where t1_0.type=?
?[0m?[0;34mHibernate: select s1_0.id from stolen_cards s1_0 where s1_0.number=? fetch first ? rows only
?[0m?[0;34mHibernate: select s1_0.id from suspicious_IPs s1_0 where s1_0.ip=? fetch first ? rows only
?[0m?[0;34mHibernate: select t1_0.id,t1_0.amount,t1_0.date,t1_0.feedback,t1_0.ip,t1_0.number,t1_0.region,t1_0.result from transactions t1_0 where t1_0.number=? and t1_0.date between ? and ?
?[0m?[0;34mHibernate: select t1_0.id,t1_0.amount,t1_0.date,t1_0.feedback,t1_0.ip,t1_0.number,t1_0.region,t1_0.result from transactions t1_0 where t1_0.number=? and t1_0.date between ? and ?
?[0m?[0;34mHibernate: select t1_0.id from limits t1_0 where t1_0.type=? fetch first ? rows only
?[0m?[0;34mHibernate: select t1_0.id,t1_0.max_value,t1_0.type from limits t1_0 where t1_0.type=?
?[0m?[0;34mHibernate: select t1_0.id from limits t1_0 where t1_0.type=? fetch first ? rows only
?[0m?[0;34mHibernate: select t1_0.id,t1_0.max_value,t1_0.type from limits t1_0 where t1_0.type=?
?[0m?[0;34mHibernate: select s1_0.id from stolen_cards s1_0 where s1_0.number=? fetch first ? rows only
?[0m?[0;34mHibernate: select s1_0.id from suspicious_IPs s1_0 where s1_0.ip=? fetch first ? rows only
?[0m?[0;34mHibernate: select t1_0.id,t1_0.amount,t1_0.date,t1_0.feedback,t1_0.ip,t1_0.number,t1_0.region,t1_0.result from transactions t1_0 where t1_0.number=? and t1_0.date between ? and ?
?[0m?[0;34mHibernate: select t1_0.id,t1_0.amount,t1_0.date,t1_0.feedback,t1_0.ip,t1_0.number,t1_0.region,t1_0.result from transactions t1_0 where t1_0.number=? and t1_0.date between ? and ?
?[0m?[0;34mHibernate: select t1_0.id from limits t1_0 where t1_0.type=? fetch first ? rows only
?[0m?[0;34mHibernate: select t1_0.id,t1_0.max_value,t1_0.type from limits t1_0 where t1_0.type=?
?[0m?[0;34mHibernate: select t1_0.id from limits t1_0 where t1_0.type=? fetch first ? rows only
?[0m?[0;34mHibernate: select t1_0.id,t1_0.max_value,t1_0.type from limits t1_0 where t1_0.type=?
?[0m?[0;34mHibernate: select s1_0.id from stolen_cards s1_0 where s1_0.number=? fetch first ? rows only
?[0m?[0;34mHibernate: select s1_0.id from suspicious_IPs s1_0 where s1_0.ip=? fetch first ? rows only
?[0m?[0;34mHibernate: select t1_0.id,t1_0.amount,t1_0.date,t1_0.feedback,t1_0.ip,t1_0.number,t1_0.region,t1_0.result from transactions t1_0 where t1_0.number=? and t1_0.date between ? and ?
?[0m?[0;34mHibernate: select t1_0.id,t1_0.amount,t1_0.date,t1_0.feedback,t1_0.ip,t1_0.number,t1_0.region,t1_0.result from transactions t1_0 where t1_0.number=? and t1_0.date between ? and ?
?[0m?[0;34mHibernate: select t1_0.id from limits t1_0 where t1_0.type=? fetch first ? rows only
?[0m?[0;34mHibernate: select t1_0.id,t1_0.max_value,t1_0.type from limits t1_0 where t1_0.type=?
?[0m?[0;34mHibernate: select t1_0.id from limits t1_0 where t1_0.type=? fetch first ? rows only
?[0m?[0;34mHibernate: select t1_0.id,t1_0.max_value,t1_0.type from limits t1_0 where t1_0.type=?
?[0m?[0;34mHibernate: select s1_0.id from stolen_cards s1_0 where s1_0.number=? fetch first ? rows only
?[0m?[0;34mHibernate: select s1_0.id from suspicious_IPs s1_0 where s1_0.ip=? fetch first ? rows only
?[0m?[0;34mHibernate: select t1_0.id,t1_0.amount,t1_0.date,t1_0.feedback,t1_0.ip,t1_0.number,t1_0.region,t1_0.result from transactions t1_0 where t1_0.number=? and t1_0.date between ? and ?
?[0m?[0;34mHibernate: select t1_0.id,t1_0.amount,t1_0.date,t1_0.feedback,t1_0.ip,t1_0.number,t1_0.region,t1_0.result from transactions t1_0 where t1_0.number=? and t1_0.date between ? and ?
?[0m?[0;34mHibernate: select t1_0.id from limits t1_0 where t1_0.type=? fetch first ? rows only
?[0m?[0;34mHibernate: select t1_0.id,t1_0.max_value,t1_0.type from limits t1_0 where t1_0.type=?
?[0m?[0;34mHibernate: select t1_0.id from limits t1_0 where t1_0.type=? fetch first ? rows only
?[0m?[0;34mHibernate: select t1_0.id,t1_0.max_value,t1_0.type from limits t1_0 where t1_0.type=?
?[0m?[0;34mHibernate: select s1_0.id from stolen_cards s1_0 where s1_0.number=? fetch first ? rows only
?[0m?[0;34mHibernate: select s1_0.id from suspicious_IPs s1_0 where s1_0.ip=? fetch first ? rows only
?[0m?[0;34mHibernate: select t1_0.id,t1_0.amount,t1_0.date,t1_0.feedback,t1_0.ip,t1_0.number,t1_0.region,t1_0.result from transactions t1_0 where t1_0.number=? and t1_0.date between ? and ?
?[0m?[0;34mHibernate: select t1_0.id,t1_0.amount,t1_0.date,t1_0.feedback,t1_0.ip,t1_0.number,t1_0.region,t1_0.result from transactions t1_0 where t1_0.number=? and t1_0.date between ? and ?
?[0m?[0;34mHibernate: insert into transactions (amount, date, feedback, ip, number, region, result, id) values (?, ?, ?, ?, ?, ?, ?, ?)
?[0m?[1;31m
Start test 148?[0m
?[0;34mTest case
?[0m?[0;34mTesting api: '/api/antifraud/transaction'
?[0m?[0;34mExpectations: 'Limits must be updated to: Allow = 130, Manual = 928. Transaction must be PROHIBITED'
?[0m?[0;34m-----
?[0m?[0;34mHibernate: select u1_0.id,u1_0.locked,u1_0.name,u1_0.password,u1_0.role,u1_0.username from users u1_0 where upper(u1_0.username)=upper(?)
?[0m?[0;34mHibernate: select t1_0.id from limits t1_0 where t1_0.type=? fetch first ? rows only
?[0m?[0;34mHibernate: select t1_0.id,t1_0.max_value,t1_0.type from limits t1_0 where t1_0.type=?
?[0m?[0;34mHibernate: select t1_0.id from limits t1_0 where t1_0.type=? fetch first ? rows only
?[0m?[0;34mHibernate: select t1_0.id,t1_0.max_value,t1_0.type from limits t1_0 where t1_0.type=?
?[0m?[0;34mHibernate: select s1_0.id from stolen_cards s1_0 where s1_0.number=? fetch first ? rows only
?[0m?[0;34mHibernate: select s1_0.id from suspicious_IPs s1_0 where s1_0.ip=? fetch first ? rows only
?[0m?[0;34mHibernate: select t1_0.id,t1_0.amount,t1_0.date,t1_0.feedback,t1_0.ip,t1_0.number,t1_0.region,t1_0.result from transactions t1_0 where t1_0.number=? and t1_0.date between ? and ?
?[0m?[0;34mHibernate: select t1_0.id,t1_0.amount,t1_0.date,t1_0.feedback,t1_0.ip,t1_0.number,t1_0.region,t1_0.result from transactions t1_0 where t1_0.number=? and t1_0.date between ? and ?
?[0m?[0;34mHibernate: select t1_0.id from limits t1_0 where t1_0.type=? fetch first ? rows only
?[0m?[0;34mHibernate: select t1_0.id,t1_0.max_value,t1_0.type from limits t1_0 where t1_0.type=?
?[0m?[0;34mHibernate: select t1_0.id from limits t1_0 where t1_0.type=? fetch first ? rows only
?[0m?[0;34mHibernate: select t1_0.id,t1_0.max_value,t1_0.type from limits t1_0 where t1_0.type=?
?[0m?[0;34mHibernate: select s1_0.id from stolen_cards s1_0 where s1_0.number=? fetch first ? rows only
?[0m?[0;34mHibernate: select s1_0.id from suspicious_IPs s1_0 where s1_0.ip=? fetch first ? rows only
?[0m?[0;34mHibernate: select t1_0.id,t1_0.amount,t1_0.date,t1_0.feedback,t1_0.ip,t1_0.number,t1_0.region,t1_0.result from transactions t1_0 where t1_0.number=? and t1_0.date between ? and ?
?[0m?[0;34mHibernate: select t1_0.id,t1_0.amount,t1_0.date,t1_0.feedback,t1_0.ip,t1_0.number,t1_0.region,t1_0.result from transactions t1_0 where t1_0.number=? and t1_0.date between ? and ?
?[0m?[0;34mHibernate: select t1_0.id from limits t1_0 where t1_0.type=? fetch first ? rows only
?[0m?[0;34mHibernate: select t1_0.id,t1_0.max_value,t1_0.type from limits t1_0 where t1_0.type=?
?[0m?[0;34mHibernate: select t1_0.id from limits t1_0 where t1_0.type=? fetch first ? rows only
?[0m?[0;34mHibernate: select t1_0.id,t1_0.max_value,t1_0.type from limits t1_0 where t1_0.type=?
?[0m?[0;34mHibernate: select s1_0.id from stolen_cards s1_0 where s1_0.number=? fetch first ? rows only
?[0m?[0;34mHibernate: select s1_0.id from suspicious_IPs s1_0 where s1_0.ip=? fetch first ? rows only
?[0m?[0;34mHibernate: select t1_0.id,t1_0.amount,t1_0.date,t1_0.feedback,t1_0.ip,t1_0.number,t1_0.region,t1_0.result from transactions t1_0 where t1_0.number=? and t1_0.date between ? and ?
?[0m?[0;34mHibernate: select t1_0.id,t1_0.amount,t1_0.date,t1_0.feedback,t1_0.ip,t1_0.number,t1_0.region,t1_0.result from transactions t1_0 where t1_0.number=? and t1_0.date between ? and ?
?[0m?[0;34mHibernate: select t1_0.id from limits t1_0 where t1_0.type=? fetch first ? rows only
?[0m?[0;34mHibernate: select t1_0.id,t1_0.max_value,t1_0.type from limits t1_0 where t1_0.type=?
?[0m?[0;34mHibernate: select t1_0.id from limits t1_0 where t1_0.type=? fetch first ? rows only
?[0m?[0;34mHibernate: select t1_0.id,t1_0.max_value,t1_0.type from limits t1_0 where t1_0.type=?
?[0m?[0;34mHibernate: select s1_0.id from stolen_cards s1_0 where s1_0.number=? fetch first ? rows only
?[0m?[0;34mHibernate: select s1_0.id from suspicious_IPs s1_0 where s1_0.ip=? fetch first ? rows only
?[0m?[0;34mHibernate: select t1_0.id,t1_0.amount,t1_0.date,t1_0.feedback,t1_0.ip,t1_0.number,t1_0.region,t1_0.result from transactions t1_0 where t1_0.number=? and t1_0.date between ? and ?
?[0m?[0;34mHibernate: select t1_0.id,t1_0.amount,t1_0.date,t1_0.feedback,t1_0.ip,t1_0.number,t1_0.region,t1_0.result from transactions t1_0 where t1_0.number=? and t1_0.date between ? and ?
?[0m?[0;34mHibernate: select t1_0.id from limits t1_0 where t1_0.type=? fetch first ? rows only
?[0m?[0;34mHibernate: select t1_0.id,t1_0.max_value,t1_0.type from limits t1_0 where t1_0.type=?
?[0m?[0;34mHibernate: select t1_0.id from limits t1_0 where t1_0.type=? fetch first ? rows only
?[0m?[0;34mHibernate: select t1_0.id,t1_0.max_value,t1_0.type from limits t1_0 where t1_0.type=?
?[0m?[0;34mHibernate: select s1_0.id from stolen_cards s1_0 where s1_0.number=? fetch first ? rows only
?[0m?[0;34mHibernate: select s1_0.id from suspicious_IPs s1_0 where s1_0.ip=? fetch first ? rows only
?[0m?[0;34mHibernate: select t1_0.id,t1_0.amount,t1_0.date,t1_0.feedback,t1_0.ip,t1_0.number,t1_0.region,t1_0.result from transactions t1_0 where t1_0.number=? and t1_0.date between ? and ?
?[0m?[0;34mHibernate: select t1_0.id,t1_0.amount,t1_0.date,t1_0.feedback,t1_0.ip,t1_0.number,t1_0.region,t1_0.result from transactions t1_0 where t1_0.number=? and t1_0.date between ? and ?
?[0m?[0;34mHibernate: select t1_0.id from limits t1_0 where t1_0.type=? fetch first ? rows only
?[0m?[0;34mHibernate: select t1_0.id,t1_0.max_value,t1_0.type from limits t1_0 where t1_0.type=?
?[0m?[0;34mHibernate: select t1_0.id from limits t1_0 where t1_0.type=? fetch first ? rows only
?[0m?[0;34mHibernate: select t1_0.id,t1_0.max_value,t1_0.type from limits t1_0 where t1_0.type=?
?[0m?[0;34mHibernate: select s1_0.id from stolen_cards s1_0 where s1_0.number=? fetch first ? rows only
?[0m?[0;34mHibernate: select s1_0.id from suspicious_IPs s1_0 where s1_0.ip=? fetch first ? rows only
?[0m?[0;34mHibernate: select t1_0.id,t1_0.amount,t1_0.date,t1_0.feedback,t1_0.ip,t1_0.number,t1_0.region,t1_0.result from transactions t1_0 where t1_0.number=? and t1_0.date between ? and ?
?[0m?[0;34mHibernate: select t1_0.id,t1_0.amount,t1_0.date,t1_0.feedback,t1_0.ip,t1_0.number,t1_0.region,t1_0.result from transactions t1_0 where t1_0.number=? and t1_0.date between ? and ?
?[0m?[0;34mHibernate: select t1_0.id from limits t1_0 where t1_0.type=? fetch first ? rows only
?[0m?[0;34mHibernate: select t1_0.id,t1_0.max_value,t1_0.type from limits t1_0 where t1_0.type=?
?[0m?[0;34mHibernate: select t1_0.id from limits t1_0 where t1_0.type=? fetch first ? rows only
?[0m?[0;34mHibernate: select t1_0.id,t1_0.max_value,t1_0.type from limits t1_0 where t1_0.type=?
?[0m?[0;34mHibernate: select s1_0.id from stolen_cards s1_0 where s1_0.number=? fetch first ? rows only
?[0m?[0;34mHibernate: select s1_0.id from suspicious_IPs s1_0 where s1_0.ip=? fetch first ? rows only
?[0m?[0;34mHibernate: select t1_0.id,t1_0.amount,t1_0.date,t1_0.feedback,t1_0.ip,t1_0.number,t1_0.region,t1_0.result from transactions t1_0 where t1_0.number=? and t1_0.date between ? and ?
?[0m?[0;34mHibernate: select t1_0.id,t1_0.amount,t1_0.date,t1_0.feedback,t1_0.ip,t1_0.number,t1_0.region,t1_0.result from transactions t1_0 where t1_0.number=? and t1_0.date between ? and ?
?[0m?[0;34mHibernate: select t1_0.id from limits t1_0 where t1_0.type=? fetch first ? rows only
?[0m?[0;34mHibernate: select t1_0.id,t1_0.max_value,t1_0.type from limits t1_0 where t1_0.type=?
?[0m?[0;34mHibernate: select t1_0.id from limits t1_0 where t1_0.type=? fetch first ? rows only
?[0m?[0;34mHibernate: select t1_0.id,t1_0.max_value,t1_0.type from limits t1_0 where t1_0.type=?
?[0m?[0;34mHibernate: select s1_0.id from stolen_cards s1_0 where s1_0.number=? fetch first ? rows only
?[0m?[0;34mHibernate: select s1_0.id from suspicious_IPs s1_0 where s1_0.ip=? fetch first ? rows only
?[0m?[0;34mHibernate: select t1_0.id,t1_0.amount,t1_0.date,t1_0.feedback,t1_0.ip,t1_0.number,t1_0.region,t1_0.result from transactions t1_0 where t1_0.number=? and t1_0.date between ? and ?
?[0m?[0;34mHibernate: select t1_0.id,t1_0.amount,t1_0.date,t1_0.feedback,t1_0.ip,t1_0.number,t1_0.region,t1_0.result from transactions t1_0 where t1_0.number=? and t1_0.date between ? and ?
?[0m?[0;34mHibernate: select t1_0.id from limits t1_0 where t1_0.type=? fetch first ? rows only
?[0m?[0;34mHibernate: select t1_0.id,t1_0.max_value,t1_0.type from limits t1_0 where t1_0.type=?
?[0m?[0;34mHibernate: select t1_0.id from limits t1_0 where t1_0.type=? fetch first ? rows only
?[0m?[0;34mHibernate: select t1_0.id,t1_0.max_value,t1_0.type from limits t1_0 where t1_0.type=?
?[0m?[0;34mHibernate: select s1_0.id from stolen_cards s1_0 where s1_0.number=? fetch first ? rows only
?[0m?[0;34mHibernate: select s1_0.id from suspicious_IPs s1_0 where s1_0.ip=? fetch first ? rows only
?[0m?[0;34mHibernate: select t1_0.id,t1_0.amount,t1_0.date,t1_0.feedback,t1_0.ip,t1_0.number,t1_0.region,t1_0.result from transactions t1_0 where t1_0.number=? and t1_0.date between ? and ?
?[0m?[0;34mHibernate: select t1_0.id,t1_0.amount,t1_0.date,t1_0.feedback,t1_0.ip,t1_0.number,t1_0.region,t1_0.result from transactions t1_0 where t1_0.number=? and t1_0.date between ? and ?
?[0m?[0;34mHibernate: select t1_0.id from limits t1_0 where t1_0.type=? fetch first ? rows only
?[0m?[0;34mHibernate: select t1_0.id,t1_0.max_value,t1_0.type from limits t1_0 where t1_0.type=?
?[0m?[0;34mHibernate: select t1_0.id from limits t1_0 where t1_0.type=? fetch first ? rows only
?[0m?[0;34mHibernate: select t1_0.id,t1_0.max_value,t1_0.type from limits t1_0 where t1_0.type=?
?[0m?[0;34mHibernate: select s1_0.id from stolen_cards s1_0 where s1_0.number=? fetch first ? rows only
?[0m?[0;34mHibernate: select s1_0.id from suspicious_IPs s1_0 where s1_0.ip=? fetch first ? rows only
?[0m?[0;34mHibernate: select t1_0.id,t1_0.amount,t1_0.date,t1_0.feedback,t1_0.ip,t1_0.number,t1_0.region,t1_0.result from transactions t1_0 where t1_0.number=? and t1_0.date between ? and ?
?[0m?[0;34mHibernate: select t1_0.id,t1_0.amount,t1_0.date,t1_0.feedback,t1_0.ip,t1_0.number,t1_0.region,t1_0.result from transactions t1_0 where t1_0.number=? and t1_0.date between ? and ?
?[0m?[0;34mHibernate: select t1_0.id from limits t1_0 where t1_0.type=? fetch first ? rows only
?[0m?[0;34mHibernate: select t1_0.id,t1_0.max_value,t1_0.type from limits t1_0 where t1_0.type=?
?[0m?[0;34mHibernate: select t1_0.id from limits t1_0 where t1_0.type=? fetch first ? rows only
?[0m?[0;34mHibernate: select t1_0.id,t1_0.max_value,t1_0.type from limits t1_0 where t1_0.type=?
?[0m?[0;34mHibernate: select s1_0.id from stolen_cards s1_0 where s1_0.number=? fetch first ? rows only
?[0m?[0;34mHibernate: select s1_0.id from suspicious_IPs s1_0 where s1_0.ip=? fetch first ? rows only
?[0m?[0;34mHibernate: select t1_0.id,t1_0.amount,t1_0.date,t1_0.feedback,t1_0.ip,t1_0.number,t1_0.region,t1_0.result from transactions t1_0 where t1_0.number=? and t1_0.date between ? and ?
?[0m?[0;34mHibernate: select t1_0.id,t1_0.amount,t1_0.date,t1_0.feedback,t1_0.ip,t1_0.number,t1_0.region,t1_0.result from transactions t1_0 where t1_0.number=? and t1_0.date between ? and ?
?[0m?[0;34mHibernate: select t1_0.id from limits t1_0 where t1_0.type=? fetch first ? rows only
?[0m?[0;34mHibernate: select t1_0.id,t1_0.max_value,t1_0.type from limits t1_0 where t1_0.type=?
?[0m?[0;34mHibernate: select t1_0.id from limits t1_0 where t1_0.type=? fetch first ? rows only
?[0m?[0;34mHibernate: select t1_0.id,t1_0.max_value,t1_0.type from limits t1_0 where t1_0.type=?
?[0m?[0;34mHibernate: select s1_0.id from stolen_cards s1_0 where s1_0.number=? fetch first ? rows only
?[0m?[0;34mHibernate: select s1_0.id from suspicious_IPs s1_0 where s1_0.ip=? fetch first ? rows only
?[0m?[0;34mHibernate: select t1_0.id,t1_0.amount,t1_0.date,t1_0.feedback,t1_0.ip,t1_0.number,t1_0.region,t1_0.result from transactions t1_0 where t1_0.number=? and t1_0.date between ? and ?
?[0m?[0;34mHibernate: select t1_0.id,t1_0.amount,t1_0.date,t1_0.feedback,t1_0.ip,t1_0.number,t1_0.region,t1_0.result from transactions t1_0 where t1_0.number=? and t1_0.date between ? and ?
?[0m?[0;34mHibernate: select t1_0.id from limits t1_0 where t1_0.type=? fetch first ? rows only
?[0m?[0;34mHibernate: select t1_0.id,t1_0.max_value,t1_0.type from limits t1_0 where t1_0.type=?
?[0m?[0;34mHibernate: select t1_0.id from limits t1_0 where t1_0.type=? fetch first ? rows only
?[0m?[0;34mHibernate: select t1_0.id,t1_0.max_value,t1_0.type from limits t1_0 where t1_0.type=?
?[0m?[0;34mHibernate: select s1_0.id from stolen_cards s1_0 where s1_0.number=? fetch first ? rows only
?[0m?[0;34mHibernate: select s1_0.id from suspicious_IPs s1_0 where s1_0.ip=? fetch first ? rows only
?[0m?[0;34mHibernate: select t1_0.id,t1_0.amount,t1_0.date,t1_0.feedback,t1_0.ip,t1_0.number,t1_0.region,t1_0.result from transactions t1_0 where t1_0.number=? and t1_0.date between ? and ?
?[0m?[0;34mHibernate: select t1_0.id,t1_0.amount,t1_0.date,t1_0.feedback,t1_0.ip,t1_0.number,t1_0.region,t1_0.result from transactions t1_0 where t1_0.number=? and t1_0.date between ? and ?
?[0m?[0;34mHibernate: insert into transactions (amount, date, feedback, ip, number, region, result, id) values (?, ?, ?, ?, ?, ?, ?, ?)
?[0m?[1;31m
Start test 149?[0m
?[0;34mTest case
?[0m?[0;34mTesting api: '/api/antifraud/transaction'
?[0m?[0;34mExpectations: 'The limits of transaction validation updated.Endpoint responds with the HTTP OK status (200)'
?[0m?[0;34m-----
?[0;34mHibernate: select u1_0.id,u1_0.locked,u1_0.name,u1_0.password,u1_0.role,u1_0.username from users u1_0 where upper(u1_0.username)=upper(?)
?[0m?[0;34mHibernate: select t1_0.id,t1_0.amount,t1_0.date,t1_0.feedback,t1_0.ip,t1_0.number,t1_0.region,t1_0.result from transactions t1_0
?[0m?[0;34mHibernate: select u1_0.id,u1_0.locked,u1_0.name,u1_0.password,u1_0.role,u1_0.username from users u1_0 where upper(u1_0.username)=upper(?)
?[0m?[0;34mHibernate: select count(*) from transactions t1_0 where t1_0.id=?
?[0m?[0;34mHibernate: select t1_0.id,t1_0.amount,t1_0.date,t1_0.feedback,t1_0.ip,t1_0.number,t1_0.region,t1_0.result from transactions t1_0 where t1_0.id=?
?[0m?[0;34mHibernate: update transactions set amount=?, date=?, feedback=?, ip=?, number=?, region=?, result=? where id=?
?[0m?[0;34mHibernate: select t1_0.id,t1_0.max_value,t1_0.type from limits t1_0
?[0m?[0;34mHibernate: select t1_0.id,t1_0.max_value,t1_0.type from limits t1_0 where t1_0.type=?
?[0m?[0;34mHibernate: update limits set max_value=?, type=? where id=?
?[0m?[0;34mHibernate: select t1_0.id,t1_0.max_value,t1_0.type from limits t1_0 where t1_0.type=?
?[0m?[0;34mHibernate: update limits set max_value=?, type=? where id=?
?[0m?[1;31m
Start test 150?[0m
?[0;34mTest case
?[0m?[0;34mTesting api: '/api/antifraud/transaction'
?[0m?[0;34mExpectations: 'Limits must be updated to: Allow = 290, Manual = 929. Transaction must be ALLOWED'
?[0m?[0;34m-----
?[0m?[0;34mHibernate: select u1_0.id,u1_0.locked,u1_0.name,u1_0.password,u1_0.role,u1_0.username from users u1_0 where upper(u1_0.username)=upper(?)
?[0m?[0;34mHibernate: select t1_0.id from limits t1_0 where t1_0.type=? fetch first ? rows only
?[0m?[0;34mHibernate: select t1_0.id,t1_0.max_value,t1_0.type from limits t1_0 where t1_0.type=?
?[0m?[0;34mHibernate: select t1_0.id from limits t1_0 where t1_0.type=? fetch first ? rows only
?[0m?[0;34mHibernate: select t1_0.id,t1_0.max_value,t1_0.type from limits t1_0 where t1_0.type=?
?[0m?[0;34mHibernate: select s1_0.id from stolen_cards s1_0 where s1_0.number=? fetch first ? rows only
?[0m?[0;34mHibernate: select s1_0.id from suspicious_IPs s1_0 where s1_0.ip=? fetch first ? rows only
?[0m?[0;34mHibernate: select t1_0.id,t1_0.amount,t1_0.date,t1_0.feedback,t1_0.ip,t1_0.number,t1_0.region,t1_0.result from transactions t1_0 where t1_0.number=? and t1_0.date between ? and ?
?[0m?[0;34mHibernate: select t1_0.id,t1_0.amount,t1_0.date,t1_0.feedback,t1_0.ip,t1_0.number,t1_0.region,t1_0.result from transactions t1_0 where t1_0.number=? and t1_0.date between ? and ?
?[0m?[0;34mHibernate: select t1_0.id from limits t1_0 where t1_0.type=? fetch first ? rows only
?[0m?[0;34mHibernate: select t1_0.id,t1_0.max_value,t1_0.type from limits t1_0 where t1_0.type=?
?[0m?[0;34mHibernate: select t1_0.id from limits t1_0 where t1_0.type=? fetch first ? rows only
?[0m?[0;34mHibernate: select t1_0.id,t1_0.max_value,t1_0.type from limits t1_0 where t1_0.type=?
?[0m?[0;34mHibernate: select s1_0.id from stolen_cards s1_0 where s1_0.number=? fetch first ? rows only
?[0m?[0;34mHibernate: select s1_0.id from suspicious_IPs s1_0 where s1_0.ip=? fetch first ? rows only
?[0m?[0;34mHibernate: select t1_0.id,t1_0.amount,t1_0.date,t1_0.feedback,t1_0.ip,t1_0.number,t1_0.region,t1_0.result from transactions t1_0 where t1_0.number=? and t1_0.date between ? and ?
?[0m?[0;34mHibernate: select t1_0.id,t1_0.amount,t1_0.date,t1_0.feedback,t1_0.ip,t1_0.number,t1_0.region,t1_0.result from transactions t1_0 where t1_0.number=? and t1_0.date between ? and ?
?[0m?[0;34mHibernate: select t1_0.id from limits t1_0 where t1_0.type=? fetch first ? rows only
?[0m?[0;34mHibernate: select t1_0.id,t1_0.max_value,t1_0.type from limits t1_0 where t1_0.type=?
?[0m?[0;34mHibernate: select t1_0.id from limits t1_0 where t1_0.type=? fetch first ? rows only
?[0m?[0;34mHibernate: select t1_0.id,t1_0.max_value,t1_0.type from limits t1_0 where t1_0.type=?
?[0m?[0;34mHibernate: select s1_0.id from stolen_cards s1_0 where s1_0.number=? fetch first ? rows only
?[0m?[0;34mHibernate: select s1_0.id from suspicious_IPs s1_0 where s1_0.ip=? fetch first ? rows only
?[0m?[0;34mHibernate: select t1_0.id,t1_0.amount,t1_0.date,t1_0.feedback,t1_0.ip,t1_0.number,t1_0.region,t1_0.result from transactions t1_0 where t1_0.number=? and t1_0.date between ? and ?
?[0m?[0;34mHibernate: select t1_0.id,t1_0.amount,t1_0.date,t1_0.feedback,t1_0.ip,t1_0.number,t1_0.region,t1_0.result from transactions t1_0 where t1_0.number=? and t1_0.date between ? and ?
?[0m?[0;34mHibernate: select t1_0.id from limits t1_0 where t1_0.type=? fetch first ? rows only
?[0m?[0;34mHibernate: select t1_0.id,t1_0.max_value,t1_0.type from limits t1_0 where t1_0.type=?
?[0m?[0;34mHibernate: select t1_0.id from limits t1_0 where t1_0.type=? fetch first ? rows only
?[0m?[0;34mHibernate: select t1_0.id,t1_0.max_value,t1_0.type from limits t1_0 where t1_0.type=?
?[0m?[0;34mHibernate: select s1_0.id from stolen_cards s1_0 where s1_0.number=? fetch first ? rows only
?[0m?[0;34mHibernate: select s1_0.id from suspicious_IPs s1_0 where s1_0.ip=? fetch first ? rows only
?[0m?[0;34mHibernate: select t1_0.id,t1_0.amount,t1_0.date,t1_0.feedback,t1_0.ip,t1_0.number,t1_0.region,t1_0.result from transactions t1_0 where t1_0.number=? and t1_0.date between ? and ?
?[0m?[0;34mHibernate: select t1_0.id,t1_0.amount,t1_0.date,t1_0.feedback,t1_0.ip,t1_0.number,t1_0.region,t1_0.result from transactions t1_0 where t1_0.number=? and t1_0.date between ? and ?
?[0m?[0;34mHibernate: select t1_0.id from limits t1_0 where t1_0.type=? fetch first ? rows only
?[0m?[0;34mHibernate: select t1_0.id,t1_0.max_value,t1_0.type from limits t1_0 where t1_0.type=?
?[0m?[0;34mHibernate: select t1_0.id from limits t1_0 where t1_0.type=? fetch first ? rows only
?[0m?[0;34mHibernate: select t1_0.id,t1_0.max_value,t1_0.type from limits t1_0 where t1_0.type=?
?[0m?[0;34mHibernate: select s1_0.id from stolen_cards s1_0 where s1_0.number=? fetch first ? rows only
?[0m?[0;34mHibernate: select s1_0.id from suspicious_IPs s1_0 where s1_0.ip=? fetch first ? rows only
?[0m?[0;34mHibernate: select t1_0.id,t1_0.amount,t1_0.date,t1_0.feedback,t1_0.ip,t1_0.number,t1_0.region,t1_0.result from transactions t1_0 where t1_0.number=? and t1_0.date between ? and ?
?[0m?[0;34mHibernate: select t1_0.id,t1_0.amount,t1_0.date,t1_0.feedback,t1_0.ip,t1_0.number,t1_0.region,t1_0.result from transactions t1_0 where t1_0.number=? and t1_0.date between ? and ?
?[0m?[0;34mHibernate: select t1_0.id from limits t1_0 where t1_0.type=? fetch first ? rows only
?[0m?[0;34mHibernate: select t1_0.id,t1_0.max_value,t1_0.type from limits t1_0 where t1_0.type=?
?[0m?[0;34mHibernate: select t1_0.id from limits t1_0 where t1_0.type=? fetch first ? rows only
?[0m?[0;34mHibernate: select t1_0.id,t1_0.max_value,t1_0.type from limits t1_0 where t1_0.type=?
?[0m?[0;34mHibernate: select s1_0.id from stolen_cards s1_0 where s1_0.number=? fetch first ? rows only
?[0m?[0;34mHibernate: select s1_0.id from suspicious_IPs s1_0 where s1_0.ip=? fetch first ? rows only
?[0m?[0;34mHibernate: select t1_0.id,t1_0.amount,t1_0.date,t1_0.feedback,t1_0.ip,t1_0.number,t1_0.region,t1_0.result from transactions t1_0 where t1_0.number=? and t1_0.date between ? and ?
?[0m?[0;34mHibernate: select t1_0.id,t1_0.amount,t1_0.date,t1_0.feedback,t1_0.ip,t1_0.number,t1_0.region,t1_0.result from transactions t1_0 where t1_0.number=? and t1_0.date between ? and ?
?[0m?[0;34mHibernate: select t1_0.id from limits t1_0 where t1_0.type=? fetch first ? rows only
?[0m?[0;34mHibernate: select t1_0.id,t1_0.max_value,t1_0.type from limits t1_0 where t1_0.type=?
?[0m?[0;34mHibernate: select t1_0.id from limits t1_0 where t1_0.type=? fetch first ? rows only
?[0m?[0;34mHibernate: select t1_0.id,t1_0.max_value,t1_0.type from limits t1_0 where t1_0.type=?
?[0m?[0;34mHibernate: select s1_0.id from stolen_cards s1_0 where s1_0.number=? fetch first ? rows only
?[0m?[0;34mHibernate: select s1_0.id from suspicious_IPs s1_0 where s1_0.ip=? fetch first ? rows only
?[0m?[0;34mHibernate: select t1_0.id,t1_0.amount,t1_0.date,t1_0.feedback,t1_0.ip,t1_0.number,t1_0.region,t1_0.result from transactions t1_0 where t1_0.number=? and t1_0.date between ? and ?
?[0m?[0;34mHibernate: select t1_0.id,t1_0.amount,t1_0.date,t1_0.feedback,t1_0.ip,t1_0.number,t1_0.region,t1_0.result from transactions t1_0 where t1_0.number=? and t1_0.date between ? and ?
?[0m?[0;34mHibernate: select t1_0.id from limits t1_0 where t1_0.type=? fetch first ? rows only
?[0m?[0;34mHibernate: select t1_0.id,t1_0.max_value,t1_0.type from limits t1_0 where t1_0.type=?
?[0m?[0;34mHibernate: select t1_0.id from limits t1_0 where t1_0.type=? fetch first ? rows only
?[0m?[0;34mHibernate: select t1_0.id,t1_0.max_value,t1_0.type from limits t1_0 where t1_0.type=?
?[0m?[0;34mHibernate: select s1_0.id from stolen_cards s1_0 where s1_0.number=? fetch first ? rows only
?[0m?[0;34mHibernate: select s1_0.id from suspicious_IPs s1_0 where s1_0.ip=? fetch first ? rows only
?[0m?[0;34mHibernate: select t1_0.id,t1_0.amount,t1_0.date,t1_0.feedback,t1_0.ip,t1_0.number,t1_0.region,t1_0.result from transactions t1_0 where t1_0.number=? and t1_0.date between ? and ?
?[0m?[0;34mHibernate: select t1_0.id,t1_0.amount,t1_0.date,t1_0.feedback,t1_0.ip,t1_0.number,t1_0.region,t1_0.result from transactions t1_0 where t1_0.number=? and t1_0.date between ? and ?
?[0m?[0;34mHibernate: select t1_0.id from limits t1_0 where t1_0.type=? fetch first ? rows only
?[0m?[0;34mHibernate: select t1_0.id,t1_0.max_value,t1_0.type from limits t1_0 where t1_0.type=?
?[0m?[0;34mHibernate: select t1_0.id from limits t1_0 where t1_0.type=? fetch first ? rows only
?[0m?[0;34mHibernate: select t1_0.id,t1_0.max_value,t1_0.type from limits t1_0 where t1_0.type=?
?[0m?[0;34mHibernate: select s1_0.id from stolen_cards s1_0 where s1_0.number=? fetch first ? rows only
?[0m?[0;34mHibernate: select s1_0.id from suspicious_IPs s1_0 where s1_0.ip=? fetch first ? rows only
?[0m?[0;34mHibernate: select t1_0.id,t1_0.amount,t1_0.date,t1_0.feedback,t1_0.ip,t1_0.number,t1_0.region,t1_0.result from transactions t1_0 where t1_0.number=? and t1_0.date between ? and ?
?[0m?[0;34mHibernate: select t1_0.id,t1_0.amount,t1_0.date,t1_0.feedback,t1_0.ip,t1_0.number,t1_0.region,t1_0.result from transactions t1_0 where t1_0.number=? and t1_0.date between ? and ?
?[0m?[0;34mHibernate: select t1_0.id from limits t1_0 where t1_0.type=? fetch first ? rows only
?[0m?[0;34mHibernate: select t1_0.id,t1_0.max_value,t1_0.type from limits t1_0 where t1_0.type=?
?[0m?[0;34mHibernate: select t1_0.id from limits t1_0 where t1_0.type=? fetch first ? rows only
?[0m?[0;34mHibernate: select t1_0.id,t1_0.max_value,t1_0.type from limits t1_0 where t1_0.type=?
?[0m?[0;34mHibernate: select s1_0.id from stolen_cards s1_0 where s1_0.number=? fetch first ? rows only
?[0m?[0;34mHibernate: select s1_0.id from suspicious_IPs s1_0 where s1_0.ip=? fetch first ? rows only
?[0m?[0;34mHibernate: select t1_0.id,t1_0.amount,t1_0.date,t1_0.feedback,t1_0.ip,t1_0.number,t1_0.region,t1_0.result from transactions t1_0 where t1_0.number=? and t1_0.date between ? and ?
?[0m?[0;34mHibernate: select t1_0.id,t1_0.amount,t1_0.date,t1_0.feedback,t1_0.ip,t1_0.number,t1_0.region,t1_0.result from transactions t1_0 where t1_0.number=? and t1_0.date between ? and ?
?[0m?[0;34mHibernate: select t1_0.id from limits t1_0 where t1_0.type=? fetch first ? rows only
?[0m?[0;34mHibernate: select t1_0.id,t1_0.max_value,t1_0.type from limits t1_0 where t1_0.type=?
?[0m?[0;34mHibernate: select t1_0.id from limits t1_0 where t1_0.type=? fetch first ? rows only
?[0m?[0;34mHibernate: select t1_0.id,t1_0.max_value,t1_0.type from limits t1_0 where t1_0.type=?
?[0m?[0;34m2023-07-16T14:07:34.769+02:00  WARN 1424 --- [nio-8080-Poller] .t.u.s.PrivilegedSetAccessControlContext : Unable to set field Thread.inheritedAccessControlContext
?[0m?[0;34m
?[0m?[0;34mjava.lang.IllegalAccessException: class org.apache.tomcat.util.security.PrivilegedSetAccessControlContext cannot access a member of class java.lang.Thread (in module java.base) with modifiers "private"
?[0m?[0;34m	at java.base/jdk.internal.reflect.Reflection.newIllegalAccessException(Reflection.java:392) ~[na:na]
?[0m?[0;34m	at java.base/java.lang.reflect.AccessibleObject.checkAccess(AccessibleObject.java:674) ~[na:na]
?[0m?[0;34m	at java.base/java.lang.reflect.Field.checkAccess(Field.java:1102) ~[na:na]
?[0m?[0;34m	at java.base/java.lang.reflect.Field.set(Field.java:797) ~[na:na]
?[0m?[0;34m	at org.apache.tomcat.util.security.PrivilegedSetAccessControlContext.run(PrivilegedSetAccessControlContext.java:60) ~[tomcat-embed-core-10.1.5.jar:10.1.5]
?[0m?[0;34m	at org.apache.tomcat.util.security.PrivilegedSetAccessControlContext.run(PrivilegedSetAccessControlContext.java:28) ~[tomcat-embed-core-10.1.5.jar:10.1.5]
?[0m?[0;34m	at java.base/java.security.AccessController.doPrivileged(AccessController.java:318) ~[na:na]
?[0m?[0;34m	at org.apache.tomcat.util.threads.TaskThreadFactory.newThread(TaskThreadFactory.java:64) ~[tomcat-embed-core-10.1.5.jar:10.1.5]
?[0m?[0;34m	at org.apache.tomcat.util.threads.ThreadPoolExecutor$Worker.<init>(ThreadPoolExecutor.java:653) ~[tomcat-embed-core-10.1.5.jar:10.1.5]
?[0m?[0;34m	at org.apache.tomcat.util.threads.ThreadPoolExecutor.addWorker(ThreadPoolExecutor.java:957) ~[tomcat-embed-core-10.1.5.jar:10.1.5]
?[0m?[0;34m	at org.apache.tomcat.util.threads.ThreadPoolExecutor.executeInternal(ThreadPoolExecutor.java:1451) ~[tomcat-embed-core-10.1.5.jar:10.1.5]
?[0m?[0;34m	at org.apache.tomcat.util.threads.ThreadPoolExecutor.execute(ThreadPoolExecutor.java:1378) ~[tomcat-embed-core-10.1.5.jar:10.1.5]
?[0m?[0;34m	at org.apache.tomcat.util.net.AbstractEndpoint.processSocket(AbstractEndpoint.java:1133) ~[tomcat-embed-core-10.1.5.jar:10.1.5]
?[0m?[0;34m	at org.apache.tomcat.util.net.NioEndpoint$Poller.processKey(NioEndpoint.java:819) ~[tomcat-embed-core-10.1.5.jar:10.1.5]
?[0m?[0;34m	at org.apache.tomcat.util.net.NioEndpoint$Poller.run(NioEndpoint.java:786) ~[tomcat-embed-core-10.1.5.jar:10.1.5]
?[0m?[0;34m	at java.base/java.lang.Thread.run(Thread.java:833) ~[na:na]
?[0m?[0;34m
?[0m?[0;34mHibernate: select s1_0.id from stolen_cards s1_0 where s1_0.number=? fetch first ? rows only
?[0m?[0;34mHibernate: select s1_0.id from suspicious_IPs s1_0 where s1_0.ip=? fetch first ? rows only
?[0m?[0;34mHibernate: select t1_0.id,t1_0.amount,t1_0.date,t1_0.feedback,t1_0.ip,t1_0.number,t1_0.region,t1_0.result from transactions t1_0 where t1_0.number=? and t1_0.date between ? and ?
?[0m?[0;34mHibernate: select t1_0.id,t1_0.amount,t1_0.date,t1_0.feedback,t1_0.ip,t1_0.number,t1_0.region,t1_0.result from transactions t1_0 where t1_0.number=? and t1_0.date between ? and ?
?[0m?[0;34mHibernate: insert into transactions (amount, date, feedback, ip, number, region, result, id) values (?, ?, ?, ?, ?, ?, ?, ?)
?[0m?[1;31m
Start test 151?[0m
?[0;34mTest case
?[0m?[0;34mTesting api: '/api/antifraud/transaction'
?[0m?[0;34mExpectations: 'Limits must be updated to: Allow = 290, Manual = 929. Transaction must be MANUAL_PROCESSING'
?[0m?[0;34m-----
?[0m?[0;34mHibernate: select u1_0.id,u1_0.locked,u1_0.name,u1_0.password,u1_0.role,u1_0.username from users u1_0 where upper(u1_0.username)=upper(?)
?[0m?[0;34mHibernate: select t1_0.id from limits t1_0 where t1_0.type=? fetch first ? rows only
?[0m?[0;34mHibernate: select t1_0.id,t1_0.max_value,t1_0.type from limits t1_0 where t1_0.type=?
?[0m?[0;34mHibernate: select t1_0.id from limits t1_0 where t1_0.type=? fetch first ? rows only
?[0m?[0;34mHibernate: select t1_0.id,t1_0.max_value,t1_0.type from limits t1_0 where t1_0.type=?
?[0m?[0;34mHibernate: select s1_0.id from stolen_cards s1_0 where s1_0.number=? fetch first ? rows only
?[0m?[0;34mHibernate: select s1_0.id from suspicious_IPs s1_0 where s1_0.ip=? fetch first ? rows only
?[0m?[0;34mHibernate: select t1_0.id,t1_0.amount,t1_0.date,t1_0.feedback,t1_0.ip,t1_0.number,t1_0.region,t1_0.result from transactions t1_0 where t1_0.number=? and t1_0.date between ? and ?
?[0m?[0;34mHibernate: select t1_0.id,t1_0.amount,t1_0.date,t1_0.feedback,t1_0.ip,t1_0.number,t1_0.region,t1_0.result from transactions t1_0 where t1_0.number=? and t1_0.date between ? and ?
?[0m?[0;34mHibernate: select t1_0.id from limits t1_0 where t1_0.type=? fetch first ? rows only
?[0m?[0;34mHibernate: select t1_0.id,t1_0.max_value,t1_0.type from limits t1_0 where t1_0.type=?
?[0m?[0;34mHibernate: select t1_0.id from limits t1_0 where t1_0.type=? fetch first ? rows only
?[0m?[0;34mHibernate: select t1_0.id,t1_0.max_value,t1_0.type from limits t1_0 where t1_0.type=?
?[0m?[0;34mHibernate: select s1_0.id from stolen_cards s1_0 where s1_0.number=? fetch first ? rows only
?[0m?[0;34mHibernate: select s1_0.id from suspicious_IPs s1_0 where s1_0.ip=? fetch first ? rows only
?[0m?[0;34mHibernate: select t1_0.id,t1_0.amount,t1_0.date,t1_0.feedback,t1_0.ip,t1_0.number,t1_0.region,t1_0.result from transactions t1_0 where t1_0.number=? and t1_0.date between ? and ?
?[0m?[0;34mHibernate: select t1_0.id,t1_0.amount,t1_0.date,t1_0.feedback,t1_0.ip,t1_0.number,t1_0.region,t1_0.result from transactions t1_0 where t1_0.number=? and t1_0.date between ? and ?
?[0m?[0;34mHibernate: select t1_0.id from limits t1_0 where t1_0.type=? fetch first ? rows only
?[0m?[0;34mHibernate: select t1_0.id,t1_0.max_value,t1_0.type from limits t1_0 where t1_0.type=?
?[0m?[0;34mHibernate: select t1_0.id from limits t1_0 where t1_0.type=? fetch first ? rows only
?[0m?[0;34mHibernate: select t1_0.id,t1_0.max_value,t1_0.type from limits t1_0 where t1_0.type=?
?[0m?[0;34mHibernate: select s1_0.id from stolen_cards s1_0 where s1_0.number=? fetch first ? rows only
?[0m?[0;34mHibernate: select s1_0.id from suspicious_IPs s1_0 where s1_0.ip=? fetch first ? rows only
?[0m?[0;34mHibernate: select t1_0.id,t1_0.amount,t1_0.date,t1_0.feedback,t1_0.ip,t1_0.number,t1_0.region,t1_0.result from transactions t1_0 where t1_0.number=? and t1_0.date between ? and ?
?[0m?[0;34mHibernate: select t1_0.id,t1_0.amount,t1_0.date,t1_0.feedback,t1_0.ip,t1_0.number,t1_0.region,t1_0.result from transactions t1_0 where t1_0.number=? and t1_0.date between ? and ?
?[0m?[0;34mHibernate: select t1_0.id from limits t1_0 where t1_0.type=? fetch first ? rows only
?[0m?[0;34mHibernate: select t1_0.id,t1_0.max_value,t1_0.type from limits t1_0 where t1_0.type=?
?[0m?[0;34mHibernate: select t1_0.id from limits t1_0 where t1_0.type=? fetch first ? rows only
?[0m?[0;34mHibernate: select t1_0.id,t1_0.max_value,t1_0.type from limits t1_0 where t1_0.type=?
?[0m?[0;34mHibernate: select s1_0.id from stolen_cards s1_0 where s1_0.number=? fetch first ? rows only
?[0m?[0;34mHibernate: select s1_0.id from suspicious_IPs s1_0 where s1_0.ip=? fetch first ? rows only
?[0m?[0;34mHibernate: select t1_0.id,t1_0.amount,t1_0.date,t1_0.feedback,t1_0.ip,t1_0.number,t1_0.region,t1_0.result from transactions t1_0 where t1_0.number=? and t1_0.date between ? and ?
?[0m?[0;34mHibernate: select t1_0.id,t1_0.amount,t1_0.date,t1_0.feedback,t1_0.ip,t1_0.number,t1_0.region,t1_0.result from transactions t1_0 where t1_0.number=? and t1_0.date between ? and ?
?[0m?[0;34mHibernate: select t1_0.id from limits t1_0 where t1_0.type=? fetch first ? rows only
?[0m?[0;34mHibernate: select t1_0.id,t1_0.max_value,t1_0.type from limits t1_0 where t1_0.type=?
?[0m?[0;34mHibernate: select t1_0.id from limits t1_0 where t1_0.type=? fetch first ? rows only
?[0m?[0;34mHibernate: select t1_0.id,t1_0.max_value,t1_0.type from limits t1_0 where t1_0.type=?
?[0m?[0;34mHibernate: select s1_0.id from stolen_cards s1_0 where s1_0.number=? fetch first ? rows only
?[0m?[0;34mHibernate: select s1_0.id from suspicious_IPs s1_0 where s1_0.ip=? fetch first ? rows only
?[0m?[0;34mHibernate: select t1_0.id,t1_0.amount,t1_0.date,t1_0.feedback,t1_0.ip,t1_0.number,t1_0.region,t1_0.result from transactions t1_0 where t1_0.number=? and t1_0.date between ? and ?
?[0m?[0;34mHibernate: select t1_0.id,t1_0.amount,t1_0.date,t1_0.feedback,t1_0.ip,t1_0.number,t1_0.region,t1_0.result from transactions t1_0 where t1_0.number=? and t1_0.date between ? and ?
?[0m?[0;34mHibernate: select t1_0.id from limits t1_0 where t1_0.type=? fetch first ? rows only
?[0m?[0;34mHibernate: select t1_0.id,t1_0.max_value,t1_0.type from limits t1_0 where t1_0.type=?
?[0m?[0;34mHibernate: select t1_0.id from limits t1_0 where t1_0.type=? fetch first ? rows only
?[0m?[0;34mHibernate: select t1_0.id,t1_0.max_value,t1_0.type from limits t1_0 where t1_0.type=?
?[0m?[0;34mHibernate: select s1_0.id from stolen_cards s1_0 where s1_0.number=? fetch first ? rows only
?[0m?[0;34mHibernate: select s1_0.id from suspicious_IPs s1_0 where s1_0.ip=? fetch first ? rows only
?[0m?[0;34mHibernate: select t1_0.id,t1_0.amount,t1_0.date,t1_0.feedback,t1_0.ip,t1_0.number,t1_0.region,t1_0.result from transactions t1_0 where t1_0.number=? and t1_0.date between ? and ?
?[0m?[0;34mHibernate: select t1_0.id,t1_0.amount,t1_0.date,t1_0.feedback,t1_0.ip,t1_0.number,t1_0.region,t1_0.result from transactions t1_0 where t1_0.number=? and t1_0.date between ? and ?
?[0m?[0;34mHibernate: select t1_0.id from limits t1_0 where t1_0.type=? fetch first ? rows only
?[0m?[0;34mHibernate: select t1_0.id,t1_0.max_value,t1_0.type from limits t1_0 where t1_0.type=?
?[0m?[0;34mHibernate: select t1_0.id from limits t1_0 where t1_0.type=? fetch first ? rows only
?[0m?[0;34mHibernate: select t1_0.id,t1_0.max_value,t1_0.type from limits t1_0 where t1_0.type=?
?[0m?[0;34mHibernate: select s1_0.id from stolen_cards s1_0 where s1_0.number=? fetch first ? rows only
?[0m?[0;34mHibernate: select s1_0.id from suspicious_IPs s1_0 where s1_0.ip=? fetch first ? rows only
?[0m?[0;34mHibernate: select t1_0.id,t1_0.amount,t1_0.date,t1_0.feedback,t1_0.ip,t1_0.number,t1_0.region,t1_0.result from transactions t1_0 where t1_0.number=? and t1_0.date between ? and ?
?[0m?[0;34mHibernate: select t1_0.id,t1_0.amount,t1_0.date,t1_0.feedback,t1_0.ip,t1_0.number,t1_0.region,t1_0.result from transactions t1_0 where t1_0.number=? and t1_0.date between ? and ?
?[0m?[0;34mHibernate: select t1_0.id from limits t1_0 where t1_0.type=? fetch first ? rows only
?[0m?[0;34mHibernate: select t1_0.id,t1_0.max_value,t1_0.type from limits t1_0 where t1_0.type=?
?[0m?[0;34mHibernate: select t1_0.id from limits t1_0 where t1_0.type=? fetch first ? rows only
?[0m?[0;34mHibernate: select t1_0.id,t1_0.max_value,t1_0.type from limits t1_0 where t1_0.type=?
?[0m?[0;34mHibernate: select s1_0.id from stolen_cards s1_0 where s1_0.number=? fetch first ? rows only
?[0m?[0;34mHibernate: select s1_0.id from suspicious_IPs s1_0 where s1_0.ip=? fetch first ? rows only
?[0m?[0;34mHibernate: select t1_0.id,t1_0.amount,t1_0.date,t1_0.feedback,t1_0.ip,t1_0.number,t1_0.region,t1_0.result from transactions t1_0 where t1_0.number=? and t1_0.date between ? and ?
?[0m?[0;34mHibernate: select t1_0.id,t1_0.amount,t1_0.date,t1_0.feedback,t1_0.ip,t1_0.number,t1_0.region,t1_0.result from transactions t1_0 where t1_0.number=? and t1_0.date between ? and ?
?[0m?[0;34mHibernate: select t1_0.id from limits t1_0 where t1_0.type=? fetch first ? rows only
?[0m?[0;34mHibernate: select t1_0.id,t1_0.max_value,t1_0.type from limits t1_0 where t1_0.type=?
?[0m?[0;34mHibernate: select t1_0.id from limits t1_0 where t1_0.type=? fetch first ? rows only
?[0m?[0;34mHibernate: select t1_0.id,t1_0.max_value,t1_0.type from limits t1_0 where t1_0.type=?
?[0m?[0;34mHibernate: select s1_0.id from stolen_cards s1_0 where s1_0.number=? fetch first ? rows only
?[0m?[0;34mHibernate: select s1_0.id from suspicious_IPs s1_0 where s1_0.ip=? fetch first ? rows only
?[0m?[0;34mHibernate: select t1_0.id,t1_0.amount,t1_0.date,t1_0.feedback,t1_0.ip,t1_0.number,t1_0.region,t1_0.result from transactions t1_0 where t1_0.number=? and t1_0.date between ? and ?
?[0m?[0;34mHibernate: select t1_0.id,t1_0.amount,t1_0.date,t1_0.feedback,t1_0.ip,t1_0.number,t1_0.region,t1_0.result from transactions t1_0 where t1_0.number=? and t1_0.date between ? and ?
?[0m?[0;34mHibernate: select t1_0.id from limits t1_0 where t1_0.type=? fetch first ? rows only
?[0m?[0;34mHibernate: select t1_0.id,t1_0.max_value,t1_0.type from limits t1_0 where t1_0.type=?
?[0m?[0;34mHibernate: select t1_0.id from limits t1_0 where t1_0.type=? fetch first ? rows only
?[0m?[0;34mHibernate: select t1_0.id,t1_0.max_value,t1_0.type from limits t1_0 where t1_0.type=?
?[0m?[0;34mHibernate: select s1_0.id from stolen_cards s1_0 where s1_0.number=? fetch first ? rows only
?[0m?[0;34mHibernate: select s1_0.id from suspicious_IPs s1_0 where s1_0.ip=? fetch first ? rows only
?[0m?[0;34mHibernate: select t1_0.id,t1_0.amount,t1_0.date,t1_0.feedback,t1_0.ip,t1_0.number,t1_0.region,t1_0.result from transactions t1_0 where t1_0.number=? and t1_0.date between ? and ?
?[0m?[0;34mHibernate: select t1_0.id,t1_0.amount,t1_0.date,t1_0.feedback,t1_0.ip,t1_0.number,t1_0.region,t1_0.result from transactions t1_0 where t1_0.number=? and t1_0.date between ? and ?
?[0m?[0;34mHibernate: select t1_0.id from limits t1_0 where t1_0.type=? fetch first ? rows only
?[0m?[0;34mHibernate: select t1_0.id,t1_0.max_value,t1_0.type from limits t1_0 where t1_0.type=?
?[0m?[0;34mHibernate: select t1_0.id from limits t1_0 where t1_0.type=? fetch first ? rows only
?[0m?[0;34mHibernate: select t1_0.id,t1_0.max_value,t1_0.type from limits t1_0 where t1_0.type=?
?[0m?[0;34mHibernate: select s1_0.id from stolen_cards s1_0 where s1_0.number=? fetch first ? rows only
?[0m?[0;34mHibernate: select s1_0.id from suspicious_IPs s1_0 where s1_0.ip=? fetch first ? rows only
?[0m?[0;34mHibernate: select t1_0.id,t1_0.amount,t1_0.date,t1_0.feedback,t1_0.ip,t1_0.number,t1_0.region,t1_0.result from transactions t1_0 where t1_0.number=? and t1_0.date between ? and ?
?[0m?[0;34mHibernate: select t1_0.id,t1_0.amount,t1_0.date,t1_0.feedback,t1_0.ip,t1_0.number,t1_0.region,t1_0.result from transactions t1_0 where t1_0.number=? and t1_0.date between ? and ?
?[0m?[0;34mHibernate: select t1_0.id from limits t1_0 where t1_0.type=? fetch first ? rows only
?[0m?[0;34mHibernate: select t1_0.id,t1_0.max_value,t1_0.type from limits t1_0 where t1_0.type=?
?[0m?[0;34mHibernate: select t1_0.id from limits t1_0 where t1_0.type=? fetch first ? rows only
?[0m?[0;34mHibernate: select t1_0.id,t1_0.max_value,t1_0.type from limits t1_0 where t1_0.type=?
?[0m?[0;34mHibernate: select s1_0.id from stolen_cards s1_0 where s1_0.number=? fetch first ? rows only
?[0m?[0;34mHibernate: select s1_0.id from suspicious_IPs s1_0 where s1_0.ip=? fetch first ? rows only
?[0m?[0;34mHibernate: select t1_0.id,t1_0.amount,t1_0.date,t1_0.feedback,t1_0.ip,t1_0.number,t1_0.region,t1_0.result from transactions t1_0 where t1_0.number=? and t1_0.date between ? and ?
?[0m?[0;34mHibernate: select t1_0.id,t1_0.amount,t1_0.date,t1_0.feedback,t1_0.ip,t1_0.number,t1_0.region,t1_0.result from transactions t1_0 where t1_0.number=? and t1_0.date between ? and ?
?[0m?[0;34mHibernate: select t1_0.id from limits t1_0 where t1_0.type=? fetch first ? rows only
?[0m?[0;34mHibernate: select t1_0.id,t1_0.max_value,t1_0.type from limits t1_0 where t1_0.type=?
?[0m?[0;34mHibernate: select t1_0.id from limits t1_0 where t1_0.type=? fetch first ? rows only
?[0m?[0;34mHibernate: select t1_0.id,t1_0.max_value,t1_0.type from limits t1_0 where t1_0.type=?
?[0m?[0;34mHibernate: select s1_0.id from stolen_cards s1_0 where s1_0.number=? fetch first ? rows only
?[0m?[0;34mHibernate: select s1_0.id from suspicious_IPs s1_0 where s1_0.ip=? fetch first ? rows only
?[0m?[0;34mHibernate: select t1_0.id,t1_0.amount,t1_0.date,t1_0.feedback,t1_0.ip,t1_0.number,t1_0.region,t1_0.result from transactions t1_0 where t1_0.number=? and t1_0.date between ? and ?
?[0m?[0;34mHibernate: select t1_0.id,t1_0.amount,t1_0.date,t1_0.feedback,t1_0.ip,t1_0.number,t1_0.region,t1_0.result from transactions t1_0 where t1_0.number=? and t1_0.date between ? and ?
?[0m?[0;34mHibernate: insert into transactions (amount, date, feedback, ip, number, region, result, id) values (?, ?, ?, ?, ?, ?, ?, ?)
?[0m?[1;31m
Start test 152?[0m
?[0;34mTest case
?[0m?[0;34mTesting api: '/api/antifraud/transaction'
?[0m?[0;34mExpectations: 'PROHIBITED'
?[0m?[0;34m-----
?[0m?[0;34mHibernate: select u1_0.id,u1_0.locked,u1_0.name,u1_0.password,u1_0.role,u1_0.username from users u1_0 where upper(u1_0.username)=upper(?)
?[0m?[0;34mHibernate: select t1_0.id from limits t1_0 where t1_0.type=? fetch first ? rows only
?[0m?[0;34mHibernate: select t1_0.id,t1_0.max_value,t1_0.type from limits t1_0 where t1_0.type=?
?[0m?[0;34mHibernate: select t1_0.id from limits t1_0 where t1_0.type=? fetch first ? rows only
?[0m?[0;34mHibernate: select t1_0.id,t1_0.max_value,t1_0.type from limits t1_0 where t1_0.type=?
?[0m?[0;34mHibernate: select s1_0.id from stolen_cards s1_0 where s1_0.number=? fetch first ? rows only
?[0m?[0;34mHibernate: select s1_0.id from suspicious_IPs s1_0 where s1_0.ip=? fetch first ? rows only
?[0m?[0;34mHibernate: select t1_0.id,t1_0.amount,t1_0.date,t1_0.feedback,t1_0.ip,t1_0.number,t1_0.region,t1_0.result from transactions t1_0 where t1_0.number=? and t1_0.date between ? and ?
?[0m?[0;34mHibernate: select t1_0.id,t1_0.amount,t1_0.date,t1_0.feedback,t1_0.ip,t1_0.number,t1_0.region,t1_0.result from transactions t1_0 where t1_0.number=? and t1_0.date between ? and ?
?[0m?[0;34mHibernate: select t1_0.id from limits t1_0 where t1_0.type=? fetch first ? rows only
?[0m?[0;34mHibernate: select t1_0.id,t1_0.max_value,t1_0.type from limits t1_0 where t1_0.type=?
?[0m?[0;34mHibernate: select t1_0.id from limits t1_0 where t1_0.type=? fetch first ? rows only
?[0m?[0;34mHibernate: select t1_0.id,t1_0.max_value,t1_0.type from limits t1_0 where t1_0.type=?
?[0m?[0;34mHibernate: select s1_0.id from stolen_cards s1_0 where s1_0.number=? fetch first ? rows only
?[0m?[0;34mHibernate: select s1_0.id from suspicious_IPs s1_0 where s1_0.ip=? fetch first ? rows only
?[0m?[0;34mHibernate: select t1_0.id,t1_0.amount,t1_0.date,t1_0.feedback,t1_0.ip,t1_0.number,t1_0.region,t1_0.result from transactions t1_0 where t1_0.number=? and t1_0.date between ? and ?
?[0m?[0;34mHibernate: select t1_0.id,t1_0.amount,t1_0.date,t1_0.feedback,t1_0.ip,t1_0.number,t1_0.region,t1_0.result from transactions t1_0 where t1_0.number=? and t1_0.date between ? and ?
?[0m?[0;34mHibernate: select t1_0.id from limits t1_0 where t1_0.type=? fetch first ? rows only
?[0m?[0;34mHibernate: select t1_0.id,t1_0.max_value,t1_0.type from limits t1_0 where t1_0.type=?
?[0m?[0;34mHibernate: select t1_0.id from limits t1_0 where t1_0.type=? fetch first ? rows only
?[0m?[0;34mHibernate: select t1_0.id,t1_0.max_value,t1_0.type from limits t1_0 where t1_0.type=?
?[0m?[0;34mHibernate: select s1_0.id from stolen_cards s1_0 where s1_0.number=? fetch first ? rows only
?[0m?[0;34mHibernate: select s1_0.id from suspicious_IPs s1_0 where s1_0.ip=? fetch first ? rows only
?[0m?[0;34mHibernate: select t1_0.id,t1_0.amount,t1_0.date,t1_0.feedback,t1_0.ip,t1_0.number,t1_0.region,t1_0.result from transactions t1_0 where t1_0.number=? and t1_0.date between ? and ?
?[0m?[0;34mHibernate: select t1_0.id,t1_0.amount,t1_0.date,t1_0.feedback,t1_0.ip,t1_0.number,t1_0.region,t1_0.result from transactions t1_0 where t1_0.number=? and t1_0.date between ? and ?
?[0m?[0;34mHibernate: select t1_0.id from limits t1_0 where t1_0.type=? fetch first ? rows only
?[0m?[0;34mHibernate: select t1_0.id,t1_0.max_value,t1_0.type from limits t1_0 where t1_0.type=?
?[0m?[0;34mHibernate: select t1_0.id from limits t1_0 where t1_0.type=? fetch first ? rows only
?[0m?[0;34mHibernate: select t1_0.id,t1_0.max_value,t1_0.type from limits t1_0 where t1_0.type=?
?[0m?[0;34mHibernate: select s1_0.id from stolen_cards s1_0 where s1_0.number=? fetch first ? rows only
?[0m?[0;34mHibernate: select s1_0.id from suspicious_IPs s1_0 where s1_0.ip=? fetch first ? rows only
?[0m?[0;34mHibernate: select t1_0.id,t1_0.amount,t1_0.date,t1_0.feedback,t1_0.ip,t1_0.number,t1_0.region,t1_0.result from transactions t1_0 where t1_0.number=? and t1_0.date between ? and ?
?[0m?[0;34mHibernate: select t1_0.id,t1_0.amount,t1_0.date,t1_0.feedback,t1_0.ip,t1_0.number,t1_0.region,t1_0.result from transactions t1_0 where t1_0.number=? and t1_0.date between ? and ?
?[0m?[0;34mHibernate: select t1_0.id from limits t1_0 where t1_0.type=? fetch first ? rows only
?[0m?[0;34mHibernate: select t1_0.id,t1_0.max_value,t1_0.type from limits t1_0 where t1_0.type=?
?[0m?[0;34mHibernate: select t1_0.id from limits t1_0 where t1_0.type=? fetch first ? rows only
?[0m?[0;34mHibernate: select t1_0.id,t1_0.max_value,t1_0.type from limits t1_0 where t1_0.type=?
?[0m?[0;34mHibernate: select s1_0.id from stolen_cards s1_0 where s1_0.number=? fetch first ? rows only
?[0m?[0;34mHibernate: select s1_0.id from suspicious_IPs s1_0 where s1_0.ip=? fetch first ? rows only
?[0m?[0;34mHibernate: select t1_0.id,t1_0.amount,t1_0.date,t1_0.feedback,t1_0.ip,t1_0.number,t1_0.region,t1_0.result from transactions t1_0 where t1_0.number=? and t1_0.date between ? and ?
?[0m?[0;34mHibernate: select t1_0.id,t1_0.amount,t1_0.date,t1_0.feedback,t1_0.ip,t1_0.number,t1_0.region,t1_0.result from transactions t1_0 where t1_0.number=? and t1_0.date between ? and ?
?[0m?[0;34mHibernate: select t1_0.id from limits t1_0 where t1_0.type=? fetch first ? rows only
?[0m?[0;34mHibernate: select t1_0.id,t1_0.max_value,t1_0.type from limits t1_0 where t1_0.type=?
?[0m?[0;34mHibernate: select t1_0.id from limits t1_0 where t1_0.type=? fetch first ? rows only
?[0m?[0;34mHibernate: select t1_0.id,t1_0.max_value,t1_0.type from limits t1_0 where t1_0.type=?
?[0m?[0;34mHibernate: select s1_0.id from stolen_cards s1_0 where s1_0.number=? fetch first ? rows only
?[0m?[0;34mHibernate: select s1_0.id from suspicious_IPs s1_0 where s1_0.ip=? fetch first ? rows only
?[0m?[0;34mHibernate: select t1_0.id,t1_0.amount,t1_0.date,t1_0.feedback,t1_0.ip,t1_0.number,t1_0.region,t1_0.result from transactions t1_0 where t1_0.number=? and t1_0.date between ? and ?
?[0m?[0;34mHibernate: select t1_0.id,t1_0.amount,t1_0.date,t1_0.feedback,t1_0.ip,t1_0.number,t1_0.region,t1_0.result from transactions t1_0 where t1_0.number=? and t1_0.date between ? and ?
?[0m?[0;34mHibernate: select t1_0.id from limits t1_0 where t1_0.type=? fetch first ? rows only
?[0m?[0;34mHibernate: select t1_0.id,t1_0.max_value,t1_0.type from limits t1_0 where t1_0.type=?
?[0m?[0;34mHibernate: select t1_0.id from limits t1_0 where t1_0.type=? fetch first ? rows only
?[0m?[0;34mHibernate: select t1_0.id,t1_0.max_value,t1_0.type from limits t1_0 where t1_0.type=?
?[0m?[0;34mHibernate: select s1_0.id from stolen_cards s1_0 where s1_0.number=? fetch first ? rows only
?[0m?[0;34mHibernate: select s1_0.id from suspicious_IPs s1_0 where s1_0.ip=? fetch first ? rows only
?[0m?[0;34mHibernate: select t1_0.id,t1_0.amount,t1_0.date,t1_0.feedback,t1_0.ip,t1_0.number,t1_0.region,t1_0.result from transactions t1_0 where t1_0.number=? and t1_0.date between ? and ?
?[0m?[0;34mHibernate: select t1_0.id,t1_0.amount,t1_0.date,t1_0.feedback,t1_0.ip,t1_0.number,t1_0.region,t1_0.result from transactions t1_0 where t1_0.number=? and t1_0.date between ? and ?
?[0m?[0;34mHibernate: select t1_0.id from limits t1_0 where t1_0.type=? fetch first ? rows only
?[0m?[0;34mHibernate: select t1_0.id,t1_0.max_value,t1_0.type from limits t1_0 where t1_0.type=?
?[0m?[0;34mHibernate: select t1_0.id from limits t1_0 where t1_0.type=? fetch first ? rows only
?[0m?[0;34mHibernate: select t1_0.id,t1_0.max_value,t1_0.type from limits t1_0 where t1_0.type=?
?[0m?[0;34mHibernate: select s1_0.id from stolen_cards s1_0 where s1_0.number=? fetch first ? rows only
?[0m?[0;34mHibernate: select s1_0.id from suspicious_IPs s1_0 where s1_0.ip=? fetch first ? rows only
?[0m?[0;34mHibernate: select t1_0.id,t1_0.amount,t1_0.date,t1_0.feedback,t1_0.ip,t1_0.number,t1_0.region,t1_0.result from transactions t1_0 where t1_0.number=? and t1_0.date between ? and ?
?[0m?[0;34mHibernate: select t1_0.id,t1_0.amount,t1_0.date,t1_0.feedback,t1_0.ip,t1_0.number,t1_0.region,t1_0.result from transactions t1_0 where t1_0.number=? and t1_0.date between ? and ?
?[0m?[0;34mHibernate: select t1_0.id from limits t1_0 where t1_0.type=? fetch first ? rows only
?[0m?[0;34mHibernate: select t1_0.id,t1_0.max_value,t1_0.type from limits t1_0 where t1_0.type=?
?[0m?[0;34mHibernate: select t1_0.id from limits t1_0 where t1_0.type=? fetch first ? rows only
?[0m?[0;34mHibernate: select t1_0.id,t1_0.max_value,t1_0.type from limits t1_0 where t1_0.type=?
?[0m?[0;34mHibernate: select s1_0.id from stolen_cards s1_0 where s1_0.number=? fetch first ? rows only
?[0m?[0;34mHibernate: select s1_0.id from suspicious_IPs s1_0 where s1_0.ip=? fetch first ? rows only
?[0m?[0;34mHibernate: select t1_0.id,t1_0.amount,t1_0.date,t1_0.feedback,t1_0.ip,t1_0.number,t1_0.region,t1_0.result from transactions t1_0 where t1_0.number=? and t1_0.date between ? and ?
?[0m?[0;34mHibernate: select t1_0.id,t1_0.amount,t1_0.date,t1_0.feedback,t1_0.ip,t1_0.number,t1_0.region,t1_0.result from transactions t1_0 where t1_0.number=? and t1_0.date between ? and ?
?[0m?[0;34mHibernate: select t1_0.id from limits t1_0 where t1_0.type=? fetch first ? rows only
?[0m?[0;34mHibernate: select t1_0.id,t1_0.max_value,t1_0.type from limits t1_0 where t1_0.type=?
?[0m?[0;34mHibernate: select t1_0.id from limits t1_0 where t1_0.type=? fetch first ? rows only
?[0m?[0;34mHibernate: select t1_0.id,t1_0.max_value,t1_0.type from limits t1_0 where t1_0.type=?
?[0m?[0;34mHibernate: select s1_0.id from stolen_cards s1_0 where s1_0.number=? fetch first ? rows only
?[0m?[0;34mHibernate: select s1_0.id from suspicious_IPs s1_0 where s1_0.ip=? fetch first ? rows only
?[0m?[0;34mHibernate: select t1_0.id,t1_0.amount,t1_0.date,t1_0.feedback,t1_0.ip,t1_0.number,t1_0.region,t1_0.result from transactions t1_0 where t1_0.number=? and t1_0.date between ? and ?
?[0m?[0;34mHibernate: select t1_0.id,t1_0.amount,t1_0.date,t1_0.feedback,t1_0.ip,t1_0.number,t1_0.region,t1_0.result from transactions t1_0 where t1_0.number=? and t1_0.date between ? and ?
?[0m?[0;34mHibernate: select t1_0.id from limits t1_0 where t1_0.type=? fetch first ? rows only
?[0m?[0;34mHibernate: select t1_0.id,t1_0.max_value,t1_0.type from limits t1_0 where t1_0.type=?
?[0m?[0;34mHibernate: select t1_0.id from limits t1_0 where t1_0.type=? fetch first ? rows only
?[0m?[0;34mHibernate: select t1_0.id,t1_0.max_value,t1_0.type from limits t1_0 where t1_0.type=?
?[0m?[0;34mHibernate: select s1_0.id from stolen_cards s1_0 where s1_0.number=? fetch first ? rows only
?[0m?[0;34mHibernate: select s1_0.id from suspicious_IPs s1_0 where s1_0.ip=? fetch first ? rows only
?[0m?[0;34mHibernate: select t1_0.id,t1_0.amount,t1_0.date,t1_0.feedback,t1_0.ip,t1_0.number,t1_0.region,t1_0.result from transactions t1_0 where t1_0.number=? and t1_0.date between ? and ?
?[0m?[0;34mHibernate: select t1_0.id,t1_0.amount,t1_0.date,t1_0.feedback,t1_0.ip,t1_0.number,t1_0.region,t1_0.result from transactions t1_0 where t1_0.number=? and t1_0.date between ? and ?
?[0m?[0;34mHibernate: select t1_0.id from limits t1_0 where t1_0.type=? fetch first ? rows only
?[0m?[0;34mHibernate: select t1_0.id,t1_0.max_value,t1_0.type from limits t1_0 where t1_0.type=?
?[0m?[0;34mHibernate: select t1_0.id from limits t1_0 where t1_0.type=? fetch first ? rows only
?[0m?[0;34mHibernate: select t1_0.id,t1_0.max_value,t1_0.type from limits t1_0 where t1_0.type=?
?[0m?[0;34mHibernate: select s1_0.id from stolen_cards s1_0 where s1_0.number=? fetch first ? rows only
?[0m?[0;34mHibernate: select s1_0.id from suspicious_IPs s1_0 where s1_0.ip=? fetch first ? rows only
?[0m?[0;34mHibernate: select t1_0.id,t1_0.amount,t1_0.date,t1_0.feedback,t1_0.ip,t1_0.number,t1_0.region,t1_0.result from transactions t1_0 where t1_0.number=? and t1_0.date between ? and ?
?[0m?[0;34mHibernate: select t1_0.id,t1_0.amount,t1_0.date,t1_0.feedback,t1_0.ip,t1_0.number,t1_0.region,t1_0.result from transactions t1_0 where t1_0.number=? and t1_0.date between ? and ?
?[0m?[0;34mHibernate: select t1_0.id from limits t1_0 where t1_0.type=? fetch first ? rows only
?[0m?[0;34mHibernate: select t1_0.id,t1_0.max_value,t1_0.type from limits t1_0 where t1_0.type=?
?[0m?[0;34mHibernate: select t1_0.id from limits t1_0 where t1_0.type=? fetch first ? rows only
?[0m?[0;34mHibernate: select t1_0.id,t1_0.max_value,t1_0.type from limits t1_0 where t1_0.type=?
?[0m?[0;34mHibernate: select s1_0.id from stolen_cards s1_0 where s1_0.number=? fetch first ? rows only
?[0m?[0;34mHibernate: select s1_0.id from suspicious_IPs s1_0 where s1_0.ip=? fetch first ? rows only
?[0m?[0;34mHibernate: select t1_0.id,t1_0.amount,t1_0.date,t1_0.feedback,t1_0.ip,t1_0.number,t1_0.region,t1_0.result from transactions t1_0 where t1_0.number=? and t1_0.date between ? and ?
?[0m?[0;34mHibernate: select t1_0.id,t1_0.amount,t1_0.date,t1_0.feedback,t1_0.ip,t1_0.number,t1_0.region,t1_0.result from transactions t1_0 where t1_0.number=? and t1_0.date between ? and ?
?[0m?[0;34mHibernate: insert into transactions (amount, date, feedback, ip, number, region, result, id) values (?, ?, ?, ?, ?, ?, ?, ?)
?[0m?[1;31m
Start test 153?[0m
?[0;34mTest case
?[0m?[0;34mTesting api: '/api/antifraud/transaction'
?[0m?[0;34mExpectations: 'The limits of transaction validation updated.Endpoint responds with the HTTP OK status (200)'
?[0m?[0;34m-----
?[0m?[0;34mHibernate: select u1_0.id,u1_0.locked,u1_0.name,u1_0.password,u1_0.role,u1_0.username from users u1_0 where upper(u1_0.username)=upper(?)
?[0m?[0;34mHibernate: select t1_0.id,t1_0.amount,t1_0.date,t1_0.feedback,t1_0.ip,t1_0.number,t1_0.region,t1_0.result from transactions t1_0
?[0m?[0;34mHibernate: select u1_0.id,u1_0.locked,u1_0.name,u1_0.password,u1_0.role,u1_0.username from users u1_0 where upper(u1_0.username)=upper(?)
?[0m?[0;34mHibernate: select count(*) from transactions t1_0 where t1_0.id=?
?[0m?[0;34mHibernate: select t1_0.id,t1_0.amount,t1_0.date,t1_0.feedback,t1_0.ip,t1_0.number,t1_0.region,t1_0.result from transactions t1_0 where t1_0.id=?
?[0m?[0;34mHibernate: update transactions set amount=?, date=?, feedback=?, ip=?, number=?, region=?, result=? where id=?
?[0m?[0;34mHibernate: select t1_0.id,t1_0.max_value,t1_0.type from limits t1_0
?[0m?[0;34mHibernate: select t1_0.id,t1_0.max_value,t1_0.type from limits t1_0 where t1_0.type=?
?[0m?[0;34mHibernate: update limits set max_value=?, type=? where id=?
?[0m?[1;31m
Start test 154?[0m
?[0;34mTest case
?[0m?[0;34mTesting api: '/api/antifraud/transaction'
?[0m?[0;34mExpectations: 'Limits must be updated to: Allow = 290, Manual = 930. Transaction must be MANUAL_PROCESSING'
?[0m?[0;34m-----
?[0m?[0;34mHibernate: select u1_0.id,u1_0.locked,u1_0.name,u1_0.password,u1_0.role,u1_0.username from users u1_0 where upper(u1_0.username)=upper(?)
?[0m?[0;34mHibernate: select t1_0.id from limits t1_0 where t1_0.type=? fetch first ? rows only
?[0m?[0;34mHibernate: select t1_0.id,t1_0.max_value,t1_0.type from limits t1_0 where t1_0.type=?
?[0m?[0;34mHibernate: select t1_0.id from limits t1_0 where t1_0.type=? fetch first ? rows only
?[0m?[0;34mHibernate: select t1_0.id,t1_0.max_value,t1_0.type from limits t1_0 where t1_0.type=?
?[0m?[0;34mHibernate: select s1_0.id from stolen_cards s1_0 where s1_0.number=? fetch first ? rows only
?[0m?[0;34mHibernate: select s1_0.id from suspicious_IPs s1_0 where s1_0.ip=? fetch first ? rows only
?[0m?[0;34mHibernate: select t1_0.id,t1_0.amount,t1_0.date,t1_0.feedback,t1_0.ip,t1_0.number,t1_0.region,t1_0.result from transactions t1_0 where t1_0.number=? and t1_0.date between ? and ?
?[0m?[0;34mHibernate: select t1_0.id,t1_0.amount,t1_0.date,t1_0.feedback,t1_0.ip,t1_0.number,t1_0.region,t1_0.result from transactions t1_0 where t1_0.number=? and t1_0.date between ? and ?
?[0m?[0;34mHibernate: select t1_0.id from limits t1_0 where t1_0.type=? fetch first ? rows only
?[0m?[0;34mHibernate: select t1_0.id,t1_0.max_value,t1_0.type from limits t1_0 where t1_0.type=?
?[0m?[0;34mHibernate: select t1_0.id from limits t1_0 where t1_0.type=? fetch first ? rows only
?[0m?[0;34mHibernate: select t1_0.id,t1_0.max_value,t1_0.type from limits t1_0 where t1_0.type=?
?[0m?[0;34mHibernate: select s1_0.id from stolen_cards s1_0 where s1_0.number=? fetch first ? rows only
?[0m?[0;34mHibernate: select s1_0.id from suspicious_IPs s1_0 where s1_0.ip=? fetch first ? rows only
?[0m?[0;34mHibernate: select t1_0.id,t1_0.amount,t1_0.date,t1_0.feedback,t1_0.ip,t1_0.number,t1_0.region,t1_0.result from transactions t1_0 where t1_0.number=? and t1_0.date between ? and ?
?[0m?[0;34mHibernate: select t1_0.id,t1_0.amount,t1_0.date,t1_0.feedback,t1_0.ip,t1_0.number,t1_0.region,t1_0.result from transactions t1_0 where t1_0.number=? and t1_0.date between ? and ?
?[0m?[0;34mHibernate: select t1_0.id from limits t1_0 where t1_0.type=? fetch first ? rows only
?[0m?[0;34mHibernate: select t1_0.id,t1_0.max_value,t1_0.type from limits t1_0 where t1_0.type=?
?[0m?[0;34mHibernate: select t1_0.id from limits t1_0 where t1_0.type=? fetch first ? rows only
?[0m?[0;34mHibernate: select t1_0.id,t1_0.max_value,t1_0.type from limits t1_0 where t1_0.type=?
?[0m?[0;34mHibernate: select s1_0.id from stolen_cards s1_0 where s1_0.number=? fetch first ? rows only
?[0m?[0;34mHibernate: select s1_0.id from suspicious_IPs s1_0 where s1_0.ip=? fetch first ? rows only
?[0m?[0;34mHibernate: select t1_0.id,t1_0.amount,t1_0.date,t1_0.feedback,t1_0.ip,t1_0.number,t1_0.region,t1_0.result from transactions t1_0 where t1_0.number=? and t1_0.date between ? and ?
?[0m?[0;34mHibernate: select t1_0.id,t1_0.amount,t1_0.date,t1_0.feedback,t1_0.ip,t1_0.number,t1_0.region,t1_0.result from transactions t1_0 where t1_0.number=? and t1_0.date between ? and ?
?[0m?[0;34mHibernate: select t1_0.id from limits t1_0 where t1_0.type=? fetch first ? rows only
?[0m?[0;34mHibernate: select t1_0.id,t1_0.max_value,t1_0.type from limits t1_0 where t1_0.type=?
?[0m?[0;34mHibernate: select t1_0.id from limits t1_0 where t1_0.type=? fetch first ? rows only
?[0m?[0;34mHibernate: select t1_0.id,t1_0.max_value,t1_0.type from limits t1_0 where t1_0.type=?
?[0m?[0;34mHibernate: select s1_0.id from stolen_cards s1_0 where s1_0.number=? fetch first ? rows only
?[0m?[0;34mHibernate: select s1_0.id from suspicious_IPs s1_0 where s1_0.ip=? fetch first ? rows only
?[0m?[0;34mHibernate: select t1_0.id,t1_0.amount,t1_0.date,t1_0.feedback,t1_0.ip,t1_0.number,t1_0.region,t1_0.result from transactions t1_0 where t1_0.number=? and t1_0.date between ? and ?
?[0m?[0;34mHibernate: select t1_0.id,t1_0.amount,t1_0.date,t1_0.feedback,t1_0.ip,t1_0.number,t1_0.region,t1_0.result from transactions t1_0 where t1_0.number=? and t1_0.date between ? and ?
?[0m?[0;34mHibernate: select t1_0.id from limits t1_0 where t1_0.type=? fetch first ? rows only
?[0m?[0;34mHibernate: select t1_0.id,t1_0.max_value,t1_0.type from limits t1_0 where t1_0.type=?
?[0m?[0;34mHibernate: select t1_0.id from limits t1_0 where t1_0.type=? fetch first ? rows only
?[0m?[0;34mHibernate: select t1_0.id,t1_0.max_value,t1_0.type from limits t1_0 where t1_0.type=?
?[0m?[0;34mHibernate: select s1_0.id from stolen_cards s1_0 where s1_0.number=? fetch first ? rows only
?[0m?[0;34mHibernate: select s1_0.id from suspicious_IPs s1_0 where s1_0.ip=? fetch first ? rows only
?[0m?[0;34mHibernate: select t1_0.id,t1_0.amount,t1_0.date,t1_0.feedback,t1_0.ip,t1_0.number,t1_0.region,t1_0.result from transactions t1_0 where t1_0.number=? and t1_0.date between ? and ?
?[0m?[0;34mHibernate: select t1_0.id,t1_0.amount,t1_0.date,t1_0.feedback,t1_0.ip,t1_0.number,t1_0.region,t1_0.result from transactions t1_0 where t1_0.number=? and t1_0.date between ? and ?
?[0m?[0;34mHibernate: select t1_0.id from limits t1_0 where t1_0.type=? fetch first ? rows only
?[0m?[0;34mHibernate: select t1_0.id,t1_0.max_value,t1_0.type from limits t1_0 where t1_0.type=?
?[0m?[0;34mHibernate: select t1_0.id from limits t1_0 where t1_0.type=? fetch first ? rows only
?[0m?[0;34mHibernate: select t1_0.id,t1_0.max_value,t1_0.type from limits t1_0 where t1_0.type=?
?[0m?[0;34mHibernate: select s1_0.id from stolen_cards s1_0 where s1_0.number=? fetch first ? rows only
?[0m?[0;34mHibernate: select s1_0.id from suspicious_IPs s1_0 where s1_0.ip=? fetch first ? rows only
?[0m?[0;34mHibernate: select t1_0.id,t1_0.amount,t1_0.date,t1_0.feedback,t1_0.ip,t1_0.number,t1_0.region,t1_0.result from transactions t1_0 where t1_0.number=? and t1_0.date between ? and ?
?[0m?[0;34mHibernate: select t1_0.id,t1_0.amount,t1_0.date,t1_0.feedback,t1_0.ip,t1_0.number,t1_0.region,t1_0.result from transactions t1_0 where t1_0.number=? and t1_0.date between ? and ?
?[0m?[0;34mHibernate: select t1_0.id from limits t1_0 where t1_0.type=? fetch first ? rows only
?[0m?[0;34mHibernate: select t1_0.id,t1_0.max_value,t1_0.type from limits t1_0 where t1_0.type=?
?[0m?[0;34mHibernate: select t1_0.id from limits t1_0 where t1_0.type=? fetch first ? rows only
?[0m?[0;34mHibernate: select t1_0.id,t1_0.max_value,t1_0.type from limits t1_0 where t1_0.type=?
?[0m?[0;34mHibernate: select s1_0.id from stolen_cards s1_0 where s1_0.number=? fetch first ? rows only
?[0m?[0;34mHibernate: select s1_0.id from suspicious_IPs s1_0 where s1_0.ip=? fetch first ? rows only
?[0m?[0;34mHibernate: select t1_0.id,t1_0.amount,t1_0.date,t1_0.feedback,t1_0.ip,t1_0.number,t1_0.region,t1_0.result from transactions t1_0 where t1_0.number=? and t1_0.date between ? and ?
?[0m?[0;34mHibernate: select t1_0.id,t1_0.amount,t1_0.date,t1_0.feedback,t1_0.ip,t1_0.number,t1_0.region,t1_0.result from transactions t1_0 where t1_0.number=? and t1_0.date between ? and ?
?[0m?[0;34mHibernate: select t1_0.id from limits t1_0 where t1_0.type=? fetch first ? rows only
?[0m?[0;34mHibernate: select t1_0.id,t1_0.max_value,t1_0.type from limits t1_0 where t1_0.type=?
?[0m?[0;34mHibernate: select t1_0.id from limits t1_0 where t1_0.type=? fetch first ? rows only
?[0m?[0;34mHibernate: select t1_0.id,t1_0.max_value,t1_0.type from limits t1_0 where t1_0.type=?
?[0m?[0;34mHibernate: select s1_0.id from stolen_cards s1_0 where s1_0.number=? fetch first ? rows only
?[0m?[0;34mHibernate: select s1_0.id from suspicious_IPs s1_0 where s1_0.ip=? fetch first ? rows only
?[0m?[0;34mHibernate: select t1_0.id,t1_0.amount,t1_0.date,t1_0.feedback,t1_0.ip,t1_0.number,t1_0.region,t1_0.result from transactions t1_0 where t1_0.number=? and t1_0.date between ? and ?
?[0m?[0;34mHibernate: select t1_0.id,t1_0.amount,t1_0.date,t1_0.feedback,t1_0.ip,t1_0.number,t1_0.region,t1_0.result from transactions t1_0 where t1_0.number=? and t1_0.date between ? and ?
?[0m?[0;34mHibernate: select t1_0.id from limits t1_0 where t1_0.type=? fetch first ? rows only
?[0m?[0;34mHibernate: select t1_0.id,t1_0.max_value,t1_0.type from limits t1_0 where t1_0.type=?
?[0m?[0;34mHibernate: select t1_0.id from limits t1_0 where t1_0.type=? fetch first ? rows only
?[0m?[0;34mHibernate: select t1_0.id,t1_0.max_value,t1_0.type from limits t1_0 where t1_0.type=?
?[0m?[0;34mHibernate: select s1_0.id from stolen_cards s1_0 where s1_0.number=? fetch first ? rows only
?[0m?[0;34mHibernate: select s1_0.id from suspicious_IPs s1_0 where s1_0.ip=? fetch first ? rows only
?[0m?[0;34mHibernate: select t1_0.id,t1_0.amount,t1_0.date,t1_0.feedback,t1_0.ip,t1_0.number,t1_0.region,t1_0.result from transactions t1_0 where t1_0.number=? and t1_0.date between ? and ?
?[0m?[0;34mHibernate: select t1_0.id,t1_0.amount,t1_0.date,t1_0.feedback,t1_0.ip,t1_0.number,t1_0.region,t1_0.result from transactions t1_0 where t1_0.number=? and t1_0.date between ? and ?
?[0m?[0;34mHibernate: select t1_0.id from limits t1_0 where t1_0.type=? fetch first ? rows only
?[0m?[0;34mHibernate: select t1_0.id,t1_0.max_value,t1_0.type from limits t1_0 where t1_0.type=?
?[0m?[0;34mHibernate: select t1_0.id from limits t1_0 where t1_0.type=? fetch first ? rows only
?[0m?[0;34mHibernate: select t1_0.id,t1_0.max_value,t1_0.type from limits t1_0 where t1_0.type=?
?[0m?[0;34mHibernate: select s1_0.id from stolen_cards s1_0 where s1_0.number=? fetch first ? rows only
?[0m?[0;34mHibernate: select s1_0.id from suspicious_IPs s1_0 where s1_0.ip=? fetch first ? rows only
?[0m?[0;34mHibernate: select t1_0.id,t1_0.amount,t1_0.date,t1_0.feedback,t1_0.ip,t1_0.number,t1_0.region,t1_0.result from transactions t1_0 where t1_0.number=? and t1_0.date between ? and ?
?[0m?[0;34mHibernate: select t1_0.id,t1_0.amount,t1_0.date,t1_0.feedback,t1_0.ip,t1_0.number,t1_0.region,t1_0.result from transactions t1_0 where t1_0.number=? and t1_0.date between ? and ?
?[0m?[0;34mHibernate: select t1_0.id from limits t1_0 where t1_0.type=? fetch first ? rows only
?[0m?[0;34mHibernate: select t1_0.id,t1_0.max_value,t1_0.type from limits t1_0 where t1_0.type=?
?[0m?[0;34mHibernate: select t1_0.id from limits t1_0 where t1_0.type=? fetch first ? rows only
?[0m?[0;34mHibernate: select t1_0.id,t1_0.max_value,t1_0.type from limits t1_0 where t1_0.type=?
?[0m?[0;34mHibernate: select s1_0.id from stolen_cards s1_0 where s1_0.number=? fetch first ? rows only
?[0m?[0;34mHibernate: select s1_0.id from suspicious_IPs s1_0 where s1_0.ip=? fetch first ? rows only
?[0m?[0;34mHibernate: select t1_0.id,t1_0.amount,t1_0.date,t1_0.feedback,t1_0.ip,t1_0.number,t1_0.region,t1_0.result from transactions t1_0 where t1_0.number=? and t1_0.date between ? and ?
?[0m?[0;34mHibernate: select t1_0.id,t1_0.amount,t1_0.date,t1_0.feedback,t1_0.ip,t1_0.number,t1_0.region,t1_0.result from transactions t1_0 where t1_0.number=? and t1_0.date between ? and ?
?[0m?[0;34mHibernate: select t1_0.id from limits t1_0 where t1_0.type=? fetch first ? rows only
?[0m?[0;34mHibernate: select t1_0.id,t1_0.max_value,t1_0.type from limits t1_0 where t1_0.type=?
?[0m?[0;34mHibernate: select t1_0.id from limits t1_0 where t1_0.type=? fetch first ? rows only
?[0m?[0;34mHibernate: select t1_0.id,t1_0.max_value,t1_0.type from limits t1_0 where t1_0.type=?
?[0m?[0;34mHibernate: select s1_0.id from stolen_cards s1_0 where s1_0.number=? fetch first ? rows only
?[0m?[0;34mHibernate: select s1_0.id from suspicious_IPs s1_0 where s1_0.ip=? fetch first ? rows only
?[0m?[0;34mHibernate: select t1_0.id,t1_0.amount,t1_0.date,t1_0.feedback,t1_0.ip,t1_0.number,t1_0.region,t1_0.result from transactions t1_0 where t1_0.number=? and t1_0.date between ? and ?
?[0m?[0;34mHibernate: select t1_0.id,t1_0.amount,t1_0.date,t1_0.feedback,t1_0.ip,t1_0.number,t1_0.region,t1_0.result from transactions t1_0 where t1_0.number=? and t1_0.date between ? and ?
?[0m?[0;34mHibernate: select t1_0.id from limits t1_0 where t1_0.type=? fetch first ? rows only
?[0m?[0;34mHibernate: select t1_0.id,t1_0.max_value,t1_0.type from limits t1_0 where t1_0.type=?
?[0m?[0;34mHibernate: select t1_0.id from limits t1_0 where t1_0.type=? fetch first ? rows only
?[0m?[0;34mHibernate: select t1_0.id,t1_0.max_value,t1_0.type from limits t1_0 where t1_0.type=?
?[0m?[0;34mHibernate: select s1_0.id from stolen_cards s1_0 where s1_0.number=? fetch first ? rows only
?[0m?[0;34mHibernate: select s1_0.id from suspicious_IPs s1_0 where s1_0.ip=? fetch first ? rows only
?[0m?[0;34mHibernate: select t1_0.id,t1_0.amount,t1_0.date,t1_0.feedback,t1_0.ip,t1_0.number,t1_0.region,t1_0.result from transactions t1_0 where t1_0.number=? and t1_0.date between ? and ?
?[0m?[0;34mHibernate: select t1_0.id,t1_0.amount,t1_0.date,t1_0.feedback,t1_0.ip,t1_0.number,t1_0.region,t1_0.result from transactions t1_0 where t1_0.number=? and t1_0.date between ? and ?
?[0m?[0;34mHibernate: insert into transactions (amount, date, feedback, ip, number, region, result, id) values (?, ?, ?, ?, ?, ?, ?, ?)
?[0m?[1;31m
Start test 155?[0m
?[0;34m2023-07-16T14:07:36.013+02:00  INFO 1424 --- [       Thread-7] o.apache.catalina.core.StandardService   : Stopping service [Tomcat]
?[0m?[0;34m2023-07-16T14:07:36.015+02:00  INFO 1424 --- [       Thread-7] o.a.c.c.C.[Tomcat].[localhost].[/]       : Destroying Spring FrameworkServlet 'dispatcherServlet'
?[0m?[0;34m2023-07-16T14:07:36.015+02:00  INFO 1424 --- [       Thread-7] j.LocalContainerEntityManagerFactoryBean : Closing JPA EntityManagerFactory for persistence unit 'default'
?[0m?[0;34m2023-07-16T14:07:36.015+02:00  INFO 1424 --- [       Thread-7] com.zaxxer.hikari.HikariDataSource       : HikariPool-2 - Shutdown initiated...
?[0m?[0;34m2023-07-16T14:07:36.033+02:00  INFO 1424 --- [       Thread-7] com.zaxxer.hikari.HikariDataSource       : HikariPool-2 - Shutdown completed.
?[0;34m
?[0m?[0;34m  .   ____          _            __ _ _
?[0m?[0;34m /\\ / ___'_ __ _ _(_)_ __  __ _ \ \ \ \
?[0m?[0;34m( ( )\___ | '_ | '_| | '_ \/ _` | \ \ \ \
?[0m?[0;34m \\/  ___)| |_)| | | | | || (_| |  ) ) ) )
?[0m?[0;34m  '  |____| .__|_| |_|_| |_\__, | / / / /
?[0m?[0;34m =========|_|==============|___/=/_/_/_/
?[0m?[0;34m :: Spring Boot ::                (v3.0.2)
?[0m?[0;34m
?[0m?[0;34m2023-07-16T14:07:46.308+02:00  INFO 1424 --- [    Test worker] antifraud.AntiFraudApplication           : Starting AntiFraudApplication using Java 17.0.6 with PID 1424 (started by indyr in C:\Users\indyr\IdeaProjects\Anti-Fraud System\Anti-Fraud System\task)
?[0m?[0;34m2023-07-16T14:07:46.309+02:00  INFO 1424 --- [    Test worker] antifraud.AntiFraudApplication           : No active profile set, falling back to 1 default profile: "default"
?[0m?[0;34m2023-07-16T14:07:46.630+02:00  INFO 1424 --- [    Test worker] .s.d.r.c.RepositoryConfigurationDelegate : Bootstrapping Spring Data JPA repositories in DEFAULT mode.
?[0m?[0;34m2023-07-16T14:07:46.646+02:00  INFO 1424 --- [    Test worker] .s.d.r.c.RepositoryConfigurationDelegate : Finished Spring Data repository scanning in 15 ms. Found 5 JPA repository interfaces.
?[0m?[0;34m2023-07-16T14:07:46.731+02:00  INFO 1424 --- [    Test worker] o.s.b.w.embedded.tomcat.TomcatWebServer  : Tomcat initialized with port(s): 8080 (http)
?[0m?[0;34m2023-07-16T14:07:46.733+02:00  INFO 1424 --- [    Test worker] o.apache.catalina.core.StandardService   : Starting service [Tomcat]
?[0m?[0;34m2023-07-16T14:07:46.733+02:00  INFO 1424 --- [    Test worker] o.apache.catalina.core.StandardEngine    : Starting Servlet engine: [Apache Tomcat/10.1.5]
?[0m?[0;34m2023-07-16T14:07:46.759+02:00  INFO 1424 --- [    Test worker] o.a.c.c.C.[Tomcat].[localhost].[/]       : Initializing Spring embedded WebApplicationContext
?[0m?[0;34m2023-07-16T14:07:46.760+02:00  INFO 1424 --- [    Test worker] w.s.c.ServletWebServerApplicationContext : Root WebApplicationContext: initialization completed in 448 ms
?[0m?[0;34m2023-07-16T14:07:46.809+02:00  WARN 1424 --- [    Test worker] .t.u.s.PrivilegedSetAccessControlContext : Unable to set field Thread.inheritedAccessControlContext
?[0m?[0;34m
?[0m?[0;34mjava.lang.IllegalAccessException: class org.apache.tomcat.util.security.PrivilegedSetAccessControlContext cannot access a member of class java.lang.Thread (in module java.base) with modifiers "private"
?[0m?[0;34m	at java.base/jdk.internal.reflect.Reflection.newIllegalAccessException(Reflection.java:392) ~[na:na]
?[0m?[0;34m	at java.base/java.lang.reflect.AccessibleObject.checkAccess(AccessibleObject.java:674) ~[na:na]
?[0m?[0;34m	at java.base/java.lang.reflect.Field.checkAccess(Field.java:1102) ~[na:na]
?[0m?[0;34m	at java.base/java.lang.reflect.Field.set(Field.java:797) ~[na:na]
?[0m?[0;34m	at org.apache.tomcat.util.security.PrivilegedSetAccessControlContext.run(PrivilegedSetAccessControlContext.java:60) ~[tomcat-embed-core-10.1.5.jar:10.1.5]
?[0m?[0;34m	at org.apache.tomcat.util.security.PrivilegedSetAccessControlContext.run(PrivilegedSetAccessControlContext.java:28) ~[tomcat-embed-core-10.1.5.jar:10.1.5]
?[0m?[0;34m	at java.base/java.security.AccessController.doPrivileged(AccessController.java:318) ~[na:na]
?[0m?[0;34m	at org.apache.tomcat.util.threads.TaskThreadFactory.newThread(TaskThreadFactory.java:64) ~[tomcat-embed-core-10.1.5.jar:10.1.5]
?[0m?[0;34m	at java.base/java.util.concurrent.ThreadPoolExecutor$Worker.<init>(ThreadPoolExecutor.java:630) ~[na:na]
?[0m?[0;34m	at java.base/java.util.concurrent.ThreadPoolExecutor.addWorker(ThreadPoolExecutor.java:920) ~[na:na]
?[0m?[0;34m	at java.base/java.util.concurrent.ThreadPoolExecutor.ensurePrestart(ThreadPoolExecutor.java:1593) ~[na:na]
?[0m?[0;34m	at java.base/java.util.concurrent.ScheduledThreadPoolExecutor.delayedExecute(ScheduledThreadPoolExecutor.java:346) ~[na:na]
?[0m?[0;34m	at java.base/java.util.concurrent.ScheduledThreadPoolExecutor.scheduleWithFixedDelay(ScheduledThreadPoolExecutor.java:680) ~[na:na]
?[0m?[0;34m	at org.apache.tomcat.util.threads.ScheduledThreadPoolExecutor.scheduleWithFixedDelay(ScheduledThreadPoolExecutor.java:138) ~[tomcat-embed-core-10.1.5.jar:10.1.5]
?[0m?[0;34m	at org.apache.catalina.core.ContainerBase.startInternal(ContainerBase.java:948) ~[tomcat-embed-core-10.1.5.jar:10.1.5]
?[0m?[0;34m	at org.apache.catalina.core.StandardEngine.startInternal(StandardEngine.java:252) ~[tomcat-embed-core-10.1.5.jar:10.1.5]
?[0m?[0;34m	at org.apache.catalina.util.LifecycleBase.start(LifecycleBase.java:183) ~[tomcat-embed-core-10.1.5.jar:10.1.5]
?[0m?[0;34m	at org.apache.catalina.core.StandardService.startInternal(StandardService.java:430) ~[tomcat-embed-core-10.1.5.jar:10.1.5]
?[0m?[0;34m	at org.apache.catalina.util.LifecycleBase.start(LifecycleBase.java:183) ~[tomcat-embed-core-10.1.5.jar:10.1.5]
?[0m?[0;34m	at org.apache.catalina.core.StandardServer.startInternal(StandardServer.java:926) ~[tomcat-embed-core-10.1.5.jar:10.1.5]
?[0m?[0;34m	at org.apache.catalina.util.LifecycleBase.start(LifecycleBase.java:183) ~[tomcat-embed-core-10.1.5.jar:10.1.5]
?[0m?[0;34m	at org.apache.catalina.startup.Tomcat.start(Tomcat.java:485) ~[tomcat-embed-core-10.1.5.jar:10.1.5]
?[0m?[0;34m	at org.springframework.boot.web.embedded.tomcat.TomcatWebServer.initialize(TomcatWebServer.java:123) ~[spring-boot-3.0.2.jar:3.0.2]
?[0m?[0;34m	at org.springframework.boot.web.embedded.tomcat.TomcatWebServer.<init>(TomcatWebServer.java:104) ~[spring-boot-3.0.2.jar:3.0.2]
?[0m?[0;34m	at org.springframework.boot.web.embedded.tomcat.TomcatServletWebServerFactory.getTomcatWebServer(TomcatServletWebServerFactory.java:486) ~[spring-boot-3.0.2.jar:3.0.2]
?[0m?[0;34m	at org.springframework.boot.web.embedded.tomcat.TomcatServletWebServerFactory.getWebServer(TomcatServletWebServerFactory.java:210) ~[spring-boot-3.0.2.jar:3.0.2]
?[0m?[0;34m	at org.springframework.boot.web.servlet.context.ServletWebServerApplicationContext.createWebServer(ServletWebServerApplicationContext.java:183) ~[spring-boot-3.0.2.jar:3.0.2]
?[0m?[0;34m	at org.springframework.boot.web.servlet.context.ServletWebServerApplicationContext.onRefresh(ServletWebServerApplicationContext.java:161) ~[spring-boot-3.0.2.jar:3.0.2]
?[0m?[0;34m	at org.springframework.context.support.AbstractApplicationContext.refresh(AbstractApplicationContext.java:578) ~[spring-context-6.0.4.jar:6.0.4]
?[0m?[0;34m	at org.springframework.boot.web.servlet.context.ServletWebServerApplicationContext.refresh(ServletWebServerApplicationContext.java:146) ~[spring-boot-3.0.2.jar:3.0.2]
?[0m?[0;34m	at org.springframework.boot.SpringApplication.refresh(SpringApplication.java:730) ~[spring-boot-3.0.2.jar:3.0.2]
?[0m?[0;34m	at org.springframework.boot.SpringApplication.refreshContext(SpringApplication.java:432) ~[spring-boot-3.0.2.jar:3.0.2]
?[0m?[0;34m	at org.springframework.boot.SpringApplication.run(SpringApplication.java:308) ~[spring-boot-3.0.2.jar:3.0.2]
?[0m?[0;34m	at org.springframework.boot.SpringApplication.run(SpringApplication.java:1302) ~[spring-boot-3.0.2.jar:3.0.2]
?[0m?[0;34m	at org.springframework.boot.SpringApplication.run(SpringApplication.java:1291) ~[spring-boot-3.0.2.jar:3.0.2]
?[0m?[0;34m	at antifraud.AntiFraudApplication.main(AntiFraudApplication.java:10) ~[main/:na]
?[0m?[0;34m	at java.base/jdk.internal.reflect.NativeMethodAccessorImpl.invoke0(Native Method) ~[na:na]
?[0m?[0;34m	at java.base/jdk.internal.reflect.NativeMethodAccessorImpl.invoke(NativeMethodAccessorImpl.java:77) ~[na:na]
?[0m?[0;34m	at java.base/jdk.internal.reflect.DelegatingMethodAccessorImpl.invoke(DelegatingMethodAccessorImpl.java:43) ~[na:na]
?[0m?[0;34m	at java.base/java.lang.reflect.Method.invoke(Method.java:568) ~[na:na]
?[0m?[0;34m	at org.hyperskill.hstest.stage.SpringTest.startSpring(SpringTest.java:187) ~[hs-test-release-SNAPSHOT.jar:na]
?[0m?[0;34m	at org.hyperskill.hstest.stage.SpringTest.reloadSpring(SpringTest.java:239) ~[hs-test-release-SNAPSHOT.jar:na]
?[0m?[0;34m	at AntiFraudTest.restartApplication(AntiFraudTest.java:767) ~[test/:na]
?[0m?[0;34m	at AntiFraudTest.lambda$new$159(AntiFraudTest.java:1934) ~[test/:na]
?[0m?[0;34m	at org.hyperskill.hstest.dynamic.input.DynamicTesting.lambda$searchDynamicTests$3(DynamicTesting.java:289) ~[hs-test-release-SNAPSHOT.jar:na]
?[0m?[0;34m	at org.hyperskill.hstest.dynamic.input.DynamicTesting$1DynamicTestElement.lambda$getTests$0(DynamicTesting.java:252) ~[hs-test-release-SNAPSHOT.jar:na]
?[0m?[0;34m	at org.hyperskill.hstest.testing.runner.SpringApplicationRunner.test(SpringApplicationRunner.java:43) ~[hs-test-release-SNAPSHOT.jar:na]
?[0m?[0;34m	at org.hyperskill.hstest.testing.TestRun.test(TestRun.java:94) ~[hs-test-release-SNAPSHOT.jar:na]
?[0m?[0;34m	at org.hyperskill.hstest.stage.StageTest.start(StageTest.java:164) ~[hs-test-release-SNAPSHOT.jar:na]
?[0m?[0;34m	at java.base/jdk.internal.reflect.NativeMethodAccessorImpl.invoke0(Native Method) ~[na:na]
?[0m?[0;34m	at java.base/jdk.internal.reflect.NativeMethodAccessorImpl.invoke(NativeMethodAccessorImpl.java:77) ~[na:na]
?[0m?[0;34m	at java.base/jdk.internal.reflect.DelegatingMethodAccessorImpl.invoke(DelegatingMethodAccessorImpl.java:43) ~[na:na]
?[0m?[0;34m	at java.base/java.lang.reflect.Method.invoke(Method.java:568) ~[na:na]
?[0m?[0;34m	at org.junit.runners.model.FrameworkMethod$1.runReflectiveCall(FrameworkMethod.java:59) ~[junit-4.13.2.jar:4.13.2]
?[0m?[0;34m	at org.junit.internal.runners.model.ReflectiveCallable.run(ReflectiveCallable.java:12) ~[junit-4.13.2.jar:4.13.2]
?[0m?[0;34m	at org.junit.runners.model.FrameworkMethod.invokeExplosively(FrameworkMethod.java:56) ~[junit-4.13.2.jar:4.13.2]
?[0m?[0;34m	at org.junit.internal.runners.statements.InvokeMethod.evaluate(InvokeMethod.java:17) ~[junit-4.13.2.jar:4.13.2]
?[0m?[0;34m	at org.junit.internal.runners.statements.RunAfters.evaluate(RunAfters.java:27) ~[junit-4.13.2.jar:4.13.2]
?[0m?[0;34m	at org.junit.runners.ParentRunner$3.evaluate(ParentRunner.java:306) ~[junit-4.13.2.jar:4.13.2]
?[0m?[0;34m	at org.junit.runners.BlockJUnit4ClassRunner$1.evaluate(BlockJUnit4ClassRunner.java:100) ~[junit-4.13.2.jar:4.13.2]
?[0m?[0;34m	at org.junit.runners.ParentRunner.runLeaf(ParentRunner.java:366) ~[junit-4.13.2.jar:4.13.2]
?[0m?[0;34m	at org.junit.runners.BlockJUnit4ClassRunner.runChild(BlockJUnit4ClassRunner.java:103) ~[junit-4.13.2.jar:4.13.2]
?[0m?[0;34m	at org.junit.runners.BlockJUnit4ClassRunner.runChild(BlockJUnit4ClassRunner.java:63) ~[junit-4.13.2.jar:4.13.2]
?[0m?[0;34m	at org.junit.runners.ParentRunner$4.run(ParentRunner.java:331) ~[junit-4.13.2.jar:4.13.2]
?[0m?[0;34m	at org.junit.runners.ParentRunner$1.schedule(ParentRunner.java:79) ~[junit-4.13.2.jar:4.13.2]
?[0m?[0;34m	at org.junit.runners.ParentRunner.runChildren(ParentRunner.java:329) ~[junit-4.13.2.jar:4.13.2]
?[0m?[0;34m	at org.junit.runners.ParentRunner.access$100(ParentRunner.java:66) ~[junit-4.13.2.jar:4.13.2]
?[0m?[0;34m	at org.junit.runners.ParentRunner$2.evaluate(ParentRunner.java:293) ~[junit-4.13.2.jar:4.13.2]
?[0m?[0;34m	at org.junit.runners.ParentRunner$3.evaluate(ParentRunner.java:306) ~[junit-4.13.2.jar:4.13.2]
?[0m?[0;34m	at org.junit.runners.ParentRunner.run(ParentRunner.java:413) ~[junit-4.13.2.jar:4.13.2]
?[0m?[0;34m	at org.gradle.api.internal.tasks.testing.junit.JUnitTestClassExecutor.runTestClass(JUnitTestClassExecutor.java:108) ~[na:na]
?[0m?[0;34m	at org.gradle.api.internal.tasks.testing.junit.JUnitTestClassExecutor.execute(JUnitTestClassExecutor.java:57) ~[na:na]
?[0m?[0;34m	at org.gradle.api.internal.tasks.testing.junit.JUnitTestClassExecutor.execute(JUnitTestClassExecutor.java:39) ~[na:na]
?[0m?[0;34m	at org.gradle.api.internal.tasks.testing.junit.AbstractJUnitTestClassProcessor.processTestClass(AbstractJUnitTestClassProcessor.java:62) ~[na:na]
?[0m?[0;34m	at org.gradle.api.internal.tasks.testing.SuiteTestClassProcessor.processTestClass(SuiteTestClassProcessor.java:52) ~[na:na]
?[0m?[0;34m	at java.base/jdk.internal.reflect.NativeMethodAccessorImpl.invoke0(Native Method) ~[na:na]
?[0m?[0;34m	at java.base/jdk.internal.reflect.NativeMethodAccessorImpl.invoke(NativeMethodAccessorImpl.java:77) ~[na:na]
?[0m?[0;34m	at java.base/jdk.internal.reflect.DelegatingMethodAccessorImpl.invoke(DelegatingMethodAccessorImpl.java:43) ~[na:na]
?[0m?[0;34m	at java.base/java.lang.reflect.Method.invoke(Method.java:568) ~[na:na]
?[0m?[0;34m	at org.gradle.internal.dispatch.ReflectionDispatch.dispatch(ReflectionDispatch.java:36) ~[na:na]
?[0m?[0;34m	at org.gradle.internal.dispatch.ReflectionDispatch.dispatch(ReflectionDispatch.java:24) ~[na:na]
?[0m?[0;34m	at org.gradle.internal.dispatch.ContextClassLoaderDispatch.dispatch(ContextClassLoaderDispatch.java:33) ~[na:na]
?[0m?[0;34m	at org.gradle.internal.dispatch.ProxyDispatchAdapter$DispatchingInvocationHandler.invoke(ProxyDispatchAdapter.java:94) ~[na:na]
?[0m?[0;34m	at jdk.proxy1/jdk.proxy1.$Proxy2.processTestClass(Unknown Source) ~[na:na]
?[0m?[0;34m	at org.gradle.api.internal.tasks.testing.worker.TestWorker$2.run(TestWorker.java:176) ~[na:na]
?[0m?[0;34m	at org.gradle.api.internal.tasks.testing.worker.TestWorker.executeAndMaintainThreadName(TestWorker.java:129) ~[na:na]
?[0m?[0;34m	at org.gradle.api.internal.tasks.testing.worker.TestWorker.execute(TestWorker.java:100) ~[na:na]
?[0m?[0;34m	at org.gradle.api.internal.tasks.testing.worker.TestWorker.execute(TestWorker.java:60) ~[na:na]
?[0m?[0;34m	at org.gradle.process.internal.worker.child.ActionExecutionWorker.execute(ActionExecutionWorker.java:56) ~[na:na]
?[0m?[0;34m	at org.gradle.process.internal.worker.child.SystemApplicationClassLoaderWorker.call(SystemApplicationClassLoaderWorker.java:113) ~[na:na]
?[0m?[0;34m	at org.gradle.process.internal.worker.child.SystemApplicationClassLoaderWorker.call(SystemApplicationClassLoaderWorker.java:65) ~[na:na]
?[0m?[0;34m	at worker.org.gradle.process.internal.worker.GradleWorkerMain.run(GradleWorkerMain.java:69) ~[gradle-worker.jar:na]
?[0m?[0;34m	at worker.org.gradle.process.internal.worker.GradleWorkerMain.main(GradleWorkerMain.java:74) ~[gradle-worker.jar:na]
?[0m?[0;34m
?[0m?[0;34m2023-07-16T14:07:46.816+02:00  WARN 1424 --- [    Test worker] .t.u.s.PrivilegedSetAccessControlContext : Unable to set field Thread.inheritedAccessControlContext
?[0m?[0;34m
?[0m?[0;34mjava.lang.IllegalAccessException: class org.apache.tomcat.util.security.PrivilegedSetAccessControlContext cannot access a member of class java.lang.Thread (in module java.base) with modifiers "private"
?[0m?[0;34m	at java.base/jdk.internal.reflect.Reflection.newIllegalAccessException(Reflection.java:392) ~[na:na]
?[0m?[0;34m	at java.base/java.lang.reflect.AccessibleObject.checkAccess(AccessibleObject.java:674) ~[na:na]
?[0m?[0;34m	at java.base/java.lang.reflect.Field.checkAccess(Field.java:1102) ~[na:na]
?[0m?[0;34m	at java.base/java.lang.reflect.Field.set(Field.java:797) ~[na:na]
?[0m?[0;34m	at org.apache.tomcat.util.security.PrivilegedSetAccessControlContext.run(PrivilegedSetAccessControlContext.java:60) ~[tomcat-embed-core-10.1.5.jar:10.1.5]
?[0m?[0;34m	at org.apache.tomcat.util.security.PrivilegedSetAccessControlContext.run(PrivilegedSetAccessControlContext.java:28) ~[tomcat-embed-core-10.1.5.jar:10.1.5]
?[0m?[0;34m	at java.base/java.security.AccessController.doPrivileged(AccessController.java:318) ~[na:na]
?[0m?[0;34m	at org.apache.tomcat.util.threads.TaskThreadFactory.newThread(TaskThreadFactory.java:64) ~[tomcat-embed-core-10.1.5.jar:10.1.5]
?[0m?[0;34m	at java.base/java.util.concurrent.ThreadPoolExecutor$Worker.<init>(ThreadPoolExecutor.java:630) ~[na:na]
?[0m?[0;34m	at java.base/java.util.concurrent.ThreadPoolExecutor.addWorker(ThreadPoolExecutor.java:920) ~[na:na]
?[0m?[0;34m	at java.base/java.util.concurrent.ThreadPoolExecutor.ensurePrestart(ThreadPoolExecutor.java:1593) ~[na:na]
?[0m?[0;34m	at java.base/java.util.concurrent.ScheduledThreadPoolExecutor.delayedExecute(ScheduledThreadPoolExecutor.java:346) ~[na:na]
?[0m?[0;34m	at java.base/java.util.concurrent.ScheduledThreadPoolExecutor.scheduleWithFixedDelay(ScheduledThreadPoolExecutor.java:680) ~[na:na]
?[0m?[0;34m	at org.apache.tomcat.util.threads.ScheduledThreadPoolExecutor.scheduleWithFixedDelay(ScheduledThreadPoolExecutor.java:138) ~[tomcat-embed-core-10.1.5.jar:10.1.5]
?[0m?[0;34m	at org.apache.catalina.core.StandardServer.startInternal(StandardServer.java:931) ~[tomcat-embed-core-10.1.5.jar:10.1.5]
?[0m?[0;34m	at org.apache.catalina.util.LifecycleBase.start(LifecycleBase.java:183) ~[tomcat-embed-core-10.1.5.jar:10.1.5]
?[0m?[0;34m	at org.apache.catalina.startup.Tomcat.start(Tomcat.java:485) ~[tomcat-embed-core-10.1.5.jar:10.1.5]
?[0m?[0;34m	at org.springframework.boot.web.embedded.tomcat.TomcatWebServer.initialize(TomcatWebServer.java:123) ~[spring-boot-3.0.2.jar:3.0.2]
?[0m?[0;34m	at org.springframework.boot.web.embedded.tomcat.TomcatWebServer.<init>(TomcatWebServer.java:104) ~[spring-boot-3.0.2.jar:3.0.2]
?[0m?[0;34m	at org.springframework.boot.web.embedded.tomcat.TomcatServletWebServerFactory.getTomcatWebServer(TomcatServletWebServerFactory.java:486) ~[spring-boot-3.0.2.jar:3.0.2]
?[0m?[0;34m	at org.springframework.boot.web.embedded.tomcat.TomcatServletWebServerFactory.getWebServer(TomcatServletWebServerFactory.java:210) ~[spring-boot-3.0.2.jar:3.0.2]
?[0m?[0;34m	at org.springframework.boot.web.servlet.context.ServletWebServerApplicationContext.createWebServer(ServletWebServerApplicationContext.java:183) ~[spring-boot-3.0.2.jar:3.0.2]
?[0m?[0;34m	at org.springframework.boot.web.servlet.context.ServletWebServerApplicationContext.onRefresh(ServletWebServerApplicationContext.java:161) ~[spring-boot-3.0.2.jar:3.0.2]
?[0m?[0;34m	at org.springframework.context.support.AbstractApplicationContext.refresh(AbstractApplicationContext.java:578) ~[spring-context-6.0.4.jar:6.0.4]
?[0m?[0;34m	at org.springframework.boot.web.servlet.context.ServletWebServerApplicationContext.refresh(ServletWebServerApplicationContext.java:146) ~[spring-boot-3.0.2.jar:3.0.2]
?[0m?[0;34m	at org.springframework.boot.SpringApplication.refresh(SpringApplication.java:730) ~[spring-boot-3.0.2.jar:3.0.2]
?[0m?[0;34m	at org.springframework.boot.SpringApplication.refreshContext(SpringApplication.java:432) ~[spring-boot-3.0.2.jar:3.0.2]
?[0m?[0;34m	at org.springframework.boot.SpringApplication.run(SpringApplication.java:308) ~[spring-boot-3.0.2.jar:3.0.2]
?[0m?[0;34m	at org.springframework.boot.SpringApplication.run(SpringApplication.java:1302) ~[spring-boot-3.0.2.jar:3.0.2]
?[0m?[0;34m	at org.springframework.boot.SpringApplication.run(SpringApplication.java:1291) ~[spring-boot-3.0.2.jar:3.0.2]
?[0m?[0;34m	at antifraud.AntiFraudApplication.main(AntiFraudApplication.java:10) ~[main/:na]
?[0m?[0;34m	at java.base/jdk.internal.reflect.NativeMethodAccessorImpl.invoke0(Native Method) ~[na:na]
?[0m?[0;34m	at java.base/jdk.internal.reflect.NativeMethodAccessorImpl.invoke(NativeMethodAccessorImpl.java:77) ~[na:na]
?[0m?[0;34m	at java.base/jdk.internal.reflect.DelegatingMethodAccessorImpl.invoke(DelegatingMethodAccessorImpl.java:43) ~[na:na]
?[0m?[0;34m	at java.base/java.lang.reflect.Method.invoke(Method.java:568) ~[na:na]
?[0m?[0;34m	at org.hyperskill.hstest.stage.SpringTest.startSpring(SpringTest.java:187) ~[hs-test-release-SNAPSHOT.jar:na]
?[0m?[0;34m	at org.hyperskill.hstest.stage.SpringTest.reloadSpring(SpringTest.java:239) ~[hs-test-release-SNAPSHOT.jar:na]
?[0m?[0;34m	at AntiFraudTest.restartApplication(AntiFraudTest.java:767) ~[test/:na]
?[0m?[0;34m	at AntiFraudTest.lambda$new$159(AntiFraudTest.java:1934) ~[test/:na]
?[0m?[0;34m	at org.hyperskill.hstest.dynamic.input.DynamicTesting.lambda$searchDynamicTests$3(DynamicTesting.java:289) ~[hs-test-release-SNAPSHOT.jar:na]
?[0m?[0;34m	at org.hyperskill.hstest.dynamic.input.DynamicTesting$1DynamicTestElement.lambda$getTests$0(DynamicTesting.java:252) ~[hs-test-release-SNAPSHOT.jar:na]
?[0m?[0;34m	at org.hyperskill.hstest.testing.runner.SpringApplicationRunner.test(SpringApplicationRunner.java:43) ~[hs-test-release-SNAPSHOT.jar:na]
?[0m?[0;34m	at org.hyperskill.hstest.testing.TestRun.test(TestRun.java:94) ~[hs-test-release-SNAPSHOT.jar:na]
?[0m?[0;34m	at org.hyperskill.hstest.stage.StageTest.start(StageTest.java:164) ~[hs-test-release-SNAPSHOT.jar:na]
?[0m?[0;34m	at java.base/jdk.internal.reflect.NativeMethodAccessorImpl.invoke0(Native Method) ~[na:na]
?[0m?[0;34m	at java.base/jdk.internal.reflect.NativeMethodAccessorImpl.invoke(NativeMethodAccessorImpl.java:77) ~[na:na]
?[0m?[0;34m	at java.base/jdk.internal.reflect.DelegatingMethodAccessorImpl.invoke(DelegatingMethodAccessorImpl.java:43) ~[na:na]
?[0m?[0;34m	at java.base/java.lang.reflect.Method.invoke(Method.java:568) ~[na:na]
?[0m?[0;34m	at org.junit.runners.model.FrameworkMethod$1.runReflectiveCall(FrameworkMethod.java:59) ~[junit-4.13.2.jar:4.13.2]
?[0m?[0;34m	at org.junit.internal.runners.model.ReflectiveCallable.run(ReflectiveCallable.java:12) ~[junit-4.13.2.jar:4.13.2]
?[0m?[0;34m	at org.junit.runners.model.FrameworkMethod.invokeExplosively(FrameworkMethod.java:56) ~[junit-4.13.2.jar:4.13.2]
?[0m?[0;34m	at org.junit.internal.runners.statements.InvokeMethod.evaluate(InvokeMethod.java:17) ~[junit-4.13.2.jar:4.13.2]
?[0m?[0;34m	at org.junit.internal.runners.statements.RunAfters.evaluate(RunAfters.java:27) ~[junit-4.13.2.jar:4.13.2]
?[0m?[0;34m	at org.junit.runners.ParentRunner$3.evaluate(ParentRunner.java:306) ~[junit-4.13.2.jar:4.13.2]
?[0m?[0;34m	at org.junit.runners.BlockJUnit4ClassRunner$1.evaluate(BlockJUnit4ClassRunner.java:100) ~[junit-4.13.2.jar:4.13.2]
?[0m?[0;34m	at org.junit.runners.ParentRunner.runLeaf(ParentRunner.java:366) ~[junit-4.13.2.jar:4.13.2]
?[0m?[0;34m	at org.junit.runners.BlockJUnit4ClassRunner.runChild(BlockJUnit4ClassRunner.java:103) ~[junit-4.13.2.jar:4.13.2]
?[0m?[0;34m	at org.junit.runners.BlockJUnit4ClassRunner.runChild(BlockJUnit4ClassRunner.java:63) ~[junit-4.13.2.jar:4.13.2]
?[0m?[0;34m	at org.junit.runners.ParentRunner$4.run(ParentRunner.java:331) ~[junit-4.13.2.jar:4.13.2]
?[0m?[0;34m	at org.junit.runners.ParentRunner$1.schedule(ParentRunner.java:79) ~[junit-4.13.2.jar:4.13.2]
?[0m?[0;34m	at org.junit.runners.ParentRunner.runChildren(ParentRunner.java:329) ~[junit-4.13.2.jar:4.13.2]
?[0m?[0;34m	at org.junit.runners.ParentRunner.access$100(ParentRunner.java:66) ~[junit-4.13.2.jar:4.13.2]
?[0m?[0;34m	at org.junit.runners.ParentRunner$2.evaluate(ParentRunner.java:293) ~[junit-4.13.2.jar:4.13.2]
?[0m?[0;34m	at org.junit.runners.ParentRunner$3.evaluate(ParentRunner.java:306) ~[junit-4.13.2.jar:4.13.2]
?[0m?[0;34m	at org.junit.runners.ParentRunner.run(ParentRunner.java:413) ~[junit-4.13.2.jar:4.13.2]
?[0m?[0;34m	at org.gradle.api.internal.tasks.testing.junit.JUnitTestClassExecutor.runTestClass(JUnitTestClassExecutor.java:108) ~[na:na]
?[0m?[0;34m	at org.gradle.api.internal.tasks.testing.junit.JUnitTestClassExecutor.execute(JUnitTestClassExecutor.java:57) ~[na:na]
?[0m?[0;34m	at org.gradle.api.internal.tasks.testing.junit.JUnitTestClassExecutor.execute(JUnitTestClassExecutor.java:39) ~[na:na]
?[0m?[0;34m	at org.gradle.api.internal.tasks.testing.junit.AbstractJUnitTestClassProcessor.processTestClass(AbstractJUnitTestClassProcessor.java:62) ~[na:na]
?[0m?[0;34m	at org.gradle.api.internal.tasks.testing.SuiteTestClassProcessor.processTestClass(SuiteTestClassProcessor.java:52) ~[na:na]
?[0m?[0;34m	at java.base/jdk.internal.reflect.NativeMethodAccessorImpl.invoke0(Native Method) ~[na:na]
?[0m?[0;34m	at java.base/jdk.internal.reflect.NativeMethodAccessorImpl.invoke(NativeMethodAccessorImpl.java:77) ~[na:na]
?[0m?[0;34m	at java.base/jdk.internal.reflect.DelegatingMethodAccessorImpl.invoke(DelegatingMethodAccessorImpl.java:43) ~[na:na]
?[0m?[0;34m	at java.base/java.lang.reflect.Method.invoke(Method.java:568) ~[na:na]
?[0m?[0;34m	at org.gradle.internal.dispatch.ReflectionDispatch.dispatch(ReflectionDispatch.java:36) ~[na:na]
?[0m?[0;34m	at org.gradle.internal.dispatch.ReflectionDispatch.dispatch(ReflectionDispatch.java:24) ~[na:na]
?[0m?[0;34m	at org.gradle.internal.dispatch.ContextClassLoaderDispatch.dispatch(ContextClassLoaderDispatch.java:33) ~[na:na]
?[0m?[0;34m	at org.gradle.internal.dispatch.ProxyDispatchAdapter$DispatchingInvocationHandler.invoke(ProxyDispatchAdapter.java:94) ~[na:na]
?[0m?[0;34m	at jdk.proxy1/jdk.proxy1.$Proxy2.processTestClass(Unknown Source) ~[na:na]
?[0m?[0;34m	at org.gradle.api.internal.tasks.testing.worker.TestWorker$2.run(TestWorker.java:176) ~[na:na]
?[0m?[0;34m	at org.gradle.api.internal.tasks.testing.worker.TestWorker.executeAndMaintainThreadName(TestWorker.java:129) ~[na:na]
?[0m?[0;34m	at org.gradle.api.internal.tasks.testing.worker.TestWorker.execute(TestWorker.java:100) ~[na:na]
?[0m?[0;34m	at org.gradle.api.internal.tasks.testing.worker.TestWorker.execute(TestWorker.java:60) ~[na:na]
?[0m?[0;34m	at org.gradle.process.internal.worker.child.ActionExecutionWorker.execute(ActionExecutionWorker.java:56) ~[na:na]
?[0m?[0;34m	at org.gradle.process.internal.worker.child.SystemApplicationClassLoaderWorker.call(SystemApplicationClassLoaderWorker.java:113) ~[na:na]
?[0m?[0;34m	at org.gradle.process.internal.worker.child.SystemApplicationClassLoaderWorker.call(SystemApplicationClassLoaderWorker.java:65) ~[na:na]
?[0m?[0;34m	at worker.org.gradle.process.internal.worker.GradleWorkerMain.run(GradleWorkerMain.java:69) ~[gradle-worker.jar:na]
?[0m?[0;34m	at worker.org.gradle.process.internal.worker.GradleWorkerMain.main(GradleWorkerMain.java:74) ~[gradle-worker.jar:na]
?[0m?[0;34m
?[0m?[0;34m2023-07-16T14:07:46.860+02:00  INFO 1424 --- [    Test worker] o.hibernate.jpa.internal.util.LogHelper  : HHH000204: Processing PersistenceUnitInfo [name: default]
?[0m?[0;34m2023-07-16T14:07:46.865+02:00  WARN 1424 --- [    Test worker] org.hibernate.orm.deprecation            : HHH90000021: Encountered deprecated setting [javax.persistence.sharedCache.mode], use [jakarta.persistence.sharedCache.mode] instead
?[0m?[0;34m2023-07-16T14:07:46.872+02:00  INFO 1424 --- [    Test worker] com.zaxxer.hikari.HikariDataSource       : HikariPool-3 - Starting...
?[0m?[0;34m2023-07-16T14:07:46.891+02:00  INFO 1424 --- [    Test worker] com.zaxxer.hikari.pool.HikariPool        : HikariPool-3 - Added connection conn20: url=jdbc:h2:file:../service_db user=
?[0m?[0;34m2023-07-16T14:07:46.891+02:00  INFO 1424 --- [    Test worker] com.zaxxer.hikari.HikariDataSource       : HikariPool-3 - Start completed.
?[0m?[0;34m2023-07-16T14:07:46.892+02:00  INFO 1424 --- [    Test worker] SQL dialect                              : HHH000400: Using dialect: org.hibernate.dialect.H2Dialect
?[0m?[0;34m2023-07-16T14:07:47.094+02:00  INFO 1424 --- [    Test worker] o.h.e.t.j.p.i.JtaPlatformInitiator       : HHH000490: Using JtaPlatform implementation: [org.hibernate.engine.transaction.jta.platform.internal.NoJtaPlatform]
?[0m?[0;34m2023-07-16T14:07:47.094+02:00  INFO 1424 --- [    Test worker] j.LocalContainerEntityManagerFactoryBean : Initialized JPA EntityManagerFactory for persistence unit 'default'
?[0m?[0;34m2023-07-16T14:07:47.246+02:00  WARN 1424 --- [    Test worker] JpaBaseConfiguration$JpaWebConfiguration : spring.jpa.open-in-view is enabled by default. Therefore, database queries may be performed during view rendering. Explicitly configure spring.jpa.open-in-view to disable this warning
?[0m?[0;34m2023-07-16T14:07:47.374+02:00  INFO 1424 --- [    Test worker] o.s.b.a.e.web.EndpointLinksResolver      : Exposing 14 endpoint(s) beneath base path '/actuator'
?[0m?[0;34m2023-07-16T14:07:47.387+02:00  INFO 1424 --- [    Test worker] o.s.s.web.DefaultSecurityFilterChain     : Will secure any request with [org.springframework.security.web.session.DisableEncodeUrlFilter@31a8b0bb, org.springframework.security.web.context.request.async.WebAsyncManagerIntegrationFilter@23c2c96d, org.springframework.security.web.context.SecurityContextHolderFilter@882c166, org.springframework.security.web.header.HeaderWriterFilter@30cd72a4, org.springframework.security.web.authentication.logout.LogoutFilter@57e74053, org.springframework.security.web.authentication.www.BasicAuthenticationFilter@5c2086b4, org.springframework.security.web.savedrequest.RequestCacheAwareFilter@67d361fa, org.springframework.security.web.servletapi.SecurityContextHolderAwareRequestFilter@3c5077f6, org.springframework.security.web.authentication.AnonymousAuthenticationFilter@fac6d4a, org.springframework.security.web.session.SessionManagementFilter@7d710482, org.springframework.security.web.access.ExceptionTranslationFilter@7b828793, org.springframework.security.web.access.intercept.AuthorizationFilter@14170abd]
?[0m?[0;34m2023-07-16T14:07:47.465+02:00  WARN 1424 --- [    Test worker] .t.u.s.PrivilegedSetAccessControlContext : Unable to set field Thread.inheritedAccessControlContext
?[0m?[0;34m
?[0m?[0;34mjava.lang.IllegalAccessException: class org.apache.tomcat.util.security.PrivilegedSetAccessControlContext cannot access a member of class java.lang.Thread (in module java.base) with modifiers "private"
?[0m?[0;34m	at java.base/jdk.internal.reflect.Reflection.newIllegalAccessException(Reflection.java:392) ~[na:na]
?[0m?[0;34m	at java.base/java.lang.reflect.AccessibleObject.checkAccess(AccessibleObject.java:674) ~[na:na]
?[0m?[0;34m	at java.base/java.lang.reflect.Field.checkAccess(Field.java:1102) ~[na:na]
?[0m?[0;34m	at java.base/java.lang.reflect.Field.set(Field.java:797) ~[na:na]
?[0m?[0;34m	at org.apache.tomcat.util.security.PrivilegedSetAccessControlContext.run(PrivilegedSetAccessControlContext.java:60) ~[tomcat-embed-core-10.1.5.jar:10.1.5]
?[0m?[0;34m	at org.apache.tomcat.util.security.PrivilegedSetAccessControlContext.run(PrivilegedSetAccessControlContext.java:28) ~[tomcat-embed-core-10.1.5.jar:10.1.5]
?[0m?[0;34m	at java.base/java.security.AccessController.doPrivileged(AccessController.java:318) ~[na:na]
?[0m?[0;34m	at org.apache.tomcat.util.threads.TaskThreadFactory.newThread(TaskThreadFactory.java:64) ~[tomcat-embed-core-10.1.5.jar:10.1.5]
?[0m?[0;34m	at org.apache.tomcat.util.threads.ThreadPoolExecutor$Worker.<init>(ThreadPoolExecutor.java:653) ~[tomcat-embed-core-10.1.5.jar:10.1.5]
?[0m?[0;34m	at org.apache.tomcat.util.threads.ThreadPoolExecutor.addWorker(ThreadPoolExecutor.java:957) ~[tomcat-embed-core-10.1.5.jar:10.1.5]
?[0m?[0;34m	at org.apache.tomcat.util.threads.ThreadPoolExecutor.prestartAllCoreThreads(ThreadPoolExecutor.java:1694) ~[tomcat-embed-core-10.1.5.jar:10.1.5]
?[0m?[0;34m	at org.apache.tomcat.util.threads.ThreadPoolExecutor.<init>(ThreadPoolExecutor.java:1370) ~[tomcat-embed-core-10.1.5.jar:10.1.5]
?[0m?[0;34m	at org.apache.tomcat.util.threads.ThreadPoolExecutor.<init>(ThreadPoolExecutor.java:1280) ~[tomcat-embed-core-10.1.5.jar:10.1.5]
?[0m?[0;34m	at org.apache.tomcat.util.net.AbstractEndpoint.createExecutor(AbstractEndpoint.java:948) ~[tomcat-embed-core-10.1.5.jar:10.1.5]
?[0m?[0;34m	at org.apache.tomcat.util.net.NioEndpoint.startInternal(NioEndpoint.java:279) ~[tomcat-embed-core-10.1.5.jar:10.1.5]
?[0m?[0;34m	at org.apache.tomcat.util.net.AbstractEndpoint.start(AbstractEndpoint.java:1261) ~[tomcat-embed-core-10.1.5.jar:10.1.5]
?[0m?[0;34m	at org.apache.coyote.AbstractProtocol.start(AbstractProtocol.java:586) ~[tomcat-embed-core-10.1.5.jar:10.1.5]
?[0m?[0;34m	at org.apache.catalina.connector.Connector.startInternal(Connector.java:1081) ~[tomcat-embed-core-10.1.5.jar:10.1.5]
?[0m?[0;34m	at org.apache.catalina.util.LifecycleBase.start(LifecycleBase.java:183) ~[tomcat-embed-core-10.1.5.jar:10.1.5]
?[0m?[0;34m	at org.apache.catalina.core.StandardService.addConnector(StandardService.java:234) ~[tomcat-embed-core-10.1.5.jar:10.1.5]
?[0m?[0;34m	at org.springframework.boot.web.embedded.tomcat.TomcatWebServer.addPreviouslyRemovedConnectors(TomcatWebServer.java:282) ~[spring-boot-3.0.2.jar:3.0.2]
?[0m?[0;34m	at org.springframework.boot.web.embedded.tomcat.TomcatWebServer.start(TomcatWebServer.java:213) ~[spring-boot-3.0.2.jar:3.0.2]
?[0m?[0;34m	at org.springframework.boot.web.servlet.context.WebServerStartStopLifecycle.start(WebServerStartStopLifecycle.java:44) ~[spring-boot-3.0.2.jar:3.0.2]
?[0m?[0;34m	at org.springframework.context.support.DefaultLifecycleProcessor.doStart(DefaultLifecycleProcessor.java:178) ~[spring-context-6.0.4.jar:6.0.4]
?[0m?[0;34m	at org.springframework.context.support.DefaultLifecycleProcessor$LifecycleGroup.start(DefaultLifecycleProcessor.java:356) ~[spring-context-6.0.4.jar:6.0.4]
?[0m?[0;34m	at java.base/java.lang.Iterable.forEach(Iterable.java:75) ~[na:na]
?[0m?[0;34m	at org.springframework.context.support.DefaultLifecycleProcessor.startBeans(DefaultLifecycleProcessor.java:155) ~[spring-context-6.0.4.jar:6.0.4]
?[0m?[0;34m	at org.springframework.context.support.DefaultLifecycleProcessor.onRefresh(DefaultLifecycleProcessor.java:123) ~[spring-context-6.0.4.jar:6.0.4]
?[0m?[0;34m	at org.springframework.context.support.AbstractApplicationContext.finishRefresh(AbstractApplicationContext.java:932) ~[spring-context-6.0.4.jar:6.0.4]
?[0m?[0;34m	at org.springframework.context.support.AbstractApplicationContext.refresh(AbstractApplicationContext.java:587) ~[spring-context-6.0.4.jar:6.0.4]
?[0m?[0;34m	at org.springframework.boot.web.servlet.context.ServletWebServerApplicationContext.refresh(ServletWebServerApplicationContext.java:146) ~[spring-boot-3.0.2.jar:3.0.2]
?[0m?[0;34m	at org.springframework.boot.SpringApplication.refresh(SpringApplication.java:730) ~[spring-boot-3.0.2.jar:3.0.2]
?[0m?[0;34m	at org.springframework.boot.SpringApplication.refreshContext(SpringApplication.java:432) ~[spring-boot-3.0.2.jar:3.0.2]
?[0m?[0;34m	at org.springframework.boot.SpringApplication.run(SpringApplication.java:308) ~[spring-boot-3.0.2.jar:3.0.2]
?[0m?[0;34m	at org.springframework.boot.SpringApplication.run(SpringApplication.java:1302) ~[spring-boot-3.0.2.jar:3.0.2]
?[0m?[0;34m	at org.springframework.boot.SpringApplication.run(SpringApplication.java:1291) ~[spring-boot-3.0.2.jar:3.0.2]
?[0m?[0;34m	at antifraud.AntiFraudApplication.main(AntiFraudApplication.java:10) ~[main/:na]
?[0m?[0;34m	at java.base/jdk.internal.reflect.NativeMethodAccessorImpl.invoke0(Native Method) ~[na:na]
?[0m?[0;34m	at java.base/jdk.internal.reflect.NativeMethodAccessorImpl.invoke(NativeMethodAccessorImpl.java:77) ~[na:na]
?[0m?[0;34m	at java.base/jdk.internal.reflect.DelegatingMethodAccessorImpl.invoke(DelegatingMethodAccessorImpl.java:43) ~[na:na]
?[0m?[0;34m	at java.base/java.lang.reflect.Method.invoke(Method.java:568) ~[na:na]
?[0m?[0;34m	at org.hyperskill.hstest.stage.SpringTest.startSpring(SpringTest.java:187) ~[hs-test-release-SNAPSHOT.jar:na]
?[0m?[0;34m	at org.hyperskill.hstest.stage.SpringTest.reloadSpring(SpringTest.java:239) ~[hs-test-release-SNAPSHOT.jar:na]
?[0m?[0;34m	at AntiFraudTest.restartApplication(AntiFraudTest.java:767) ~[test/:na]
?[0m?[0;34m	at AntiFraudTest.lambda$new$159(AntiFraudTest.java:1934) ~[test/:na]
?[0m?[0;34m	at org.hyperskill.hstest.dynamic.input.DynamicTesting.lambda$searchDynamicTests$3(DynamicTesting.java:289) ~[hs-test-release-SNAPSHOT.jar:na]
?[0m?[0;34m	at org.hyperskill.hstest.dynamic.input.DynamicTesting$1DynamicTestElement.lambda$getTests$0(DynamicTesting.java:252) ~[hs-test-release-SNAPSHOT.jar:na]
?[0m?[0;34m	at org.hyperskill.hstest.testing.runner.SpringApplicationRunner.test(SpringApplicationRunner.java:43) ~[hs-test-release-SNAPSHOT.jar:na]
?[0m?[0;34m	at org.hyperskill.hstest.testing.TestRun.test(TestRun.java:94) ~[hs-test-release-SNAPSHOT.jar:na]
?[0m?[0;34m	at org.hyperskill.hstest.stage.StageTest.start(StageTest.java:164) ~[hs-test-release-SNAPSHOT.jar:na]
?[0m?[0;34m	at java.base/jdk.internal.reflect.NativeMethodAccessorImpl.invoke0(Native Method) ~[na:na]
?[0m?[0;34m	at java.base/jdk.internal.reflect.NativeMethodAccessorImpl.invoke(NativeMethodAccessorImpl.java:77) ~[na:na]
?[0m?[0;34m	at java.base/jdk.internal.reflect.DelegatingMethodAccessorImpl.invoke(DelegatingMethodAccessorImpl.java:43) ~[na:na]
?[0m?[0;34m	at java.base/java.lang.reflect.Method.invoke(Method.java:568) ~[na:na]
?[0m?[0;34m	at org.junit.runners.model.FrameworkMethod$1.runReflectiveCall(FrameworkMethod.java:59) ~[junit-4.13.2.jar:4.13.2]
?[0m?[0;34m	at org.junit.internal.runners.model.ReflectiveCallable.run(ReflectiveCallable.java:12) ~[junit-4.13.2.jar:4.13.2]
?[0m?[0;34m	at org.junit.runners.model.FrameworkMethod.invokeExplosively(FrameworkMethod.java:56) ~[junit-4.13.2.jar:4.13.2]
?[0m?[0;34m	at org.junit.internal.runners.statements.InvokeMethod.evaluate(InvokeMethod.java:17) ~[junit-4.13.2.jar:4.13.2]
?[0m?[0;34m	at org.junit.internal.runners.statements.RunAfters.evaluate(RunAfters.java:27) ~[junit-4.13.2.jar:4.13.2]
?[0m?[0;34m	at org.junit.runners.ParentRunner$3.evaluate(ParentRunner.java:306) ~[junit-4.13.2.jar:4.13.2]
?[0m?[0;34m	at org.junit.runners.BlockJUnit4ClassRunner$1.evaluate(BlockJUnit4ClassRunner.java:100) ~[junit-4.13.2.jar:4.13.2]
?[0m?[0;34m	at org.junit.runners.ParentRunner.runLeaf(ParentRunner.java:366) ~[junit-4.13.2.jar:4.13.2]
?[0m?[0;34m	at org.junit.runners.BlockJUnit4ClassRunner.runChild(BlockJUnit4ClassRunner.java:103) ~[junit-4.13.2.jar:4.13.2]
?[0m?[0;34m	at org.junit.runners.BlockJUnit4ClassRunner.runChild(BlockJUnit4ClassRunner.java:63) ~[junit-4.13.2.jar:4.13.2]
?[0m?[0;34m	at org.junit.runners.ParentRunner$4.run(ParentRunner.java:331) ~[junit-4.13.2.jar:4.13.2]
?[0m?[0;34m	at org.junit.runners.ParentRunner$1.schedule(ParentRunner.java:79) ~[junit-4.13.2.jar:4.13.2]
?[0m?[0;34m	at org.junit.runners.ParentRunner.runChildren(ParentRunner.java:329) ~[junit-4.13.2.jar:4.13.2]
?[0m?[0;34m	at org.junit.runners.ParentRunner.access$100(ParentRunner.java:66) ~[junit-4.13.2.jar:4.13.2]
?[0m?[0;34m	at org.junit.runners.ParentRunner$2.evaluate(ParentRunner.java:293) ~[junit-4.13.2.jar:4.13.2]
?[0m?[0;34m	at org.junit.runners.ParentRunner$3.evaluate(ParentRunner.java:306) ~[junit-4.13.2.jar:4.13.2]
?[0m?[0;34m	at org.junit.runners.ParentRunner.run(ParentRunner.java:413) ~[junit-4.13.2.jar:4.13.2]
?[0m?[0;34m	at org.gradle.api.internal.tasks.testing.junit.JUnitTestClassExecutor.runTestClass(JUnitTestClassExecutor.java:108) ~[na:na]
?[0m?[0;34m	at org.gradle.api.internal.tasks.testing.junit.JUnitTestClassExecutor.execute(JUnitTestClassExecutor.java:57) ~[na:na]
?[0m?[0;34m	at org.gradle.api.internal.tasks.testing.junit.JUnitTestClassExecutor.execute(JUnitTestClassExecutor.java:39) ~[na:na]
?[0m?[0;34m	at org.gradle.api.internal.tasks.testing.junit.AbstractJUnitTestClassProcessor.processTestClass(AbstractJUnitTestClassProcessor.java:62) ~[na:na]
?[0m?[0;34m	at org.gradle.api.internal.tasks.testing.SuiteTestClassProcessor.processTestClass(SuiteTestClassProcessor.java:52) ~[na:na]
?[0m?[0;34m	at java.base/jdk.internal.reflect.NativeMethodAccessorImpl.invoke0(Native Method) ~[na:na]
?[0m?[0;34m	at java.base/jdk.internal.reflect.NativeMethodAccessorImpl.invoke(NativeMethodAccessorImpl.java:77) ~[na:na]
?[0m?[0;34m	at java.base/jdk.internal.reflect.DelegatingMethodAccessorImpl.invoke(DelegatingMethodAccessorImpl.java:43) ~[na:na]
?[0m?[0;34m	at java.base/java.lang.reflect.Method.invoke(Method.java:568) ~[na:na]
?[0m?[0;34m	at org.gradle.internal.dispatch.ReflectionDispatch.dispatch(ReflectionDispatch.java:36) ~[na:na]
?[0m?[0;34m	at org.gradle.internal.dispatch.ReflectionDispatch.dispatch(ReflectionDispatch.java:24) ~[na:na]
?[0m?[0;34m	at org.gradle.internal.dispatch.ContextClassLoaderDispatch.dispatch(ContextClassLoaderDispatch.java:33) ~[na:na]
?[0m?[0;34m	at org.gradle.internal.dispatch.ProxyDispatchAdapter$DispatchingInvocationHandler.invoke(ProxyDispatchAdapter.java:94) ~[na:na]
?[0m?[0;34m	at jdk.proxy1/jdk.proxy1.$Proxy2.processTestClass(Unknown Source) ~[na:na]
?[0m?[0;34m	at org.gradle.api.internal.tasks.testing.worker.TestWorker$2.run(TestWorker.java:176) ~[na:na]
?[0m?[0;34m	at org.gradle.api.internal.tasks.testing.worker.TestWorker.executeAndMaintainThreadName(TestWorker.java:129) ~[na:na]
?[0m?[0;34m	at org.gradle.api.internal.tasks.testing.worker.TestWorker.execute(TestWorker.java:100) ~[na:na]
?[0m?[0;34m	at org.gradle.api.internal.tasks.testing.worker.TestWorker.execute(TestWorker.java:60) ~[na:na]
?[0m?[0;34m	at org.gradle.process.internal.worker.child.ActionExecutionWorker.execute(ActionExecutionWorker.java:56) ~[na:na]
?[0m?[0;34m	at org.gradle.process.internal.worker.child.SystemApplicationClassLoaderWorker.call(SystemApplicationClassLoaderWorker.java:113) ~[na:na]
?[0m?[0;34m	at org.gradle.process.internal.worker.child.SystemApplicationClassLoaderWorker.call(SystemApplicationClassLoaderWorker.java:65) ~[na:na]
?[0m?[0;34m	at worker.org.gradle.process.internal.worker.GradleWorkerMain.run(GradleWorkerMain.java:69) ~[gradle-worker.jar:na]
?[0m?[0;34m	at worker.org.gradle.process.internal.worker.GradleWorkerMain.main(GradleWorkerMain.java:74) ~[gradle-worker.jar:na]
?[0m?[0;34m
?[0m?[0;34m2023-07-16T14:07:47.472+02:00  WARN 1424 --- [    Test worker] .t.u.s.PrivilegedSetAccessControlContext : Unable to set field Thread.inheritedAccessControlContext
?[0m?[0;34m
?[0m?[0;34mjava.lang.IllegalAccessException: class org.apache.tomcat.util.security.PrivilegedSetAccessControlContext cannot access a member of class java.lang.Thread (in module java.base) with modifiers "private"
?[0m?[0;34m	at java.base/jdk.internal.reflect.Reflection.newIllegalAccessException(Reflection.java:392) ~[na:na]
?[0m?[0;34m	at java.base/java.lang.reflect.AccessibleObject.checkAccess(AccessibleObject.java:674) ~[na:na]
?[0m?[0;34m	at java.base/java.lang.reflect.Field.checkAccess(Field.java:1102) ~[na:na]
?[0m?[0;34m	at java.base/java.lang.reflect.Field.set(Field.java:797) ~[na:na]
?[0m?[0;34m	at org.apache.tomcat.util.security.PrivilegedSetAccessControlContext.run(PrivilegedSetAccessControlContext.java:60) ~[tomcat-embed-core-10.1.5.jar:10.1.5]
?[0m?[0;34m	at org.apache.tomcat.util.security.PrivilegedSetAccessControlContext.run(PrivilegedSetAccessControlContext.java:28) ~[tomcat-embed-core-10.1.5.jar:10.1.5]
?[0m?[0;34m	at java.base/java.security.AccessController.doPrivileged(AccessController.java:318) ~[na:na]
?[0m?[0;34m	at org.apache.tomcat.util.threads.TaskThreadFactory.newThread(TaskThreadFactory.java:64) ~[tomcat-embed-core-10.1.5.jar:10.1.5]
?[0m?[0;34m	at org.apache.tomcat.util.threads.ThreadPoolExecutor$Worker.<init>(ThreadPoolExecutor.java:653) ~[tomcat-embed-core-10.1.5.jar:10.1.5]
?[0m?[0;34m	at org.apache.tomcat.util.threads.ThreadPoolExecutor.addWorker(ThreadPoolExecutor.java:957) ~[tomcat-embed-core-10.1.5.jar:10.1.5]
?[0m?[0;34m	at org.apache.tomcat.util.threads.ThreadPoolExecutor.prestartAllCoreThreads(ThreadPoolExecutor.java:1694) ~[tomcat-embed-core-10.1.5.jar:10.1.5]
?[0m?[0;34m	at org.apache.tomcat.util.threads.ThreadPoolExecutor.<init>(ThreadPoolExecutor.java:1370) ~[tomcat-embed-core-10.1.5.jar:10.1.5]
?[0m?[0;34m	at org.apache.tomcat.util.threads.ThreadPoolExecutor.<init>(ThreadPoolExecutor.java:1280) ~[tomcat-embed-core-10.1.5.jar:10.1.5]
?[0m?[0;34m	at org.apache.tomcat.util.net.AbstractEndpoint.createExecutor(AbstractEndpoint.java:948) ~[tomcat-embed-core-10.1.5.jar:10.1.5]
?[0m?[0;34m	at org.apache.tomcat.util.net.NioEndpoint.startInternal(NioEndpoint.java:279) ~[tomcat-embed-core-10.1.5.jar:10.1.5]
?[0m?[0;34m	at org.apache.tomcat.util.net.AbstractEndpoint.start(AbstractEndpoint.java:1261) ~[tomcat-embed-core-10.1.5.jar:10.1.5]
?[0m?[0;34m	at org.apache.coyote.AbstractProtocol.start(AbstractProtocol.java:586) ~[tomcat-embed-core-10.1.5.jar:10.1.5]
?[0m?[0;34m	at org.apache.catalina.connector.Connector.startInternal(Connector.java:1081) ~[tomcat-embed-core-10.1.5.jar:10.1.5]
?[0m?[0;34m	at org.apache.catalina.util.LifecycleBase.start(LifecycleBase.java:183) ~[tomcat-embed-core-10.1.5.jar:10.1.5]
?[0m?[0;34m	at org.apache.catalina.core.StandardService.addConnector(StandardService.java:234) ~[tomcat-embed-core-10.1.5.jar:10.1.5]
?[0m?[0;34m	at org.springframework.boot.web.embedded.tomcat.TomcatWebServer.addPreviouslyRemovedConnectors(TomcatWebServer.java:282) ~[spring-boot-3.0.2.jar:3.0.2]
?[0m?[0;34m	at org.springframework.boot.web.embedded.tomcat.TomcatWebServer.start(TomcatWebServer.java:213) ~[spring-boot-3.0.2.jar:3.0.2]
?[0m?[0;34m	at org.springframework.boot.web.servlet.context.WebServerStartStopLifecycle.start(WebServerStartStopLifecycle.java:44) ~[spring-boot-3.0.2.jar:3.0.2]
?[0m?[0;34m	at org.springframework.context.support.DefaultLifecycleProcessor.doStart(DefaultLifecycleProcessor.java:178) ~[spring-context-6.0.4.jar:6.0.4]
?[0m?[0;34m	at org.springframework.context.support.DefaultLifecycleProcessor$LifecycleGroup.start(DefaultLifecycleProcessor.java:356) ~[spring-context-6.0.4.jar:6.0.4]
?[0m?[0;34m	at java.base/java.lang.Iterable.forEach(Iterable.java:75) ~[na:na]
?[0m?[0;34m	at org.springframework.context.support.DefaultLifecycleProcessor.startBeans(DefaultLifecycleProcessor.java:155) ~[spring-context-6.0.4.jar:6.0.4]
?[0m?[0;34m	at org.springframework.context.support.DefaultLifecycleProcessor.onRefresh(DefaultLifecycleProcessor.java:123) ~[spring-context-6.0.4.jar:6.0.4]
?[0m?[0;34m	at org.springframework.context.support.AbstractApplicationContext.finishRefresh(AbstractApplicationContext.java:932) ~[spring-context-6.0.4.jar:6.0.4]
?[0m?[0;34m	at org.springframework.context.support.AbstractApplicationContext.refresh(AbstractApplicationContext.java:587) ~[spring-context-6.0.4.jar:6.0.4]
?[0m?[0;34m	at org.springframework.boot.web.servlet.context.ServletWebServerApplicationContext.refresh(ServletWebServerApplicationContext.java:146) ~[spring-boot-3.0.2.jar:3.0.2]
?[0m?[0;34m	at org.springframework.boot.SpringApplication.refresh(SpringApplication.java:730) ~[spring-boot-3.0.2.jar:3.0.2]
?[0m?[0;34m	at org.springframework.boot.SpringApplication.refreshContext(SpringApplication.java:432) ~[spring-boot-3.0.2.jar:3.0.2]
?[0m?[0;34m	at org.springframework.boot.SpringApplication.run(SpringApplication.java:308) ~[spring-boot-3.0.2.jar:3.0.2]
?[0m?[0;34m	at org.springframework.boot.SpringApplication.run(SpringApplication.java:1302) ~[spring-boot-3.0.2.jar:3.0.2]
?[0m?[0;34m	at org.springframework.boot.SpringApplication.run(SpringApplication.java:1291) ~[spring-boot-3.0.2.jar:3.0.2]
?[0m?[0;34m	at antifraud.AntiFraudApplication.main(AntiFraudApplication.java:10) ~[main/:na]
?[0m?[0;34m	at java.base/jdk.internal.reflect.NativeMethodAccessorImpl.invoke0(Native Method) ~[na:na]
?[0m?[0;34m	at java.base/jdk.internal.reflect.NativeMethodAccessorImpl.invoke(NativeMethodAccessorImpl.java:77) ~[na:na]
?[0m?[0;34m	at java.base/jdk.internal.reflect.DelegatingMethodAccessorImpl.invoke(DelegatingMethodAccessorImpl.java:43) ~[na:na]
?[0m?[0;34m	at java.base/java.lang.reflect.Method.invoke(Method.java:568) ~[na:na]
?[0m?[0;34m	at org.hyperskill.hstest.stage.SpringTest.startSpring(SpringTest.java:187) ~[hs-test-release-SNAPSHOT.jar:na]
?[0m?[0;34m	at org.hyperskill.hstest.stage.SpringTest.reloadSpring(SpringTest.java:239) ~[hs-test-release-SNAPSHOT.jar:na]
?[0m?[0;34m	at AntiFraudTest.restartApplication(AntiFraudTest.java:767) ~[test/:na]
?[0m?[0;34m	at AntiFraudTest.lambda$new$159(AntiFraudTest.java:1934) ~[test/:na]
?[0m?[0;34m	at org.hyperskill.hstest.dynamic.input.DynamicTesting.lambda$searchDynamicTests$3(DynamicTesting.java:289) ~[hs-test-release-SNAPSHOT.jar:na]
?[0m?[0;34m	at org.hyperskill.hstest.dynamic.input.DynamicTesting$1DynamicTestElement.lambda$getTests$0(DynamicTesting.java:252) ~[hs-test-release-SNAPSHOT.jar:na]
?[0m?[0;34m	at org.hyperskill.hstest.testing.runner.SpringApplicationRunner.test(SpringApplicationRunner.java:43) ~[hs-test-release-SNAPSHOT.jar:na]
?[0m?[0;34m	at org.hyperskill.hstest.testing.TestRun.test(TestRun.java:94) ~[hs-test-release-SNAPSHOT.jar:na]
?[0m?[0;34m	at org.hyperskill.hstest.stage.StageTest.start(StageTest.java:164) ~[hs-test-release-SNAPSHOT.jar:na]
?[0m?[0;34m	at java.base/jdk.internal.reflect.NativeMethodAccessorImpl.invoke0(Native Method) ~[na:na]
?[0m?[0;34m	at java.base/jdk.internal.reflect.NativeMethodAccessorImpl.invoke(NativeMethodAccessorImpl.java:77) ~[na:na]
?[0m?[0;34m	at java.base/jdk.internal.reflect.DelegatingMethodAccessorImpl.invoke(DelegatingMethodAccessorImpl.java:43) ~[na:na]
?[0m?[0;34m	at java.base/java.lang.reflect.Method.invoke(Method.java:568) ~[na:na]
?[0m?[0;34m	at org.junit.runners.model.FrameworkMethod$1.runReflectiveCall(FrameworkMethod.java:59) ~[junit-4.13.2.jar:4.13.2]
?[0m?[0;34m	at org.junit.internal.runners.model.ReflectiveCallable.run(ReflectiveCallable.java:12) ~[junit-4.13.2.jar:4.13.2]
?[0m?[0;34m	at org.junit.runners.model.FrameworkMethod.invokeExplosively(FrameworkMethod.java:56) ~[junit-4.13.2.jar:4.13.2]
?[0m?[0;34m	at org.junit.internal.runners.statements.InvokeMethod.evaluate(InvokeMethod.java:17) ~[junit-4.13.2.jar:4.13.2]
?[0m?[0;34m	at org.junit.internal.runners.statements.RunAfters.evaluate(RunAfters.java:27) ~[junit-4.13.2.jar:4.13.2]
?[0m?[0;34m	at org.junit.runners.ParentRunner$3.evaluate(ParentRunner.java:306) ~[junit-4.13.2.jar:4.13.2]
?[0m?[0;34m	at org.junit.runners.BlockJUnit4ClassRunner$1.evaluate(BlockJUnit4ClassRunner.java:100) ~[junit-4.13.2.jar:4.13.2]
?[0m?[0;34m	at org.junit.runners.ParentRunner.runLeaf(ParentRunner.java:366) ~[junit-4.13.2.jar:4.13.2]
?[0m?[0;34m	at org.junit.runners.BlockJUnit4ClassRunner.runChild(BlockJUnit4ClassRunner.java:103) ~[junit-4.13.2.jar:4.13.2]
?[0m?[0;34m	at org.junit.runners.BlockJUnit4ClassRunner.runChild(BlockJUnit4ClassRunner.java:63) ~[junit-4.13.2.jar:4.13.2]
?[0m?[0;34m	at org.junit.runners.ParentRunner$4.run(ParentRunner.java:331) ~[junit-4.13.2.jar:4.13.2]
?[0m?[0;34m	at org.junit.runners.ParentRunner$1.schedule(ParentRunner.java:79) ~[junit-4.13.2.jar:4.13.2]
?[0m?[0;34m	at org.junit.runners.ParentRunner.runChildren(ParentRunner.java:329) ~[junit-4.13.2.jar:4.13.2]
?[0m?[0;34m	at org.junit.runners.ParentRunner.access$100(ParentRunner.java:66) ~[junit-4.13.2.jar:4.13.2]
?[0m?[0;34m	at org.junit.runners.ParentRunner$2.evaluate(ParentRunner.java:293) ~[junit-4.13.2.jar:4.13.2]
?[0m?[0;34m	at org.junit.runners.ParentRunner$3.evaluate(ParentRunner.java:306) ~[junit-4.13.2.jar:4.13.2]
?[0m?[0;34m	at org.junit.runners.ParentRunner.run(ParentRunner.java:413) ~[junit-4.13.2.jar:4.13.2]
?[0m?[0;34m	at org.gradle.api.internal.tasks.testing.junit.JUnitTestClassExecutor.runTestClass(JUnitTestClassExecutor.java:108) ~[na:na]
?[0m?[0;34m	at org.gradle.api.internal.tasks.testing.junit.JUnitTestClassExecutor.execute(JUnitTestClassExecutor.java:57) ~[na:na]
?[0m?[0;34m	at org.gradle.api.internal.tasks.testing.junit.JUnitTestClassExecutor.execute(JUnitTestClassExecutor.java:39) ~[na:na]
?[0m?[0;34m	at org.gradle.api.internal.tasks.testing.junit.AbstractJUnitTestClassProcessor.processTestClass(AbstractJUnitTestClassProcessor.java:62) ~[na:na]
?[0m?[0;34m	at org.gradle.api.internal.tasks.testing.SuiteTestClassProcessor.processTestClass(SuiteTestClassProcessor.java:52) ~[na:na]
?[0m?[0;34m	at java.base/jdk.internal.reflect.NativeMethodAccessorImpl.invoke0(Native Method) ~[na:na]
?[0m?[0;34m	at java.base/jdk.internal.reflect.NativeMethodAccessorImpl.invoke(NativeMethodAccessorImpl.java:77) ~[na:na]
?[0m?[0;34m	at java.base/jdk.internal.reflect.DelegatingMethodAccessorImpl.invoke(DelegatingMethodAccessorImpl.java:43) ~[na:na]
?[0m?[0;34m	at java.base/java.lang.reflect.Method.invoke(Method.java:568) ~[na:na]
?[0m?[0;34m	at org.gradle.internal.dispatch.ReflectionDispatch.dispatch(ReflectionDispatch.java:36) ~[na:na]
?[0m?[0;34m	at org.gradle.internal.dispatch.ReflectionDispatch.dispatch(ReflectionDispatch.java:24) ~[na:na]
?[0m?[0;34m	at org.gradle.internal.dispatch.ContextClassLoaderDispatch.dispatch(ContextClassLoaderDispatch.java:33) ~[na:na]
?[0m?[0;34m	at org.gradle.internal.dispatch.ProxyDispatchAdapter$DispatchingInvocationHandler.invoke(ProxyDispatchAdapter.java:94) ~[na:na]
?[0m?[0;34m	at jdk.proxy1/jdk.proxy1.$Proxy2.processTestClass(Unknown Source) ~[na:na]
?[0m?[0;34m	at org.gradle.api.internal.tasks.testing.worker.TestWorker$2.run(TestWorker.java:176) ~[na:na]
?[0m?[0;34m	at org.gradle.api.internal.tasks.testing.worker.TestWorker.executeAndMaintainThreadName(TestWorker.java:129) ~[na:na]
?[0m?[0;34m	at org.gradle.api.internal.tasks.testing.worker.TestWorker.execute(TestWorker.java:100) ~[na:na]
?[0m?[0;34m	at org.gradle.api.internal.tasks.testing.worker.TestWorker.execute(TestWorker.java:60) ~[na:na]
?[0m?[0;34m	at org.gradle.process.internal.worker.child.ActionExecutionWorker.execute(ActionExecutionWorker.java:56) ~[na:na]
?[0m?[0;34m	at org.gradle.process.internal.worker.child.SystemApplicationClassLoaderWorker.call(SystemApplicationClassLoaderWorker.java:113) ~[na:na]
?[0m?[0;34m	at org.gradle.process.internal.worker.child.SystemApplicationClassLoaderWorker.call(SystemApplicationClassLoaderWorker.java:65) ~[na:na]
?[0m?[0;34m	at worker.org.gradle.process.internal.worker.GradleWorkerMain.run(GradleWorkerMain.java:69) ~[gradle-worker.jar:na]
?[0m?[0;34m	at worker.org.gradle.process.internal.worker.GradleWorkerMain.main(GradleWorkerMain.java:74) ~[gradle-worker.jar:na]
?[0m?[0;34m
?[0m?[0;34m2023-07-16T14:07:47.481+02:00  WARN 1424 --- [    Test worker] .t.u.s.PrivilegedSetAccessControlContext : Unable to set field Thread.inheritedAccessControlContext
?[0m?[0;34m
?[0m?[0;34mjava.lang.IllegalAccessException: class org.apache.tomcat.util.security.PrivilegedSetAccessControlContext cannot access a member of class java.lang.Thread (in module java.base) with modifiers "private"
?[0m?[0;34m	at java.base/jdk.internal.reflect.Reflection.newIllegalAccessException(Reflection.java:392) ~[na:na]
?[0m?[0;34m	at java.base/java.lang.reflect.AccessibleObject.checkAccess(AccessibleObject.java:674) ~[na:na]
?[0m?[0;34m	at java.base/java.lang.reflect.Field.checkAccess(Field.java:1102) ~[na:na]
?[0m?[0;34m	at java.base/java.lang.reflect.Field.set(Field.java:797) ~[na:na]
?[0m?[0;34m	at org.apache.tomcat.util.security.PrivilegedSetAccessControlContext.run(PrivilegedSetAccessControlContext.java:60) ~[tomcat-embed-core-10.1.5.jar:10.1.5]
?[0m?[0;34m	at org.apache.tomcat.util.security.PrivilegedSetAccessControlContext.run(PrivilegedSetAccessControlContext.java:28) ~[tomcat-embed-core-10.1.5.jar:10.1.5]
?[0m?[0;34m	at java.base/java.security.AccessController.doPrivileged(AccessController.java:318) ~[na:na]
?[0m?[0;34m	at org.apache.tomcat.util.threads.TaskThreadFactory.newThread(TaskThreadFactory.java:64) ~[tomcat-embed-core-10.1.5.jar:10.1.5]
?[0m?[0;34m	at org.apache.tomcat.util.threads.ThreadPoolExecutor$Worker.<init>(ThreadPoolExecutor.java:653) ~[tomcat-embed-core-10.1.5.jar:10.1.5]
?[0m?[0;34m	at org.apache.tomcat.util.threads.ThreadPoolExecutor.addWorker(ThreadPoolExecutor.java:957) ~[tomcat-embed-core-10.1.5.jar:10.1.5]
?[0m?[0;34m	at org.apache.tomcat.util.threads.ThreadPoolExecutor.prestartAllCoreThreads(ThreadPoolExecutor.java:1694) ~[tomcat-embed-core-10.1.5.jar:10.1.5]
?[0m?[0;34m	at org.apache.tomcat.util.threads.ThreadPoolExecutor.<init>(ThreadPoolExecutor.java:1370) ~[tomcat-embed-core-10.1.5.jar:10.1.5]
?[0m?[0;34m	at org.apache.tomcat.util.threads.ThreadPoolExecutor.<init>(ThreadPoolExecutor.java:1280) ~[tomcat-embed-core-10.1.5.jar:10.1.5]
?[0m?[0;34m	at org.apache.tomcat.util.net.AbstractEndpoint.createExecutor(AbstractEndpoint.java:948) ~[tomcat-embed-core-10.1.5.jar:10.1.5]
?[0m?[0;34m	at org.apache.tomcat.util.net.NioEndpoint.startInternal(NioEndpoint.java:279) ~[tomcat-embed-core-10.1.5.jar:10.1.5]
?[0m?[0;34m	at org.apache.tomcat.util.net.AbstractEndpoint.start(AbstractEndpoint.java:1261) ~[tomcat-embed-core-10.1.5.jar:10.1.5]
?[0m?[0;34m	at org.apache.coyote.AbstractProtocol.start(AbstractProtocol.java:586) ~[tomcat-embed-core-10.1.5.jar:10.1.5]
?[0m?[0;34m	at org.apache.catalina.connector.Connector.startInternal(Connector.java:1081) ~[tomcat-embed-core-10.1.5.jar:10.1.5]
?[0m?[0;34m	at org.apache.catalina.util.LifecycleBase.start(LifecycleBase.java:183) ~[tomcat-embed-core-10.1.5.jar:10.1.5]
?[0m?[0;34m	at org.apache.catalina.core.StandardService.addConnector(StandardService.java:234) ~[tomcat-embed-core-10.1.5.jar:10.1.5]
?[0m?[0;34m	at org.springframework.boot.web.embedded.tomcat.TomcatWebServer.addPreviouslyRemovedConnectors(TomcatWebServer.java:282) ~[spring-boot-3.0.2.jar:3.0.2]
?[0m?[0;34m	at org.springframework.boot.web.embedded.tomcat.TomcatWebServer.start(TomcatWebServer.java:213) ~[spring-boot-3.0.2.jar:3.0.2]
?[0m?[0;34m	at org.springframework.boot.web.servlet.context.WebServerStartStopLifecycle.start(WebServerStartStopLifecycle.java:44) ~[spring-boot-3.0.2.jar:3.0.2]
?[0m?[0;34m	at org.springframework.context.support.DefaultLifecycleProcessor.doStart(DefaultLifecycleProcessor.java:178) ~[spring-context-6.0.4.jar:6.0.4]
?[0m?[0;34m	at org.springframework.context.support.DefaultLifecycleProcessor$LifecycleGroup.start(DefaultLifecycleProcessor.java:356) ~[spring-context-6.0.4.jar:6.0.4]
?[0m?[0;34m	at java.base/java.lang.Iterable.forEach(Iterable.java:75) ~[na:na]
?[0m?[0;34m	at org.springframework.context.support.DefaultLifecycleProcessor.startBeans(DefaultLifecycleProcessor.java:155) ~[spring-context-6.0.4.jar:6.0.4]
?[0m?[0;34m	at org.springframework.context.support.DefaultLifecycleProcessor.onRefresh(DefaultLifecycleProcessor.java:123) ~[spring-context-6.0.4.jar:6.0.4]
?[0m?[0;34m	at org.springframework.context.support.AbstractApplicationContext.finishRefresh(AbstractApplicationContext.java:932) ~[spring-context-6.0.4.jar:6.0.4]
?[0m?[0;34m	at org.springframework.context.support.AbstractApplicationContext.refresh(AbstractApplicationContext.java:587) ~[spring-context-6.0.4.jar:6.0.4]
?[0m?[0;34m	at org.springframework.boot.web.servlet.context.ServletWebServerApplicationContext.refresh(ServletWebServerApplicationContext.java:146) ~[spring-boot-3.0.2.jar:3.0.2]
?[0m?[0;34m	at org.springframework.boot.SpringApplication.refresh(SpringApplication.java:730) ~[spring-boot-3.0.2.jar:3.0.2]
?[0m?[0;34m	at org.springframework.boot.SpringApplication.refreshContext(SpringApplication.java:432) ~[spring-boot-3.0.2.jar:3.0.2]
?[0m?[0;34m	at org.springframework.boot.SpringApplication.run(SpringApplication.java:308) ~[spring-boot-3.0.2.jar:3.0.2]
?[0m?[0;34m	at org.springframework.boot.SpringApplication.run(SpringApplication.java:1302) ~[spring-boot-3.0.2.jar:3.0.2]
?[0m?[0;34m	at org.springframework.boot.SpringApplication.run(SpringApplication.java:1291) ~[spring-boot-3.0.2.jar:3.0.2]
?[0m?[0;34m	at antifraud.AntiFraudApplication.main(AntiFraudApplication.java:10) ~[main/:na]
?[0m?[0;34m	at java.base/jdk.internal.reflect.NativeMethodAccessorImpl.invoke0(Native Method) ~[na:na]
?[0m?[0;34m	at java.base/jdk.internal.reflect.NativeMethodAccessorImpl.invoke(NativeMethodAccessorImpl.java:77) ~[na:na]
?[0m?[0;34m	at java.base/jdk.internal.reflect.DelegatingMethodAccessorImpl.invoke(DelegatingMethodAccessorImpl.java:43) ~[na:na]
?[0m?[0;34m	at java.base/java.lang.reflect.Method.invoke(Method.java:568) ~[na:na]
?[0m?[0;34m	at org.hyperskill.hstest.stage.SpringTest.startSpring(SpringTest.java:187) ~[hs-test-release-SNAPSHOT.jar:na]
?[0m?[0;34m	at org.hyperskill.hstest.stage.SpringTest.reloadSpring(SpringTest.java:239) ~[hs-test-release-SNAPSHOT.jar:na]
?[0m?[0;34m	at AntiFraudTest.restartApplication(AntiFraudTest.java:767) ~[test/:na]
?[0m?[0;34m	at AntiFraudTest.lambda$new$159(AntiFraudTest.java:1934) ~[test/:na]
?[0m?[0;34m	at org.hyperskill.hstest.dynamic.input.DynamicTesting.lambda$searchDynamicTests$3(DynamicTesting.java:289) ~[hs-test-release-SNAPSHOT.jar:na]
?[0m?[0;34m	at org.hyperskill.hstest.dynamic.input.DynamicTesting$1DynamicTestElement.lambda$getTests$0(DynamicTesting.java:252) ~[hs-test-release-SNAPSHOT.jar:na]
?[0m?[0;34m	at org.hyperskill.hstest.testing.runner.SpringApplicationRunner.test(SpringApplicationRunner.java:43) ~[hs-test-release-SNAPSHOT.jar:na]
?[0m?[0;34m	at org.hyperskill.hstest.testing.TestRun.test(TestRun.java:94) ~[hs-test-release-SNAPSHOT.jar:na]
?[0m?[0;34m	at org.hyperskill.hstest.stage.StageTest.start(StageTest.java:164) ~[hs-test-release-SNAPSHOT.jar:na]
?[0m?[0;34m	at java.base/jdk.internal.reflect.NativeMethodAccessorImpl.invoke0(Native Method) ~[na:na]
?[0m?[0;34m	at java.base/jdk.internal.reflect.NativeMethodAccessorImpl.invoke(NativeMethodAccessorImpl.java:77) ~[na:na]
?[0m?[0;34m	at java.base/jdk.internal.reflect.DelegatingMethodAccessorImpl.invoke(DelegatingMethodAccessorImpl.java:43) ~[na:na]
?[0m?[0;34m	at java.base/java.lang.reflect.Method.invoke(Method.java:568) ~[na:na]
?[0m?[0;34m	at org.junit.runners.model.FrameworkMethod$1.runReflectiveCall(FrameworkMethod.java:59) ~[junit-4.13.2.jar:4.13.2]
?[0m?[0;34m	at org.junit.internal.runners.model.ReflectiveCallable.run(ReflectiveCallable.java:12) ~[junit-4.13.2.jar:4.13.2]
?[0m?[0;34m	at org.junit.runners.model.FrameworkMethod.invokeExplosively(FrameworkMethod.java:56) ~[junit-4.13.2.jar:4.13.2]
?[0m?[0;34m	at org.junit.internal.runners.statements.InvokeMethod.evaluate(InvokeMethod.java:17) ~[junit-4.13.2.jar:4.13.2]
?[0m?[0;34m	at org.junit.internal.runners.statements.RunAfters.evaluate(RunAfters.java:27) ~[junit-4.13.2.jar:4.13.2]
?[0m?[0;34m	at org.junit.runners.ParentRunner$3.evaluate(ParentRunner.java:306) ~[junit-4.13.2.jar:4.13.2]
?[0m?[0;34m	at org.junit.runners.BlockJUnit4ClassRunner$1.evaluate(BlockJUnit4ClassRunner.java:100) ~[junit-4.13.2.jar:4.13.2]
?[0m?[0;34m	at org.junit.runners.ParentRunner.runLeaf(ParentRunner.java:366) ~[junit-4.13.2.jar:4.13.2]
?[0m?[0;34m	at org.junit.runners.BlockJUnit4ClassRunner.runChild(BlockJUnit4ClassRunner.java:103) ~[junit-4.13.2.jar:4.13.2]
?[0m?[0;34m	at org.junit.runners.BlockJUnit4ClassRunner.runChild(BlockJUnit4ClassRunner.java:63) ~[junit-4.13.2.jar:4.13.2]
?[0m?[0;34m	at org.junit.runners.ParentRunner$4.run(ParentRunner.java:331) ~[junit-4.13.2.jar:4.13.2]
?[0m?[0;34m	at org.junit.runners.ParentRunner$1.schedule(ParentRunner.java:79) ~[junit-4.13.2.jar:4.13.2]
?[0m?[0;34m	at org.junit.runners.ParentRunner.runChildren(ParentRunner.java:329) ~[junit-4.13.2.jar:4.13.2]
?[0m?[0;34m	at org.junit.runners.ParentRunner.access$100(ParentRunner.java:66) ~[junit-4.13.2.jar:4.13.2]
?[0m?[0;34m	at org.junit.runners.ParentRunner$2.evaluate(ParentRunner.java:293) ~[junit-4.13.2.jar:4.13.2]
?[0m?[0;34m	at org.junit.runners.ParentRunner$3.evaluate(ParentRunner.java:306) ~[junit-4.13.2.jar:4.13.2]
?[0m?[0;34m	at org.junit.runners.ParentRunner.run(ParentRunner.java:413) ~[junit-4.13.2.jar:4.13.2]
?[0m?[0;34m	at org.gradle.api.internal.tasks.testing.junit.JUnitTestClassExecutor.runTestClass(JUnitTestClassExecutor.java:108) ~[na:na]
?[0m?[0;34m	at org.gradle.api.internal.tasks.testing.junit.JUnitTestClassExecutor.execute(JUnitTestClassExecutor.java:57) ~[na:na]
?[0m?[0;34m	at org.gradle.api.internal.tasks.testing.junit.JUnitTestClassExecutor.execute(JUnitTestClassExecutor.java:39) ~[na:na]
?[0m?[0;34m	at org.gradle.api.internal.tasks.testing.junit.AbstractJUnitTestClassProcessor.processTestClass(AbstractJUnitTestClassProcessor.java:62) ~[na:na]
?[0m?[0;34m	at org.gradle.api.internal.tasks.testing.SuiteTestClassProcessor.processTestClass(SuiteTestClassProcessor.java:52) ~[na:na]
?[0m?[0;34m	at java.base/jdk.internal.reflect.NativeMethodAccessorImpl.invoke0(Native Method) ~[na:na]
?[0m?[0;34m	at java.base/jdk.internal.reflect.NativeMethodAccessorImpl.invoke(NativeMethodAccessorImpl.java:77) ~[na:na]
?[0m?[0;34m	at java.base/jdk.internal.reflect.DelegatingMethodAccessorImpl.invoke(DelegatingMethodAccessorImpl.java:43) ~[na:na]
?[0m?[0;34m	at java.base/java.lang.reflect.Method.invoke(Method.java:568) ~[na:na]
?[0m?[0;34m	at org.gradle.internal.dispatch.ReflectionDispatch.dispatch(ReflectionDispatch.java:36) ~[na:na]
?[0m?[0;34m	at org.gradle.internal.dispatch.ReflectionDispatch.dispatch(ReflectionDispatch.java:24) ~[na:na]
?[0m?[0;34m	at org.gradle.internal.dispatch.ContextClassLoaderDispatch.dispatch(ContextClassLoaderDispatch.java:33) ~[na:na]
?[0m?[0;34m	at org.gradle.internal.dispatch.ProxyDispatchAdapter$DispatchingInvocationHandler.invoke(ProxyDispatchAdapter.java:94) ~[na:na]
?[0m?[0;34m	at jdk.proxy1/jdk.proxy1.$Proxy2.processTestClass(Unknown Source) ~[na:na]
?[0m?[0;34m	at org.gradle.api.internal.tasks.testing.worker.TestWorker$2.run(TestWorker.java:176) ~[na:na]
?[0m?[0;34m	at org.gradle.api.internal.tasks.testing.worker.TestWorker.executeAndMaintainThreadName(TestWorker.java:129) ~[na:na]
?[0m?[0;34m	at org.gradle.api.internal.tasks.testing.worker.TestWorker.execute(TestWorker.java:100) ~[na:na]
?[0m?[0;34m	at org.gradle.api.internal.tasks.testing.worker.TestWorker.execute(TestWorker.java:60) ~[na:na]
?[0m?[0;34m	at org.gradle.process.internal.worker.child.ActionExecutionWorker.execute(ActionExecutionWorker.java:56) ~[na:na]
?[0m?[0;34m	at org.gradle.process.internal.worker.child.SystemApplicationClassLoaderWorker.call(SystemApplicationClassLoaderWorker.java:113) ~[na:na]
?[0m?[0;34m	at org.gradle.process.internal.worker.child.SystemApplicationClassLoaderWorker.call(SystemApplicationClassLoaderWorker.java:65) ~[na:na]
?[0m?[0;34m	at worker.org.gradle.process.internal.worker.GradleWorkerMain.run(GradleWorkerMain.java:69) ~[gradle-worker.jar:na]
?[0m?[0;34m	at worker.org.gradle.process.internal.worker.GradleWorkerMain.main(GradleWorkerMain.java:74) ~[gradle-worker.jar:na]
?[0m?[0;34m
?[0m?[0;34m2023-07-16T14:07:47.489+02:00  WARN 1424 --- [    Test worker] .t.u.s.PrivilegedSetAccessControlContext : Unable to set field Thread.inheritedAccessControlContext
?[0m?[0;34m
?[0m?[0;34mjava.lang.IllegalAccessException: class org.apache.tomcat.util.security.PrivilegedSetAccessControlContext cannot access a member of class java.lang.Thread (in module java.base) with modifiers "private"
?[0m?[0;34m	at java.base/jdk.internal.reflect.Reflection.newIllegalAccessException(Reflection.java:392) ~[na:na]
?[0m?[0;34m	at java.base/java.lang.reflect.AccessibleObject.checkAccess(AccessibleObject.java:674) ~[na:na]
?[0m?[0;34m	at java.base/java.lang.reflect.Field.checkAccess(Field.java:1102) ~[na:na]
?[0m?[0;34m	at java.base/java.lang.reflect.Field.set(Field.java:797) ~[na:na]
?[0m?[0;34m	at org.apache.tomcat.util.security.PrivilegedSetAccessControlContext.run(PrivilegedSetAccessControlContext.java:60) ~[tomcat-embed-core-10.1.5.jar:10.1.5]
?[0m?[0;34m	at org.apache.tomcat.util.security.PrivilegedSetAccessControlContext.run(PrivilegedSetAccessControlContext.java:28) ~[tomcat-embed-core-10.1.5.jar:10.1.5]
?[0m?[0;34m	at java.base/java.security.AccessController.doPrivileged(AccessController.java:318) ~[na:na]
?[0m?[0;34m	at org.apache.tomcat.util.threads.TaskThreadFactory.newThread(TaskThreadFactory.java:64) ~[tomcat-embed-core-10.1.5.jar:10.1.5]
?[0m?[0;34m	at org.apache.tomcat.util.threads.ThreadPoolExecutor$Worker.<init>(ThreadPoolExecutor.java:653) ~[tomcat-embed-core-10.1.5.jar:10.1.5]
?[0m?[0;34m	at org.apache.tomcat.util.threads.ThreadPoolExecutor.addWorker(ThreadPoolExecutor.java:957) ~[tomcat-embed-core-10.1.5.jar:10.1.5]
?[0m?[0;34m	at org.apache.tomcat.util.threads.ThreadPoolExecutor.prestartAllCoreThreads(ThreadPoolExecutor.java:1694) ~[tomcat-embed-core-10.1.5.jar:10.1.5]
?[0m?[0;34m	at org.apache.tomcat.util.threads.ThreadPoolExecutor.<init>(ThreadPoolExecutor.java:1370) ~[tomcat-embed-core-10.1.5.jar:10.1.5]
?[0m?[0;34m	at org.apache.tomcat.util.threads.ThreadPoolExecutor.<init>(ThreadPoolExecutor.java:1280) ~[tomcat-embed-core-10.1.5.jar:10.1.5]
?[0m?[0;34m	at org.apache.tomcat.util.net.AbstractEndpoint.createExecutor(AbstractEndpoint.java:948) ~[tomcat-embed-core-10.1.5.jar:10.1.5]
?[0m?[0;34m	at org.apache.tomcat.util.net.NioEndpoint.startInternal(NioEndpoint.java:279) ~[tomcat-embed-core-10.1.5.jar:10.1.5]
?[0m?[0;34m	at org.apache.tomcat.util.net.AbstractEndpoint.start(AbstractEndpoint.java:1261) ~[tomcat-embed-core-10.1.5.jar:10.1.5]
?[0m?[0;34m	at org.apache.coyote.AbstractProtocol.start(AbstractProtocol.java:586) ~[tomcat-embed-core-10.1.5.jar:10.1.5]
?[0m?[0;34m	at org.apache.catalina.connector.Connector.startInternal(Connector.java:1081) ~[tomcat-embed-core-10.1.5.jar:10.1.5]
?[0m?[0;34m	at org.apache.catalina.util.LifecycleBase.start(LifecycleBase.java:183) ~[tomcat-embed-core-10.1.5.jar:10.1.5]
?[0m?[0;34m	at org.apache.catalina.core.StandardService.addConnector(StandardService.java:234) ~[tomcat-embed-core-10.1.5.jar:10.1.5]
?[0m?[0;34m	at org.springframework.boot.web.embedded.tomcat.TomcatWebServer.addPreviouslyRemovedConnectors(TomcatWebServer.java:282) ~[spring-boot-3.0.2.jar:3.0.2]
?[0m?[0;34m	at org.springframework.boot.web.embedded.tomcat.TomcatWebServer.start(TomcatWebServer.java:213) ~[spring-boot-3.0.2.jar:3.0.2]
?[0m?[0;34m	at org.springframework.boot.web.servlet.context.WebServerStartStopLifecycle.start(WebServerStartStopLifecycle.java:44) ~[spring-boot-3.0.2.jar:3.0.2]
?[0m?[0;34m	at org.springframework.context.support.DefaultLifecycleProcessor.doStart(DefaultLifecycleProcessor.java:178) ~[spring-context-6.0.4.jar:6.0.4]
?[0m?[0;34m	at org.springframework.context.support.DefaultLifecycleProcessor$LifecycleGroup.start(DefaultLifecycleProcessor.java:356) ~[spring-context-6.0.4.jar:6.0.4]
?[0m?[0;34m	at java.base/java.lang.Iterable.forEach(Iterable.java:75) ~[na:na]
?[0m?[0;34m	at org.springframework.context.support.DefaultLifecycleProcessor.startBeans(DefaultLifecycleProcessor.java:155) ~[spring-context-6.0.4.jar:6.0.4]
?[0m?[0;34m	at org.springframework.context.support.DefaultLifecycleProcessor.onRefresh(DefaultLifecycleProcessor.java:123) ~[spring-context-6.0.4.jar:6.0.4]
?[0m?[0;34m	at org.springframework.context.support.AbstractApplicationContext.finishRefresh(AbstractApplicationContext.java:932) ~[spring-context-6.0.4.jar:6.0.4]
?[0m?[0;34m	at org.springframework.context.support.AbstractApplicationContext.refresh(AbstractApplicationContext.java:587) ~[spring-context-6.0.4.jar:6.0.4]
?[0m?[0;34m	at org.springframework.boot.web.servlet.context.ServletWebServerApplicationContext.refresh(ServletWebServerApplicationContext.java:146) ~[spring-boot-3.0.2.jar:3.0.2]
?[0m?[0;34m	at org.springframework.boot.SpringApplication.refresh(SpringApplication.java:730) ~[spring-boot-3.0.2.jar:3.0.2]
?[0m?[0;34m	at org.springframework.boot.SpringApplication.refreshContext(SpringApplication.java:432) ~[spring-boot-3.0.2.jar:3.0.2]
?[0m?[0;34m	at org.springframework.boot.SpringApplication.run(SpringApplication.java:308) ~[spring-boot-3.0.2.jar:3.0.2]
?[0m?[0;34m	at org.springframework.boot.SpringApplication.run(SpringApplication.java:1302) ~[spring-boot-3.0.2.jar:3.0.2]
?[0m?[0;34m	at org.springframework.boot.SpringApplication.run(SpringApplication.java:1291) ~[spring-boot-3.0.2.jar:3.0.2]
?[0m?[0;34m	at antifraud.AntiFraudApplication.main(AntiFraudApplication.java:10) ~[main/:na]
?[0m?[0;34m	at java.base/jdk.internal.reflect.NativeMethodAccessorImpl.invoke0(Native Method) ~[na:na]
?[0m?[0;34m	at java.base/jdk.internal.reflect.NativeMethodAccessorImpl.invoke(NativeMethodAccessorImpl.java:77) ~[na:na]
?[0m?[0;34m	at java.base/jdk.internal.reflect.DelegatingMethodAccessorImpl.invoke(DelegatingMethodAccessorImpl.java:43) ~[na:na]
?[0m?[0;34m	at java.base/java.lang.reflect.Method.invoke(Method.java:568) ~[na:na]
?[0m?[0;34m	at org.hyperskill.hstest.stage.SpringTest.startSpring(SpringTest.java:187) ~[hs-test-release-SNAPSHOT.jar:na]
?[0m?[0;34m	at org.hyperskill.hstest.stage.SpringTest.reloadSpring(SpringTest.java:239) ~[hs-test-release-SNAPSHOT.jar:na]
?[0m?[0;34m	at AntiFraudTest.restartApplication(AntiFraudTest.java:767) ~[test/:na]
?[0m?[0;34m	at AntiFraudTest.lambda$new$159(AntiFraudTest.java:1934) ~[test/:na]
?[0m?[0;34m	at org.hyperskill.hstest.dynamic.input.DynamicTesting.lambda$searchDynamicTests$3(DynamicTesting.java:289) ~[hs-test-release-SNAPSHOT.jar:na]
?[0m?[0;34m	at org.hyperskill.hstest.dynamic.input.DynamicTesting$1DynamicTestElement.lambda$getTests$0(DynamicTesting.java:252) ~[hs-test-release-SNAPSHOT.jar:na]
?[0m?[0;34m	at org.hyperskill.hstest.testing.runner.SpringApplicationRunner.test(SpringApplicationRunner.java:43) ~[hs-test-release-SNAPSHOT.jar:na]
?[0m?[0;34m	at org.hyperskill.hstest.testing.TestRun.test(TestRun.java:94) ~[hs-test-release-SNAPSHOT.jar:na]
?[0m?[0;34m	at org.hyperskill.hstest.stage.StageTest.start(StageTest.java:164) ~[hs-test-release-SNAPSHOT.jar:na]
?[0m?[0;34m	at java.base/jdk.internal.reflect.NativeMethodAccessorImpl.invoke0(Native Method) ~[na:na]
?[0m?[0;34m	at java.base/jdk.internal.reflect.NativeMethodAccessorImpl.invoke(NativeMethodAccessorImpl.java:77) ~[na:na]
?[0m?[0;34m	at java.base/jdk.internal.reflect.DelegatingMethodAccessorImpl.invoke(DelegatingMethodAccessorImpl.java:43) ~[na:na]
?[0m?[0;34m	at java.base/java.lang.reflect.Method.invoke(Method.java:568) ~[na:na]
?[0m?[0;34m	at org.junit.runners.model.FrameworkMethod$1.runReflectiveCall(FrameworkMethod.java:59) ~[junit-4.13.2.jar:4.13.2]
?[0m?[0;34m	at org.junit.internal.runners.model.ReflectiveCallable.run(ReflectiveCallable.java:12) ~[junit-4.13.2.jar:4.13.2]
?[0m?[0;34m	at org.junit.runners.model.FrameworkMethod.invokeExplosively(FrameworkMethod.java:56) ~[junit-4.13.2.jar:4.13.2]
?[0m?[0;34m	at org.junit.internal.runners.statements.InvokeMethod.evaluate(InvokeMethod.java:17) ~[junit-4.13.2.jar:4.13.2]
?[0m?[0;34m	at org.junit.internal.runners.statements.RunAfters.evaluate(RunAfters.java:27) ~[junit-4.13.2.jar:4.13.2]
?[0m?[0;34m	at org.junit.runners.ParentRunner$3.evaluate(ParentRunner.java:306) ~[junit-4.13.2.jar:4.13.2]
?[0m?[0;34m	at org.junit.runners.BlockJUnit4ClassRunner$1.evaluate(BlockJUnit4ClassRunner.java:100) ~[junit-4.13.2.jar:4.13.2]
?[0m?[0;34m	at org.junit.runners.ParentRunner.runLeaf(ParentRunner.java:366) ~[junit-4.13.2.jar:4.13.2]
?[0m?[0;34m	at org.junit.runners.BlockJUnit4ClassRunner.runChild(BlockJUnit4ClassRunner.java:103) ~[junit-4.13.2.jar:4.13.2]
?[0m?[0;34m	at org.junit.runners.BlockJUnit4ClassRunner.runChild(BlockJUnit4ClassRunner.java:63) ~[junit-4.13.2.jar:4.13.2]
?[0m?[0;34m	at org.junit.runners.ParentRunner$4.run(ParentRunner.java:331) ~[junit-4.13.2.jar:4.13.2]
?[0m?[0;34m	at org.junit.runners.ParentRunner$1.schedule(ParentRunner.java:79) ~[junit-4.13.2.jar:4.13.2]
?[0m?[0;34m	at org.junit.runners.ParentRunner.runChildren(ParentRunner.java:329) ~[junit-4.13.2.jar:4.13.2]
?[0m?[0;34m	at org.junit.runners.ParentRunner.access$100(ParentRunner.java:66) ~[junit-4.13.2.jar:4.13.2]
?[0m?[0;34m	at org.junit.runners.ParentRunner$2.evaluate(ParentRunner.java:293) ~[junit-4.13.2.jar:4.13.2]
?[0m?[0;34m	at org.junit.runners.ParentRunner$3.evaluate(ParentRunner.java:306) ~[junit-4.13.2.jar:4.13.2]
?[0m?[0;34m	at org.junit.runners.ParentRunner.run(ParentRunner.java:413) ~[junit-4.13.2.jar:4.13.2]
?[0m?[0;34m	at org.gradle.api.internal.tasks.testing.junit.JUnitTestClassExecutor.runTestClass(JUnitTestClassExecutor.java:108) ~[na:na]
?[0m?[0;34m	at org.gradle.api.internal.tasks.testing.junit.JUnitTestClassExecutor.execute(JUnitTestClassExecutor.java:57) ~[na:na]
?[0m?[0;34m	at org.gradle.api.internal.tasks.testing.junit.JUnitTestClassExecutor.execute(JUnitTestClassExecutor.java:39) ~[na:na]
?[0m?[0;34m	at org.gradle.api.internal.tasks.testing.junit.AbstractJUnitTestClassProcessor.processTestClass(AbstractJUnitTestClassProcessor.java:62) ~[na:na]
?[0m?[0;34m	at org.gradle.api.internal.tasks.testing.SuiteTestClassProcessor.processTestClass(SuiteTestClassProcessor.java:52) ~[na:na]
?[0m?[0;34m	at java.base/jdk.internal.reflect.NativeMethodAccessorImpl.invoke0(Native Method) ~[na:na]
?[0m?[0;34m	at java.base/jdk.internal.reflect.NativeMethodAccessorImpl.invoke(NativeMethodAccessorImpl.java:77) ~[na:na]
?[0m?[0;34m	at java.base/jdk.internal.reflect.DelegatingMethodAccessorImpl.invoke(DelegatingMethodAccessorImpl.java:43) ~[na:na]
?[0m?[0;34m	at java.base/java.lang.reflect.Method.invoke(Method.java:568) ~[na:na]
?[0m?[0;34m	at org.gradle.internal.dispatch.ReflectionDispatch.dispatch(ReflectionDispatch.java:36) ~[na:na]
?[0m?[0;34m	at org.gradle.internal.dispatch.ReflectionDispatch.dispatch(ReflectionDispatch.java:24) ~[na:na]
?[0m?[0;34m	at org.gradle.internal.dispatch.ContextClassLoaderDispatch.dispatch(ContextClassLoaderDispatch.java:33) ~[na:na]
?[0m?[0;34m	at org.gradle.internal.dispatch.ProxyDispatchAdapter$DispatchingInvocationHandler.invoke(ProxyDispatchAdapter.java:94) ~[na:na]
?[0m?[0;34m	at jdk.proxy1/jdk.proxy1.$Proxy2.processTestClass(Unknown Source) ~[na:na]
?[0m?[0;34m	at org.gradle.api.internal.tasks.testing.worker.TestWorker$2.run(TestWorker.java:176) ~[na:na]
?[0m?[0;34m	at org.gradle.api.internal.tasks.testing.worker.TestWorker.executeAndMaintainThreadName(TestWorker.java:129) ~[na:na]
?[0m?[0;34m	at org.gradle.api.internal.tasks.testing.worker.TestWorker.execute(TestWorker.java:100) ~[na:na]
?[0m?[0;34m	at org.gradle.api.internal.tasks.testing.worker.TestWorker.execute(TestWorker.java:60) ~[na:na]
?[0m?[0;34m	at org.gradle.process.internal.worker.child.ActionExecutionWorker.execute(ActionExecutionWorker.java:56) ~[na:na]
?[0m?[0;34m	at org.gradle.process.internal.worker.child.SystemApplicationClassLoaderWorker.call(SystemApplicationClassLoaderWorker.java:113) ~[na:na]
?[0m?[0;34m	at org.gradle.process.internal.worker.child.SystemApplicationClassLoaderWorker.call(SystemApplicationClassLoaderWorker.java:65) ~[na:na]
?[0m?[0;34m	at worker.org.gradle.process.internal.worker.GradleWorkerMain.run(GradleWorkerMain.java:69) ~[gradle-worker.jar:na]
?[0m?[0;34m	at worker.org.gradle.process.internal.worker.GradleWorkerMain.main(GradleWorkerMain.java:74) ~[gradle-worker.jar:na]
?[0m?[0;34m
?[0m?[0;34m2023-07-16T14:07:47.495+02:00  WARN 1424 --- [    Test worker] .t.u.s.PrivilegedSetAccessControlContext : Unable to set field Thread.inheritedAccessControlContext
?[0m?[0;34m
?[0m?[0;34mjava.lang.IllegalAccessException: class org.apache.tomcat.util.security.PrivilegedSetAccessControlContext cannot access a member of class java.lang.Thread (in module java.base) with modifiers "private"
?[0m?[0;34m	at java.base/jdk.internal.reflect.Reflection.newIllegalAccessException(Reflection.java:392) ~[na:na]
?[0m?[0;34m	at java.base/java.lang.reflect.AccessibleObject.checkAccess(AccessibleObject.java:674) ~[na:na]
?[0m?[0;34m	at java.base/java.lang.reflect.Field.checkAccess(Field.java:1102) ~[na:na]
?[0m?[0;34m	at java.base/java.lang.reflect.Field.set(Field.java:797) ~[na:na]
?[0m?[0;34m	at org.apache.tomcat.util.security.PrivilegedSetAccessControlContext.run(PrivilegedSetAccessControlContext.java:60) ~[tomcat-embed-core-10.1.5.jar:10.1.5]
?[0m?[0;34m	at org.apache.tomcat.util.security.PrivilegedSetAccessControlContext.run(PrivilegedSetAccessControlContext.java:28) ~[tomcat-embed-core-10.1.5.jar:10.1.5]
?[0m?[0;34m	at java.base/java.security.AccessController.doPrivileged(AccessController.java:318) ~[na:na]
?[0m?[0;34m	at org.apache.tomcat.util.threads.TaskThreadFactory.newThread(TaskThreadFactory.java:64) ~[tomcat-embed-core-10.1.5.jar:10.1.5]
?[0m?[0;34m	at org.apache.tomcat.util.threads.ThreadPoolExecutor$Worker.<init>(ThreadPoolExecutor.java:653) ~[tomcat-embed-core-10.1.5.jar:10.1.5]
?[0m?[0;34m	at org.apache.tomcat.util.threads.ThreadPoolExecutor.addWorker(ThreadPoolExecutor.java:957) ~[tomcat-embed-core-10.1.5.jar:10.1.5]
?[0m?[0;34m	at org.apache.tomcat.util.threads.ThreadPoolExecutor.prestartAllCoreThreads(ThreadPoolExecutor.java:1694) ~[tomcat-embed-core-10.1.5.jar:10.1.5]
?[0m?[0;34m	at org.apache.tomcat.util.threads.ThreadPoolExecutor.<init>(ThreadPoolExecutor.java:1370) ~[tomcat-embed-core-10.1.5.jar:10.1.5]
?[0m?[0;34m	at org.apache.tomcat.util.threads.ThreadPoolExecutor.<init>(ThreadPoolExecutor.java:1280) ~[tomcat-embed-core-10.1.5.jar:10.1.5]
?[0m?[0;34m	at org.apache.tomcat.util.net.AbstractEndpoint.createExecutor(AbstractEndpoint.java:948) ~[tomcat-embed-core-10.1.5.jar:10.1.5]
?[0m?[0;34m	at org.apache.tomcat.util.net.NioEndpoint.startInternal(NioEndpoint.java:279) ~[tomcat-embed-core-10.1.5.jar:10.1.5]
?[0m?[0;34m	at org.apache.tomcat.util.net.AbstractEndpoint.start(AbstractEndpoint.java:1261) ~[tomcat-embed-core-10.1.5.jar:10.1.5]
?[0m?[0;34m	at org.apache.coyote.AbstractProtocol.start(AbstractProtocol.java:586) ~[tomcat-embed-core-10.1.5.jar:10.1.5]
?[0m?[0;34m	at org.apache.catalina.connector.Connector.startInternal(Connector.java:1081) ~[tomcat-embed-core-10.1.5.jar:10.1.5]
?[0m?[0;34m	at org.apache.catalina.util.LifecycleBase.start(LifecycleBase.java:183) ~[tomcat-embed-core-10.1.5.jar:10.1.5]
?[0m?[0;34m	at org.apache.catalina.core.StandardService.addConnector(StandardService.java:234) ~[tomcat-embed-core-10.1.5.jar:10.1.5]
?[0m?[0;34m	at org.springframework.boot.web.embedded.tomcat.TomcatWebServer.addPreviouslyRemovedConnectors(TomcatWebServer.java:282) ~[spring-boot-3.0.2.jar:3.0.2]
?[0m?[0;34m	at org.springframework.boot.web.embedded.tomcat.TomcatWebServer.start(TomcatWebServer.java:213) ~[spring-boot-3.0.2.jar:3.0.2]
?[0m?[0;34m	at org.springframework.boot.web.servlet.context.WebServerStartStopLifecycle.start(WebServerStartStopLifecycle.java:44) ~[spring-boot-3.0.2.jar:3.0.2]
?[0m?[0;34m	at org.springframework.context.support.DefaultLifecycleProcessor.doStart(DefaultLifecycleProcessor.java:178) ~[spring-context-6.0.4.jar:6.0.4]
?[0m?[0;34m	at org.springframework.context.support.DefaultLifecycleProcessor$LifecycleGroup.start(DefaultLifecycleProcessor.java:356) ~[spring-context-6.0.4.jar:6.0.4]
?[0m?[0;34m	at java.base/java.lang.Iterable.forEach(Iterable.java:75) ~[na:na]
?[0m?[0;34m	at org.springframework.context.support.DefaultLifecycleProcessor.startBeans(DefaultLifecycleProcessor.java:155) ~[spring-context-6.0.4.jar:6.0.4]
?[0m?[0;34m	at org.springframework.context.support.DefaultLifecycleProcessor.onRefresh(DefaultLifecycleProcessor.java:123) ~[spring-context-6.0.4.jar:6.0.4]
?[0m?[0;34m	at org.springframework.context.support.AbstractApplicationContext.finishRefresh(AbstractApplicationContext.java:932) ~[spring-context-6.0.4.jar:6.0.4]
?[0m?[0;34m	at org.springframework.context.support.AbstractApplicationContext.refresh(AbstractApplicationContext.java:587) ~[spring-context-6.0.4.jar:6.0.4]
?[0m?[0;34m	at org.springframework.boot.web.servlet.context.ServletWebServerApplicationContext.refresh(ServletWebServerApplicationContext.java:146) ~[spring-boot-3.0.2.jar:3.0.2]
?[0m?[0;34m	at org.springframework.boot.SpringApplication.refresh(SpringApplication.java:730) ~[spring-boot-3.0.2.jar:3.0.2]
?[0m?[0;34m	at org.springframework.boot.SpringApplication.refreshContext(SpringApplication.java:432) ~[spring-boot-3.0.2.jar:3.0.2]
?[0m?[0;34m	at org.springframework.boot.SpringApplication.run(SpringApplication.java:308) ~[spring-boot-3.0.2.jar:3.0.2]
?[0m?[0;34m	at org.springframework.boot.SpringApplication.run(SpringApplication.java:1302) ~[spring-boot-3.0.2.jar:3.0.2]
?[0m?[0;34m	at org.springframework.boot.SpringApplication.run(SpringApplication.java:1291) ~[spring-boot-3.0.2.jar:3.0.2]
?[0m?[0;34m	at antifraud.AntiFraudApplication.main(AntiFraudApplication.java:10) ~[main/:na]
?[0m?[0;34m	at java.base/jdk.internal.reflect.NativeMethodAccessorImpl.invoke0(Native Method) ~[na:na]
?[0m?[0;34m	at java.base/jdk.internal.reflect.NativeMethodAccessorImpl.invoke(NativeMethodAccessorImpl.java:77) ~[na:na]
?[0m?[0;34m	at java.base/jdk.internal.reflect.DelegatingMethodAccessorImpl.invoke(DelegatingMethodAccessorImpl.java:43) ~[na:na]
?[0m?[0;34m	at java.base/java.lang.reflect.Method.invoke(Method.java:568) ~[na:na]
?[0m?[0;34m	at org.hyperskill.hstest.stage.SpringTest.startSpring(SpringTest.java:187) ~[hs-test-release-SNAPSHOT.jar:na]
?[0m?[0;34m	at org.hyperskill.hstest.stage.SpringTest.reloadSpring(SpringTest.java:239) ~[hs-test-release-SNAPSHOT.jar:na]
?[0m?[0;34m	at AntiFraudTest.restartApplication(AntiFraudTest.java:767) ~[test/:na]
?[0m?[0;34m	at AntiFraudTest.lambda$new$159(AntiFraudTest.java:1934) ~[test/:na]
?[0m?[0;34m	at org.hyperskill.hstest.dynamic.input.DynamicTesting.lambda$searchDynamicTests$3(DynamicTesting.java:289) ~[hs-test-release-SNAPSHOT.jar:na]
?[0m?[0;34m	at org.hyperskill.hstest.dynamic.input.DynamicTesting$1DynamicTestElement.lambda$getTests$0(DynamicTesting.java:252) ~[hs-test-release-SNAPSHOT.jar:na]
?[0m?[0;34m	at org.hyperskill.hstest.testing.runner.SpringApplicationRunner.test(SpringApplicationRunner.java:43) ~[hs-test-release-SNAPSHOT.jar:na]
?[0m?[0;34m	at org.hyperskill.hstest.testing.TestRun.test(TestRun.java:94) ~[hs-test-release-SNAPSHOT.jar:na]
?[0m?[0;34m	at org.hyperskill.hstest.stage.StageTest.start(StageTest.java:164) ~[hs-test-release-SNAPSHOT.jar:na]
?[0m?[0;34m	at java.base/jdk.internal.reflect.NativeMethodAccessorImpl.invoke0(Native Method) ~[na:na]
?[0m?[0;34m	at java.base/jdk.internal.reflect.NativeMethodAccessorImpl.invoke(NativeMethodAccessorImpl.java:77) ~[na:na]
?[0m?[0;34m	at java.base/jdk.internal.reflect.DelegatingMethodAccessorImpl.invoke(DelegatingMethodAccessorImpl.java:43) ~[na:na]
?[0m?[0;34m	at java.base/java.lang.reflect.Method.invoke(Method.java:568) ~[na:na]
?[0m?[0;34m	at org.junit.runners.model.FrameworkMethod$1.runReflectiveCall(FrameworkMethod.java:59) ~[junit-4.13.2.jar:4.13.2]
?[0m?[0;34m	at org.junit.internal.runners.model.ReflectiveCallable.run(ReflectiveCallable.java:12) ~[junit-4.13.2.jar:4.13.2]
?[0m?[0;34m	at org.junit.runners.model.FrameworkMethod.invokeExplosively(FrameworkMethod.java:56) ~[junit-4.13.2.jar:4.13.2]
?[0m?[0;34m	at org.junit.internal.runners.statements.InvokeMethod.evaluate(InvokeMethod.java:17) ~[junit-4.13.2.jar:4.13.2]
?[0m?[0;34m	at org.junit.internal.runners.statements.RunAfters.evaluate(RunAfters.java:27) ~[junit-4.13.2.jar:4.13.2]
?[0m?[0;34m	at org.junit.runners.ParentRunner$3.evaluate(ParentRunner.java:306) ~[junit-4.13.2.jar:4.13.2]
?[0m?[0;34m	at org.junit.runners.BlockJUnit4ClassRunner$1.evaluate(BlockJUnit4ClassRunner.java:100) ~[junit-4.13.2.jar:4.13.2]
?[0m?[0;34m	at org.junit.runners.ParentRunner.runLeaf(ParentRunner.java:366) ~[junit-4.13.2.jar:4.13.2]
?[0m?[0;34m	at org.junit.runners.BlockJUnit4ClassRunner.runChild(BlockJUnit4ClassRunner.java:103) ~[junit-4.13.2.jar:4.13.2]
?[0m?[0;34m	at org.junit.runners.BlockJUnit4ClassRunner.runChild(BlockJUnit4ClassRunner.java:63) ~[junit-4.13.2.jar:4.13.2]
?[0m?[0;34m	at org.junit.runners.ParentRunner$4.run(ParentRunner.java:331) ~[junit-4.13.2.jar:4.13.2]
?[0m?[0;34m	at org.junit.runners.ParentRunner$1.schedule(ParentRunner.java:79) ~[junit-4.13.2.jar:4.13.2]
?[0m?[0;34m	at org.junit.runners.ParentRunner.runChildren(ParentRunner.java:329) ~[junit-4.13.2.jar:4.13.2]
?[0m?[0;34m	at org.junit.runners.ParentRunner.access$100(ParentRunner.java:66) ~[junit-4.13.2.jar:4.13.2]
?[0m?[0;34m	at org.junit.runners.ParentRunner$2.evaluate(ParentRunner.java:293) ~[junit-4.13.2.jar:4.13.2]
?[0m?[0;34m	at org.junit.runners.ParentRunner$3.evaluate(ParentRunner.java:306) ~[junit-4.13.2.jar:4.13.2]
?[0m?[0;34m	at org.junit.runners.ParentRunner.run(ParentRunner.java:413) ~[junit-4.13.2.jar:4.13.2]
?[0m?[0;34m	at org.gradle.api.internal.tasks.testing.junit.JUnitTestClassExecutor.runTestClass(JUnitTestClassExecutor.java:108) ~[na:na]
?[0m?[0;34m	at org.gradle.api.internal.tasks.testing.junit.JUnitTestClassExecutor.execute(JUnitTestClassExecutor.java:57) ~[na:na]
?[0m?[0;34m	at org.gradle.api.internal.tasks.testing.junit.JUnitTestClassExecutor.execute(JUnitTestClassExecutor.java:39) ~[na:na]
?[0m?[0;34m	at org.gradle.api.internal.tasks.testing.junit.AbstractJUnitTestClassProcessor.processTestClass(AbstractJUnitTestClassProcessor.java:62) ~[na:na]
?[0m?[0;34m	at org.gradle.api.internal.tasks.testing.SuiteTestClassProcessor.processTestClass(SuiteTestClassProcessor.java:52) ~[na:na]
?[0m?[0;34m	at java.base/jdk.internal.reflect.NativeMethodAccessorImpl.invoke0(Native Method) ~[na:na]
?[0m?[0;34m	at java.base/jdk.internal.reflect.NativeMethodAccessorImpl.invoke(NativeMethodAccessorImpl.java:77) ~[na:na]
?[0m?[0;34m	at java.base/jdk.internal.reflect.DelegatingMethodAccessorImpl.invoke(DelegatingMethodAccessorImpl.java:43) ~[na:na]
?[0m?[0;34m	at java.base/java.lang.reflect.Method.invoke(Method.java:568) ~[na:na]
?[0m?[0;34m	at org.gradle.internal.dispatch.ReflectionDispatch.dispatch(ReflectionDispatch.java:36) ~[na:na]
?[0m?[0;34m	at org.gradle.internal.dispatch.ReflectionDispatch.dispatch(ReflectionDispatch.java:24) ~[na:na]
?[0m?[0;34m	at org.gradle.internal.dispatch.ContextClassLoaderDispatch.dispatch(ContextClassLoaderDispatch.java:33) ~[na:na]
?[0m?[0;34m	at org.gradle.internal.dispatch.ProxyDispatchAdapter$DispatchingInvocationHandler.invoke(ProxyDispatchAdapter.java:94) ~[na:na]
?[0m?[0;34m	at jdk.proxy1/jdk.proxy1.$Proxy2.processTestClass(Unknown Source) ~[na:na]
?[0m?[0;34m	at org.gradle.api.internal.tasks.testing.worker.TestWorker$2.run(TestWorker.java:176) ~[na:na]
?[0m?[0;34m	at org.gradle.api.internal.tasks.testing.worker.TestWorker.executeAndMaintainThreadName(TestWorker.java:129) ~[na:na]
?[0m?[0;34m	at org.gradle.api.internal.tasks.testing.worker.TestWorker.execute(TestWorker.java:100) ~[na:na]
?[0m?[0;34m	at org.gradle.api.internal.tasks.testing.worker.TestWorker.execute(TestWorker.java:60) ~[na:na]
?[0m?[0;34m	at org.gradle.process.internal.worker.child.ActionExecutionWorker.execute(ActionExecutionWorker.java:56) ~[na:na]
?[0m?[0;34m	at org.gradle.process.internal.worker.child.SystemApplicationClassLoaderWorker.call(SystemApplicationClassLoaderWorker.java:113) ~[na:na]
?[0m?[0;34m	at org.gradle.process.internal.worker.child.SystemApplicationClassLoaderWorker.call(SystemApplicationClassLoaderWorker.java:65) ~[na:na]
?[0m?[0;34m	at worker.org.gradle.process.internal.worker.GradleWorkerMain.run(GradleWorkerMain.java:69) ~[gradle-worker.jar:na]
?[0m?[0;34m	at worker.org.gradle.process.internal.worker.GradleWorkerMain.main(GradleWorkerMain.java:74) ~[gradle-worker.jar:na]
?[0m?[0;34m
?[0m?[0;34m2023-07-16T14:07:47.502+02:00  WARN 1424 --- [    Test worker] .t.u.s.PrivilegedSetAccessControlContext : Unable to set field Thread.inheritedAccessControlContext
?[0m?[0;34m
?[0m?[0;34mjava.lang.IllegalAccessException: class org.apache.tomcat.util.security.PrivilegedSetAccessControlContext cannot access a member of class java.lang.Thread (in module java.base) with modifiers "private"
?[0m?[0;34m	at java.base/jdk.internal.reflect.Reflection.newIllegalAccessException(Reflection.java:392) ~[na:na]
?[0m?[0;34m	at java.base/java.lang.reflect.AccessibleObject.checkAccess(AccessibleObject.java:674) ~[na:na]
?[0m?[0;34m	at java.base/java.lang.reflect.Field.checkAccess(Field.java:1102) ~[na:na]
?[0m?[0;34m	at java.base/java.lang.reflect.Field.set(Field.java:797) ~[na:na]
?[0m?[0;34m	at org.apache.tomcat.util.security.PrivilegedSetAccessControlContext.run(PrivilegedSetAccessControlContext.java:60) ~[tomcat-embed-core-10.1.5.jar:10.1.5]
?[0m?[0;34m	at org.apache.tomcat.util.security.PrivilegedSetAccessControlContext.run(PrivilegedSetAccessControlContext.java:28) ~[tomcat-embed-core-10.1.5.jar:10.1.5]
?[0m?[0;34m	at java.base/java.security.AccessController.doPrivileged(AccessController.java:318) ~[na:na]
?[0m?[0;34m	at org.apache.tomcat.util.threads.TaskThreadFactory.newThread(TaskThreadFactory.java:64) ~[tomcat-embed-core-10.1.5.jar:10.1.5]
?[0m?[0;34m	at org.apache.tomcat.util.threads.ThreadPoolExecutor$Worker.<init>(ThreadPoolExecutor.java:653) ~[tomcat-embed-core-10.1.5.jar:10.1.5]
?[0m?[0;34m	at org.apache.tomcat.util.threads.ThreadPoolExecutor.addWorker(ThreadPoolExecutor.java:957) ~[tomcat-embed-core-10.1.5.jar:10.1.5]
?[0m?[0;34m	at org.apache.tomcat.util.threads.ThreadPoolExecutor.prestartAllCoreThreads(ThreadPoolExecutor.java:1694) ~[tomcat-embed-core-10.1.5.jar:10.1.5]
?[0m?[0;34m	at org.apache.tomcat.util.threads.ThreadPoolExecutor.<init>(ThreadPoolExecutor.java:1370) ~[tomcat-embed-core-10.1.5.jar:10.1.5]
?[0m?[0;34m	at org.apache.tomcat.util.threads.ThreadPoolExecutor.<init>(ThreadPoolExecutor.java:1280) ~[tomcat-embed-core-10.1.5.jar:10.1.5]
?[0m?[0;34m	at org.apache.tomcat.util.net.AbstractEndpoint.createExecutor(AbstractEndpoint.java:948) ~[tomcat-embed-core-10.1.5.jar:10.1.5]
?[0m?[0;34m	at org.apache.tomcat.util.net.NioEndpoint.startInternal(NioEndpoint.java:279) ~[tomcat-embed-core-10.1.5.jar:10.1.5]
?[0m?[0;34m	at org.apache.tomcat.util.net.AbstractEndpoint.start(AbstractEndpoint.java:1261) ~[tomcat-embed-core-10.1.5.jar:10.1.5]
?[0m?[0;34m	at org.apache.coyote.AbstractProtocol.start(AbstractProtocol.java:586) ~[tomcat-embed-core-10.1.5.jar:10.1.5]
?[0m?[0;34m	at org.apache.catalina.connector.Connector.startInternal(Connector.java:1081) ~[tomcat-embed-core-10.1.5.jar:10.1.5]
?[0m?[0;34m	at org.apache.catalina.util.LifecycleBase.start(LifecycleBase.java:183) ~[tomcat-embed-core-10.1.5.jar:10.1.5]
?[0m?[0;34m	at org.apache.catalina.core.StandardService.addConnector(StandardService.java:234) ~[tomcat-embed-core-10.1.5.jar:10.1.5]
?[0m?[0;34m	at org.springframework.boot.web.embedded.tomcat.TomcatWebServer.addPreviouslyRemovedConnectors(TomcatWebServer.java:282) ~[spring-boot-3.0.2.jar:3.0.2]
?[0m?[0;34m	at org.springframework.boot.web.embedded.tomcat.TomcatWebServer.start(TomcatWebServer.java:213) ~[spring-boot-3.0.2.jar:3.0.2]
?[0m?[0;34m	at org.springframework.boot.web.servlet.context.WebServerStartStopLifecycle.start(WebServerStartStopLifecycle.java:44) ~[spring-boot-3.0.2.jar:3.0.2]
?[0m?[0;34m	at org.springframework.context.support.DefaultLifecycleProcessor.doStart(DefaultLifecycleProcessor.java:178) ~[spring-context-6.0.4.jar:6.0.4]
?[0m?[0;34m	at org.springframework.context.support.DefaultLifecycleProcessor$LifecycleGroup.start(DefaultLifecycleProcessor.java:356) ~[spring-context-6.0.4.jar:6.0.4]
?[0m?[0;34m	at java.base/java.lang.Iterable.forEach(Iterable.java:75) ~[na:na]
?[0m?[0;34m	at org.springframework.context.support.DefaultLifecycleProcessor.startBeans(DefaultLifecycleProcessor.java:155) ~[spring-context-6.0.4.jar:6.0.4]
?[0m?[0;34m	at org.springframework.context.support.DefaultLifecycleProcessor.onRefresh(DefaultLifecycleProcessor.java:123) ~[spring-context-6.0.4.jar:6.0.4]
?[0m?[0;34m	at org.springframework.context.support.AbstractApplicationContext.finishRefresh(AbstractApplicationContext.java:932) ~[spring-context-6.0.4.jar:6.0.4]
?[0m?[0;34m	at org.springframework.context.support.AbstractApplicationContext.refresh(AbstractApplicationContext.java:587) ~[spring-context-6.0.4.jar:6.0.4]
?[0m?[0;34m	at org.springframework.boot.web.servlet.context.ServletWebServerApplicationContext.refresh(ServletWebServerApplicationContext.java:146) ~[spring-boot-3.0.2.jar:3.0.2]
?[0m?[0;34m	at org.springframework.boot.SpringApplication.refresh(SpringApplication.java:730) ~[spring-boot-3.0.2.jar:3.0.2]
?[0m?[0;34m	at org.springframework.boot.SpringApplication.refreshContext(SpringApplication.java:432) ~[spring-boot-3.0.2.jar:3.0.2]
?[0m?[0;34m	at org.springframework.boot.SpringApplication.run(SpringApplication.java:308) ~[spring-boot-3.0.2.jar:3.0.2]
?[0m?[0;34m	at org.springframework.boot.SpringApplication.run(SpringApplication.java:1302) ~[spring-boot-3.0.2.jar:3.0.2]
?[0m?[0;34m	at org.springframework.boot.SpringApplication.run(SpringApplication.java:1291) ~[spring-boot-3.0.2.jar:3.0.2]
?[0m?[0;34m	at antifraud.AntiFraudApplication.main(AntiFraudApplication.java:10) ~[main/:na]
?[0m?[0;34m	at java.base/jdk.internal.reflect.NativeMethodAccessorImpl.invoke0(Native Method) ~[na:na]
?[0m?[0;34m	at java.base/jdk.internal.reflect.NativeMethodAccessorImpl.invoke(NativeMethodAccessorImpl.java:77) ~[na:na]
?[0m?[0;34m	at java.base/jdk.internal.reflect.DelegatingMethodAccessorImpl.invoke(DelegatingMethodAccessorImpl.java:43) ~[na:na]
?[0m?[0;34m	at java.base/java.lang.reflect.Method.invoke(Method.java:568) ~[na:na]
?[0m?[0;34m	at org.hyperskill.hstest.stage.SpringTest.startSpring(SpringTest.java:187) ~[hs-test-release-SNAPSHOT.jar:na]
?[0m?[0;34m	at org.hyperskill.hstest.stage.SpringTest.reloadSpring(SpringTest.java:239) ~[hs-test-release-SNAPSHOT.jar:na]
?[0m?[0;34m	at AntiFraudTest.restartApplication(AntiFraudTest.java:767) ~[test/:na]
?[0m?[0;34m	at AntiFraudTest.lambda$new$159(AntiFraudTest.java:1934) ~[test/:na]
?[0m?[0;34m	at org.hyperskill.hstest.dynamic.input.DynamicTesting.lambda$searchDynamicTests$3(DynamicTesting.java:289) ~[hs-test-release-SNAPSHOT.jar:na]
?[0m?[0;34m	at org.hyperskill.hstest.dynamic.input.DynamicTesting$1DynamicTestElement.lambda$getTests$0(DynamicTesting.java:252) ~[hs-test-release-SNAPSHOT.jar:na]
?[0m?[0;34m	at org.hyperskill.hstest.testing.runner.SpringApplicationRunner.test(SpringApplicationRunner.java:43) ~[hs-test-release-SNAPSHOT.jar:na]
?[0m?[0;34m	at org.hyperskill.hstest.testing.TestRun.test(TestRun.java:94) ~[hs-test-release-SNAPSHOT.jar:na]
?[0m?[0;34m	at org.hyperskill.hstest.stage.StageTest.start(StageTest.java:164) ~[hs-test-release-SNAPSHOT.jar:na]
?[0m?[0;34m	at java.base/jdk.internal.reflect.NativeMethodAccessorImpl.invoke0(Native Method) ~[na:na]
?[0m?[0;34m	at java.base/jdk.internal.reflect.NativeMethodAccessorImpl.invoke(NativeMethodAccessorImpl.java:77) ~[na:na]
?[0m?[0;34m	at java.base/jdk.internal.reflect.DelegatingMethodAccessorImpl.invoke(DelegatingMethodAccessorImpl.java:43) ~[na:na]
?[0m?[0;34m	at java.base/java.lang.reflect.Method.invoke(Method.java:568) ~[na:na]
?[0m?[0;34m	at org.junit.runners.model.FrameworkMethod$1.runReflectiveCall(FrameworkMethod.java:59) ~[junit-4.13.2.jar:4.13.2]
?[0m?[0;34m	at org.junit.internal.runners.model.ReflectiveCallable.run(ReflectiveCallable.java:12) ~[junit-4.13.2.jar:4.13.2]
?[0m?[0;34m	at org.junit.runners.model.FrameworkMethod.invokeExplosively(FrameworkMethod.java:56) ~[junit-4.13.2.jar:4.13.2]
?[0m?[0;34m	at org.junit.internal.runners.statements.InvokeMethod.evaluate(InvokeMethod.java:17) ~[junit-4.13.2.jar:4.13.2]
?[0m?[0;34m	at org.junit.internal.runners.statements.RunAfters.evaluate(RunAfters.java:27) ~[junit-4.13.2.jar:4.13.2]
?[0m?[0;34m	at org.junit.runners.ParentRunner$3.evaluate(ParentRunner.java:306) ~[junit-4.13.2.jar:4.13.2]
?[0m?[0;34m	at org.junit.runners.BlockJUnit4ClassRunner$1.evaluate(BlockJUnit4ClassRunner.java:100) ~[junit-4.13.2.jar:4.13.2]
?[0m?[0;34m	at org.junit.runners.ParentRunner.runLeaf(ParentRunner.java:366) ~[junit-4.13.2.jar:4.13.2]
?[0m?[0;34m	at org.junit.runners.BlockJUnit4ClassRunner.runChild(BlockJUnit4ClassRunner.java:103) ~[junit-4.13.2.jar:4.13.2]
?[0m?[0;34m	at org.junit.runners.BlockJUnit4ClassRunner.runChild(BlockJUnit4ClassRunner.java:63) ~[junit-4.13.2.jar:4.13.2]
?[0m?[0;34m	at org.junit.runners.ParentRunner$4.run(ParentRunner.java:331) ~[junit-4.13.2.jar:4.13.2]
?[0m?[0;34m	at org.junit.runners.ParentRunner$1.schedule(ParentRunner.java:79) ~[junit-4.13.2.jar:4.13.2]
?[0m?[0;34m	at org.junit.runners.ParentRunner.runChildren(ParentRunner.java:329) ~[junit-4.13.2.jar:4.13.2]
?[0m?[0;34m	at org.junit.runners.ParentRunner.access$100(ParentRunner.java:66) ~[junit-4.13.2.jar:4.13.2]
?[0m?[0;34m	at org.junit.runners.ParentRunner$2.evaluate(ParentRunner.java:293) ~[junit-4.13.2.jar:4.13.2]
?[0m?[0;34m	at org.junit.runners.ParentRunner$3.evaluate(ParentRunner.java:306) ~[junit-4.13.2.jar:4.13.2]
?[0m?[0;34m	at org.junit.runners.ParentRunner.run(ParentRunner.java:413) ~[junit-4.13.2.jar:4.13.2]
?[0m?[0;34m	at org.gradle.api.internal.tasks.testing.junit.JUnitTestClassExecutor.runTestClass(JUnitTestClassExecutor.java:108) ~[na:na]
?[0m?[0;34m	at org.gradle.api.internal.tasks.testing.junit.JUnitTestClassExecutor.execute(JUnitTestClassExecutor.java:57) ~[na:na]
?[0m?[0;34m	at org.gradle.api.internal.tasks.testing.junit.JUnitTestClassExecutor.execute(JUnitTestClassExecutor.java:39) ~[na:na]
?[0m?[0;34m	at org.gradle.api.internal.tasks.testing.junit.AbstractJUnitTestClassProcessor.processTestClass(AbstractJUnitTestClassProcessor.java:62) ~[na:na]
?[0m?[0;34m	at org.gradle.api.internal.tasks.testing.SuiteTestClassProcessor.processTestClass(SuiteTestClassProcessor.java:52) ~[na:na]
?[0m?[0;34m	at java.base/jdk.internal.reflect.NativeMethodAccessorImpl.invoke0(Native Method) ~[na:na]
?[0m?[0;34m	at java.base/jdk.internal.reflect.NativeMethodAccessorImpl.invoke(NativeMethodAccessorImpl.java:77) ~[na:na]
?[0m?[0;34m	at java.base/jdk.internal.reflect.DelegatingMethodAccessorImpl.invoke(DelegatingMethodAccessorImpl.java:43) ~[na:na]
?[0m?[0;34m	at java.base/java.lang.reflect.Method.invoke(Method.java:568) ~[na:na]
?[0m?[0;34m	at org.gradle.internal.dispatch.ReflectionDispatch.dispatch(ReflectionDispatch.java:36) ~[na:na]
?[0m?[0;34m	at org.gradle.internal.dispatch.ReflectionDispatch.dispatch(ReflectionDispatch.java:24) ~[na:na]
?[0m?[0;34m	at org.gradle.internal.dispatch.ContextClassLoaderDispatch.dispatch(ContextClassLoaderDispatch.java:33) ~[na:na]
?[0m?[0;34m	at org.gradle.internal.dispatch.ProxyDispatchAdapter$DispatchingInvocationHandler.invoke(ProxyDispatchAdapter.java:94) ~[na:na]
?[0m?[0;34m	at jdk.proxy1/jdk.proxy1.$Proxy2.processTestClass(Unknown Source) ~[na:na]
?[0m?[0;34m	at org.gradle.api.internal.tasks.testing.worker.TestWorker$2.run(TestWorker.java:176) ~[na:na]
?[0m?[0;34m	at org.gradle.api.internal.tasks.testing.worker.TestWorker.executeAndMaintainThreadName(TestWorker.java:129) ~[na:na]
?[0m?[0;34m	at org.gradle.api.internal.tasks.testing.worker.TestWorker.execute(TestWorker.java:100) ~[na:na]
?[0m?[0;34m	at org.gradle.api.internal.tasks.testing.worker.TestWorker.execute(TestWorker.java:60) ~[na:na]
?[0m?[0;34m	at org.gradle.process.internal.worker.child.ActionExecutionWorker.execute(ActionExecutionWorker.java:56) ~[na:na]
?[0m?[0;34m	at org.gradle.process.internal.worker.child.SystemApplicationClassLoaderWorker.call(SystemApplicationClassLoaderWorker.java:113) ~[na:na]
?[0m?[0;34m	at org.gradle.process.internal.worker.child.SystemApplicationClassLoaderWorker.call(SystemApplicationClassLoaderWorker.java:65) ~[na:na]
?[0m?[0;34m	at worker.org.gradle.process.internal.worker.GradleWorkerMain.run(GradleWorkerMain.java:69) ~[gradle-worker.jar:na]
?[0m?[0;34m	at worker.org.gradle.process.internal.worker.GradleWorkerMain.main(GradleWorkerMain.java:74) ~[gradle-worker.jar:na]
?[0m?[0;34m
?[0m?[0;34m2023-07-16T14:07:47.510+02:00  WARN 1424 --- [    Test worker] .t.u.s.PrivilegedSetAccessControlContext : Unable to set field Thread.inheritedAccessControlContext
?[0m?[0;34m
?[0m?[0;34mjava.lang.IllegalAccessException: class org.apache.tomcat.util.security.PrivilegedSetAccessControlContext cannot access a member of class java.lang.Thread (in module java.base) with modifiers "private"
?[0m?[0;34m	at java.base/jdk.internal.reflect.Reflection.newIllegalAccessException(Reflection.java:392) ~[na:na]
?[0m?[0;34m	at java.base/java.lang.reflect.AccessibleObject.checkAccess(AccessibleObject.java:674) ~[na:na]
?[0m?[0;34m	at java.base/java.lang.reflect.Field.checkAccess(Field.java:1102) ~[na:na]
?[0m?[0;34m	at java.base/java.lang.reflect.Field.set(Field.java:797) ~[na:na]
?[0m?[0;34m	at org.apache.tomcat.util.security.PrivilegedSetAccessControlContext.run(PrivilegedSetAccessControlContext.java:60) ~[tomcat-embed-core-10.1.5.jar:10.1.5]
?[0m?[0;34m	at org.apache.tomcat.util.security.PrivilegedSetAccessControlContext.run(PrivilegedSetAccessControlContext.java:28) ~[tomcat-embed-core-10.1.5.jar:10.1.5]
?[0m?[0;34m	at java.base/java.security.AccessController.doPrivileged(AccessController.java:318) ~[na:na]
?[0m?[0;34m	at org.apache.tomcat.util.threads.TaskThreadFactory.newThread(TaskThreadFactory.java:64) ~[tomcat-embed-core-10.1.5.jar:10.1.5]
?[0m?[0;34m	at org.apache.tomcat.util.threads.ThreadPoolExecutor$Worker.<init>(ThreadPoolExecutor.java:653) ~[tomcat-embed-core-10.1.5.jar:10.1.5]
?[0m?[0;34m	at org.apache.tomcat.util.threads.ThreadPoolExecutor.addWorker(ThreadPoolExecutor.java:957) ~[tomcat-embed-core-10.1.5.jar:10.1.5]
?[0m?[0;34m	at org.apache.tomcat.util.threads.ThreadPoolExecutor.prestartAllCoreThreads(ThreadPoolExecutor.java:1694) ~[tomcat-embed-core-10.1.5.jar:10.1.5]
?[0m?[0;34m	at org.apache.tomcat.util.threads.ThreadPoolExecutor.<init>(ThreadPoolExecutor.java:1370) ~[tomcat-embed-core-10.1.5.jar:10.1.5]
?[0m?[0;34m	at org.apache.tomcat.util.threads.ThreadPoolExecutor.<init>(ThreadPoolExecutor.java:1280) ~[tomcat-embed-core-10.1.5.jar:10.1.5]
?[0m?[0;34m	at org.apache.tomcat.util.net.AbstractEndpoint.createExecutor(AbstractEndpoint.java:948) ~[tomcat-embed-core-10.1.5.jar:10.1.5]
?[0m?[0;34m	at org.apache.tomcat.util.net.NioEndpoint.startInternal(NioEndpoint.java:279) ~[tomcat-embed-core-10.1.5.jar:10.1.5]
?[0m?[0;34m	at org.apache.tomcat.util.net.AbstractEndpoint.start(AbstractEndpoint.java:1261) ~[tomcat-embed-core-10.1.5.jar:10.1.5]
?[0m?[0;34m	at org.apache.coyote.AbstractProtocol.start(AbstractProtocol.java:586) ~[tomcat-embed-core-10.1.5.jar:10.1.5]
?[0m?[0;34m	at org.apache.catalina.connector.Connector.startInternal(Connector.java:1081) ~[tomcat-embed-core-10.1.5.jar:10.1.5]
?[0m?[0;34m	at org.apache.catalina.util.LifecycleBase.start(LifecycleBase.java:183) ~[tomcat-embed-core-10.1.5.jar:10.1.5]
?[0m?[0;34m	at org.apache.catalina.core.StandardService.addConnector(StandardService.java:234) ~[tomcat-embed-core-10.1.5.jar:10.1.5]
?[0m?[0;34m	at org.springframework.boot.web.embedded.tomcat.TomcatWebServer.addPreviouslyRemovedConnectors(TomcatWebServer.java:282) ~[spring-boot-3.0.2.jar:3.0.2]
?[0m?[0;34m	at org.springframework.boot.web.embedded.tomcat.TomcatWebServer.start(TomcatWebServer.java:213) ~[spring-boot-3.0.2.jar:3.0.2]
?[0m?[0;34m	at org.springframework.boot.web.servlet.context.WebServerStartStopLifecycle.start(WebServerStartStopLifecycle.java:44) ~[spring-boot-3.0.2.jar:3.0.2]
?[0m?[0;34m	at org.springframework.context.support.DefaultLifecycleProcessor.doStart(DefaultLifecycleProcessor.java:178) ~[spring-context-6.0.4.jar:6.0.4]
?[0m?[0;34m	at org.springframework.context.support.DefaultLifecycleProcessor$LifecycleGroup.start(DefaultLifecycleProcessor.java:356) ~[spring-context-6.0.4.jar:6.0.4]
?[0m?[0;34m	at java.base/java.lang.Iterable.forEach(Iterable.java:75) ~[na:na]
?[0m?[0;34m	at org.springframework.context.support.DefaultLifecycleProcessor.startBeans(DefaultLifecycleProcessor.java:155) ~[spring-context-6.0.4.jar:6.0.4]
?[0m?[0;34m	at org.springframework.context.support.DefaultLifecycleProcessor.onRefresh(DefaultLifecycleProcessor.java:123) ~[spring-context-6.0.4.jar:6.0.4]
?[0m?[0;34m	at org.springframework.context.support.AbstractApplicationContext.finishRefresh(AbstractApplicationContext.java:932) ~[spring-context-6.0.4.jar:6.0.4]
?[0m?[0;34m	at org.springframework.context.support.AbstractApplicationContext.refresh(AbstractApplicationContext.java:587) ~[spring-context-6.0.4.jar:6.0.4]
?[0m?[0;34m	at org.springframework.boot.web.servlet.context.ServletWebServerApplicationContext.refresh(ServletWebServerApplicationContext.java:146) ~[spring-boot-3.0.2.jar:3.0.2]
?[0m?[0;34m	at org.springframework.boot.SpringApplication.refresh(SpringApplication.java:730) ~[spring-boot-3.0.2.jar:3.0.2]
?[0m?[0;34m	at org.springframework.boot.SpringApplication.refreshContext(SpringApplication.java:432) ~[spring-boot-3.0.2.jar:3.0.2]
?[0m?[0;34m	at org.springframework.boot.SpringApplication.run(SpringApplication.java:308) ~[spring-boot-3.0.2.jar:3.0.2]
?[0m?[0;34m	at org.springframework.boot.SpringApplication.run(SpringApplication.java:1302) ~[spring-boot-3.0.2.jar:3.0.2]
?[0m?[0;34m	at org.springframework.boot.SpringApplication.run(SpringApplication.java:1291) ~[spring-boot-3.0.2.jar:3.0.2]
?[0m?[0;34m	at antifraud.AntiFraudApplication.main(AntiFraudApplication.java:10) ~[main/:na]
?[0m?[0;34m	at java.base/jdk.internal.reflect.NativeMethodAccessorImpl.invoke0(Native Method) ~[na:na]
?[0m?[0;34m	at java.base/jdk.internal.reflect.NativeMethodAccessorImpl.invoke(NativeMethodAccessorImpl.java:77) ~[na:na]
?[0m?[0;34m	at java.base/jdk.internal.reflect.DelegatingMethodAccessorImpl.invoke(DelegatingMethodAccessorImpl.java:43) ~[na:na]
?[0m?[0;34m	at java.base/java.lang.reflect.Method.invoke(Method.java:568) ~[na:na]
?[0m?[0;34m	at org.hyperskill.hstest.stage.SpringTest.startSpring(SpringTest.java:187) ~[hs-test-release-SNAPSHOT.jar:na]
?[0m?[0;34m	at org.hyperskill.hstest.stage.SpringTest.reloadSpring(SpringTest.java:239) ~[hs-test-release-SNAPSHOT.jar:na]
?[0m?[0;34m	at AntiFraudTest.restartApplication(AntiFraudTest.java:767) ~[test/:na]
?[0m?[0;34m	at AntiFraudTest.lambda$new$159(AntiFraudTest.java:1934) ~[test/:na]
?[0m?[0;34m	at org.hyperskill.hstest.dynamic.input.DynamicTesting.lambda$searchDynamicTests$3(DynamicTesting.java:289) ~[hs-test-release-SNAPSHOT.jar:na]
?[0m?[0;34m	at org.hyperskill.hstest.dynamic.input.DynamicTesting$1DynamicTestElement.lambda$getTests$0(DynamicTesting.java:252) ~[hs-test-release-SNAPSHOT.jar:na]
?[0m?[0;34m	at org.hyperskill.hstest.testing.runner.SpringApplicationRunner.test(SpringApplicationRunner.java:43) ~[hs-test-release-SNAPSHOT.jar:na]
?[0m?[0;34m	at org.hyperskill.hstest.testing.TestRun.test(TestRun.java:94) ~[hs-test-release-SNAPSHOT.jar:na]
?[0m?[0;34m	at org.hyperskill.hstest.stage.StageTest.start(StageTest.java:164) ~[hs-test-release-SNAPSHOT.jar:na]
?[0m?[0;34m	at java.base/jdk.internal.reflect.NativeMethodAccessorImpl.invoke0(Native Method) ~[na:na]
?[0m?[0;34m	at java.base/jdk.internal.reflect.NativeMethodAccessorImpl.invoke(NativeMethodAccessorImpl.java:77) ~[na:na]
?[0m?[0;34m	at java.base/jdk.internal.reflect.DelegatingMethodAccessorImpl.invoke(DelegatingMethodAccessorImpl.java:43) ~[na:na]
?[0m?[0;34m	at java.base/java.lang.reflect.Method.invoke(Method.java:568) ~[na:na]
?[0m?[0;34m	at org.junit.runners.model.FrameworkMethod$1.runReflectiveCall(FrameworkMethod.java:59) ~[junit-4.13.2.jar:4.13.2]
?[0m?[0;34m	at org.junit.internal.runners.model.ReflectiveCallable.run(ReflectiveCallable.java:12) ~[junit-4.13.2.jar:4.13.2]
?[0m?[0;34m	at org.junit.runners.model.FrameworkMethod.invokeExplosively(FrameworkMethod.java:56) ~[junit-4.13.2.jar:4.13.2]
?[0m?[0;34m	at org.junit.internal.runners.statements.InvokeMethod.evaluate(InvokeMethod.java:17) ~[junit-4.13.2.jar:4.13.2]
?[0m?[0;34m	at org.junit.internal.runners.statements.RunAfters.evaluate(RunAfters.java:27) ~[junit-4.13.2.jar:4.13.2]
?[0m?[0;34m	at org.junit.runners.ParentRunner$3.evaluate(ParentRunner.java:306) ~[junit-4.13.2.jar:4.13.2]
?[0m?[0;34m	at org.junit.runners.BlockJUnit4ClassRunner$1.evaluate(BlockJUnit4ClassRunner.java:100) ~[junit-4.13.2.jar:4.13.2]
?[0m?[0;34m	at org.junit.runners.ParentRunner.runLeaf(ParentRunner.java:366) ~[junit-4.13.2.jar:4.13.2]
?[0m?[0;34m	at org.junit.runners.BlockJUnit4ClassRunner.runChild(BlockJUnit4ClassRunner.java:103) ~[junit-4.13.2.jar:4.13.2]
?[0m?[0;34m	at org.junit.runners.BlockJUnit4ClassRunner.runChild(BlockJUnit4ClassRunner.java:63) ~[junit-4.13.2.jar:4.13.2]
?[0m?[0;34m	at org.junit.runners.ParentRunner$4.run(ParentRunner.java:331) ~[junit-4.13.2.jar:4.13.2]
?[0m?[0;34m	at org.junit.runners.ParentRunner$1.schedule(ParentRunner.java:79) ~[junit-4.13.2.jar:4.13.2]
?[0m?[0;34m	at org.junit.runners.ParentRunner.runChildren(ParentRunner.java:329) ~[junit-4.13.2.jar:4.13.2]
?[0m?[0;34m	at org.junit.runners.ParentRunner.access$100(ParentRunner.java:66) ~[junit-4.13.2.jar:4.13.2]
?[0m?[0;34m	at org.junit.runners.ParentRunner$2.evaluate(ParentRunner.java:293) ~[junit-4.13.2.jar:4.13.2]
?[0m?[0;34m	at org.junit.runners.ParentRunner$3.evaluate(ParentRunner.java:306) ~[junit-4.13.2.jar:4.13.2]
?[0m?[0;34m	at org.junit.runners.ParentRunner.run(ParentRunner.java:413) ~[junit-4.13.2.jar:4.13.2]
?[0m?[0;34m	at org.gradle.api.internal.tasks.testing.junit.JUnitTestClassExecutor.runTestClass(JUnitTestClassExecutor.java:108) ~[na:na]
?[0m?[0;34m	at org.gradle.api.internal.tasks.testing.junit.JUnitTestClassExecutor.execute(JUnitTestClassExecutor.java:57) ~[na:na]
?[0m?[0;34m	at org.gradle.api.internal.tasks.testing.junit.JUnitTestClassExecutor.execute(JUnitTestClassExecutor.java:39) ~[na:na]
?[0m?[0;34m	at org.gradle.api.internal.tasks.testing.junit.AbstractJUnitTestClassProcessor.processTestClass(AbstractJUnitTestClassProcessor.java:62) ~[na:na]
?[0m?[0;34m	at org.gradle.api.internal.tasks.testing.SuiteTestClassProcessor.processTestClass(SuiteTestClassProcessor.java:52) ~[na:na]
?[0m?[0;34m	at java.base/jdk.internal.reflect.NativeMethodAccessorImpl.invoke0(Native Method) ~[na:na]
?[0m?[0;34m	at java.base/jdk.internal.reflect.NativeMethodAccessorImpl.invoke(NativeMethodAccessorImpl.java:77) ~[na:na]
?[0m?[0;34m	at java.base/jdk.internal.reflect.DelegatingMethodAccessorImpl.invoke(DelegatingMethodAccessorImpl.java:43) ~[na:na]
?[0m?[0;34m	at java.base/java.lang.reflect.Method.invoke(Method.java:568) ~[na:na]
?[0m?[0;34m	at org.gradle.internal.dispatch.ReflectionDispatch.dispatch(ReflectionDispatch.java:36) ~[na:na]
?[0m?[0;34m	at org.gradle.internal.dispatch.ReflectionDispatch.dispatch(ReflectionDispatch.java:24) ~[na:na]
?[0m?[0;34m	at org.gradle.internal.dispatch.ContextClassLoaderDispatch.dispatch(ContextClassLoaderDispatch.java:33) ~[na:na]
?[0m?[0;34m	at org.gradle.internal.dispatch.ProxyDispatchAdapter$DispatchingInvocationHandler.invoke(ProxyDispatchAdapter.java:94) ~[na:na]
?[0m?[0;34m	at jdk.proxy1/jdk.proxy1.$Proxy2.processTestClass(Unknown Source) ~[na:na]
?[0m?[0;34m	at org.gradle.api.internal.tasks.testing.worker.TestWorker$2.run(TestWorker.java:176) ~[na:na]
?[0m?[0;34m	at org.gradle.api.internal.tasks.testing.worker.TestWorker.executeAndMaintainThreadName(TestWorker.java:129) ~[na:na]
?[0m?[0;34m	at org.gradle.api.internal.tasks.testing.worker.TestWorker.execute(TestWorker.java:100) ~[na:na]
?[0m?[0;34m	at org.gradle.api.internal.tasks.testing.worker.TestWorker.execute(TestWorker.java:60) ~[na:na]
?[0m?[0;34m	at org.gradle.process.internal.worker.child.ActionExecutionWorker.execute(ActionExecutionWorker.java:56) ~[na:na]
?[0m?[0;34m	at org.gradle.process.internal.worker.child.SystemApplicationClassLoaderWorker.call(SystemApplicationClassLoaderWorker.java:113) ~[na:na]
?[0m?[0;34m	at org.gradle.process.internal.worker.child.SystemApplicationClassLoaderWorker.call(SystemApplicationClassLoaderWorker.java:65) ~[na:na]
?[0m?[0;34m	at worker.org.gradle.process.internal.worker.GradleWorkerMain.run(GradleWorkerMain.java:69) ~[gradle-worker.jar:na]
?[0m?[0;34m	at worker.org.gradle.process.internal.worker.GradleWorkerMain.main(GradleWorkerMain.java:74) ~[gradle-worker.jar:na]
?[0m?[0;34m
?[0m?[0;34m2023-07-16T14:07:47.517+02:00  WARN 1424 --- [    Test worker] .t.u.s.PrivilegedSetAccessControlContext : Unable to set field Thread.inheritedAccessControlContext
?[0m?[0;34m
?[0m?[0;34mjava.lang.IllegalAccessException: class org.apache.tomcat.util.security.PrivilegedSetAccessControlContext cannot access a member of class java.lang.Thread (in module java.base) with modifiers "private"
?[0m?[0;34m	at java.base/jdk.internal.reflect.Reflection.newIllegalAccessException(Reflection.java:392) ~[na:na]
?[0m?[0;34m	at java.base/java.lang.reflect.AccessibleObject.checkAccess(AccessibleObject.java:674) ~[na:na]
?[0m?[0;34m	at java.base/java.lang.reflect.Field.checkAccess(Field.java:1102) ~[na:na]
?[0m?[0;34m	at java.base/java.lang.reflect.Field.set(Field.java:797) ~[na:na]
?[0m?[0;34m	at org.apache.tomcat.util.security.PrivilegedSetAccessControlContext.run(PrivilegedSetAccessControlContext.java:60) ~[tomcat-embed-core-10.1.5.jar:10.1.5]
?[0m?[0;34m	at org.apache.tomcat.util.security.PrivilegedSetAccessControlContext.run(PrivilegedSetAccessControlContext.java:28) ~[tomcat-embed-core-10.1.5.jar:10.1.5]
?[0m?[0;34m	at java.base/java.security.AccessController.doPrivileged(AccessController.java:318) ~[na:na]
?[0m?[0;34m	at org.apache.tomcat.util.threads.TaskThreadFactory.newThread(TaskThreadFactory.java:64) ~[tomcat-embed-core-10.1.5.jar:10.1.5]
?[0m?[0;34m	at org.apache.tomcat.util.threads.ThreadPoolExecutor$Worker.<init>(ThreadPoolExecutor.java:653) ~[tomcat-embed-core-10.1.5.jar:10.1.5]
?[0m?[0;34m	at org.apache.tomcat.util.threads.ThreadPoolExecutor.addWorker(ThreadPoolExecutor.java:957) ~[tomcat-embed-core-10.1.5.jar:10.1.5]
?[0m?[0;34m	at org.apache.tomcat.util.threads.ThreadPoolExecutor.prestartAllCoreThreads(ThreadPoolExecutor.java:1694) ~[tomcat-embed-core-10.1.5.jar:10.1.5]
?[0m?[0;34m	at org.apache.tomcat.util.threads.ThreadPoolExecutor.<init>(ThreadPoolExecutor.java:1370) ~[tomcat-embed-core-10.1.5.jar:10.1.5]
?[0m?[0;34m	at org.apache.tomcat.util.threads.ThreadPoolExecutor.<init>(ThreadPoolExecutor.java:1280) ~[tomcat-embed-core-10.1.5.jar:10.1.5]
?[0m?[0;34m	at org.apache.tomcat.util.net.AbstractEndpoint.createExecutor(AbstractEndpoint.java:948) ~[tomcat-embed-core-10.1.5.jar:10.1.5]
?[0m?[0;34m	at org.apache.tomcat.util.net.NioEndpoint.startInternal(NioEndpoint.java:279) ~[tomcat-embed-core-10.1.5.jar:10.1.5]
?[0m?[0;34m	at org.apache.tomcat.util.net.AbstractEndpoint.start(AbstractEndpoint.java:1261) ~[tomcat-embed-core-10.1.5.jar:10.1.5]
?[0m?[0;34m	at org.apache.coyote.AbstractProtocol.start(AbstractProtocol.java:586) ~[tomcat-embed-core-10.1.5.jar:10.1.5]
?[0m?[0;34m	at org.apache.catalina.connector.Connector.startInternal(Connector.java:1081) ~[tomcat-embed-core-10.1.5.jar:10.1.5]
?[0m?[0;34m	at org.apache.catalina.util.LifecycleBase.start(LifecycleBase.java:183) ~[tomcat-embed-core-10.1.5.jar:10.1.5]
?[0m?[0;34m	at org.apache.catalina.core.StandardService.addConnector(StandardService.java:234) ~[tomcat-embed-core-10.1.5.jar:10.1.5]
?[0m?[0;34m	at org.springframework.boot.web.embedded.tomcat.TomcatWebServer.addPreviouslyRemovedConnectors(TomcatWebServer.java:282) ~[spring-boot-3.0.2.jar:3.0.2]
?[0m?[0;34m	at org.springframework.boot.web.embedded.tomcat.TomcatWebServer.start(TomcatWebServer.java:213) ~[spring-boot-3.0.2.jar:3.0.2]
?[0m?[0;34m	at org.springframework.boot.web.servlet.context.WebServerStartStopLifecycle.start(WebServerStartStopLifecycle.java:44) ~[spring-boot-3.0.2.jar:3.0.2]
?[0m?[0;34m	at org.springframework.context.support.DefaultLifecycleProcessor.doStart(DefaultLifecycleProcessor.java:178) ~[spring-context-6.0.4.jar:6.0.4]
?[0m?[0;34m	at org.springframework.context.support.DefaultLifecycleProcessor$LifecycleGroup.start(DefaultLifecycleProcessor.java:356) ~[spring-context-6.0.4.jar:6.0.4]
?[0m?[0;34m	at java.base/java.lang.Iterable.forEach(Iterable.java:75) ~[na:na]
?[0m?[0;34m	at org.springframework.context.support.DefaultLifecycleProcessor.startBeans(DefaultLifecycleProcessor.java:155) ~[spring-context-6.0.4.jar:6.0.4]
?[0m?[0;34m	at org.springframework.context.support.DefaultLifecycleProcessor.onRefresh(DefaultLifecycleProcessor.java:123) ~[spring-context-6.0.4.jar:6.0.4]
?[0m?[0;34m	at org.springframework.context.support.AbstractApplicationContext.finishRefresh(AbstractApplicationContext.java:932) ~[spring-context-6.0.4.jar:6.0.4]
?[0m?[0;34m	at org.springframework.context.support.AbstractApplicationContext.refresh(AbstractApplicationContext.java:587) ~[spring-context-6.0.4.jar:6.0.4]
?[0m?[0;34m	at org.springframework.boot.web.servlet.context.ServletWebServerApplicationContext.refresh(ServletWebServerApplicationContext.java:146) ~[spring-boot-3.0.2.jar:3.0.2]
?[0m?[0;34m	at org.springframework.boot.SpringApplication.refresh(SpringApplication.java:730) ~[spring-boot-3.0.2.jar:3.0.2]
?[0m?[0;34m	at org.springframework.boot.SpringApplication.refreshContext(SpringApplication.java:432) ~[spring-boot-3.0.2.jar:3.0.2]
?[0m?[0;34m	at org.springframework.boot.SpringApplication.run(SpringApplication.java:308) ~[spring-boot-3.0.2.jar:3.0.2]
?[0m?[0;34m	at org.springframework.boot.SpringApplication.run(SpringApplication.java:1302) ~[spring-boot-3.0.2.jar:3.0.2]
?[0m?[0;34m	at org.springframework.boot.SpringApplication.run(SpringApplication.java:1291) ~[spring-boot-3.0.2.jar:3.0.2]
?[0m?[0;34m	at antifraud.AntiFraudApplication.main(AntiFraudApplication.java:10) ~[main/:na]
?[0m?[0;34m	at java.base/jdk.internal.reflect.NativeMethodAccessorImpl.invoke0(Native Method) ~[na:na]
?[0m?[0;34m	at java.base/jdk.internal.reflect.NativeMethodAccessorImpl.invoke(NativeMethodAccessorImpl.java:77) ~[na:na]
?[0m?[0;34m	at java.base/jdk.internal.reflect.DelegatingMethodAccessorImpl.invoke(DelegatingMethodAccessorImpl.java:43) ~[na:na]
?[0m?[0;34m	at java.base/java.lang.reflect.Method.invoke(Method.java:568) ~[na:na]
?[0m?[0;34m	at org.hyperskill.hstest.stage.SpringTest.startSpring(SpringTest.java:187) ~[hs-test-release-SNAPSHOT.jar:na]
?[0m?[0;34m	at org.hyperskill.hstest.stage.SpringTest.reloadSpring(SpringTest.java:239) ~[hs-test-release-SNAPSHOT.jar:na]
?[0m?[0;34m	at AntiFraudTest.restartApplication(AntiFraudTest.java:767) ~[test/:na]
?[0m?[0;34m	at AntiFraudTest.lambda$new$159(AntiFraudTest.java:1934) ~[test/:na]
?[0m?[0;34m	at org.hyperskill.hstest.dynamic.input.DynamicTesting.lambda$searchDynamicTests$3(DynamicTesting.java:289) ~[hs-test-release-SNAPSHOT.jar:na]
?[0m?[0;34m	at org.hyperskill.hstest.dynamic.input.DynamicTesting$1DynamicTestElement.lambda$getTests$0(DynamicTesting.java:252) ~[hs-test-release-SNAPSHOT.jar:na]
?[0m?[0;34m	at org.hyperskill.hstest.testing.runner.SpringApplicationRunner.test(SpringApplicationRunner.java:43) ~[hs-test-release-SNAPSHOT.jar:na]
?[0m?[0;34m	at org.hyperskill.hstest.testing.TestRun.test(TestRun.java:94) ~[hs-test-release-SNAPSHOT.jar:na]
?[0m?[0;34m	at org.hyperskill.hstest.stage.StageTest.start(StageTest.java:164) ~[hs-test-release-SNAPSHOT.jar:na]
?[0m?[0;34m	at java.base/jdk.internal.reflect.NativeMethodAccessorImpl.invoke0(Native Method) ~[na:na]
?[0m?[0;34m	at java.base/jdk.internal.reflect.NativeMethodAccessorImpl.invoke(NativeMethodAccessorImpl.java:77) ~[na:na]
?[0m?[0;34m	at java.base/jdk.internal.reflect.DelegatingMethodAccessorImpl.invoke(DelegatingMethodAccessorImpl.java:43) ~[na:na]
?[0m?[0;34m	at java.base/java.lang.reflect.Method.invoke(Method.java:568) ~[na:na]
?[0m?[0;34m	at org.junit.runners.model.FrameworkMethod$1.runReflectiveCall(FrameworkMethod.java:59) ~[junit-4.13.2.jar:4.13.2]
?[0m?[0;34m	at org.junit.internal.runners.model.ReflectiveCallable.run(ReflectiveCallable.java:12) ~[junit-4.13.2.jar:4.13.2]
?[0m?[0;34m	at org.junit.runners.model.FrameworkMethod.invokeExplosively(FrameworkMethod.java:56) ~[junit-4.13.2.jar:4.13.2]
?[0m?[0;34m	at org.junit.internal.runners.statements.InvokeMethod.evaluate(InvokeMethod.java:17) ~[junit-4.13.2.jar:4.13.2]
?[0m?[0;34m	at org.junit.internal.runners.statements.RunAfters.evaluate(RunAfters.java:27) ~[junit-4.13.2.jar:4.13.2]
?[0m?[0;34m	at org.junit.runners.ParentRunner$3.evaluate(ParentRunner.java:306) ~[junit-4.13.2.jar:4.13.2]
?[0m?[0;34m	at org.junit.runners.BlockJUnit4ClassRunner$1.evaluate(BlockJUnit4ClassRunner.java:100) ~[junit-4.13.2.jar:4.13.2]
?[0m?[0;34m	at org.junit.runners.ParentRunner.runLeaf(ParentRunner.java:366) ~[junit-4.13.2.jar:4.13.2]
?[0m?[0;34m	at org.junit.runners.BlockJUnit4ClassRunner.runChild(BlockJUnit4ClassRunner.java:103) ~[junit-4.13.2.jar:4.13.2]
?[0m?[0;34m	at org.junit.runners.BlockJUnit4ClassRunner.runChild(BlockJUnit4ClassRunner.java:63) ~[junit-4.13.2.jar:4.13.2]
?[0m?[0;34m	at org.junit.runners.ParentRunner$4.run(ParentRunner.java:331) ~[junit-4.13.2.jar:4.13.2]
?[0m?[0;34m	at org.junit.runners.ParentRunner$1.schedule(ParentRunner.java:79) ~[junit-4.13.2.jar:4.13.2]
?[0m?[0;34m	at org.junit.runners.ParentRunner.runChildren(ParentRunner.java:329) ~[junit-4.13.2.jar:4.13.2]
?[0m?[0;34m	at org.junit.runners.ParentRunner.access$100(ParentRunner.java:66) ~[junit-4.13.2.jar:4.13.2]
?[0m?[0;34m	at org.junit.runners.ParentRunner$2.evaluate(ParentRunner.java:293) ~[junit-4.13.2.jar:4.13.2]
?[0m?[0;34m	at org.junit.runners.ParentRunner$3.evaluate(ParentRunner.java:306) ~[junit-4.13.2.jar:4.13.2]
?[0m?[0;34m	at org.junit.runners.ParentRunner.run(ParentRunner.java:413) ~[junit-4.13.2.jar:4.13.2]
?[0m?[0;34m	at org.gradle.api.internal.tasks.testing.junit.JUnitTestClassExecutor.runTestClass(JUnitTestClassExecutor.java:108) ~[na:na]
?[0m?[0;34m	at org.gradle.api.internal.tasks.testing.junit.JUnitTestClassExecutor.execute(JUnitTestClassExecutor.java:57) ~[na:na]
?[0m?[0;34m	at org.gradle.api.internal.tasks.testing.junit.JUnitTestClassExecutor.execute(JUnitTestClassExecutor.java:39) ~[na:na]
?[0m?[0;34m	at org.gradle.api.internal.tasks.testing.junit.AbstractJUnitTestClassProcessor.processTestClass(AbstractJUnitTestClassProcessor.java:62) ~[na:na]
?[0m?[0;34m	at org.gradle.api.internal.tasks.testing.SuiteTestClassProcessor.processTestClass(SuiteTestClassProcessor.java:52) ~[na:na]
?[0m?[0;34m	at java.base/jdk.internal.reflect.NativeMethodAccessorImpl.invoke0(Native Method) ~[na:na]
?[0m?[0;34m	at java.base/jdk.internal.reflect.NativeMethodAccessorImpl.invoke(NativeMethodAccessorImpl.java:77) ~[na:na]
?[0m?[0;34m	at java.base/jdk.internal.reflect.DelegatingMethodAccessorImpl.invoke(DelegatingMethodAccessorImpl.java:43) ~[na:na]
?[0m?[0;34m	at java.base/java.lang.reflect.Method.invoke(Method.java:568) ~[na:na]
?[0m?[0;34m	at org.gradle.internal.dispatch.ReflectionDispatch.dispatch(ReflectionDispatch.java:36) ~[na:na]
?[0m?[0;34m	at org.gradle.internal.dispatch.ReflectionDispatch.dispatch(ReflectionDispatch.java:24) ~[na:na]
?[0m?[0;34m	at org.gradle.internal.dispatch.ContextClassLoaderDispatch.dispatch(ContextClassLoaderDispatch.java:33) ~[na:na]
?[0m?[0;34m	at org.gradle.internal.dispatch.ProxyDispatchAdapter$DispatchingInvocationHandler.invoke(ProxyDispatchAdapter.java:94) ~[na:na]
?[0m?[0;34m	at jdk.proxy1/jdk.proxy1.$Proxy2.processTestClass(Unknown Source) ~[na:na]
?[0m?[0;34m	at org.gradle.api.internal.tasks.testing.worker.TestWorker$2.run(TestWorker.java:176) ~[na:na]
?[0m?[0;34m	at org.gradle.api.internal.tasks.testing.worker.TestWorker.executeAndMaintainThreadName(TestWorker.java:129) ~[na:na]
?[0m?[0;34m	at org.gradle.api.internal.tasks.testing.worker.TestWorker.execute(TestWorker.java:100) ~[na:na]
?[0m?[0;34m	at org.gradle.api.internal.tasks.testing.worker.TestWorker.execute(TestWorker.java:60) ~[na:na]
?[0m?[0;34m	at org.gradle.process.internal.worker.child.ActionExecutionWorker.execute(ActionExecutionWorker.java:56) ~[na:na]
?[0m?[0;34m	at org.gradle.process.internal.worker.child.SystemApplicationClassLoaderWorker.call(SystemApplicationClassLoaderWorker.java:113) ~[na:na]
?[0m?[0;34m	at org.gradle.process.internal.worker.child.SystemApplicationClassLoaderWorker.call(SystemApplicationClassLoaderWorker.java:65) ~[na:na]
?[0m?[0;34m	at worker.org.gradle.process.internal.worker.GradleWorkerMain.run(GradleWorkerMain.java:69) ~[gradle-worker.jar:na]
?[0m?[0;34m	at worker.org.gradle.process.internal.worker.GradleWorkerMain.main(GradleWorkerMain.java:74) ~[gradle-worker.jar:na]
?[0m?[0;34m
?[0m?[0;34m2023-07-16T14:07:47.524+02:00  WARN 1424 --- [    Test worker] .t.u.s.PrivilegedSetAccessControlContext : Unable to set field Thread.inheritedAccessControlContext
?[0m?[0;34m
?[0m?[0;34mjava.lang.IllegalAccessException: class org.apache.tomcat.util.security.PrivilegedSetAccessControlContext cannot access a member of class java.lang.Thread (in module java.base) with modifiers "private"
?[0m?[0;34m	at java.base/jdk.internal.reflect.Reflection.newIllegalAccessException(Reflection.java:392) ~[na:na]
?[0m?[0;34m	at java.base/java.lang.reflect.AccessibleObject.checkAccess(AccessibleObject.java:674) ~[na:na]
?[0m?[0;34m	at java.base/java.lang.reflect.Field.checkAccess(Field.java:1102) ~[na:na]
?[0m?[0;34m	at java.base/java.lang.reflect.Field.set(Field.java:797) ~[na:na]
?[0m?[0;34m	at org.apache.tomcat.util.security.PrivilegedSetAccessControlContext.run(PrivilegedSetAccessControlContext.java:60) ~[tomcat-embed-core-10.1.5.jar:10.1.5]
?[0m?[0;34m	at org.apache.tomcat.util.security.PrivilegedSetAccessControlContext.run(PrivilegedSetAccessControlContext.java:28) ~[tomcat-embed-core-10.1.5.jar:10.1.5]
?[0m?[0;34m	at java.base/java.security.AccessController.doPrivileged(AccessController.java:318) ~[na:na]
?[0m?[0;34m	at org.apache.tomcat.util.threads.TaskThreadFactory.newThread(TaskThreadFactory.java:64) ~[tomcat-embed-core-10.1.5.jar:10.1.5]
?[0m?[0;34m	at org.apache.tomcat.util.threads.ThreadPoolExecutor$Worker.<init>(ThreadPoolExecutor.java:653) ~[tomcat-embed-core-10.1.5.jar:10.1.5]
?[0m?[0;34m	at org.apache.tomcat.util.threads.ThreadPoolExecutor.addWorker(ThreadPoolExecutor.java:957) ~[tomcat-embed-core-10.1.5.jar:10.1.5]
?[0m?[0;34m	at org.apache.tomcat.util.threads.ThreadPoolExecutor.prestartAllCoreThreads(ThreadPoolExecutor.java:1694) ~[tomcat-embed-core-10.1.5.jar:10.1.5]
?[0m?[0;34m	at org.apache.tomcat.util.threads.ThreadPoolExecutor.<init>(ThreadPoolExecutor.java:1370) ~[tomcat-embed-core-10.1.5.jar:10.1.5]
?[0m?[0;34m	at org.apache.tomcat.util.threads.ThreadPoolExecutor.<init>(ThreadPoolExecutor.java:1280) ~[tomcat-embed-core-10.1.5.jar:10.1.5]
?[0m?[0;34m	at org.apache.tomcat.util.net.AbstractEndpoint.createExecutor(AbstractEndpoint.java:948) ~[tomcat-embed-core-10.1.5.jar:10.1.5]
?[0m?[0;34m	at org.apache.tomcat.util.net.NioEndpoint.startInternal(NioEndpoint.java:279) ~[tomcat-embed-core-10.1.5.jar:10.1.5]
?[0m?[0;34m	at org.apache.tomcat.util.net.AbstractEndpoint.start(AbstractEndpoint.java:1261) ~[tomcat-embed-core-10.1.5.jar:10.1.5]
?[0m?[0;34m	at org.apache.coyote.AbstractProtocol.start(AbstractProtocol.java:586) ~[tomcat-embed-core-10.1.5.jar:10.1.5]
?[0m?[0;34m	at org.apache.catalina.connector.Connector.startInternal(Connector.java:1081) ~[tomcat-embed-core-10.1.5.jar:10.1.5]
?[0m?[0;34m	at org.apache.catalina.util.LifecycleBase.start(LifecycleBase.java:183) ~[tomcat-embed-core-10.1.5.jar:10.1.5]
?[0m?[0;34m	at org.apache.catalina.core.StandardService.addConnector(StandardService.java:234) ~[tomcat-embed-core-10.1.5.jar:10.1.5]
?[0m?[0;34m	at org.springframework.boot.web.embedded.tomcat.TomcatWebServer.addPreviouslyRemovedConnectors(TomcatWebServer.java:282) ~[spring-boot-3.0.2.jar:3.0.2]
?[0m?[0;34m	at org.springframework.boot.web.embedded.tomcat.TomcatWebServer.start(TomcatWebServer.java:213) ~[spring-boot-3.0.2.jar:3.0.2]
?[0m?[0;34m	at org.springframework.boot.web.servlet.context.WebServerStartStopLifecycle.start(WebServerStartStopLifecycle.java:44) ~[spring-boot-3.0.2.jar:3.0.2]
?[0m?[0;34m	at org.springframework.context.support.DefaultLifecycleProcessor.doStart(DefaultLifecycleProcessor.java:178) ~[spring-context-6.0.4.jar:6.0.4]
?[0m?[0;34m	at org.springframework.context.support.DefaultLifecycleProcessor$LifecycleGroup.start(DefaultLifecycleProcessor.java:356) ~[spring-context-6.0.4.jar:6.0.4]
?[0m?[0;34m	at java.base/java.lang.Iterable.forEach(Iterable.java:75) ~[na:na]
?[0m?[0;34m	at org.springframework.context.support.DefaultLifecycleProcessor.startBeans(DefaultLifecycleProcessor.java:155) ~[spring-context-6.0.4.jar:6.0.4]
?[0m?[0;34m	at org.springframework.context.support.DefaultLifecycleProcessor.onRefresh(DefaultLifecycleProcessor.java:123) ~[spring-context-6.0.4.jar:6.0.4]
?[0m?[0;34m	at org.springframework.context.support.AbstractApplicationContext.finishRefresh(AbstractApplicationContext.java:932) ~[spring-context-6.0.4.jar:6.0.4]
?[0m?[0;34m	at org.springframework.context.support.AbstractApplicationContext.refresh(AbstractApplicationContext.java:587) ~[spring-context-6.0.4.jar:6.0.4]
?[0m?[0;34m	at org.springframework.boot.web.servlet.context.ServletWebServerApplicationContext.refresh(ServletWebServerApplicationContext.java:146) ~[spring-boot-3.0.2.jar:3.0.2]
?[0m?[0;34m	at org.springframework.boot.SpringApplication.refresh(SpringApplication.java:730) ~[spring-boot-3.0.2.jar:3.0.2]
?[0m?[0;34m	at org.springframework.boot.SpringApplication.refreshContext(SpringApplication.java:432) ~[spring-boot-3.0.2.jar:3.0.2]
?[0m?[0;34m	at org.springframework.boot.SpringApplication.run(SpringApplication.java:308) ~[spring-boot-3.0.2.jar:3.0.2]
?[0m?[0;34m	at org.springframework.boot.SpringApplication.run(SpringApplication.java:1302) ~[spring-boot-3.0.2.jar:3.0.2]
?[0m?[0;34m	at org.springframework.boot.SpringApplication.run(SpringApplication.java:1291) ~[spring-boot-3.0.2.jar:3.0.2]
?[0m?[0;34m	at antifraud.AntiFraudApplication.main(AntiFraudApplication.java:10) ~[main/:na]
?[0m?[0;34m	at java.base/jdk.internal.reflect.NativeMethodAccessorImpl.invoke0(Native Method) ~[na:na]
?[0m?[0;34m	at java.base/jdk.internal.reflect.NativeMethodAccessorImpl.invoke(NativeMethodAccessorImpl.java:77) ~[na:na]
?[0m?[0;34m	at java.base/jdk.internal.reflect.DelegatingMethodAccessorImpl.invoke(DelegatingMethodAccessorImpl.java:43) ~[na:na]
?[0m?[0;34m	at java.base/java.lang.reflect.Method.invoke(Method.java:568) ~[na:na]
?[0m?[0;34m	at org.hyperskill.hstest.stage.SpringTest.startSpring(SpringTest.java:187) ~[hs-test-release-SNAPSHOT.jar:na]
?[0m?[0;34m	at org.hyperskill.hstest.stage.SpringTest.reloadSpring(SpringTest.java:239) ~[hs-test-release-SNAPSHOT.jar:na]
?[0m?[0;34m	at AntiFraudTest.restartApplication(AntiFraudTest.java:767) ~[test/:na]
?[0m?[0;34m	at AntiFraudTest.lambda$new$159(AntiFraudTest.java:1934) ~[test/:na]
?[0m?[0;34m	at org.hyperskill.hstest.dynamic.input.DynamicTesting.lambda$searchDynamicTests$3(DynamicTesting.java:289) ~[hs-test-release-SNAPSHOT.jar:na]
?[0m?[0;34m	at org.hyperskill.hstest.dynamic.input.DynamicTesting$1DynamicTestElement.lambda$getTests$0(DynamicTesting.java:252) ~[hs-test-release-SNAPSHOT.jar:na]
?[0m?[0;34m	at org.hyperskill.hstest.testing.runner.SpringApplicationRunner.test(SpringApplicationRunner.java:43) ~[hs-test-release-SNAPSHOT.jar:na]
?[0m?[0;34m	at org.hyperskill.hstest.testing.TestRun.test(TestRun.java:94) ~[hs-test-release-SNAPSHOT.jar:na]
?[0m?[0;34m	at org.hyperskill.hstest.stage.StageTest.start(StageTest.java:164) ~[hs-test-release-SNAPSHOT.jar:na]
?[0m?[0;34m	at java.base/jdk.internal.reflect.NativeMethodAccessorImpl.invoke0(Native Method) ~[na:na]
?[0m?[0;34m	at java.base/jdk.internal.reflect.NativeMethodAccessorImpl.invoke(NativeMethodAccessorImpl.java:77) ~[na:na]
?[0m?[0;34m	at java.base/jdk.internal.reflect.DelegatingMethodAccessorImpl.invoke(DelegatingMethodAccessorImpl.java:43) ~[na:na]
?[0m?[0;34m	at java.base/java.lang.reflect.Method.invoke(Method.java:568) ~[na:na]
?[0m?[0;34m	at org.junit.runners.model.FrameworkMethod$1.runReflectiveCall(FrameworkMethod.java:59) ~[junit-4.13.2.jar:4.13.2]
?[0m?[0;34m	at org.junit.internal.runners.model.ReflectiveCallable.run(ReflectiveCallable.java:12) ~[junit-4.13.2.jar:4.13.2]
?[0m?[0;34m	at org.junit.runners.model.FrameworkMethod.invokeExplosively(FrameworkMethod.java:56) ~[junit-4.13.2.jar:4.13.2]
?[0m?[0;34m	at org.junit.internal.runners.statements.InvokeMethod.evaluate(InvokeMethod.java:17) ~[junit-4.13.2.jar:4.13.2]
?[0m?[0;34m	at org.junit.internal.runners.statements.RunAfters.evaluate(RunAfters.java:27) ~[junit-4.13.2.jar:4.13.2]
?[0m?[0;34m	at org.junit.runners.ParentRunner$3.evaluate(ParentRunner.java:306) ~[junit-4.13.2.jar:4.13.2]
?[0m?[0;34m	at org.junit.runners.BlockJUnit4ClassRunner$1.evaluate(BlockJUnit4ClassRunner.java:100) ~[junit-4.13.2.jar:4.13.2]
?[0m?[0;34m	at org.junit.runners.ParentRunner.runLeaf(ParentRunner.java:366) ~[junit-4.13.2.jar:4.13.2]
?[0m?[0;34m	at org.junit.runners.BlockJUnit4ClassRunner.runChild(BlockJUnit4ClassRunner.java:103) ~[junit-4.13.2.jar:4.13.2]
?[0m?[0;34m	at org.junit.runners.BlockJUnit4ClassRunner.runChild(BlockJUnit4ClassRunner.java:63) ~[junit-4.13.2.jar:4.13.2]
?[0m?[0;34m	at org.junit.runners.ParentRunner$4.run(ParentRunner.java:331) ~[junit-4.13.2.jar:4.13.2]
?[0m?[0;34m	at org.junit.runners.ParentRunner$1.schedule(ParentRunner.java:79) ~[junit-4.13.2.jar:4.13.2]
?[0m?[0;34m	at org.junit.runners.ParentRunner.runChildren(ParentRunner.java:329) ~[junit-4.13.2.jar:4.13.2]
?[0m?[0;34m	at org.junit.runners.ParentRunner.access$100(ParentRunner.java:66) ~[junit-4.13.2.jar:4.13.2]
?[0m?[0;34m	at org.junit.runners.ParentRunner$2.evaluate(ParentRunner.java:293) ~[junit-4.13.2.jar:4.13.2]
?[0m?[0;34m	at org.junit.runners.ParentRunner$3.evaluate(ParentRunner.java:306) ~[junit-4.13.2.jar:4.13.2]
?[0m?[0;34m	at org.junit.runners.ParentRunner.run(ParentRunner.java:413) ~[junit-4.13.2.jar:4.13.2]
?[0m?[0;34m	at org.gradle.api.internal.tasks.testing.junit.JUnitTestClassExecutor.runTestClass(JUnitTestClassExecutor.java:108) ~[na:na]
?[0m?[0;34m	at org.gradle.api.internal.tasks.testing.junit.JUnitTestClassExecutor.execute(JUnitTestClassExecutor.java:57) ~[na:na]
?[0m?[0;34m	at org.gradle.api.internal.tasks.testing.junit.JUnitTestClassExecutor.execute(JUnitTestClassExecutor.java:39) ~[na:na]
?[0m?[0;34m	at org.gradle.api.internal.tasks.testing.junit.AbstractJUnitTestClassProcessor.processTestClass(AbstractJUnitTestClassProcessor.java:62) ~[na:na]
?[0m?[0;34m	at org.gradle.api.internal.tasks.testing.SuiteTestClassProcessor.processTestClass(SuiteTestClassProcessor.java:52) ~[na:na]
?[0m?[0;34m	at java.base/jdk.internal.reflect.NativeMethodAccessorImpl.invoke0(Native Method) ~[na:na]
?[0m?[0;34m	at java.base/jdk.internal.reflect.NativeMethodAccessorImpl.invoke(NativeMethodAccessorImpl.java:77) ~[na:na]
?[0m?[0;34m	at java.base/jdk.internal.reflect.DelegatingMethodAccessorImpl.invoke(DelegatingMethodAccessorImpl.java:43) ~[na:na]
?[0m?[0;34m	at java.base/java.lang.reflect.Method.invoke(Method.java:568) ~[na:na]
?[0m?[0;34m	at org.gradle.internal.dispatch.ReflectionDispatch.dispatch(ReflectionDispatch.java:36) ~[na:na]
?[0m?[0;34m	at org.gradle.internal.dispatch.ReflectionDispatch.dispatch(ReflectionDispatch.java:24) ~[na:na]
?[0m?[0;34m	at org.gradle.internal.dispatch.ContextClassLoaderDispatch.dispatch(ContextClassLoaderDispatch.java:33) ~[na:na]
?[0m?[0;34m	at org.gradle.internal.dispatch.ProxyDispatchAdapter$DispatchingInvocationHandler.invoke(ProxyDispatchAdapter.java:94) ~[na:na]
?[0m?[0;34m	at jdk.proxy1/jdk.proxy1.$Proxy2.processTestClass(Unknown Source) ~[na:na]
?[0m?[0;34m	at org.gradle.api.internal.tasks.testing.worker.TestWorker$2.run(TestWorker.java:176) ~[na:na]
?[0m?[0;34m	at org.gradle.api.internal.tasks.testing.worker.TestWorker.executeAndMaintainThreadName(TestWorker.java:129) ~[na:na]
?[0m?[0;34m	at org.gradle.api.internal.tasks.testing.worker.TestWorker.execute(TestWorker.java:100) ~[na:na]
?[0m?[0;34m	at org.gradle.api.internal.tasks.testing.worker.TestWorker.execute(TestWorker.java:60) ~[na:na]
?[0m?[0;34m	at org.gradle.process.internal.worker.child.ActionExecutionWorker.execute(ActionExecutionWorker.java:56) ~[na:na]
?[0m?[0;34m	at org.gradle.process.internal.worker.child.SystemApplicationClassLoaderWorker.call(SystemApplicationClassLoaderWorker.java:113) ~[na:na]
?[0m?[0;34m	at org.gradle.process.internal.worker.child.SystemApplicationClassLoaderWorker.call(SystemApplicationClassLoaderWorker.java:65) ~[na:na]
?[0m?[0;34m	at worker.org.gradle.process.internal.worker.GradleWorkerMain.run(GradleWorkerMain.java:69) ~[gradle-worker.jar:na]
?[0m?[0;34m	at worker.org.gradle.process.internal.worker.GradleWorkerMain.main(GradleWorkerMain.java:74) ~[gradle-worker.jar:na]
?[0m?[0;34m
?[0m?[0;34m2023-07-16T14:07:47.530+02:00  WARN 1424 --- [    Test worker] .t.u.s.PrivilegedSetAccessControlContext : Unable to set field Thread.inheritedAccessControlContext
?[0m?[0;34m
?[0m?[0;34mjava.lang.IllegalAccessException: class org.apache.tomcat.util.security.PrivilegedSetAccessControlContext cannot access a member of class java.lang.Thread (in module java.base) with modifiers "private"
?[0m?[0;34m	at java.base/jdk.internal.reflect.Reflection.newIllegalAccessException(Reflection.java:392) ~[na:na]
?[0m?[0;34m	at java.base/java.lang.reflect.AccessibleObject.checkAccess(AccessibleObject.java:674) ~[na:na]
?[0m?[0;34m	at java.base/java.lang.reflect.Field.checkAccess(Field.java:1102) ~[na:na]
?[0m?[0;34m	at java.base/java.lang.reflect.Field.set(Field.java:797) ~[na:na]
?[0m?[0;34m	at org.apache.tomcat.util.security.PrivilegedSetAccessControlContext.run(PrivilegedSetAccessControlContext.java:60) ~[tomcat-embed-core-10.1.5.jar:10.1.5]
?[0m?[0;34m	at org.apache.tomcat.util.security.PrivilegedSetAccessControlContext.run(PrivilegedSetAccessControlContext.java:28) ~[tomcat-embed-core-10.1.5.jar:10.1.5]
?[0m?[0;34m	at java.base/java.security.AccessController.doPrivileged(AccessController.java:318) ~[na:na]
?[0m?[0;34m	at org.apache.tomcat.util.threads.TaskThreadFactory.newThread(TaskThreadFactory.java:64) ~[tomcat-embed-core-10.1.5.jar:10.1.5]
?[0m?[0;34m	at org.apache.tomcat.util.threads.ThreadPoolExecutor$Worker.<init>(ThreadPoolExecutor.java:653) ~[tomcat-embed-core-10.1.5.jar:10.1.5]
?[0m?[0;34m	at org.apache.tomcat.util.threads.ThreadPoolExecutor.addWorker(ThreadPoolExecutor.java:957) ~[tomcat-embed-core-10.1.5.jar:10.1.5]
?[0m?[0;34m	at org.apache.tomcat.util.threads.ThreadPoolExecutor.prestartAllCoreThreads(ThreadPoolExecutor.java:1694) ~[tomcat-embed-core-10.1.5.jar:10.1.5]
?[0m?[0;34m	at org.apache.tomcat.util.threads.ThreadPoolExecutor.<init>(ThreadPoolExecutor.java:1370) ~[tomcat-embed-core-10.1.5.jar:10.1.5]
?[0m?[0;34m	at org.apache.tomcat.util.threads.ThreadPoolExecutor.<init>(ThreadPoolExecutor.java:1280) ~[tomcat-embed-core-10.1.5.jar:10.1.5]
?[0m?[0;34m	at org.apache.tomcat.util.net.AbstractEndpoint.createExecutor(AbstractEndpoint.java:948) ~[tomcat-embed-core-10.1.5.jar:10.1.5]
?[0m?[0;34m	at org.apache.tomcat.util.net.NioEndpoint.startInternal(NioEndpoint.java:279) ~[tomcat-embed-core-10.1.5.jar:10.1.5]
?[0m?[0;34m	at org.apache.tomcat.util.net.AbstractEndpoint.start(AbstractEndpoint.java:1261) ~[tomcat-embed-core-10.1.5.jar:10.1.5]
?[0m?[0;34m	at org.apache.coyote.AbstractProtocol.start(AbstractProtocol.java:586) ~[tomcat-embed-core-10.1.5.jar:10.1.5]
?[0m?[0;34m	at org.apache.catalina.connector.Connector.startInternal(Connector.java:1081) ~[tomcat-embed-core-10.1.5.jar:10.1.5]
?[0m?[0;34m	at org.apache.catalina.util.LifecycleBase.start(LifecycleBase.java:183) ~[tomcat-embed-core-10.1.5.jar:10.1.5]
?[0m?[0;34m	at org.apache.catalina.core.StandardService.addConnector(StandardService.java:234) ~[tomcat-embed-core-10.1.5.jar:10.1.5]
?[0m?[0;34m	at org.springframework.boot.web.embedded.tomcat.TomcatWebServer.addPreviouslyRemovedConnectors(TomcatWebServer.java:282) ~[spring-boot-3.0.2.jar:3.0.2]
?[0m?[0;34m	at org.springframework.boot.web.embedded.tomcat.TomcatWebServer.start(TomcatWebServer.java:213) ~[spring-boot-3.0.2.jar:3.0.2]
?[0m?[0;34m	at org.springframework.boot.web.servlet.context.WebServerStartStopLifecycle.start(WebServerStartStopLifecycle.java:44) ~[spring-boot-3.0.2.jar:3.0.2]
?[0m?[0;34m	at org.springframework.context.support.DefaultLifecycleProcessor.doStart(DefaultLifecycleProcessor.java:178) ~[spring-context-6.0.4.jar:6.0.4]
?[0m?[0;34m	at org.springframework.context.support.DefaultLifecycleProcessor$LifecycleGroup.start(DefaultLifecycleProcessor.java:356) ~[spring-context-6.0.4.jar:6.0.4]
?[0m?[0;34m	at java.base/java.lang.Iterable.forEach(Iterable.java:75) ~[na:na]
?[0m?[0;34m	at org.springframework.context.support.DefaultLifecycleProcessor.startBeans(DefaultLifecycleProcessor.java:155) ~[spring-context-6.0.4.jar:6.0.4]
?[0m?[0;34m	at org.springframework.context.support.DefaultLifecycleProcessor.onRefresh(DefaultLifecycleProcessor.java:123) ~[spring-context-6.0.4.jar:6.0.4]
?[0m?[0;34m	at org.springframework.context.support.AbstractApplicationContext.finishRefresh(AbstractApplicationContext.java:932) ~[spring-context-6.0.4.jar:6.0.4]
?[0m?[0;34m	at org.springframework.context.support.AbstractApplicationContext.refresh(AbstractApplicationContext.java:587) ~[spring-context-6.0.4.jar:6.0.4]
?[0m?[0;34m	at org.springframework.boot.web.servlet.context.ServletWebServerApplicationContext.refresh(ServletWebServerApplicationContext.java:146) ~[spring-boot-3.0.2.jar:3.0.2]
?[0m?[0;34m	at org.springframework.boot.SpringApplication.refresh(SpringApplication.java:730) ~[spring-boot-3.0.2.jar:3.0.2]
?[0m?[0;34m	at org.springframework.boot.SpringApplication.refreshContext(SpringApplication.java:432) ~[spring-boot-3.0.2.jar:3.0.2]
?[0m?[0;34m	at org.springframework.boot.SpringApplication.run(SpringApplication.java:308) ~[spring-boot-3.0.2.jar:3.0.2]
?[0m?[0;34m	at org.springframework.boot.SpringApplication.run(SpringApplication.java:1302) ~[spring-boot-3.0.2.jar:3.0.2]
?[0m?[0;34m	at org.springframework.boot.SpringApplication.run(SpringApplication.java:1291) ~[spring-boot-3.0.2.jar:3.0.2]
?[0m?[0;34m	at antifraud.AntiFraudApplication.main(AntiFraudApplication.java:10) ~[main/:na]
?[0m?[0;34m	at java.base/jdk.internal.reflect.NativeMethodAccessorImpl.invoke0(Native Method) ~[na:na]
?[0m?[0;34m	at java.base/jdk.internal.reflect.NativeMethodAccessorImpl.invoke(NativeMethodAccessorImpl.java:77) ~[na:na]
?[0m?[0;34m	at java.base/jdk.internal.reflect.DelegatingMethodAccessorImpl.invoke(DelegatingMethodAccessorImpl.java:43) ~[na:na]
?[0m?[0;34m	at java.base/java.lang.reflect.Method.invoke(Method.java:568) ~[na:na]
?[0m?[0;34m	at org.hyperskill.hstest.stage.SpringTest.startSpring(SpringTest.java:187) ~[hs-test-release-SNAPSHOT.jar:na]
?[0m?[0;34m	at org.hyperskill.hstest.stage.SpringTest.reloadSpring(SpringTest.java:239) ~[hs-test-release-SNAPSHOT.jar:na]
?[0m?[0;34m	at AntiFraudTest.restartApplication(AntiFraudTest.java:767) ~[test/:na]
?[0m?[0;34m	at AntiFraudTest.lambda$new$159(AntiFraudTest.java:1934) ~[test/:na]
?[0m?[0;34m	at org.hyperskill.hstest.dynamic.input.DynamicTesting.lambda$searchDynamicTests$3(DynamicTesting.java:289) ~[hs-test-release-SNAPSHOT.jar:na]
?[0m?[0;34m	at org.hyperskill.hstest.dynamic.input.DynamicTesting$1DynamicTestElement.lambda$getTests$0(DynamicTesting.java:252) ~[hs-test-release-SNAPSHOT.jar:na]
?[0m?[0;34m	at org.hyperskill.hstest.testing.runner.SpringApplicationRunner.test(SpringApplicationRunner.java:43) ~[hs-test-release-SNAPSHOT.jar:na]
?[0m?[0;34m	at org.hyperskill.hstest.testing.TestRun.test(TestRun.java:94) ~[hs-test-release-SNAPSHOT.jar:na]
?[0m?[0;34m	at org.hyperskill.hstest.stage.StageTest.start(StageTest.java:164) ~[hs-test-release-SNAPSHOT.jar:na]
?[0m?[0;34m	at java.base/jdk.internal.reflect.NativeMethodAccessorImpl.invoke0(Native Method) ~[na:na]
?[0m?[0;34m	at java.base/jdk.internal.reflect.NativeMethodAccessorImpl.invoke(NativeMethodAccessorImpl.java:77) ~[na:na]
?[0m?[0;34m	at java.base/jdk.internal.reflect.DelegatingMethodAccessorImpl.invoke(DelegatingMethodAccessorImpl.java:43) ~[na:na]
?[0m?[0;34m	at java.base/java.lang.reflect.Method.invoke(Method.java:568) ~[na:na]
?[0m?[0;34m	at org.junit.runners.model.FrameworkMethod$1.runReflectiveCall(FrameworkMethod.java:59) ~[junit-4.13.2.jar:4.13.2]
?[0m?[0;34m	at org.junit.internal.runners.model.ReflectiveCallable.run(ReflectiveCallable.java:12) ~[junit-4.13.2.jar:4.13.2]
?[0m?[0;34m	at org.junit.runners.model.FrameworkMethod.invokeExplosively(FrameworkMethod.java:56) ~[junit-4.13.2.jar:4.13.2]
?[0m?[0;34m	at org.junit.internal.runners.statements.InvokeMethod.evaluate(InvokeMethod.java:17) ~[junit-4.13.2.jar:4.13.2]
?[0m?[0;34m	at org.junit.internal.runners.statements.RunAfters.evaluate(RunAfters.java:27) ~[junit-4.13.2.jar:4.13.2]
?[0m?[0;34m	at org.junit.runners.ParentRunner$3.evaluate(ParentRunner.java:306) ~[junit-4.13.2.jar:4.13.2]
?[0m?[0;34m	at org.junit.runners.BlockJUnit4ClassRunner$1.evaluate(BlockJUnit4ClassRunner.java:100) ~[junit-4.13.2.jar:4.13.2]
?[0m?[0;34m	at org.junit.runners.ParentRunner.runLeaf(ParentRunner.java:366) ~[junit-4.13.2.jar:4.13.2]
?[0m?[0;34m	at org.junit.runners.BlockJUnit4ClassRunner.runChild(BlockJUnit4ClassRunner.java:103) ~[junit-4.13.2.jar:4.13.2]
?[0m?[0;34m	at org.junit.runners.BlockJUnit4ClassRunner.runChild(BlockJUnit4ClassRunner.java:63) ~[junit-4.13.2.jar:4.13.2]
?[0m?[0;34m	at org.junit.runners.ParentRunner$4.run(ParentRunner.java:331) ~[junit-4.13.2.jar:4.13.2]
?[0m?[0;34m	at org.junit.runners.ParentRunner$1.schedule(ParentRunner.java:79) ~[junit-4.13.2.jar:4.13.2]
?[0m?[0;34m	at org.junit.runners.ParentRunner.runChildren(ParentRunner.java:329) ~[junit-4.13.2.jar:4.13.2]
?[0m?[0;34m	at org.junit.runners.ParentRunner.access$100(ParentRunner.java:66) ~[junit-4.13.2.jar:4.13.2]
?[0m?[0;34m	at org.junit.runners.ParentRunner$2.evaluate(ParentRunner.java:293) ~[junit-4.13.2.jar:4.13.2]
?[0m?[0;34m	at org.junit.runners.ParentRunner$3.evaluate(ParentRunner.java:306) ~[junit-4.13.2.jar:4.13.2]
?[0m?[0;34m	at org.junit.runners.ParentRunner.run(ParentRunner.java:413) ~[junit-4.13.2.jar:4.13.2]
?[0m?[0;34m	at org.gradle.api.internal.tasks.testing.junit.JUnitTestClassExecutor.runTestClass(JUnitTestClassExecutor.java:108) ~[na:na]
?[0m?[0;34m	at org.gradle.api.internal.tasks.testing.junit.JUnitTestClassExecutor.execute(JUnitTestClassExecutor.java:57) ~[na:na]
?[0m?[0;34m	at org.gradle.api.internal.tasks.testing.junit.JUnitTestClassExecutor.execute(JUnitTestClassExecutor.java:39) ~[na:na]
?[0m?[0;34m	at org.gradle.api.internal.tasks.testing.junit.AbstractJUnitTestClassProcessor.processTestClass(AbstractJUnitTestClassProcessor.java:62) ~[na:na]
?[0m?[0;34m	at org.gradle.api.internal.tasks.testing.SuiteTestClassProcessor.processTestClass(SuiteTestClassProcessor.java:52) ~[na:na]
?[0m?[0;34m	at java.base/jdk.internal.reflect.NativeMethodAccessorImpl.invoke0(Native Method) ~[na:na]
?[0m?[0;34m	at java.base/jdk.internal.reflect.NativeMethodAccessorImpl.invoke(NativeMethodAccessorImpl.java:77) ~[na:na]
?[0m?[0;34m	at java.base/jdk.internal.reflect.DelegatingMethodAccessorImpl.invoke(DelegatingMethodAccessorImpl.java:43) ~[na:na]
?[0m?[0;34m	at java.base/java.lang.reflect.Method.invoke(Method.java:568) ~[na:na]
?[0m?[0;34m	at org.gradle.internal.dispatch.ReflectionDispatch.dispatch(ReflectionDispatch.java:36) ~[na:na]
?[0m?[0;34m	at org.gradle.internal.dispatch.ReflectionDispatch.dispatch(ReflectionDispatch.java:24) ~[na:na]
?[0m?[0;34m	at org.gradle.internal.dispatch.ContextClassLoaderDispatch.dispatch(ContextClassLoaderDispatch.java:33) ~[na:na]
?[0m?[0;34m	at org.gradle.internal.dispatch.ProxyDispatchAdapter$DispatchingInvocationHandler.invoke(ProxyDispatchAdapter.java:94) ~[na:na]
?[0m?[0;34m	at jdk.proxy1/jdk.proxy1.$Proxy2.processTestClass(Unknown Source) ~[na:na]
?[0m?[0;34m	at org.gradle.api.internal.tasks.testing.worker.TestWorker$2.run(TestWorker.java:176) ~[na:na]
?[0m?[0;34m	at org.gradle.api.internal.tasks.testing.worker.TestWorker.executeAndMaintainThreadName(TestWorker.java:129) ~[na:na]
?[0m?[0;34m	at org.gradle.api.internal.tasks.testing.worker.TestWorker.execute(TestWorker.java:100) ~[na:na]
?[0m?[0;34m	at org.gradle.api.internal.tasks.testing.worker.TestWorker.execute(TestWorker.java:60) ~[na:na]
?[0m?[0;34m	at org.gradle.process.internal.worker.child.ActionExecutionWorker.execute(ActionExecutionWorker.java:56) ~[na:na]
?[0m?[0;34m	at org.gradle.process.internal.worker.child.SystemApplicationClassLoaderWorker.call(SystemApplicationClassLoaderWorker.java:113) ~[na:na]
?[0m?[0;34m	at org.gradle.process.internal.worker.child.SystemApplicationClassLoaderWorker.call(SystemApplicationClassLoaderWorker.java:65) ~[na:na]
?[0m?[0;34m	at worker.org.gradle.process.internal.worker.GradleWorkerMain.run(GradleWorkerMain.java:69) ~[gradle-worker.jar:na]
?[0m?[0;34m	at worker.org.gradle.process.internal.worker.GradleWorkerMain.main(GradleWorkerMain.java:74) ~[gradle-worker.jar:na]
?[0m?[0;34m
?[0m?[0;34m2023-07-16T14:07:47.544+02:00  INFO 1424 --- [    Test worker] o.s.b.w.embedded.tomcat.TomcatWebServer  : Tomcat started on port(s): 8080 (http) with context path ''
?[0m?[0;34m2023-07-16T14:07:47.552+02:00  INFO 1424 --- [    Test worker] antifraud.AntiFraudApplication           : Started AntiFraudApplication in 1.277 seconds (process running for 55.523)
?[0m?[1;31m
Start test 156?[0m
?[0;34mTest case
?[0m?[0;34mTesting api: '/api/antifraud/transaction'
?[0m?[0;34mExpectations: 'Limits must be updated to: Allow = 290, Manual = 930. Transaction must be PROHIBITED'
?[0m?[0;34m-----
?[0;34m2023-07-16T14:07:47.559+02:00  INFO 1424 --- [nio-8080-exec-1] o.a.c.c.C.[Tomcat].[localhost].[/]       : Initializing Spring DispatcherServlet 'dispatcherServlet'
?[0m?[0;34m2023-07-16T14:07:47.559+02:00  INFO 1424 --- [nio-8080-exec-1] o.s.web.servlet.DispatcherServlet        : Initializing Servlet 'dispatcherServlet'
?[0m?[0;34m2023-07-16T14:07:47.560+02:00  INFO 1424 --- [nio-8080-exec-1] o.s.web.servlet.DispatcherServlet        : Completed initialization in 1 ms
?[0m?[0;34mHibernate: select u1_0.id,u1_0.locked,u1_0.name,u1_0.password,u1_0.role,u1_0.username from users u1_0 where upper(u1_0.username)=upper(?)
?[0m?[0;34mHibernate: select t1_0.id from limits t1_0 where t1_0.type=? fetch first ? rows only
?[0m?[0;34mHibernate: select t1_0.id,t1_0.max_value,t1_0.type from limits t1_0 where t1_0.type=?
?[0m?[0;34mHibernate: select t1_0.id from limits t1_0 where t1_0.type=? fetch first ? rows only
?[0m?[0;34mHibernate: select t1_0.id,t1_0.max_value,t1_0.type from limits t1_0 where t1_0.type=?
?[0m?[0;34mHibernate: select s1_0.id from stolen_cards s1_0 where s1_0.number=? fetch first ? rows only
?[0m?[0;34mHibernate: select s1_0.id from suspicious_IPs s1_0 where s1_0.ip=? fetch first ? rows only
?[0m?[0;34mHibernate: select t1_0.id,t1_0.amount,t1_0.date,t1_0.feedback,t1_0.ip,t1_0.number,t1_0.region,t1_0.result from transactions t1_0 where t1_0.number=? and t1_0.date between ? and ?
?[0m?[0;34mHibernate: select t1_0.id,t1_0.amount,t1_0.date,t1_0.feedback,t1_0.ip,t1_0.number,t1_0.region,t1_0.result from transactions t1_0 where t1_0.number=? and t1_0.date between ? and ?
?[0m?[0;34mHibernate: select t1_0.id from limits t1_0 where t1_0.type=? fetch first ? rows only
?[0m?[0;34mHibernate: select t1_0.id,t1_0.max_value,t1_0.type from limits t1_0 where t1_0.type=?
?[0m?[0;34mHibernate: select t1_0.id from limits t1_0 where t1_0.type=? fetch first ? rows only
?[0m?[0;34mHibernate: select t1_0.id,t1_0.max_value,t1_0.type from limits t1_0 where t1_0.type=?
?[0m?[0;34mHibernate: select s1_0.id from stolen_cards s1_0 where s1_0.number=? fetch first ? rows only
?[0m?[0;34mHibernate: select s1_0.id from suspicious_IPs s1_0 where s1_0.ip=? fetch first ? rows only
?[0m?[0;34mHibernate: select t1_0.id,t1_0.amount,t1_0.date,t1_0.feedback,t1_0.ip,t1_0.number,t1_0.region,t1_0.result from transactions t1_0 where t1_0.number=? and t1_0.date between ? and ?
?[0m?[0;34mHibernate: select t1_0.id,t1_0.amount,t1_0.date,t1_0.feedback,t1_0.ip,t1_0.number,t1_0.region,t1_0.result from transactions t1_0 where t1_0.number=? and t1_0.date between ? and ?
?[0m?[0;34mHibernate: select t1_0.id from limits t1_0 where t1_0.type=? fetch first ? rows only
?[0m?[0;34mHibernate: select t1_0.id,t1_0.max_value,t1_0.type from limits t1_0 where t1_0.type=?
?[0m?[0;34mHibernate: select t1_0.id from limits t1_0 where t1_0.type=? fetch first ? rows only
?[0m?[0;34mHibernate: select t1_0.id,t1_0.max_value,t1_0.type from limits t1_0 where t1_0.type=?
?[0m?[0;34mHibernate: select s1_0.id from stolen_cards s1_0 where s1_0.number=? fetch first ? rows only
?[0m?[0;34mHibernate: select s1_0.id from suspicious_IPs s1_0 where s1_0.ip=? fetch first ? rows only
?[0m?[0;34mHibernate: select t1_0.id,t1_0.amount,t1_0.date,t1_0.feedback,t1_0.ip,t1_0.number,t1_0.region,t1_0.result from transactions t1_0 where t1_0.number=? and t1_0.date between ? and ?
?[0m?[0;34mHibernate: select t1_0.id,t1_0.amount,t1_0.date,t1_0.feedback,t1_0.ip,t1_0.number,t1_0.region,t1_0.result from transactions t1_0 where t1_0.number=? and t1_0.date between ? and ?
?[0m?[0;34mHibernate: select t1_0.id from limits t1_0 where t1_0.type=? fetch first ? rows only
?[0m?[0;34mHibernate: select t1_0.id,t1_0.max_value,t1_0.type from limits t1_0 where t1_0.type=?
?[0m?[0;34mHibernate: select t1_0.id from limits t1_0 where t1_0.type=? fetch first ? rows only
?[0m?[0;34mHibernate: select t1_0.id,t1_0.max_value,t1_0.type from limits t1_0 where t1_0.type=?
?[0m?[0;34mHibernate: select s1_0.id from stolen_cards s1_0 where s1_0.number=? fetch first ? rows only
?[0m?[0;34mHibernate: select s1_0.id from suspicious_IPs s1_0 where s1_0.ip=? fetch first ? rows only
?[0m?[0;34mHibernate: select t1_0.id,t1_0.amount,t1_0.date,t1_0.feedback,t1_0.ip,t1_0.number,t1_0.region,t1_0.result from transactions t1_0 where t1_0.number=? and t1_0.date between ? and ?
?[0m?[0;34mHibernate: select t1_0.id,t1_0.amount,t1_0.date,t1_0.feedback,t1_0.ip,t1_0.number,t1_0.region,t1_0.result from transactions t1_0 where t1_0.number=? and t1_0.date between ? and ?
?[0m?[0;34mHibernate: select t1_0.id from limits t1_0 where t1_0.type=? fetch first ? rows only
?[0m?[0;34mHibernate: select t1_0.id,t1_0.max_value,t1_0.type from limits t1_0 where t1_0.type=?
?[0m?[0;34mHibernate: select t1_0.id from limits t1_0 where t1_0.type=? fetch first ? rows only
?[0m?[0;34mHibernate: select t1_0.id,t1_0.max_value,t1_0.type from limits t1_0 where t1_0.type=?
?[0m?[0;34mHibernate: select s1_0.id from stolen_cards s1_0 where s1_0.number=? fetch first ? rows only
?[0m?[0;34mHibernate: select s1_0.id from suspicious_IPs s1_0 where s1_0.ip=? fetch first ? rows only
?[0m?[0;34mHibernate: select t1_0.id,t1_0.amount,t1_0.date,t1_0.feedback,t1_0.ip,t1_0.number,t1_0.region,t1_0.result from transactions t1_0 where t1_0.number=? and t1_0.date between ? and ?
?[0m?[0;34mHibernate: select t1_0.id,t1_0.amount,t1_0.date,t1_0.feedback,t1_0.ip,t1_0.number,t1_0.region,t1_0.result from transactions t1_0 where t1_0.number=? and t1_0.date between ? and ?
?[0m?[0;34mHibernate: select t1_0.id from limits t1_0 where t1_0.type=? fetch first ? rows only
?[0m?[0;34mHibernate: select t1_0.id,t1_0.max_value,t1_0.type from limits t1_0 where t1_0.type=?
?[0m?[0;34mHibernate: select t1_0.id from limits t1_0 where t1_0.type=? fetch first ? rows only
?[0m?[0;34mHibernate: select t1_0.id,t1_0.max_value,t1_0.type from limits t1_0 where t1_0.type=?
?[0m?[0;34mHibernate: select s1_0.id from stolen_cards s1_0 where s1_0.number=? fetch first ? rows only
?[0m?[0;34mHibernate: select s1_0.id from suspicious_IPs s1_0 where s1_0.ip=? fetch first ? rows only
?[0m?[0;34mHibernate: select t1_0.id,t1_0.amount,t1_0.date,t1_0.feedback,t1_0.ip,t1_0.number,t1_0.region,t1_0.result from transactions t1_0 where t1_0.number=? and t1_0.date between ? and ?
?[0m?[0;34mHibernate: select t1_0.id,t1_0.amount,t1_0.date,t1_0.feedback,t1_0.ip,t1_0.number,t1_0.region,t1_0.result from transactions t1_0 where t1_0.number=? and t1_0.date between ? and ?
?[0m?[0;34mHibernate: select t1_0.id from limits t1_0 where t1_0.type=? fetch first ? rows only
?[0m?[0;34mHibernate: select t1_0.id,t1_0.max_value,t1_0.type from limits t1_0 where t1_0.type=?
?[0m?[0;34mHibernate: select t1_0.id from limits t1_0 where t1_0.type=? fetch first ? rows only
?[0m?[0;34mHibernate: select t1_0.id,t1_0.max_value,t1_0.type from limits t1_0 where t1_0.type=?
?[0m?[0;34mHibernate: select s1_0.id from stolen_cards s1_0 where s1_0.number=? fetch first ? rows only
?[0m?[0;34mHibernate: select s1_0.id from suspicious_IPs s1_0 where s1_0.ip=? fetch first ? rows only
?[0m?[0;34mHibernate: select t1_0.id,t1_0.amount,t1_0.date,t1_0.feedback,t1_0.ip,t1_0.number,t1_0.region,t1_0.result from transactions t1_0 where t1_0.number=? and t1_0.date between ? and ?
?[0m?[0;34mHibernate: select t1_0.id,t1_0.amount,t1_0.date,t1_0.feedback,t1_0.ip,t1_0.number,t1_0.region,t1_0.result from transactions t1_0 where t1_0.number=? and t1_0.date between ? and ?
?[0m?[0;34mHibernate: select t1_0.id from limits t1_0 where t1_0.type=? fetch first ? rows only
?[0m?[0;34mHibernate: select t1_0.id,t1_0.max_value,t1_0.type from limits t1_0 where t1_0.type=?
?[0m?[0;34mHibernate: select t1_0.id from limits t1_0 where t1_0.type=? fetch first ? rows only
?[0m?[0;34mHibernate: select t1_0.id,t1_0.max_value,t1_0.type from limits t1_0 where t1_0.type=?
?[0m?[0;34mHibernate: select s1_0.id from stolen_cards s1_0 where s1_0.number=? fetch first ? rows only
?[0m?[0;34mHibernate: select s1_0.id from suspicious_IPs s1_0 where s1_0.ip=? fetch first ? rows only
?[0m?[0;34mHibernate: select t1_0.id,t1_0.amount,t1_0.date,t1_0.feedback,t1_0.ip,t1_0.number,t1_0.region,t1_0.result from transactions t1_0 where t1_0.number=? and t1_0.date between ? and ?
?[0m?[0;34mHibernate: select t1_0.id,t1_0.amount,t1_0.date,t1_0.feedback,t1_0.ip,t1_0.number,t1_0.region,t1_0.result from transactions t1_0 where t1_0.number=? and t1_0.date between ? and ?
?[0m?[0;34mHibernate: select t1_0.id from limits t1_0 where t1_0.type=? fetch first ? rows only
?[0m?[0;34mHibernate: select t1_0.id,t1_0.max_value,t1_0.type from limits t1_0 where t1_0.type=?
?[0m?[0;34mHibernate: select t1_0.id from limits t1_0 where t1_0.type=? fetch first ? rows only
?[0m?[0;34mHibernate: select t1_0.id,t1_0.max_value,t1_0.type from limits t1_0 where t1_0.type=?
?[0m?[0;34mHibernate: select s1_0.id from stolen_cards s1_0 where s1_0.number=? fetch first ? rows only
?[0m?[0;34mHibernate: select s1_0.id from suspicious_IPs s1_0 where s1_0.ip=? fetch first ? rows only
?[0m?[0;34mHibernate: select t1_0.id,t1_0.amount,t1_0.date,t1_0.feedback,t1_0.ip,t1_0.number,t1_0.region,t1_0.result from transactions t1_0 where t1_0.number=? and t1_0.date between ? and ?
?[0m?[0;34mHibernate: select t1_0.id,t1_0.amount,t1_0.date,t1_0.feedback,t1_0.ip,t1_0.number,t1_0.region,t1_0.result from transactions t1_0 where t1_0.number=? and t1_0.date between ? and ?
?[0m?[0;34mHibernate: select t1_0.id from limits t1_0 where t1_0.type=? fetch first ? rows only
?[0m?[0;34mHibernate: select t1_0.id,t1_0.max_value,t1_0.type from limits t1_0 where t1_0.type=?
?[0m?[0;34mHibernate: select t1_0.id from limits t1_0 where t1_0.type=? fetch first ? rows only
?[0m?[0;34mHibernate: select t1_0.id,t1_0.max_value,t1_0.type from limits t1_0 where t1_0.type=?
?[0m?[0;34mHibernate: select s1_0.id from stolen_cards s1_0 where s1_0.number=? fetch first ? rows only
?[0m?[0;34mHibernate: select s1_0.id from suspicious_IPs s1_0 where s1_0.ip=? fetch first ? rows only
?[0m?[0;34mHibernate: select t1_0.id,t1_0.amount,t1_0.date,t1_0.feedback,t1_0.ip,t1_0.number,t1_0.region,t1_0.result from transactions t1_0 where t1_0.number=? and t1_0.date between ? and ?
?[0m?[0;34mHibernate: select t1_0.id,t1_0.amount,t1_0.date,t1_0.feedback,t1_0.ip,t1_0.number,t1_0.region,t1_0.result from transactions t1_0 where t1_0.number=? and t1_0.date between ? and ?
?[0m?[0;34mHibernate: select t1_0.id from limits t1_0 where t1_0.type=? fetch first ? rows only
?[0m?[0;34mHibernate: select t1_0.id,t1_0.max_value,t1_0.type from limits t1_0 where t1_0.type=?
?[0m?[0;34mHibernate: select t1_0.id from limits t1_0 where t1_0.type=? fetch first ? rows only
?[0m?[0;34mHibernate: select t1_0.id,t1_0.max_value,t1_0.type from limits t1_0 where t1_0.type=?
?[0m?[0;34mHibernate: select s1_0.id from stolen_cards s1_0 where s1_0.number=? fetch first ? rows only
?[0m?[0;34mHibernate: select s1_0.id from suspicious_IPs s1_0 where s1_0.ip=? fetch first ? rows only
?[0m?[0;34mHibernate: select t1_0.id,t1_0.amount,t1_0.date,t1_0.feedback,t1_0.ip,t1_0.number,t1_0.region,t1_0.result from transactions t1_0 where t1_0.number=? and t1_0.date between ? and ?
?[0m?[0;34mHibernate: select t1_0.id,t1_0.amount,t1_0.date,t1_0.feedback,t1_0.ip,t1_0.number,t1_0.region,t1_0.result from transactions t1_0 where t1_0.number=? and t1_0.date between ? and ?
?[0m?[0;34mHibernate: select t1_0.id from limits t1_0 where t1_0.type=? fetch first ? rows only
?[0m?[0;34mHibernate: select t1_0.id,t1_0.max_value,t1_0.type from limits t1_0 where t1_0.type=?
?[0m?[0;34mHibernate: select t1_0.id from limits t1_0 where t1_0.type=? fetch first ? rows only
?[0m?[0;34mHibernate: select t1_0.id,t1_0.max_value,t1_0.type from limits t1_0 where t1_0.type=?
?[0m?[0;34mHibernate: select s1_0.id from stolen_cards s1_0 where s1_0.number=? fetch first ? rows only
?[0m?[0;34mHibernate: select s1_0.id from suspicious_IPs s1_0 where s1_0.ip=? fetch first ? rows only
?[0m?[0;34mHibernate: select t1_0.id,t1_0.amount,t1_0.date,t1_0.feedback,t1_0.ip,t1_0.number,t1_0.region,t1_0.result from transactions t1_0 where t1_0.number=? and t1_0.date between ? and ?
?[0m?[0;34mHibernate: select t1_0.id,t1_0.amount,t1_0.date,t1_0.feedback,t1_0.ip,t1_0.number,t1_0.region,t1_0.result from transactions t1_0 where t1_0.number=? and t1_0.date between ? and ?
?[0m?[0;34mHibernate: select t1_0.id from limits t1_0 where t1_0.type=? fetch first ? rows only
?[0m?[0;34mHibernate: select t1_0.id,t1_0.max_value,t1_0.type from limits t1_0 where t1_0.type=?
?[0m?[0;34mHibernate: select t1_0.id from limits t1_0 where t1_0.type=? fetch first ? rows only
?[0m?[0;34mHibernate: select t1_0.id,t1_0.max_value,t1_0.type from limits t1_0 where t1_0.type=?
?[0m?[0;34mHibernate: select s1_0.id from stolen_cards s1_0 where s1_0.number=? fetch first ? rows only
?[0m?[0;34mHibernate: select s1_0.id from suspicious_IPs s1_0 where s1_0.ip=? fetch first ? rows only
?[0m?[0;34mHibernate: select t1_0.id,t1_0.amount,t1_0.date,t1_0.feedback,t1_0.ip,t1_0.number,t1_0.region,t1_0.result from transactions t1_0 where t1_0.number=? and t1_0.date between ? and ?
?[0m?[0;34mHibernate: select t1_0.id,t1_0.amount,t1_0.date,t1_0.feedback,t1_0.ip,t1_0.number,t1_0.region,t1_0.result from transactions t1_0 where t1_0.number=? and t1_0.date between ? and ?
?[0m?[0;34mHibernate: select next value for transactions_SEQ
?[0m?[0;34mHibernate: insert into transactions (amount, date, feedback, ip, number, region, result, id) values (?, ?, ?, ?, ?, ?, ?, ?)
?[0m]]></system-out>
  <system-err><![CDATA[]]></system-err>
</testsuite>
